Log file open, 08/19/18 20:50:29
LogWindows: Failed to load 'aqProf.dll' (GetLastError=126)
LogWindows: File 'aqProf.dll' does not exist
LogWindows: Failed to load 'VSPerf140.dll' (GetLastError=126)
LogWindows: File 'VSPerf140.dll' does not exist
LogWindows: Failed to load 'VtuneApi.dll' (GetLastError=126)
LogWindows: File 'VtuneApi.dll' does not exist
LogWindows: Failed to load 'VtuneApi32e.dll' (GetLastError=126)
LogWindows: File 'VtuneApi32e.dll' does not exist
LogInit: Display: Running engine for game: ManlyEvolution
LogPlatformFile: Not using cached read wrapper
LogTaskGraph: Started task graph with 5 named threads and 23 total threads with 3 sets of task threads.
LogStats: Stats thread started at 0.256037
LogD3D11RHI: Loaded GFSDK_Aftermath_Lib.x64.dll
LogICUInternationalization: Display: ICU TimeZone Detection - Raw Offset: -5:00, Platform Override: ''
LogPluginManager: Mounting plugin Paper2D
LogPluginManager: Mounting plugin AISupport
LogPluginManager: Mounting plugin LightPropagationVolume
LogPluginManager: Mounting plugin CLionSourceCodeAccess
LogPluginManager: Mounting plugin CodeLiteSourceCodeAccess
LogPluginManager: Mounting plugin GitSourceControl
LogPluginManager: Mounting plugin KDevelopSourceCodeAccess
LogPluginManager: Mounting plugin NullSourceCodeAccess
LogPluginManager: Mounting plugin PerforceSourceControl
LogPluginManager: Mounting plugin SubversionSourceControl
LogPluginManager: Mounting plugin UObjectPlugin
LogPluginManager: Mounting plugin VisualStudioCodeSourceCodeAccess
LogPluginManager: Mounting plugin VisualStudioSourceCodeAccess
LogPluginManager: Mounting plugin XCodeSourceCodeAccess
LogPluginManager: Mounting plugin AssetManagerEditor
LogPluginManager: Mounting plugin CryptoKeys
LogPluginManager: Mounting plugin DataValidation
LogPluginManager: Mounting plugin FacialAnimation
LogPluginManager: Mounting plugin GameplayTagsEditor
LogPluginManager: Mounting plugin MacGraphicsSwitching
LogPluginManager: Mounting plugin MeshEditor
LogPluginManager: Mounting plugin MobileLauncherProfileWizard
LogPluginManager: Mounting plugin PluginBrowser
LogPluginManager: Mounting plugin SpeedTreeImporter
LogPluginManager: Mounting plugin DatasmithContent
LogPluginManager: Mounting plugin AlembicImporter
LogPluginManager: Mounting plugin AppleImageUtils
LogPluginManager: Mounting plugin AppleVision
LogPluginManager: Mounting plugin BackChannel
LogPluginManager: Mounting plugin CharacterAI
LogPluginManager: Mounting plugin GeometryCache
LogPluginManager: Mounting plugin HTML5Networking
LogPluginManager: Mounting plugin ProxyLODPlugin
LogPluginManager: Mounting plugin MagicLeap
LogPluginManager: Mounting plugin MagicLeapEmulator
LogPluginManager: Mounting plugin MagicLeapMedia
LogPluginManager: Mounting plugin AndroidMedia
LogPluginManager: Mounting plugin AvfMedia
LogPluginManager: Mounting plugin ImgMedia
LogPluginManager: Mounting plugin LinearTimecode
LogPluginManager: Mounting plugin MediaCompositing
LogPluginManager: Mounting plugin MediaPlayerEditor
LogPluginManager: Mounting plugin WmfMedia
LogPluginManager: Mounting plugin TcpMessaging
LogPluginManager: Mounting plugin UdpMessaging
LogPluginManager: Mounting plugin ActorSequence
LogPluginManager: Mounting plugin LevelSequenceEditor
LogPluginManager: Mounting plugin MatineeToLevelSequence
LogPluginManager: Mounting plugin NetcodeUnitTest
LogPluginManager: Mounting plugin NUTUnrealEngine4
LogPluginManager: Mounting plugin OnlineSubsystemGooglePlay
LogPluginManager: Mounting plugin OnlineSubsystemIOS
LogPluginManager: Mounting plugin OnlineSubsystem
LogPluginManager: Mounting plugin OnlineSubsystemNull
LogPluginManager: Mounting plugin OnlineSubsystemUtils
LogPluginManager: Mounting plugin LauncherChunkInstaller
LogPluginManager: Mounting plugin AndroidDeviceProfileSelector
LogPluginManager: Mounting plugin AndroidMoviePlayer
LogPluginManager: Mounting plugin AndroidPermission
LogPluginManager: Mounting plugin AppleMoviePlayer
LogPluginManager: Mounting plugin ArchVisCharacter
LogPluginManager: Mounting plugin AudioCapture
LogPluginManager: Mounting plugin CableComponent
LogPluginManager: Mounting plugin CustomMeshComponent
LogPluginManager: Mounting plugin EditableMesh
LogPluginManager: Mounting plugin ExampleDeviceProfileSelector
LogPluginManager: Mounting plugin GoogleCloudMessaging
LogPluginManager: Mounting plugin ImmediatePhysics
LogPluginManager: Mounting plugin IOSDeviceProfileSelector
LogPluginManager: Mounting plugin LinuxDeviceProfileSelector
LogPluginManager: Mounting plugin LocationServicesBPLibrary
LogPluginManager: Mounting plugin MobilePatchingUtils
LogPluginManager: Mounting plugin OculusVR
LogPluginManager: Plugin shader directory ../../../Engine/Plugins/Runtime/Oculus/OculusVR/Shaders found
LogPluginManager: Mapping shader source directory ../../../Engine/Plugins/Runtime/Oculus/OculusVR/Shaders to virtual directory /Plugin/OculusVR
LogPluginManager: Mounting plugin PhysXVehicles
LogPluginManager: Mounting plugin ProceduralMeshComponent
LogPluginManager: Mounting plugin RuntimePhysXCooking
LogPluginManager: Mounting plugin SteamVR
LogPluginManager: Mounting plugin WindowsMoviePlayer
LogStreaming: Display: Took  0.058s to configure plugins.
LogInit: Using libcurl 7.55.1-DEV
LogInit:  - built for x86_64-pc-win32
LogInit:  - supports SSL with OpenSSL/1.0.2h
LogInit:  - supports HTTP deflate (compression) using libz 1.2.8
LogInit:  - other features:
LogInit:      CURL_VERSION_SSL
LogInit:      CURL_VERSION_LIBZ
LogInit:      CURL_VERSION_IPV6
LogInit:      CURL_VERSION_ASYNCHDNS
LogInit:      CURL_VERSION_LARGEFILE
LogInit:      CURL_VERSION_IDN
LogInit:  CurlRequestOptions (configurable via config and command line):
LogInit:  - bVerifyPeer = false  - Libcurl will NOT verify peer certificate
LogInit:  - bUseHttpProxy = false  - Libcurl will NOT use HTTP proxy
LogInit:  - bDontReuseConnections = false  - Libcurl will reuse connections
LogInit:  - CertBundlePath = nullptr  - Libcurl will use whatever was configured at build time.
LogInit:  - MaxHostConnections = 16  - Libcurl will limit the number of connections to a host
LogInit:  - LocalHostAddr = Default
LogInit:  - BufferSize = 65536
LogInit: WinSock: version 1.1 (2.2), MaxSocks=32767, MaxUdp=65467
LogHMD: Failed initializing OVRPlugin 1.25.0
LogInit: Build: ++UE4+Release-4.20-CL-4233996
LogInit: Engine Version: 4.20.1-4233996+++UE4+Release-4.20
LogInit: Compatible Engine Version: 4.20.0-4212847+++UE4+Release-4.20
LogInit: Net CL: 4212847
LogInit: OS: Windows 10 (), CPU: Intel(R) Core(TM) i7-7700K CPU @ 4.20GHz, GPU: Radeon (TM) RX 480 Graphics
LogInit: Compiled (64-bit): Jul 26 2018 10:07:30
LogInit: Compiled with Visual C++: 19.13.26129.00
LogInit: Build Configuration: Development
LogInit: Branch Name: ++UE4+Release-4.20
LogInit: Command Line: -EpicPortal 
LogInit: Base Directory: X:/Unreal Engine/UE_4.20/Engine/Binaries/Win64/
LogInit: Installed Engine Build: 1
LogDevObjectVersion: Number of dev versions registered: 20
LogDevObjectVersion:   Dev-Blueprints (B0D832E4-1F89-4F0D-ACCF-7EB736FD4AA2): 10
LogDevObjectVersion:   Dev-Build (E1C64328-A22C-4D53-A36C-8E866417BD8C): 0
LogDevObjectVersion:   Dev-Core (375EC13C-06E4-48FB-B500-84F0262A717E): 2
LogDevObjectVersion:   Dev-Editor (E4B068ED-F494-42E9-A231-DA0B2E46BB41): 24
LogDevObjectVersion:   Dev-Framework (CFFC743F-43B0-4480-9391-14DF171D2073): 34
LogDevObjectVersion:   Dev-Mobile (B02B49B5-BB20-44E9-A304-32B752E40360): 2
LogDevObjectVersion:   Dev-Networking (A4E4105C-59A1-49B5-A7C5-40C4547EDFEE): 0
LogDevObjectVersion:   Dev-Online (39C831C9-5AE6-47DC-9A44-9C173E1C8E7C): 0
LogDevObjectVersion:   Dev-Physics (78F01B33-EBEA-4F98-B9B4-84EACCB95AA2): 0
LogDevObjectVersion:   Dev-Platform (6631380F-2D4D-43E0-8009-CF276956A95A): 0
LogDevObjectVersion:   Dev-Rendering (12F88B9F-8875-4AFC-A67C-D90C383ABD29): 26
LogDevObjectVersion:   Dev-Sequencer (7B5AE74C-D270-4C10-A958-57980B212A5A): 9
LogDevObjectVersion:   Dev-VR (D7296918-1DD6-4BDD-9DE2-64A83CC13884): 2
LogDevObjectVersion:   Dev-LoadTimes (C2A15278-BFE7-4AFE-6C17-90FF531DF755): 1
LogDevObjectVersion:   Private-Geometry (6EACA3D4-40EC-4CC1-B786-8BED09428FC5): 3
LogDevObjectVersion:   Dev-AnimPhys (29E575DD-E0A3-4627-9D10-D276232CDCEA): 17
LogDevObjectVersion:   Dev-ReflectionCapture (6B266CEC-1EC7-4B8F-A30B-E4D90942FC07): 1
LogDevObjectVersion:   Dev-Automation (0DF73D61-A23F-47EA-B727-89E90C41499A): 1
LogDevObjectVersion:   FortniteMain (601D1886-AC64-4F84-AA16-D3DE0DEAC7D6): 12
LogDevObjectVersion:   Dev-Enterprise (9DFFBCD6-494F-0158-E221-12823C92A888): 1
LogStreaming: Display: Took  0.000s to delete old logs.
LogInit: Presizing for max 8388607 objects, including 0 objects not considered by GC, pre-allocating 0 bytes for permanent pool.
LogInit: Object subsystem initialized
[2018.08.20-00.50.30:005][  0]LogInit: Selected Device Profile: [Windows]
[2018.08.20-00.50.30:005][  0]LogInit: Applying CVar settings loaded from the selected device profile: [Windows]
[2018.08.20-00.50.30:013][  0]LogHAL: Display: Platform has ~ 32 GB [34209693696 / 34359738368 / 32], which maps to Largest [LargestMinGB=32, LargerMinGB=12, DefaultMinGB=8, SmallerMinGB=6, SmallestMinGB=0)
[2018.08.20-00.50.30:013][  0]LogInit: Setting Device Profile CVar: [[r.Vulkan.UseRealUBs:1]]
[2018.08.20-00.50.30:013][  0]LogInit: Going up to parent DeviceProfile []
[2018.08.20-00.50.30:013][  0]LogInit: Computer: SUPER-BEAST
[2018.08.20-00.50.30:013][  0]LogInit: User: alex
[2018.08.20-00.50.30:013][  0]LogInit: CPU Page size=4096, Cores=4
[2018.08.20-00.50.30:013][  0]LogInit: High frequency timer resolution =4.101567 MHz
[2018.08.20-00.50.30:013][  0]LogMemory: Memory total: Physical=31.9GB (32GB approx)
[2018.08.20-00.50.30:013][  0]LogMemory: Platform Memory Stats for Windows
[2018.08.20-00.50.30:013][  0]LogMemory: Process Physical Memory: 101.61 MB used, 101.61 MB peak
[2018.08.20-00.50.30:013][  0]LogMemory: Process Virtual Memory: 94.27 MB used, 94.27 MB peak
[2018.08.20-00.50.30:013][  0]LogMemory: Physical Memory: 6059.89 MB used,  26565.02 MB free, 32624.91 MB total
[2018.08.20-00.50.30:013][  0]LogMemory: Virtual Memory: 4655.04 MB used,  26565.02 MB free, 134217728.00 MB total
[2018.08.20-00.50.30:030][  0]LogInit: Using OS detected language (en-US).
[2018.08.20-00.50.30:030][  0]LogInit: Using OS detected locale (en-US).
[2018.08.20-00.50.30:030][  0]LogTextLocalizationManager: No specific localization for 'en-US' exists, so the 'en' localization will be used.
[2018.08.20-00.50.30:318][  0]LogStreaming: Display: Took  0.289s to InitEngineTextLocalization.
[2018.08.20-00.50.30:319][  0]LogInit: Setting process to per monitor DPI aware
[2018.08.20-00.50.30:344][  0]LogSlate: New Slate User Created.  User Index 0, Is Virtual User: 0
[2018.08.20-00.50.30:344][  0]LogSlate: Slate User Registered.  User Index 0, Is Virtual User: 0
[2018.08.20-00.50.35:538][  0]LogHMD: Failed to initialize OpenVR with code 308
[2018.08.20-00.50.35:538][  0]LogD3D11RHI: D3D11 adapters:
[2018.08.20-00.50.35:563][  0]LogD3D11RHI:    0. 'Radeon (TM) RX 480 Graphics' (Feature Level 11_0)
[2018.08.20-00.50.35:563][  0]LogD3D11RHI:       8137/0/16312 MB DedicatedVideo/DedicatedSystem/SharedSystem, Outputs:1, VendorId:0x1002
[2018.08.20-00.50.35:572][  0]LogD3D11RHI:    1. 'Intel(R) HD Graphics 630' (Feature Level 11_0)
[2018.08.20-00.50.35:572][  0]LogD3D11RHI:       128/0/16312 MB DedicatedVideo/DedicatedSystem/SharedSystem, Outputs:0, VendorId:0x8086
[2018.08.20-00.50.35:573][  0]LogD3D11RHI:    2. 'Microsoft Basic Render Driver' (Feature Level 11_0)
[2018.08.20-00.50.35:573][  0]LogD3D11RHI:       0/0/16312 MB DedicatedVideo/DedicatedSystem/SharedSystem, Outputs:0, VendorId:0x1414
[2018.08.20-00.50.35:573][  0]LogD3D11RHI: Chosen D3D11 Adapter: 0
[2018.08.20-00.50.35:578][  0]LogD3D11RHI: Creating new Direct3DDevice
[2018.08.20-00.50.35:578][  0]LogD3D11RHI:     GPU DeviceId: 0x67df (for the marketing name, search the web for "GPU Device Id")
[2018.08.20-00.50.35:578][  0]LogWindows: EnumDisplayDevices:
[2018.08.20-00.50.35:578][  0]LogWindows:    0. 'Radeon (TM) RX 480 Graphics' (P:1 D:1)
[2018.08.20-00.50.35:579][  0]LogWindows:    1. 'Radeon (TM) RX 480 Graphics' (P:0 D:0)
[2018.08.20-00.50.35:579][  0]LogWindows:    2. 'Radeon (TM) RX 480 Graphics' (P:0 D:0)
[2018.08.20-00.50.35:579][  0]LogWindows:    3. 'Radeon (TM) RX 480 Graphics' (P:0 D:0)
[2018.08.20-00.50.35:579][  0]LogWindows:    4. 'Radeon (TM) RX 480 Graphics' (P:0 D:0)
[2018.08.20-00.50.35:579][  0]LogWindows:    5. 'Radeon (TM) RX 480 Graphics' (P:0 D:0)
[2018.08.20-00.50.35:579][  0]LogWindows:    6. 'Radeon (TM) RX 480 Graphics' (P:0 D:0)
[2018.08.20-00.50.35:580][  0]LogWindows:    7. 'Intel(R) HD Graphics 630' (P:0 D:0)
[2018.08.20-00.50.35:580][  0]LogWindows:    8. 'Intel(R) HD Graphics 630' (P:0 D:0)
[2018.08.20-00.50.35:580][  0]LogWindows:    9. 'Intel(R) HD Graphics 630' (P:0 D:0)
[2018.08.20-00.50.35:580][  0]LogWindows: DebugString: PrimaryIsNotTheChoosenAdapter PrimaryIsNotTheChoosenAdapter PrimaryIsNotTheChoosenAdapter FoundDriverCount:7 
[2018.08.20-00.50.35:580][  0]LogD3D11RHI:     Adapter Name: Radeon (TM) RX 480 Graphics
[2018.08.20-00.50.35:580][  0]LogD3D11RHI:   Driver Version: Adrenalin 18.8.1 (internal:24.20.13001.1010, unified:24.20.13001.1010)
[2018.08.20-00.50.35:580][  0]LogD3D11RHI:      Driver Date: 8-2-2018
[2018.08.20-00.50.35:580][  0]LogRHI: Texture pool is 5695 MB (70% of 8137 MB)
[2018.08.20-00.50.35:616][  0]LogD3D11RHI: Async texture creation enabled
[2018.08.20-00.50.35:625][  0]LogD3D11RHI: GPU Timing Frequency: 25.000000 (Debug: 2 1)
[2018.08.20-00.50.35:626][  0]LogShaderCompilers: Guid format shader working directory is -1 characters bigger than the processId version (C:/Users/alex_/Desktop/The Game/ManlyEvolution/Intermediate/Shaders/WorkingDirectory/12204/).
[2018.08.20-00.50.35:626][  0]LogShaderCompilers: Cleaned the shader compiler working directory 'C:/Users/alex_/AppData/Local/Temp/UnrealShaderWorkingDir/2ECC7CD0423052FEF6D9698CCAD02000/'.
[2018.08.20-00.50.35:809][  0]LogTemp: Display: Loaded TP AllDesktopTargetPlatform
[2018.08.20-00.50.35:818][  0]LogTemp: Display: Loaded TP MacClientTargetPlatform
[2018.08.20-00.50.35:827][  0]LogTemp: Display: Loaded TP MacNoEditorTargetPlatform
[2018.08.20-00.50.35:836][  0]LogTemp: Display: Loaded TP MacServerTargetPlatform
[2018.08.20-00.50.35:846][  0]LogTemp: Display: Loaded TP MacTargetPlatform
[2018.08.20-00.50.35:855][  0]LogTemp: Display: Loaded TP WindowsClientTargetPlatform
[2018.08.20-00.50.35:863][  0]LogTemp: Display: Loaded TP WindowsNoEditorTargetPlatform
[2018.08.20-00.50.35:873][  0]LogTemp: Display: Loaded TP WindowsServerTargetPlatform
[2018.08.20-00.50.35:877][  0]LogTemp: Display: Loaded TP WindowsTargetPlatform
[2018.08.20-00.50.35:932][  0]LogTemp: Display: Loaded TP AndroidTargetPlatform
[2018.08.20-00.50.35:932][  0]LogTemp: Display: Loaded TP AndroidTargetPlatform
[2018.08.20-00.50.35:932][  0]LogTemp: Display: Loaded TP AndroidTargetPlatform
[2018.08.20-00.50.35:932][  0]LogTemp: Display: Loaded TP AndroidTargetPlatform
[2018.08.20-00.50.35:932][  0]LogTemp: Display: Loaded TP AndroidTargetPlatform
[2018.08.20-00.50.35:932][  0]LogTemp: Display: Loaded TP AndroidTargetPlatform
[2018.08.20-00.50.35:932][  0]LogTemp: Display: Loaded TP AndroidTargetPlatform
[2018.08.20-00.50.35:932][  0]LogTemp: Display: Loaded TP AndroidTargetPlatform
[2018.08.20-00.50.35:932][  0]LogTemp: Display: Loaded TP AndroidTargetPlatform
[2018.08.20-00.50.35:932][  0]LogTemp: Display: Loaded TP AndroidTargetPlatform
[2018.08.20-00.50.35:932][  0]LogTemp: Display: Loaded TP AndroidTargetPlatform
[2018.08.20-00.50.35:932][  0]LogTemp: Display: Loaded TP AndroidTargetPlatform
[2018.08.20-00.50.35:932][  0]LogTemp: Display: Loaded TP AndroidTargetPlatform
[2018.08.20-00.50.35:932][  0]LogTemp: Display: Loaded TP AndroidTargetPlatform
[2018.08.20-00.50.35:932][  0]LogTemp: Display: Loaded TP AndroidTargetPlatform
[2018.08.20-00.50.35:932][  0]LogTemp: Display: Loaded TP AndroidTargetPlatform
[2018.08.20-00.50.35:932][  0]LogTemp: Display: Loaded TP AndroidTargetPlatform
[2018.08.20-00.50.35:932][  0]LogTemp: Display: Loaded TP AndroidTargetPlatform
[2018.08.20-00.50.35:933][  0]LogTemp: Display: Loaded TP HTML5TargetPlatform
[2018.08.20-00.50.35:985][  0]LogTemp: Display: Loaded TP IOSTargetPlatform
[2018.08.20-00.50.35:985][  0]LogTemp: Display: Loaded TP IOSTargetPlatform
[2018.08.20-00.50.36:001][  0]LogTemp: Display: Loaded TP TVOSTargetPlatform
[2018.08.20-00.50.36:002][  0]LogTemp: Display: Loaded TP TVOSTargetPlatform
[2018.08.20-00.50.36:011][  0]LogTemp: Display: Loaded TP LinuxClientTargetPlatform
[2018.08.20-00.50.36:019][  0]LogTemp: Display: Loaded TP LinuxNoEditorTargetPlatform
[2018.08.20-00.50.36:029][  0]LogTemp: Display: Loaded TP LinuxServerTargetPlatform
[2018.08.20-00.50.36:037][  0]LogTemp: Display: Loaded TP LinuxTargetPlatform
[2018.08.20-00.50.36:044][  0]LogTemp: Display: Loaded TP LuminTargetPlatform
[2018.08.20-00.50.36:044][  0]LogTargetPlatformManager: Display: Building Assets For Windows
[2018.08.20-00.50.36:072][  0]LogXGEController: Cannot use XGE Controller as Incredibuild is not installed on this machine.
[2018.08.20-00.50.36:072][  0]LogShaderCompilers: Cannot use XGE Shader Compiler as Incredibuild is not installed on this machine.
[2018.08.20-00.50.36:072][  0]LogShaderCompilers: Display: Using Local Shader Compiler.
[2018.08.20-00.50.36:541][  0]LogDerivedDataCache: Display: Max Cache Size: 512 MB
[2018.08.20-00.50.36:585][  0]LogDerivedDataCache: Loaded boot cache 0.04s 71MB C:/Users/alex_/AppData/Local/UnrealEngine/4.20/DerivedDataCache/Boot.ddc.
[2018.08.20-00.50.36:585][  0]LogDerivedDataCache: Display: Loaded Boot cache: C:/Users/alex_/AppData/Local/UnrealEngine/4.20/DerivedDataCache/Boot.ddc
[2018.08.20-00.50.36:585][  0]LogDerivedDataCache: FDerivedDataBackendGraph:  Pak pak cache file C:/Users/alex_/Desktop/The Game/ManlyEvolution/DerivedDataCache/DDC.ddp not found, will not use a pak cache.
[2018.08.20-00.50.36:585][  0]LogDerivedDataCache: Unable to find inner node Pak for hierarchical cache Hierarchy.
[2018.08.20-00.50.36:585][  0]LogDerivedDataCache: FDerivedDataBackendGraph:  CompressedPak pak cache file C:/Users/alex_/Desktop/The Game/ManlyEvolution/DerivedDataCache/Compressed.ddp not found, will not use a pak cache.
[2018.08.20-00.50.36:585][  0]LogDerivedDataCache: Unable to find inner node CompressedPak for hierarchical cache Hierarchy.
[2018.08.20-00.50.36:596][  0]LogDerivedDataCache: Display: Pak cache opened for reading ../../../Engine/DerivedDataCache/Compressed.ddp.
[2018.08.20-00.50.36:608][  0]LogDerivedDataCache: Using Local data cache path C:/Users/alex_/AppData/Local/UnrealEngine/Common/DerivedDataCache: Writable
[2018.08.20-00.50.36:608][  0]LogDerivedDataCache: Shared data cache path not found in *engine.ini, will not use an Shared cache.
[2018.08.20-00.50.36:608][  0]LogDerivedDataCache: Unable to find inner node Shared for hierarchical cache Hierarchy.
[2018.08.20-00.50.36:622][  0]LogMaterial: Verifying Global Shaders for PCD3D_SM5
[2018.08.20-00.50.36:623][  0]LogSlate: Using FreeType 2.6.0
[2018.08.20-00.50.36:623][  0]LogSlate: SlateFontServices - WITH_FREETYPE: 1, WITH_HARFBUZZ: 1
[2018.08.20-00.50.36:679][  0]LogAssetRegistry: FAssetRegistry took 0.0248 seconds to start up
[2018.08.20-00.50.36:897][  0]LogInit: Selected Device Profile: [Windows]
[2018.08.20-00.50.36:981][  0]LogSimplygon: Simplygon DLL not present - disabling.
[2018.08.20-00.50.36:983][  0]LogMeshReduction: Using SimplygonSwarm for distributed automatic mesh merging
[2018.08.20-00.50.36:983][  0]LogMeshReduction: Using ProxyLODMeshReduction for automatic mesh merging
[2018.08.20-00.50.36:983][  0]LogMeshReduction: Using QuadricMeshReduction for automatic static mesh reduction
[2018.08.20-00.50.36:983][  0]LogMeshReduction: No automatic skeletal mesh reduction module available
[2018.08.20-00.50.36:993][  0]LogNetVersion: ManlyEvolution 1.0.0, NetCL: 4212847, EngineNetVer: 5, GameNetVer: 0 (Checksum: 145180752)
[2018.08.20-00.50.37:322][  0]LogPackageLocalizationCache: Processed 11 localized package path(s) for 2 prioritized culture(s) in 0.067629 seconds
[2018.08.20-00.50.37:328][  0]LogUObjectArray: 38425 objects as part of root set at end of initial load.
[2018.08.20-00.50.37:328][  0]LogUObjectAllocator: 6690864 out of 0 bytes used by permanent object pool.
[2018.08.20-00.50.37:328][  0]LogUObjectArray: CloseDisregardForGC: 0/0 objects in disregard for GC pool
[2018.08.20-00.50.37:883][  0]LogTcpMessaging: Initializing TcpMessaging bridge
[2018.08.20-00.50.37:897][  0]LogUdpMessaging: Initializing bridge on interface 0.0.0.0:0 to multicast group 230.0.0.1:6666.
[2018.08.20-00.50.38:008][  0]SourceControl: Source control is disabled
[2018.08.20-00.50.38:008][  0]SourceControl: Source control is disabled
[2018.08.20-00.50.38:009][  0]SourceControl: Source control is disabled
[2018.08.20-00.50.38:009][  0]SourceControl: Source control is disabled
[2018.08.20-00.50.38:141][  0]LogAndroidPermission: UAndroidPermissionCallbackProxy::GetInstance
[2018.08.20-00.50.38:221][  0]LogOcInput: OculusInput pre-init called
[2018.08.20-00.50.38:263][  0]LogEngine: Initializing Engine...
[2018.08.20-00.50.43:308][  0]LogHMD: Failed to initialize OpenVR with code 308
[2018.08.20-00.50.43:310][  0]LogStats: UGameplayTagsManager::ConstructGameplayTagTree: ImportINI prefixes -  0.000 s
[2018.08.20-00.50.43:310][  0]LogStats: UGameplayTagsManager::ConstructGameplayTagTree: Construct from data asset -  0.000 s
[2018.08.20-00.50.43:310][  0]LogStats: UGameplayTagsManager::ConstructGameplayTagTree: ImportINI -  0.000 s
[2018.08.20-00.50.43:310][  0]LogStats: UGameplayTagsManager::ConstructGameplayTagTree: GameplayTagTreeChangedEvent.Broadcast -  0.000 s
[2018.08.20-00.50.43:454][  0]LogInit: Initializing FReadOnlyCVARCache
[2018.08.20-00.50.43:461][  0]LogAIModule: Creating AISystem for world Untitled
[2018.08.20-00.50.43:488][  0]LogInit: XAudio2 using 'Headset Earphone (HyperX Virtual Surround Sound)' : 2 channels at 48 kHz using 16 bits per sample (channel mask 0x3)
[2018.08.20-00.50.43:498][  0]LogInit: FAudioDevice initialized.
[2018.08.20-00.50.43:498][  0]LogNetVersion: Set ProjectVersion to 1.0.0.0. Version Checksum will be recalculated on next use.
[2018.08.20-00.50.43:551][  0]LogDerivedDataCache: Saved boot cache 0.05s 71MB C:/Users/alex_/AppData/Local/UnrealEngine/4.20/DerivedDataCache/Boot.ddc.
[2018.08.20-00.50.43:559][  0]LogInit: Texture streaming: Enabled
[2018.08.20-00.50.43:568][  0]LogEngineSessionManager: EngineSessionManager initialized
[2018.08.20-00.50.43:577][  0]LogInit: Transaction tracking system initialized
[2018.08.20-00.50.43:586][  0]BlueprintLog: New page: Editor Load
[2018.08.20-00.50.43:622][  0]LocalizationService: Localization service is disabled
[2018.08.20-00.50.43:790][  0]LogCook: Display: Max memory allowance for cook 16384mb min free memory 0mb
[2018.08.20-00.50.43:790][  0]LogCook: Display: Mobile HDR setting 1
[2018.08.20-00.50.43:790][  0]LogGameplayTags: Display: UGameplayTagsManager::DoneAddingNativeTags. DelegateIsBound: 0
[2018.08.20-00.50.43:790][  0]LogStats: UGameplayTagsManager::ConstructGameplayTagTree: ImportINI prefixes -  0.000 s
[2018.08.20-00.50.43:790][  0]LogStats: UGameplayTagsManager::ConstructGameplayTagTree: Construct from data asset -  0.000 s
[2018.08.20-00.50.43:790][  0]LogStats: UGameplayTagsManager::ConstructGameplayTagTree: ImportINI -  0.000 s
[2018.08.20-00.50.43:790][  0]LogStats: UGameplayTagsManager::ConstructGameplayTagTree: GameplayTagTreeChangedEvent.Broadcast -  0.000 s
[2018.08.20-00.50.43:853][  0]LogFileCache: Scanning file cache for directory 'C:/Users/alex_/Desktop/The Game/ManlyEvolution/Content/' took 0.01s
[2018.08.20-00.50.43:853][  0]SourceControl: Source control is disabled
[2018.08.20-00.50.43:853][  0]Cmd: MAP LOAD FILE="C:/Users/alex_/Desktop/The Game/ManlyEvolution/Content/TopDownBP/Maps/TopDownExampleMap.umap" TEMPLATE=0 SHOWPROGRESS=1 FEATURELEVEL=3
[2018.08.20-00.50.43:853][  0]LightingResults: New page: Lighting Build
[2018.08.20-00.50.43:854][  0]MapCheck: New page: Map Check
[2018.08.20-00.50.43:854][  0]LightingResults: New page: Lighting Build
[2018.08.20-00.50.44:130][  0]LogAIModule: Creating AISystem for world TopDownExampleMap
[2018.08.20-00.50.44:139][  0]LogEditorServer: Finished looking for orphan Actors (0.000 secs)
[2018.08.20-00.50.44:158][  0]Cmd: MAP CHECKDEP NOCLEARLOG
[2018.08.20-00.50.44:191][  0]MapCheck: Map check complete: 0 Error(s), 0 Warning(s), took 33.293ms to complete.
[2018.08.20-00.50.44:191][  0]LogFileHelpers: Loading map 'TopDownExampleMap' took 0.338
[2018.08.20-00.50.44:274][  0]LogSlate: Updating window title bar state: overlay mode, drag disabled, window buttons hidden, title bar hidden
[2018.08.20-00.50.44:279][  0]LogSlate: Updating window title bar state: overlay mode, drag disabled, window buttons hidden, title bar hidden
[2018.08.20-00.50.44:285][  0]LogSlate: Updating window title bar state: overlay mode, drag disabled, window buttons hidden, title bar hidden
[2018.08.20-00.50.44:291][  0]LogSlate: Updating window title bar state: overlay mode, drag disabled, window buttons hidden, title bar hidden
[2018.08.20-00.50.44:294][  0]LogCollectionManager: Loaded 0 collections in 0.000601 seconds
[2018.08.20-00.50.44:330][  0]LogFileCache: Scanning file cache for directory 'C:/Users/alex_/Desktop/The Game/ManlyEvolution/Saved/Collections/' took 0.01s
[2018.08.20-00.50.44:330][  0]LogFileCache: Scanning file cache for directory 'C:/Users/alex_/Desktop/The Game/ManlyEvolution/Content/Developers/alex/Collections/' took 0.01s
[2018.08.20-00.50.44:330][  0]LogFileCache: Scanning file cache for directory 'C:/Users/alex_/Desktop/The Game/ManlyEvolution/Content/Collections/' took 0.01s
[2018.08.20-00.50.44:330][  0]LogCollectionManager: Rebuilt the GUID cache for 0 collections in 0.000000 seconds
[2018.08.20-00.50.44:341][  0]LogContentBrowser: Native class hierarchy populated in 0.0106 seconds. Added 2572 classes and 603 folders.
[2018.08.20-00.50.44:345][  0]LogContentBrowser: Native class hierarchy updated for 'WidgetCarousel' in 0.0002 seconds. Added 0 classes and 0 folders.
[2018.08.20-00.50.44:367][  0]LogContentBrowser: Native class hierarchy updated for 'AddContentDialog' in 0.0002 seconds. Added 0 classes and 0 folders.
[2018.08.20-00.50.44:370][  0]LogContentBrowser: Native class hierarchy updated for 'SceneOutliner' in 0.0002 seconds. Added 1 classes and 2 folders.
[2018.08.20-00.50.44:446][  0]LogContentBrowser: Native class hierarchy updated for 'HierarchicalLODOutliner' in 0.0002 seconds. Added 0 classes and 0 folders.
[2018.08.20-00.50.44:446][  0]LogLoad: (Engine Initialization) Total time: 15.97 seconds
[2018.08.20-00.50.44:446][  0]LogLoad: (Engine Initialization) Total Blueprint compile time: 0.00 seconds
[2018.08.20-00.50.44:455][  0]LogWindowsTextInputMethodSystem: Display: IME system now deactivated.
[2018.08.20-00.50.44:473][  0]LogAssetRegistry: Asset discovery search completed in 7.8160 seconds
[2018.08.20-00.50.44:475][  0]LogCollectionManager: Rebuilt the object cache for 0 collections in 0.000000 seconds (found 0 objects)
[2018.08.20-00.50.44:475][  0]LogCollectionManager: Fixed up redirectors for 0 collections in 0.000036 seconds (updated 0 objects)
[2018.08.20-00.50.44:476][  0]LogContentStreaming: Texture pool size now 3000 MB
[2018.08.20-00.50.44:485][  0]LogSlate: Took 0.000117 seconds to synchronously load lazily loaded font '../../../Engine/Content/Slate/Fonts/Roboto-Regular.ttf' (155K)
[2018.08.20-00.50.44:486][  0]LogSlate: Took 0.000089 seconds to synchronously load lazily loaded font '../../../Engine/Content/Slate/Fonts/Roboto-Bold.ttf' (160K)
[2018.08.20-00.50.44:489][  0]LogSlate: Took 0.000103 seconds to synchronously load lazily loaded font '../../../Engine/Content/Editor/Slate/Fonts/FontAwesome.ttf' (139K)
[2018.08.20-00.50.44:564][  0]LogSlate: Took 0.000120 seconds to synchronously load lazily loaded font '../../../Engine/Content/Slate/Fonts/Roboto-Light.ttf' (167K)
[2018.08.20-00.50.44:578][  1]LogRenderer: Reallocating scene render targets to support 496x300 Format 10 NumSamples 1 (Frame:1).
[2018.08.20-00.54.53:654][209]LogRenderer: Reallocating scene render targets to support 496x304 Format 10 NumSamples 1 (Frame:25012).
[2018.08.20-00.54.53:703][209]LogRenderer: Reallocating scene render targets to support 496x312 Format 10 NumSamples 1 (Frame:25013).
[2018.08.20-00.54.53:742][209]LogRenderer: Reallocating scene render targets to support 496x328 Format 10 NumSamples 1 (Frame:25014).
[2018.08.20-00.54.53:790][209]LogRenderer: Reallocating scene render targets to support 496x344 Format 10 NumSamples 1 (Frame:25015).
[2018.08.20-00.54.53:831][209]LogRenderer: Reallocating scene render targets to support 496x360 Format 10 NumSamples 1 (Frame:25016).
[2018.08.20-00.54.53:878][209]LogRenderer: Reallocating scene render targets to support 496x368 Format 10 NumSamples 1 (Frame:25017).
[2018.08.20-00.54.56:947][503]LogRenderer: Reallocating scene render targets to support 892x576 Format 10 NumSamples 1 (Frame:25312).
[2018.08.20-00.55.29:209][370]LogSlate: FSceneViewport::OnFocusLost() reason 0
[2018.08.20-01.18.04:706][292]LogSlate: FSceneViewport::OnFocusLost() reason 0
[2018.08.20-01.18.08:389][731]LogSlate: Took 0.000138 seconds to synchronously load lazily loaded font '../../../Engine/Content/Slate/Fonts/Roboto-Light.ttf' (167K)
[2018.08.20-01.18.08:394][731]LogAssetEditorManager: Opening Asset editor for Blueprint /Game/MOBA_Minion_AI/AI/Minion_AI_Pawn.Minion_AI_Pawn
[2018.08.20-01.18.08:692][731]LogContentBrowser: Native class hierarchy updated for 'BlueprintGraph' in 0.0004 seconds. Added 116 classes and 0 folders.
[2018.08.20-01.18.09:239][731]LogSlate: Took 0.003118 seconds to synchronously load lazily loaded font '../../../Engine/Content/Slate/Fonts/Roboto-BoldCondensed.ttf' (158K)
[2018.08.20-01.18.09:304][732]LogSlate: Took 0.003095 seconds to synchronously load lazily loaded font '../../../Engine/Content/Slate/Fonts/Roboto-Italic.ttf' (157K)
[2018.08.20-01.19.31:445][ 14]LogFileHelpers: Editor autosave (incl. sublevels) for '/Game/TopDownBP/Maps/TopDownExampleMap' took 0.024
[2018.08.20-01.19.31:446][ 14]OBJ SavePackage: Generating thumbnails for [0] asset(s) in package [/Game/MOBA_Minion_AI/AI/Minion_AI_Pawn] ([1] browsable assets)...
[2018.08.20-01.19.31:446][ 14]OBJ SavePackage: Finished generating thumbnails for package [/Game/MOBA_Minion_AI/AI/Minion_AI_Pawn]
[2018.08.20-01.19.31:473][ 14]LogSavePackage: Moving 'C:/Users/alex_/Desktop/The Game/ManlyEvolution/Saved/Minion_AI_Pawn_Auto1F5DDFFA444477593A313038996544CA1.tmp' to 'C:/Users/alex_/Desktop/The Game/ManlyEvolution/Saved/Autosaves/Game/MOBA_Minion_AI/AI/Minion_AI_Pawn_Auto1.uasset'
[2018.08.20-01.19.31:474][ 14]LogFileHelpers: Auto-saving content packages took 0.028
[2018.08.20-01.24.48:142][ 21]BlueprintLog: New page: Compile Minion_AI_Pawn
[2018.08.20-01.24.48:793][ 84]Cmd: OBJ SAVEPACKAGE PACKAGE="/Game/MOBA_Minion_AI/AI/Minion_AI_Pawn" FILE="C:/Users/alex_/Desktop/The Game/ManlyEvolution/Content/MOBA_Minion_AI/AI/Minion_AI_Pawn.uasset" SILENT=true
[2018.08.20-01.24.48:818][ 84]LogSavePackage: Moving 'C:/Users/alex_/Desktop/The Game/ManlyEvolution/Saved/Minion_AI_PawnA3E4FC5647F45BF2FA7E2280DC38C6DE.tmp' to 'C:/Users/alex_/Desktop/The Game/ManlyEvolution/Content/MOBA_Minion_AI/AI/Minion_AI_Pawn.uasset'
[2018.08.20-01.24.57:005][964]LogRenderer: Reallocating scene render targets to support 1144x712 Format 10 NumSamples 1 (Frame:1).
[2018.08.20-01.25.02:459][603]LogAssetEditorManager: Opening Asset editor for BehaviorTree /Game/MOBA_Minion_AI/AI/MinionAI.MinionAI
[2018.08.20-01.25.16:359][265]LogAssetEditorManager: Opening Asset editor for BlackboardData /Game/MOBA_Minion_AI/AI/MinionAI_Blackboard.MinionAI_Blackboard
[2018.08.20-01.25.33:251][280]LogAssetEditorManager: Opening Asset editor for Blueprint /Game/MOBA_Minion_AI/Game/MOBA_AI_GAMEMODE.MOBA_AI_GAMEMODE
[2018.08.20-01.26.10:027][650]LogSlate: Window 'Minion_AI_Pawn' being destroyed
[2018.08.20-01.26.10:030][650]LogActorComponent: UnregisterComponent: (/Engine/Transient.EditorFloorComp) Not registered. Aborting.
[2018.08.20-01.26.33:218][424]LogUProjectInfo: Found projects:
[2018.08.20-01.26.39:684][199]Cmd: CLOSE_SLATE_MAINFRAME
[2018.08.20-01.26.39:753][199]LogSlate: Window 'Open Project' being destroyed
[2018.08.20-01.26.39:757][199]LogSlate: Window 'ManlyEvolution - Unreal Editor' being destroyed
[2018.08.20-01.26.40:020][200]Cmd: QUIT_EDITOR
[2018.08.20-01.26.40:036][200]LogWindowsTextInputMethodSystem: Display: IME system now deactivated.
[2018.08.20-01.26.40:043][200]LogExit: Preparing to exit.
[2018.08.20-01.26.41:041][200]LogExit: Editor shut down
[2018.08.20-01.26.41:041][200]LogExit: Transaction tracking system shut down
[2018.08.20-01.26.41:574][200]LogExit: Object subsystem successfully closed.
[2018.08.20-01.26.41:594][200]LogShaderCompilers: Display: Shaders left to compile 0
[2018.08.20-01.26.41:597][200]LogD3D11RHI: Shutdown
[2018.08.20-01.26.41:597][200]LogD3D11RHI: CleanupD3DDevice
[2018.08.20-01.26.41:599][200]LogD3D11RHI: ~FD3D11DynamicRHI
[2018.08.20-01.26.41:605][200]LogModuleManager: Shutting down and abandoning module BlueprintGraph (612)
[2018.08.20-01.26.41:606][200]LogModuleManager: Shutting down and abandoning module HierarchicalLODOutliner (610)
[2018.08.20-01.26.41:606][200]LogModuleManager: Shutting down and abandoning module SceneOutliner (608)
[2018.08.20-01.26.41:606][200]LogModuleManager: Shutting down and abandoning module AddContentDialog (606)
[2018.08.20-01.26.41:606][200]LogModuleManager: Shutting down and abandoning module WidgetCarousel (605)
[2018.08.20-01.26.41:606][200]LogModuleManager: Shutting down and abandoning module EditorWidgets (602)
[2018.08.20-01.26.41:606][200]LogModuleManager: Shutting down and abandoning module CollectionManager (600)
[2018.08.20-01.26.41:606][200]LogModuleManager: Shutting down and abandoning module StatsViewer (598)
[2018.08.20-01.26.41:606][200]LogModuleManager: Shutting down and abandoning module FoliageEdit (596)
[2018.08.20-01.26.41:606][200]LogModuleManager: Shutting down and abandoning module LandscapeEditor (594)
[2018.08.20-01.26.41:606][200]LogModuleManager: Shutting down and abandoning module MeshPaintMode (592)
[2018.08.20-01.26.41:606][200]LogModuleManager: Shutting down and abandoning module SceneDepthPickerMode (590)
[2018.08.20-01.26.41:606][200]LogModuleManager: Shutting down and abandoning module ActorPickerMode (588)
[2018.08.20-01.26.41:606][200]LogModuleManager: Shutting down and abandoning module GeometryMode (586)
[2018.08.20-01.26.41:606][200]LogModuleManager: Shutting down and abandoning module TextureAlignMode (584)
[2018.08.20-01.26.41:606][200]LogModuleManager: Shutting down and abandoning module BspMode (582)
[2018.08.20-01.26.41:606][200]LogModuleManager: Shutting down and abandoning module PIEPreviewDeviceProfileSelector (580)
[2018.08.20-01.26.41:606][200]LogModuleManager: Shutting down and abandoning module SequenceRecorderSections (578)
[2018.08.20-01.26.41:606][200]LogModuleManager: Shutting down and abandoning module AutomationWorker (576)
[2018.08.20-01.26.41:606][200]LogModuleManager: Shutting down and abandoning module AudioCaptureEditor (574)
[2018.08.20-01.26.41:606][200]LogModuleManager: Shutting down and abandoning module SequenceRecorder (573)
[2018.08.20-01.26.41:606][200]LogModuleManager: Shutting down and abandoning module MatineeToLevelSequence (570)
[2018.08.20-01.26.41:606][200]LogModuleManager: Shutting down and abandoning module LevelSequenceEditor (568)
[2018.08.20-01.26.41:606][200]LogModuleManager: Shutting down and abandoning module PlacementMode (567)
[2018.08.20-01.26.41:606][200]LogModuleManager: Shutting down and abandoning module MaterialEditor (566)
[2018.08.20-01.26.41:606][200]LogModuleManager: Shutting down and abandoning module WmfMediaFactory (562)
[2018.08.20-01.26.41:606][200]LogModuleManager: Shutting down and abandoning module WmfMediaEditor (560)
[2018.08.20-01.26.41:606][200]LogModuleManager: Shutting down and abandoning module MediaPlayerEditor (558)
[2018.08.20-01.26.41:606][200]LogModuleManager: Shutting down and abandoning module OpenExrWrapper (556)
[2018.08.20-01.26.41:606][200]LogModuleManager: Shutting down and abandoning module ImgMediaFactory (554)
[2018.08.20-01.26.41:606][200]LogModuleManager: Shutting down and abandoning module ImgMediaEditor (552)
[2018.08.20-01.26.41:606][200]LogModuleManager: Shutting down and abandoning module AvfMediaFactory (550)
[2018.08.20-01.26.41:606][200]LogModuleManager: Shutting down and abandoning module AvfMediaEditor (548)
[2018.08.20-01.26.41:606][200]LogModuleManager: Shutting down and abandoning module AndroidMediaFactory (546)
[2018.08.20-01.26.41:606][200]LogModuleManager: Shutting down and abandoning module AndroidMediaEditor (544)
[2018.08.20-01.26.41:606][200]LogModuleManager: Shutting down and abandoning module MagicLeapCameraPreviewFactory (542)
[2018.08.20-01.26.41:607][200]LogModuleManager: Shutting down and abandoning module MagicLeapMediaFactory (540)
[2018.08.20-01.26.41:607][200]LogModuleManager: Shutting down and abandoning module MagicLeapMediaEditor (538)
[2018.08.20-01.26.41:607][200]LogModuleManager: Shutting down and abandoning module CharacterAI (536)
[2018.08.20-01.26.41:607][200]LogModuleManager: Shutting down and abandoning module SmartSnapping (534)
[2018.08.20-01.26.41:607][200]LogModuleManager: Shutting down and abandoning module SessionServices (532)
[2018.08.20-01.26.41:607][200]LogModuleManager: Shutting down and abandoning module ViewportSnapping (530)
[2018.08.20-01.26.41:607][200]LogModuleManager: Shutting down and abandoning module ViewportInteraction (528)
[2018.08.20-01.26.41:607][200]LogModuleManager: Shutting down and abandoning module ClothPainter (526)
[2018.08.20-01.26.41:607][200]LogModuleManager: Shutting down and abandoning module SkeletalMeshEditor (525)
[2018.08.20-01.26.41:607][200]LogModuleManager: Shutting down and abandoning module LogVisualizer (522)
[2018.08.20-01.26.41:607][200]LogModuleManager: Shutting down and abandoning module IntroTutorials (520)
[2018.08.20-01.26.41:607][200]LogModuleManager: Shutting down and abandoning module GameProjectGeneration (519)
[2018.08.20-01.26.41:607][200]LogModuleManager: Shutting down and abandoning module LuminPlatformEditor (516)
[2018.08.20-01.26.41:607][200]LogModuleManager: Shutting down and abandoning module IOSPlatformEditor (514)
[2018.08.20-01.26.41:607][200]LogModuleManager: Shutting down and abandoning module HTML5PlatformEditor (512)
[2018.08.20-01.26.41:607][200]LogModuleManager: Shutting down and abandoning module AndroidPlatformEditor (510)
[2018.08.20-01.26.41:607][200]LogModuleManager: Shutting down and abandoning module AndroidDeviceDetection (509)
[2018.08.20-01.26.41:739][200]LogModuleManager: Shutting down and abandoning module WindowsPlatformEditor (506)
[2018.08.20-01.26.41:739][200]LogModuleManager: Shutting down and abandoning module LuminRuntimeSettings (504)
[2018.08.20-01.26.41:739][200]LogModuleManager: Shutting down and abandoning module IOSRuntimeSettings (502)
[2018.08.20-01.26.41:739][200]LogModuleManager: Shutting down and abandoning module AndroidRuntimeSettings (500)
[2018.08.20-01.26.41:739][200]LogModuleManager: Shutting down and abandoning module InputBindingEditor (498)
[2018.08.20-01.26.41:739][200]LogModuleManager: Shutting down and abandoning module MergeActors (496)
[2018.08.20-01.26.41:739][200]LogModuleManager: Shutting down and abandoning module LocalizationDashboard (494)
[2018.08.20-01.26.41:739][200]LogModuleManager: Shutting down and abandoning module LocalizationService (493)
[2018.08.20-01.26.41:739][200]LogModuleManager: Shutting down and abandoning module HardwareTargeting (490)
[2018.08.20-01.26.41:739][200]LogModuleManager: Shutting down and abandoning module DeviceProfileEditor (488)
[2018.08.20-01.26.41:739][200]LogModuleManager: Shutting down and abandoning module UndoHistory (486)
[2018.08.20-01.26.41:739][200]LogModuleManager: Shutting down and abandoning module XmlParser (484)
[2018.08.20-01.26.41:739][200]LogModuleManager: Shutting down and abandoning module Blutility (482)
[2018.08.20-01.26.41:739][200]LogModuleManager: Shutting down and abandoning module ProjectSettingsViewer (480)
[2018.08.20-01.26.41:739][200]LogModuleManager: Shutting down and abandoning module ProjectTargetPlatformEditor (479)
[2018.08.20-01.26.41:739][200]LogModuleManager: Shutting down and abandoning module EditorSettingsViewer (476)
[2018.08.20-01.26.41:739][200]LogModuleManager: Shutting down and abandoning module SettingsEditor (474)
[2018.08.20-01.26.41:739][200]LogModuleManager: Shutting down and abandoning module ProjectLauncher (472)
[2018.08.20-01.26.41:739][200]LogModuleManager: Shutting down and abandoning module SessionFrontend (470)
[2018.08.20-01.26.41:739][200]LogModuleManager: Shutting down and abandoning module ProfilerClient (468)
[2018.08.20-01.26.41:739][200]LogModuleManager: Shutting down and abandoning module DeviceManager (466)
[2018.08.20-01.26.41:739][200]LogModuleManager: Shutting down and abandoning module TargetDeviceServices (465)
[2018.08.20-01.26.41:805][200]LogModuleManager: Shutting down and abandoning module AutomationController (462)
[2018.08.20-01.26.41:805][200]LogModuleManager: Shutting down and abandoning module AutomationWindow (460)
[2018.08.20-01.26.41:805][200]LogModuleManager: Shutting down and abandoning module Layers (458)
[2018.08.20-01.26.41:805][200]LogModuleManager: Shutting down and abandoning module ComponentVisualizers (456)
[2018.08.20-01.26.41:805][200]LogModuleManager: Shutting down and abandoning module DetailCustomizations (454)
[2018.08.20-01.26.41:805][200]LogModuleManager: Shutting down and abandoning module PackagesDialog (452)
[2018.08.20-01.26.41:805][200]LogModuleManager: Shutting down and abandoning module Persona (450)
[2018.08.20-01.26.41:805][200]LogModuleManager: Shutting down and abandoning module AdvancedPreviewScene (449)
[2018.08.20-01.26.41:805][200]LogModuleManager: Shutting down and abandoning module AnimGraph (447)
[2018.08.20-01.26.41:805][200]LogModuleManager: Shutting down and abandoning module Kismet (444)
[2018.08.20-01.26.41:809][200]LogModuleManager: Shutting down and abandoning module GraphEditor (442)
[2018.08.20-01.26.41:809][200]LogModuleManager: Shutting down and abandoning module ClassViewer (440)
[2018.08.20-01.26.41:809][200]LogModuleManager: Shutting down and abandoning module Toolbox (438)
[2018.08.20-01.26.41:809][200]LogModuleManager: Shutting down and abandoning module ModuleUI (436)
[2018.08.20-01.26.41:809][200]LogModuleManager: Shutting down and abandoning module MovieSceneTools (434)
[2018.08.20-01.26.41:809][200]LogModuleManager: Shutting down and abandoning module OutputLog (432)
[2018.08.20-01.26.41:809][200]LogModuleManager: Shutting down and abandoning module GammaUI (430)
[2018.08.20-01.26.41:809][200]LogModuleManager: Shutting down and abandoning module Documentation (428)
[2018.08.20-01.26.41:809][200]LogModuleManager: Shutting down and abandoning module MovieSceneTracks (426)
[2018.08.20-01.26.41:809][200]LogModuleManager: Shutting down and abandoning module MovieScene (424)
[2018.08.20-01.26.41:809][200]LogModuleManager: Shutting down and abandoning module StreamingPauseRendering (422)
[2018.08.20-01.26.41:809][200]LogModuleManager: Shutting down and abandoning module LauncherPlatform (420)
[2018.08.20-01.26.41:809][200]LogModuleManager: Shutting down and abandoning module AnalyticsET (418)
[2018.08.20-01.26.41:809][200]LogModuleManager: Shutting down and abandoning module PortalServices (416)
[2018.08.20-01.26.41:809][200]LogModuleManager: Shutting down and abandoning module PortalRpc (414)
[2018.08.20-01.26.41:809][200]LogModuleManager: Shutting down and abandoning module MessagingRpc (412)
[2018.08.20-01.26.41:809][200]LogModuleManager: Shutting down and abandoning module AIModule (410)
[2018.08.20-01.26.41:809][200]LogModuleManager: Shutting down and abandoning module GameplayDebugger (409)
[2018.08.20-01.26.41:809][200]LogModuleManager: Shutting down and abandoning module AITestSuite (407)
[2018.08.20-01.26.41:809][200]LogModuleManager: Shutting down and abandoning module NavigationSystem (405)
[2018.08.20-01.26.41:809][200]LogModuleManager: Shutting down and abandoning module DesktopPlatform (402)
[2018.08.20-01.26.41:809][200]LogModuleManager: Shutting down and abandoning module ProfilerService (400)
[2018.08.20-01.26.42:052][200]LogModuleManager: Shutting down and abandoning module TaskGraph (398)
[2018.08.20-01.26.42:052][200]LogModuleManager: Shutting down and abandoning module SteamVRController (396)
[2018.08.20-01.26.42:052][200]LogModuleManager: Shutting down and abandoning module ProceduralMeshComponentEditor (394)
[2018.08.20-01.26.42:052][200]LogModuleManager: Shutting down and abandoning module ProceduralMeshComponent (392)
[2018.08.20-01.26.42:052][200]LogModuleManager: Shutting down and abandoning module OculusInput (390)
[2018.08.20-01.26.42:052][200]LogModuleManager: Shutting down and abandoning module MobilePatchingUtils (388)
[2018.08.20-01.26.42:052][200]LogModuleManager: Shutting down and abandoning module EditableMesh (386)
[2018.08.20-01.26.42:052][200]LogModuleManager: Shutting down and abandoning module CustomMeshComponent (384)
[2018.08.20-01.26.42:052][200]LogModuleManager: Shutting down and abandoning module CableComponent (382)
[2018.08.20-01.26.42:052][200]LogModuleManager: Shutting down and abandoning module AudioCapture (380)
[2018.08.20-01.26.42:052][200]LogModuleManager: Shutting down and abandoning module ArchVisCharacter (378)
[2018.08.20-01.26.42:052][200]LogModuleManager: Shutting down and abandoning module AndroidPermission (376)
[2018.08.20-01.26.42:052][200]LogModuleManager: Shutting down and abandoning module NUTUnrealEngine4 (374)
[2018.08.20-01.26.42:052][200]LogModuleManager: Shutting down and abandoning module NetcodeUnitTest (372)
[2018.08.20-01.26.42:052][200]LogModuleManager: Shutting down and abandoning module MediaCompositingEditor (370)
[2018.08.20-01.26.42:052][200]LogModuleManager: Shutting down and abandoning module MediaCompositing (368)
[2018.08.20-01.26.42:052][200]LogModuleManager: Shutting down and abandoning module LinearTimecode (366)
[2018.08.20-01.26.42:052][200]LogModuleManager: Shutting down and abandoning module ImgMedia (364)
[2018.08.20-01.26.42:054][200]LogModuleManager: Shutting down and abandoning module HTML5Networking (362)
[2018.08.20-01.26.42:054][200]LogModuleManager: Shutting down and abandoning module GeometryCacheTracks (360)
[2018.08.20-01.26.42:054][200]LogModuleManager: Shutting down and abandoning module GeometryCacheSequencer (358)
[2018.08.20-01.26.42:054][200]LogModuleManager: Shutting down and abandoning module BackChannel (356)
[2018.08.20-01.26.42:054][200]LogModuleManager: Shutting down and abandoning module AppleVision (354)
[2018.08.20-01.26.42:054][200]LogModuleManager: Shutting down and abandoning module AppleImageUtils (352)
[2018.08.20-01.26.42:054][200]LogModuleManager: Shutting down and abandoning module AlembicImporter (350)
[2018.08.20-01.26.42:054][200]LogModuleManager: Shutting down and abandoning module AlembicLibrary (349)
[2018.08.20-01.26.42:054][200]LogModuleManager: Shutting down and abandoning module GeometryCache (348)
[2018.08.20-01.26.42:054][200]LogModuleManager: Shutting down and abandoning module GeometryCacheEd (347)
[2018.08.20-01.26.42:054][200]LogModuleManager: Shutting down and abandoning module DatasmithContentEditor (342)
[2018.08.20-01.26.42:054][200]LogModuleManager: Shutting down and abandoning module DatasmithContent (340)
[2018.08.20-01.26.42:055][200]LogModuleManager: Shutting down and abandoning module SpeedTreeImporter (338)
[2018.08.20-01.26.42:055][200]LogModuleManager: Shutting down and abandoning module PluginBrowser (336)
[2018.08.20-01.26.42:055][200]LogModuleManager: Shutting down and abandoning module MobileLauncherProfileWizard (334)
[2018.08.20-01.26.42:055][200]LogModuleManager: Shutting down and abandoning module PolygonModeling (332)
[2018.08.20-01.26.42:055][200]LogModuleManager: Shutting down and abandoning module MeshEditor (330)
[2018.08.20-01.26.42:055][200]LogModuleManager: Shutting down and abandoning module CryptoKeysOpenSSL (328)
[2018.08.20-01.26.42:055][200]LogModuleManager: Shutting down and abandoning module CryptoKeys (326)
[2018.08.20-01.26.42:055][200]LogModuleManager: Shutting down and abandoning module VisualStudioSourceCodeAccess (324)
[2018.08.20-01.26.42:055][200]LogModuleManager: Shutting down and abandoning module VisualStudioCodeSourceCodeAccess (322)
[2018.08.20-01.26.42:055][200]LogModuleManager: Shutting down and abandoning module UObjectPlugin (320)
[2018.08.20-01.26.42:055][200]LogModuleManager: Shutting down and abandoning module SubversionSourceControl (318)
[2018.08.20-01.26.42:055][200]LogModuleManager: Shutting down and abandoning module PerforceSourceControl (316)
[2018.08.20-01.26.42:055][200]LogModuleManager: Shutting down and abandoning module GitSourceControl (314)
[2018.08.20-01.26.42:055][200]LogModuleManager: Shutting down and abandoning module SourceControl (313)
[2018.08.20-01.26.42:055][200]LogModuleManager: Shutting down and abandoning module CLionSourceCodeAccess (310)
[2018.08.20-01.26.42:055][200]LogModuleManager: Shutting down and abandoning module LightPropagationVolumeEditor (308)
[2018.08.20-01.26.42:055][200]LogModuleManager: Shutting down and abandoning module PaperTiledImporter (306)
[2018.08.20-01.26.42:055][200]LogModuleManager: Shutting down and abandoning module PaperSpriteSheetImporter (304)
[2018.08.20-01.26.42:055][200]LogModuleManager: Shutting down and abandoning module Paper2DEditor (302)
[2018.08.20-01.26.42:055][200]LogModuleManager: Shutting down and abandoning module MeshPaint (301)
[2018.08.20-01.26.42:055][200]LogModuleManager: Shutting down and abandoning module RuntimePhysXCooking (298)
[2018.08.20-01.26.42:055][200]LogModuleManager: Shutting down and abandoning module PhysXVehiclesEditor (296)
[2018.08.20-01.26.42:055][200]LogModuleManager: Shutting down and abandoning module PhysXVehicles (294)
[2018.08.20-01.26.42:055][200]LogModuleManager: Shutting down and abandoning module OculusEditor (292)
[2018.08.20-01.26.42:055][200]LogModuleManager: Shutting down and abandoning module LocationServicesBPLibrary (290)
[2018.08.20-01.26.42:055][200]LogModuleManager: Shutting down and abandoning module ImmediatePhysicsEditor (288)
[2018.08.20-01.26.42:055][200]LogModuleManager: Shutting down and abandoning module ImmediatePhysics (286)
[2018.08.20-01.26.42:055][200]LogModuleManager: Shutting down and abandoning module ActorSequence (284)
[2018.08.20-01.26.42:055][200]LogModuleManager: Shutting down and abandoning module UdpMessaging (282)
[2018.08.20-01.26.42:156][200]LogModuleManager: Shutting down and abandoning module TcpMessaging (280)
[2018.08.20-01.26.42:257][200]LogModuleManager: Shutting down and abandoning module MagicLeapAudio (278)
[2018.08.20-01.26.42:257][200]LogModuleManager: Shutting down and abandoning module GameplayTagsEditor (276)
[2018.08.20-01.26.42:257][200]LogModuleManager: Shutting down and abandoning module FacialAnimationEditor (274)
[2018.08.20-01.26.42:257][200]LogModuleManager: Shutting down and abandoning module FacialAnimation (272)
[2018.08.20-01.26.42:257][200]LogModuleManager: Shutting down and abandoning module DataValidation (270)
[2018.08.20-01.26.42:257][200]LogModuleManager: Shutting down and abandoning module AssetManagerEditor (268)
[2018.08.20-01.26.42:257][200]LogModuleManager: Shutting down and abandoning module LevelEditor (267)
[2018.08.20-01.26.42:257][200]LogModuleManager: Shutting down and abandoning module PixelInspectorModule (266)
[2018.08.20-01.26.42:257][200]LogModuleManager: Shutting down and abandoning module CommonMenuExtensions (264)
[2018.08.20-01.26.42:257][200]LogModuleManager: Shutting down and abandoning module MainFrame (262)
[2018.08.20-01.26.42:257][200]LogModuleManager: Shutting down and abandoning module HotReload (261)
[2018.08.20-01.26.42:258][200]LogModuleManager: Shutting down and abandoning module ContentBrowser (257)
[2018.08.20-01.26.42:258][200]LogModuleManager: Shutting down and abandoning module TreeMap (255)
[2018.08.20-01.26.42:258][200]LogModuleManager: Shutting down and abandoning module LightPropagationVolumeRuntime (252)
[2018.08.20-01.26.42:258][200]LogModuleManager: Shutting down and abandoning module AISupportModule (250)
[2018.08.20-01.26.42:258][200]LogModuleManager: Shutting down and abandoning module Paper2D (248)
[2018.08.20-01.26.42:258][200]LogModuleManager: Shutting down and abandoning module WindowsMoviePlayer (246)
[2018.08.20-01.26.42:258][200]LogModuleManager: Shutting down and abandoning module WmfMedia (244)
[2018.08.20-01.26.42:260][200]LogModuleManager: Shutting down and abandoning module Media (243)
[2018.08.20-01.26.42:266][200]LogModuleManager: Shutting down and abandoning module PacketHandler (240)
[2018.08.20-01.26.42:266][200]LogModuleManager: Shutting down and abandoning module ClothingSystemEditor (238)
[2018.08.20-01.26.42:266][200]LogModuleManager: Shutting down and abandoning module ClothingSystemRuntime (236)
[2018.08.20-01.26.42:266][200]LogModuleManager: Shutting down and abandoning module MediaAssets (234)
[2018.08.20-01.26.42:266][200]LogModuleManager: Shutting down and abandoning module Overlay (232)
[2018.08.20-01.26.42:266][200]LogModuleManager: Shutting down and abandoning module OverlayEditor (231)
[2018.08.20-01.26.42:266][200]LogModuleManager: Shutting down and abandoning module VREditor (228)
[2018.08.20-01.26.42:266][200]LogModuleManager: Shutting down and abandoning module StringTableEditor (226)
[2018.08.20-01.26.42:266][200]LogModuleManager: Shutting down and abandoning module GameplayTasksEditor (224)
[2018.08.20-01.26.42:266][200]LogModuleManager: Shutting down and abandoning module BehaviorTreeEditor (222)
[2018.08.20-01.26.42:266][200]LogModuleManager: Shutting down and abandoning module FunctionalTesting (220)
[2018.08.20-01.26.42:266][200]LogModuleManager: Shutting down and abandoning module CollisionAnalyzer (218)
[2018.08.20-01.26.42:266][200]LogModuleManager: Shutting down and abandoning module WorkspaceMenuStructure (217)
[2018.08.20-01.26.42:266][200]LogModuleManager: Shutting down and abandoning module UMG (214)
[2018.08.20-01.26.42:266][200]LogModuleManager: Shutting down and abandoning module UMGEditor (213)
[2018.08.20-01.26.42:266][200]LogModuleManager: Shutting down and abandoning module Sequencer (212)
[2018.08.20-01.26.42:266][200]LogModuleManager: Shutting down and abandoning module MessageLog (209)
[2018.08.20-01.26.42:266][200]LogModuleManager: Shutting down and abandoning module SlateReflector (204)
[2018.08.20-01.26.42:266][200]LogModuleManager: Shutting down and abandoning module Slate (202)
[2018.08.20-01.26.42:266][200]LogModuleManager: Shutting down and abandoning module EditorStyle (200)
[2018.08.20-01.26.42:267][200]LogModuleManager: Shutting down and abandoning module MRMesh (198)
[2018.08.20-01.26.42:267][200]LogModuleManager: Shutting down and abandoning module SourceCodeAccess (196)
[2018.08.20-01.26.42:267][200]LogModuleManager: Shutting down and abandoning module HeadMountedDisplay (194)
[2018.08.20-01.26.42:267][200]LogModuleManager: Shutting down and abandoning module XAudio2 (192)
[2018.08.20-01.26.42:267][200]LogModuleManager: Shutting down and abandoning module Networking (190)
[2018.08.20-01.26.42:267][200]LogModuleManager: Shutting down and abandoning module Core (188)
[2018.08.20-01.26.42:267][200]LogModuleManager: Shutting down and abandoning module LevelSequence (186)
[2018.08.20-01.26.42:267][200]LogModuleManager: Shutting down and abandoning module KismetCompiler (184)
[2018.08.20-01.26.42:267][200]LogModuleManager: Shutting down and abandoning module MeshUtilities (182)
[2018.08.20-01.26.42:268][200]LogModuleManager: Shutting down and abandoning module MeshMergeUtilities (181)
[2018.08.20-01.26.42:268][200]LogModuleManager: Shutting down and abandoning module MeshReductionInterface (180)
[2018.08.20-01.26.42:268][200]LogModuleManager: Shutting down and abandoning module SimplygonSwarm (179)
[2018.08.20-01.26.42:268][200]LogModuleManager: Shutting down and abandoning module ProxyLODMeshReduction (177)
[2018.08.20-01.26.42:268][200]LogModuleManager: Shutting down and abandoning module SimplygonMeshReduction (175)
[2018.08.20-01.26.42:268][200]LogModuleManager: Shutting down and abandoning module QuadricMeshReduction (173)
[2018.08.20-01.26.42:268][200]LogModuleManager: Shutting down and abandoning module MaterialBaking (169)
[2018.08.20-01.26.42:268][200]LogModuleManager: Shutting down and abandoning module DirectoryWatcher (165)
[2018.08.20-01.26.42:268][200]LogModuleManager: Shutting down and abandoning module DerivedDataCache (162)
[2018.08.20-01.26.42:324][200]LogDerivedDataCache: Shutdown
[2018.08.20-01.26.42:324][200]LogModuleManager: Shutting down and abandoning module XGEController (160)
[2018.08.20-01.26.42:324][200]LogModuleManager: Shutting down and abandoning module TargetPlatform (158)
[2018.08.20-01.26.42:324][200]LogModuleManager: Shutting down and abandoning module VulkanShaderFormat (157)
[2018.08.20-01.26.42:324][200]LogModuleManager: Shutting down and abandoning module ShaderFormatVectorVM (155)
[2018.08.20-01.26.42:324][200]LogModuleManager: Shutting down and abandoning module ShaderFormatOpenGL (153)
[2018.08.20-01.26.42:324][200]LogModuleManager: Shutting down and abandoning module ShaderFormatD3D (151)
[2018.08.20-01.26.42:324][200]LogModuleManager: Shutting down and abandoning module MetalShaderFormat (149)
[2018.08.20-01.26.42:324][200]LogModuleManager: Shutting down and abandoning module TextureFormatUncompressed (147)
[2018.08.20-01.26.42:324][200]LogModuleManager: Shutting down and abandoning module TextureFormatPVR (145)
[2018.08.20-01.26.42:324][200]LogModuleManager: Shutting down and abandoning module TextureFormatDXT (143)
[2018.08.20-01.26.42:324][200]LogModuleManager: Shutting down and abandoning module TextureFormatIntelISPCTexComp (141)
[2018.08.20-01.26.42:324][200]LogModuleManager: Shutting down and abandoning module TextureFormatASTC (139)
[2018.08.20-01.26.42:324][200]LogModuleManager: Shutting down and abandoning module ImageWrapper (138)
[2018.08.20-01.26.42:324][200]LogModuleManager: Shutting down and abandoning module TextureFormatAndroid (135)
[2018.08.20-01.26.42:324][200]LogModuleManager: Shutting down and abandoning module AudioFormatOpus (133)
[2018.08.20-01.26.42:324][200]LogModuleManager: Shutting down and abandoning module AudioFormatOgg (131)
[2018.08.20-01.26.42:324][200]LogModuleManager: Shutting down and abandoning module AudioFormatADPCM (129)
[2018.08.20-01.26.42:324][200]LogModuleManager: Shutting down and abandoning module LuminTargetPlatform (127)
[2018.08.20-01.26.42:324][200]LogModuleManager: Shutting down and abandoning module LinuxTargetPlatform (125)
[2018.08.20-01.26.42:324][200]LogModuleManager: Shutting down and abandoning module LinuxServerTargetPlatform (123)
[2018.08.20-01.26.42:324][200]LogModuleManager: Shutting down and abandoning module LinuxNoEditorTargetPlatform (121)
[2018.08.20-01.26.42:324][200]LogModuleManager: Shutting down and abandoning module LinuxClientTargetPlatform (119)
[2018.08.20-01.26.42:324][200]LogModuleManager: Shutting down and abandoning module TVOSTargetPlatform (117)
[2018.08.20-01.26.42:325][200]LogModuleManager: Shutting down and abandoning module Messaging (115)
[2018.08.20-01.26.42:325][200]LogModuleManager: Shutting down and abandoning module IOSTargetPlatform (113)
[2018.08.20-01.26.42:325][200]LogModuleManager: Shutting down and abandoning module HTML5TargetPlatform (111)
[2018.08.20-01.26.42:325][200]LogModuleManager: Shutting down and abandoning module AndroidTargetPlatform (109)
[2018.08.20-01.26.42:331][200]LogModuleManager: Shutting down and abandoning module WindowsTargetPlatform (107)
[2018.08.20-01.26.42:331][200]LogModuleManager: Shutting down and abandoning module WindowsServerTargetPlatform (105)
[2018.08.20-01.26.42:331][200]LogModuleManager: Shutting down and abandoning module WindowsNoEditorTargetPlatform (103)
[2018.08.20-01.26.42:331][200]LogModuleManager: Shutting down and abandoning module WindowsClientTargetPlatform (101)
[2018.08.20-01.26.42:331][200]LogModuleManager: Shutting down and abandoning module MacTargetPlatform (99)
[2018.08.20-01.26.42:331][200]LogModuleManager: Shutting down and abandoning module MacServerTargetPlatform (97)
[2018.08.20-01.26.42:331][200]LogModuleManager: Shutting down and abandoning module MacNoEditorTargetPlatform (95)
[2018.08.20-01.26.42:331][200]LogModuleManager: Shutting down and abandoning module MacClientTargetPlatform (93)
[2018.08.20-01.26.42:331][200]LogModuleManager: Shutting down and abandoning module AllDesktopTargetPlatform (91)
[2018.08.20-01.26.42:331][200]LogModuleManager: Shutting down and abandoning module InputCore (88)
[2018.08.20-01.26.42:331][200]LogModuleManager: Shutting down and abandoning module Settings (86)
[2018.08.20-01.26.42:331][200]LogModuleManager: Shutting down and abandoning module PhysXCooking (84)
[2018.08.20-01.26.42:331][200]LogModuleManager: Shutting down and abandoning module SteamVR (82)
[2018.08.20-01.26.42:331][200]LogModuleManager: Shutting down and abandoning module OculusHMD (80)
[2018.08.20-01.26.42:331][200]LogModuleManager: Shutting down and abandoning module ExampleDeviceProfileSelector (78)
[2018.08.20-01.26.42:331][200]LogModuleManager: Shutting down and abandoning module LauncherChunkInstaller (76)
[2018.08.20-01.26.42:331][200]LogModuleManager: Shutting down and abandoning module OnlineBlueprintSupport (74)
[2018.08.20-01.26.42:331][200]LogModuleManager: Shutting down and abandoning module OnlineSubsystem (70)
[2018.08.20-01.26.42:332][200]LogModuleManager: Shutting down and abandoning module XMPP (65)
[2018.08.20-01.26.42:332][200]LogModuleManager: Shutting down and abandoning module WebSockets (64)
[2018.08.20-01.26.42:354][200]LogModuleManager: Shutting down and abandoning module HTTP (61)
[2018.08.20-01.26.42:354][200]LogHttp: Display: Http module shutting down, but needs to wait on 1 outstanding Http requests:
[2018.08.20-01.26.42:354][200]LogHttp: Display: 	verb=[POST] url=[https://datarouter.ol.epicgames.com/datarouter/api/v1/public/data?SessionID=%7B63195130-447A-AE37-B028-8BB7F14D3124%7D&AppID=UEEditor.Rocket.Release&AppVersion=4.20.1-4233996%2B%2B%2BUE4%2BRelease-4.20&UserID=23bc3dd9483228ff239159b42a517cbe%7C73ae5f05d095474ba4b2c7fe508d03fe%7C50ca4bb0-2e01-4b4f-89e6-eb6339528ecf&AppEnvironment=datacollector-binary&UploadType=eteventstream] status=Processing
[2018.08.20-01.26.42:376][200]LogModuleManager: Shutting down and abandoning module SSL (60)
[2018.08.20-01.26.42:377][200]LogModuleManager: Shutting down and abandoning module MagicLeapEmulator (56)
[2018.08.20-01.26.42:377][200]LogModuleManager: Shutting down and abandoning module MagicLeapPrivileges (54)
[2018.08.20-01.26.42:377][200]LogModuleManager: Shutting down and abandoning module MagicLeapIdentity (52)
[2018.08.20-01.26.42:377][200]LogModuleManager: Shutting down and abandoning module MagicLeapHelperVulkan (50)
[2018.08.20-01.26.42:377][200]LogModuleManager: Shutting down and abandoning module MagicLeapHelperOpenGL (48)
[2018.08.20-01.26.42:377][200]LogModuleManager: Shutting down and abandoning module MagicLeapSecureStorage (46)
[2018.08.20-01.26.42:377][200]LogModuleManager: Shutting down and abandoning module MagicLeapGestures (44)
[2018.08.20-01.26.42:377][200]LogModuleManager: Shutting down and abandoning module MagicLeapEyeTracker (42)
[2018.08.20-01.26.42:377][200]LogModuleManager: Shutting down and abandoning module MagicLeapController (40)
[2018.08.20-01.26.42:377][200]LogSlate: Slate User Destroyed.  User Index 0, Is Virtual User: 0
[2018.08.20-01.26.42:377][200]LogModuleManager: Shutting down and abandoning module MagicLeap (38)
[2018.08.20-01.26.42:377][200]LogModuleManager: Shutting down and abandoning module AnimationModifiers (36)
[2018.08.20-01.26.42:377][200]LogModuleManager: Shutting down and abandoning module PropertyEditor (35)
[2018.08.20-01.26.42:377][200]LogModuleManager: Shutting down and abandoning module AudioEditor (32)
[2018.08.20-01.26.42:377][200]LogModuleManager: Shutting down and abandoning module TextureCompressor (30)
[2018.08.20-01.26.42:377][200]LogModuleManager: Shutting down and abandoning module ShaderCore (28)
[2018.08.20-01.26.42:377][200]LogModuleManager: Shutting down and abandoning module Landscape (26)
[2018.08.20-01.26.42:377][200]LogModuleManager: Shutting down and abandoning module SlateRHIRenderer (24)
[2018.08.20-01.26.42:378][200]LogModuleManager: Shutting down and abandoning module OpenGLDrv (22)
[2018.08.20-01.26.42:378][200]LogModuleManager: Shutting down and abandoning module D3D11RHI (20)
[2018.08.20-01.26.42:378][200]LogModuleManager: Shutting down and abandoning module AnimGraphRuntime (18)
[2018.08.20-01.26.42:378][200]LogModuleManager: Shutting down and abandoning module Renderer (16)
[2018.08.20-01.26.42:378][200]LogModuleManager: Shutting down and abandoning module Engine (14)
[2018.08.20-01.26.42:378][200]LogModuleManager: Shutting down and abandoning module CoreUObject (12)
[2018.08.20-01.26.42:378][200]LogModuleManager: Shutting down and abandoning module NetworkFile (10)
[2018.08.20-01.26.42:378][200]LogModuleManager: Shutting down and abandoning module CookedIterativeFile (8)
[2018.08.20-01.26.42:378][200]LogModuleManager: Shutting down and abandoning module StreamingFile (6)
[2018.08.20-01.26.42:378][200]LogModuleManager: Shutting down and abandoning module SandboxFile (4)
[2018.08.20-01.26.42:378][200]LogModuleManager: Shutting down and abandoning module PakFile (2)
[2018.08.20-01.26.42:381][200]LogExit: Exiting.
[2018.08.20-01.26.42:391][200]Log file closed, 08/19/18 21:26:42
