Log file open, 08/18/18 16:28:36
LogWindows: Failed to load 'aqProf.dll' (GetLastError=126)
LogWindows: File 'aqProf.dll' does not exist
LogWindows: Failed to load 'VSPerf140.dll' (GetLastError=126)
LogWindows: File 'VSPerf140.dll' does not exist
LogWindows: Failed to load 'VtuneApi.dll' (GetLastError=126)
LogWindows: File 'VtuneApi.dll' does not exist
LogWindows: Failed to load 'VtuneApi32e.dll' (GetLastError=126)
LogWindows: File 'VtuneApi32e.dll' does not exist
LogInit: Display: Running engine for game: AndriodProject
LogPlatformFile: Not using cached read wrapper
LogTaskGraph: Started task graph with 5 named threads and 23 total threads with 3 sets of task threads.
LogStats: Stats thread started at 0.253628
LogD3D11RHI: Loaded GFSDK_Aftermath_Lib.x64.dll
LogICUInternationalization: Display: ICU TimeZone Detection - Raw Offset: -5:00, Platform Override: ''
LogPluginManager: Mounting plugin Paper2D
LogPluginManager: Mounting plugin AISupport
LogPluginManager: Mounting plugin LightPropagationVolume
LogPluginManager: Mounting plugin CLionSourceCodeAccess
LogPluginManager: Mounting plugin CodeLiteSourceCodeAccess
LogPluginManager: Mounting plugin GitSourceControl
LogPluginManager: Mounting plugin KDevelopSourceCodeAccess
LogPluginManager: Mounting plugin NullSourceCodeAccess
LogPluginManager: Mounting plugin PerforceSourceControl
LogPluginManager: Mounting plugin SubversionSourceControl
LogPluginManager: Mounting plugin UObjectPlugin
LogPluginManager: Mounting plugin VisualStudioCodeSourceCodeAccess
LogPluginManager: Mounting plugin VisualStudioSourceCodeAccess
LogPluginManager: Mounting plugin XCodeSourceCodeAccess
LogPluginManager: Mounting plugin AssetManagerEditor
LogPluginManager: Mounting plugin CryptoKeys
LogPluginManager: Mounting plugin DataValidation
LogPluginManager: Mounting plugin FacialAnimation
LogPluginManager: Mounting plugin GameplayTagsEditor
LogPluginManager: Mounting plugin MacGraphicsSwitching
LogPluginManager: Mounting plugin MeshEditor
LogPluginManager: Mounting plugin MobileLauncherProfileWizard
LogPluginManager: Mounting plugin PluginBrowser
LogPluginManager: Mounting plugin SpeedTreeImporter
LogPluginManager: Mounting plugin DatasmithContent
LogPluginManager: Mounting plugin AlembicImporter
LogPluginManager: Mounting plugin AppleImageUtils
LogPluginManager: Mounting plugin AppleVision
LogPluginManager: Mounting plugin BackChannel
LogPluginManager: Mounting plugin CharacterAI
LogPluginManager: Mounting plugin GeometryCache
LogPluginManager: Mounting plugin HTML5Networking
LogPluginManager: Mounting plugin ProxyLODPlugin
LogPluginManager: Mounting plugin MagicLeap
LogPluginManager: Mounting plugin MagicLeapEmulator
LogPluginManager: Mounting plugin MagicLeapMedia
LogPluginManager: Mounting plugin AndroidMedia
LogPluginManager: Mounting plugin AvfMedia
LogPluginManager: Mounting plugin ImgMedia
LogPluginManager: Mounting plugin LinearTimecode
LogPluginManager: Mounting plugin MediaCompositing
LogPluginManager: Mounting plugin MediaPlayerEditor
LogPluginManager: Mounting plugin WmfMedia
LogPluginManager: Mounting plugin TcpMessaging
LogPluginManager: Mounting plugin UdpMessaging
LogPluginManager: Mounting plugin ActorSequence
LogPluginManager: Mounting plugin LevelSequenceEditor
LogPluginManager: Mounting plugin MatineeToLevelSequence
LogPluginManager: Mounting plugin NetcodeUnitTest
LogPluginManager: Mounting plugin NUTUnrealEngine4
LogPluginManager: Mounting plugin OnlineSubsystemGooglePlay
LogPluginManager: Mounting plugin OnlineSubsystemIOS
LogPluginManager: Mounting plugin OnlineSubsystem
LogPluginManager: Mounting plugin OnlineSubsystemNull
LogPluginManager: Mounting plugin OnlineSubsystemUtils
LogPluginManager: Mounting plugin LauncherChunkInstaller
LogPluginManager: Mounting plugin AndroidDeviceProfileSelector
LogPluginManager: Mounting plugin AndroidMoviePlayer
LogPluginManager: Mounting plugin AndroidPermission
LogPluginManager: Mounting plugin AppleMoviePlayer
LogPluginManager: Mounting plugin ArchVisCharacter
LogPluginManager: Mounting plugin AudioCapture
LogPluginManager: Mounting plugin CableComponent
LogPluginManager: Mounting plugin CustomMeshComponent
LogPluginManager: Mounting plugin EditableMesh
LogPluginManager: Mounting plugin ExampleDeviceProfileSelector
LogPluginManager: Mounting plugin GoogleCloudMessaging
LogPluginManager: Mounting plugin ImmediatePhysics
LogPluginManager: Mounting plugin IOSDeviceProfileSelector
LogPluginManager: Mounting plugin LinuxDeviceProfileSelector
LogPluginManager: Mounting plugin LocationServicesBPLibrary
LogPluginManager: Mounting plugin MobilePatchingUtils
LogPluginManager: Mounting plugin OculusVR
LogPluginManager: Plugin shader directory ../../../Engine/Plugins/Runtime/Oculus/OculusVR/Shaders found
LogPluginManager: Mapping shader source directory ../../../Engine/Plugins/Runtime/Oculus/OculusVR/Shaders to virtual directory /Plugin/OculusVR
LogPluginManager: Mounting plugin PhysXVehicles
LogPluginManager: Mounting plugin ProceduralMeshComponent
LogPluginManager: Mounting plugin RuntimePhysXCooking
LogPluginManager: Mounting plugin SteamVR
LogPluginManager: Mounting plugin WindowsMoviePlayer
LogStreaming: Display: Took  0.074s to configure plugins.
LogInit: Using libcurl 7.55.1-DEV
LogInit:  - built for x86_64-pc-win32
LogInit:  - supports SSL with OpenSSL/1.0.2h
LogInit:  - supports HTTP deflate (compression) using libz 1.2.8
LogInit:  - other features:
LogInit:      CURL_VERSION_SSL
LogInit:      CURL_VERSION_LIBZ
LogInit:      CURL_VERSION_IPV6
LogInit:      CURL_VERSION_ASYNCHDNS
LogInit:      CURL_VERSION_LARGEFILE
LogInit:      CURL_VERSION_IDN
LogInit:  CurlRequestOptions (configurable via config and command line):
LogInit:  - bVerifyPeer = false  - Libcurl will NOT verify peer certificate
LogInit:  - bUseHttpProxy = false  - Libcurl will NOT use HTTP proxy
LogInit:  - bDontReuseConnections = false  - Libcurl will reuse connections
LogInit:  - CertBundlePath = nullptr  - Libcurl will use whatever was configured at build time.
LogInit:  - MaxHostConnections = 16  - Libcurl will limit the number of connections to a host
LogInit:  - LocalHostAddr = Default
LogInit:  - BufferSize = 65536
LogInit: WinSock: version 1.1 (2.2), MaxSocks=32767, MaxUdp=65467
LogHMD: Failed initializing OVRPlugin 1.25.0
LogInit: Build: ++UE4+Release-4.20-CL-4233996
LogInit: Engine Version: 4.20.1-4233996+++UE4+Release-4.20
LogInit: Compatible Engine Version: 4.20.0-4212847+++UE4+Release-4.20
LogInit: Net CL: 4212847
LogInit: OS: Windows 10 (), CPU: Intel(R) Core(TM) i7-7700K CPU @ 4.20GHz, GPU: Radeon (TM) RX 480 Graphics
LogInit: Compiled (64-bit): Jul 26 2018 10:07:30
LogInit: Compiled with Visual C++: 19.13.26129.00
LogInit: Build Configuration: Development
LogInit: Branch Name: ++UE4+Release-4.20
LogInit: Command Line: -EpicPortal 
LogInit: Base Directory: X:/Unreal Engine/UE_4.20/Engine/Binaries/Win64/
LogInit: Installed Engine Build: 1
LogDevObjectVersion: Number of dev versions registered: 20
LogDevObjectVersion:   Dev-Blueprints (B0D832E4-1F89-4F0D-ACCF-7EB736FD4AA2): 10
LogDevObjectVersion:   Dev-Build (E1C64328-A22C-4D53-A36C-8E866417BD8C): 0
LogDevObjectVersion:   Dev-Core (375EC13C-06E4-48FB-B500-84F0262A717E): 2
LogDevObjectVersion:   Dev-Editor (E4B068ED-F494-42E9-A231-DA0B2E46BB41): 24
LogDevObjectVersion:   Dev-Framework (CFFC743F-43B0-4480-9391-14DF171D2073): 34
LogDevObjectVersion:   Dev-Mobile (B02B49B5-BB20-44E9-A304-32B752E40360): 2
LogDevObjectVersion:   Dev-Networking (A4E4105C-59A1-49B5-A7C5-40C4547EDFEE): 0
LogDevObjectVersion:   Dev-Online (39C831C9-5AE6-47DC-9A44-9C173E1C8E7C): 0
LogDevObjectVersion:   Dev-Physics (78F01B33-EBEA-4F98-B9B4-84EACCB95AA2): 0
LogDevObjectVersion:   Dev-Platform (6631380F-2D4D-43E0-8009-CF276956A95A): 0
LogDevObjectVersion:   Dev-Rendering (12F88B9F-8875-4AFC-A67C-D90C383ABD29): 26
LogDevObjectVersion:   Dev-Sequencer (7B5AE74C-D270-4C10-A958-57980B212A5A): 9
LogDevObjectVersion:   Dev-VR (D7296918-1DD6-4BDD-9DE2-64A83CC13884): 2
LogDevObjectVersion:   Dev-LoadTimes (C2A15278-BFE7-4AFE-6C17-90FF531DF755): 1
LogDevObjectVersion:   Private-Geometry (6EACA3D4-40EC-4CC1-B786-8BED09428FC5): 3
LogDevObjectVersion:   Dev-AnimPhys (29E575DD-E0A3-4627-9D10-D276232CDCEA): 17
LogDevObjectVersion:   Dev-ReflectionCapture (6B266CEC-1EC7-4B8F-A30B-E4D90942FC07): 1
LogDevObjectVersion:   Dev-Automation (0DF73D61-A23F-47EA-B727-89E90C41499A): 1
LogDevObjectVersion:   FortniteMain (601D1886-AC64-4F84-AA16-D3DE0DEAC7D6): 12
LogDevObjectVersion:   Dev-Enterprise (9DFFBCD6-494F-0158-E221-12823C92A888): 1
LogStreaming: Display: Took  0.001s to delete old logs.
LogInit: Presizing for max 8388607 objects, including 0 objects not considered by GC, pre-allocating 0 bytes for permanent pool.
LogInit: Object subsystem initialized
[2018.08.18-20.28.37:687][  0]LogInit: Selected Device Profile: [Windows]
[2018.08.18-20.28.37:688][  0]LogInit: Applying CVar settings loaded from the selected device profile: [Windows]
[2018.08.18-20.28.37:699][  0]LogHAL: Display: Platform has ~ 32 GB [34209693696 / 34359738368 / 32], which maps to Largest [LargestMinGB=32, LargerMinGB=12, DefaultMinGB=8, SmallerMinGB=6, SmallestMinGB=0)
[2018.08.18-20.28.37:699][  0]LogInit: Setting Device Profile CVar: [[r.Vulkan.UseRealUBs:1]]
[2018.08.18-20.28.37:699][  0]LogInit: Going up to parent DeviceProfile []
[2018.08.18-20.28.37:700][  0]LogInit: Computer: SUPER-BEAST
[2018.08.18-20.28.37:700][  0]LogInit: User: alex
[2018.08.18-20.28.37:700][  0]LogInit: CPU Page size=4096, Cores=4
[2018.08.18-20.28.37:700][  0]LogInit: High frequency timer resolution =4.101562 MHz
[2018.08.18-20.28.37:700][  0]LogMemory: Memory total: Physical=31.9GB (32GB approx)
[2018.08.18-20.28.37:700][  0]LogMemory: Platform Memory Stats for Windows
[2018.08.18-20.28.37:700][  0]LogMemory: Process Physical Memory: 101.62 MB used, 101.62 MB peak
[2018.08.18-20.28.37:700][  0]LogMemory: Process Virtual Memory: 94.07 MB used, 94.07 MB peak
[2018.08.18-20.28.37:700][  0]LogMemory: Physical Memory: 6253.57 MB used,  26371.34 MB free, 32624.91 MB total
[2018.08.18-20.28.37:700][  0]LogMemory: Virtual Memory: 4655.04 MB used,  26371.34 MB free, 134217728.00 MB total
[2018.08.18-20.28.37:707][  0]LogInit: Using OS detected language (en-US).
[2018.08.18-20.28.37:707][  0]LogInit: Using OS detected locale (en-US).
[2018.08.18-20.28.37:708][  0]LogTextLocalizationManager: No specific localization for 'en-US' exists, so the 'en' localization will be used.
[2018.08.18-20.28.37:969][  0]LogStreaming: Display: Took  0.262s to InitEngineTextLocalization.
[2018.08.18-20.28.37:969][  0]LogInit: Setting process to per monitor DPI aware
[2018.08.18-20.28.37:981][  0]LogSlate: New Slate User Created.  User Index 0, Is Virtual User: 0
[2018.08.18-20.28.37:981][  0]LogSlate: Slate User Registered.  User Index 0, Is Virtual User: 0
[2018.08.18-20.28.43:131][  0]LogHMD: Failed to initialize OpenVR with code 308
[2018.08.18-20.28.43:131][  0]LogD3D11RHI: D3D11 adapters:
[2018.08.18-20.28.43:149][  0]LogD3D11RHI:    0. 'Radeon (TM) RX 480 Graphics' (Feature Level 11_0)
[2018.08.18-20.28.43:149][  0]LogD3D11RHI:       8137/0/16312 MB DedicatedVideo/DedicatedSystem/SharedSystem, Outputs:1, VendorId:0x1002
[2018.08.18-20.28.43:156][  0]LogD3D11RHI:    1. 'Intel(R) HD Graphics 630' (Feature Level 11_0)
[2018.08.18-20.28.43:156][  0]LogD3D11RHI:       128/0/16312 MB DedicatedVideo/DedicatedSystem/SharedSystem, Outputs:0, VendorId:0x8086
[2018.08.18-20.28.43:157][  0]LogD3D11RHI:    2. 'Microsoft Basic Render Driver' (Feature Level 11_0)
[2018.08.18-20.28.43:157][  0]LogD3D11RHI:       0/0/16312 MB DedicatedVideo/DedicatedSystem/SharedSystem, Outputs:0, VendorId:0x1414
[2018.08.18-20.28.43:157][  0]LogD3D11RHI: Chosen D3D11 Adapter: 0
[2018.08.18-20.28.43:162][  0]LogD3D11RHI: Creating new Direct3DDevice
[2018.08.18-20.28.43:162][  0]LogD3D11RHI:     GPU DeviceId: 0x67df (for the marketing name, search the web for "GPU Device Id")
[2018.08.18-20.28.43:162][  0]LogWindows: EnumDisplayDevices:
[2018.08.18-20.28.43:162][  0]LogWindows:    0. 'Radeon (TM) RX 480 Graphics' (P:1 D:1)
[2018.08.18-20.28.43:162][  0]LogWindows:    1. 'Radeon (TM) RX 480 Graphics' (P:0 D:0)
[2018.08.18-20.28.43:163][  0]LogWindows:    2. 'Radeon (TM) RX 480 Graphics' (P:0 D:0)
[2018.08.18-20.28.43:163][  0]LogWindows:    3. 'Radeon (TM) RX 480 Graphics' (P:0 D:0)
[2018.08.18-20.28.43:163][  0]LogWindows:    4. 'Radeon (TM) RX 480 Graphics' (P:0 D:0)
[2018.08.18-20.28.43:163][  0]LogWindows:    5. 'Radeon (TM) RX 480 Graphics' (P:0 D:0)
[2018.08.18-20.28.43:163][  0]LogWindows:    6. 'Radeon (TM) RX 480 Graphics' (P:0 D:0)
[2018.08.18-20.28.43:163][  0]LogWindows:    7. 'Intel(R) HD Graphics 630' (P:0 D:0)
[2018.08.18-20.28.43:164][  0]LogWindows:    8. 'Intel(R) HD Graphics 630' (P:0 D:0)
[2018.08.18-20.28.43:164][  0]LogWindows:    9. 'Intel(R) HD Graphics 630' (P:0 D:0)
[2018.08.18-20.28.43:164][  0]LogWindows: DebugString: PrimaryIsNotTheChoosenAdapter PrimaryIsNotTheChoosenAdapter PrimaryIsNotTheChoosenAdapter FoundDriverCount:7 
[2018.08.18-20.28.43:164][  0]LogD3D11RHI:     Adapter Name: Radeon (TM) RX 480 Graphics
[2018.08.18-20.28.43:164][  0]LogD3D11RHI:   Driver Version: Adrenalin 18.8.1 (internal:24.20.13001.1010, unified:24.20.13001.1010)
[2018.08.18-20.28.43:164][  0]LogD3D11RHI:      Driver Date: 8-2-2018
[2018.08.18-20.28.43:164][  0]LogRHI: Texture pool is 5695 MB (70% of 8137 MB)
[2018.08.18-20.28.43:198][  0]LogD3D11RHI: Async texture creation enabled
[2018.08.18-20.28.43:207][  0]LogD3D11RHI: GPU Timing Frequency: 25.000000 (Debug: 2 1)
[2018.08.18-20.28.43:208][  0]LogShaderCompilers: Guid format shader working directory is 10 characters bigger than the processId version (../../../../Projects/AndriodProject/Intermediate/Shaders/WorkingDirectory/11272/).
[2018.08.18-20.28.43:208][  0]LogShaderCompilers: Cleaned the shader compiler working directory 'C:/Users/alex_/AppData/Local/Temp/UnrealShaderWorkingDir/8C8EFE714D50BF2E9ECA9DB8622ABAA5/'.
[2018.08.18-20.28.43:396][  0]LogTemp: Display: Loaded TP AllDesktopTargetPlatform
[2018.08.18-20.28.43:405][  0]LogTemp: Display: Loaded TP MacClientTargetPlatform
[2018.08.18-20.28.43:414][  0]LogTemp: Display: Loaded TP MacNoEditorTargetPlatform
[2018.08.18-20.28.43:423][  0]LogTemp: Display: Loaded TP MacServerTargetPlatform
[2018.08.18-20.28.43:431][  0]LogTemp: Display: Loaded TP MacTargetPlatform
[2018.08.18-20.28.43:440][  0]LogTemp: Display: Loaded TP WindowsClientTargetPlatform
[2018.08.18-20.28.43:449][  0]LogTemp: Display: Loaded TP WindowsNoEditorTargetPlatform
[2018.08.18-20.28.43:459][  0]LogTemp: Display: Loaded TP WindowsServerTargetPlatform
[2018.08.18-20.28.43:463][  0]LogTemp: Display: Loaded TP WindowsTargetPlatform
[2018.08.18-20.28.43:519][  0]LogTemp: Display: Loaded TP AndroidTargetPlatform
[2018.08.18-20.28.43:519][  0]LogTemp: Display: Loaded TP AndroidTargetPlatform
[2018.08.18-20.28.43:519][  0]LogTemp: Display: Loaded TP AndroidTargetPlatform
[2018.08.18-20.28.43:519][  0]LogTemp: Display: Loaded TP AndroidTargetPlatform
[2018.08.18-20.28.43:519][  0]LogTemp: Display: Loaded TP AndroidTargetPlatform
[2018.08.18-20.28.43:519][  0]LogTemp: Display: Loaded TP AndroidTargetPlatform
[2018.08.18-20.28.43:519][  0]LogTemp: Display: Loaded TP AndroidTargetPlatform
[2018.08.18-20.28.43:519][  0]LogTemp: Display: Loaded TP AndroidTargetPlatform
[2018.08.18-20.28.43:519][  0]LogTemp: Display: Loaded TP AndroidTargetPlatform
[2018.08.18-20.28.43:519][  0]LogTemp: Display: Loaded TP AndroidTargetPlatform
[2018.08.18-20.28.43:519][  0]LogTemp: Display: Loaded TP AndroidTargetPlatform
[2018.08.18-20.28.43:519][  0]LogTemp: Display: Loaded TP AndroidTargetPlatform
[2018.08.18-20.28.43:519][  0]LogTemp: Display: Loaded TP AndroidTargetPlatform
[2018.08.18-20.28.43:519][  0]LogTemp: Display: Loaded TP AndroidTargetPlatform
[2018.08.18-20.28.43:519][  0]LogTemp: Display: Loaded TP AndroidTargetPlatform
[2018.08.18-20.28.43:519][  0]LogTemp: Display: Loaded TP AndroidTargetPlatform
[2018.08.18-20.28.43:519][  0]LogTemp: Display: Loaded TP AndroidTargetPlatform
[2018.08.18-20.28.43:519][  0]LogTemp: Display: Loaded TP AndroidTargetPlatform
[2018.08.18-20.28.43:519][  0]LogTemp: Display: Loaded TP HTML5TargetPlatform
[2018.08.18-20.28.43:572][  0]LogTemp: Display: Loaded TP IOSTargetPlatform
[2018.08.18-20.28.43:572][  0]LogTemp: Display: Loaded TP IOSTargetPlatform
[2018.08.18-20.28.43:588][  0]LogTemp: Display: Loaded TP TVOSTargetPlatform
[2018.08.18-20.28.43:588][  0]LogTemp: Display: Loaded TP TVOSTargetPlatform
[2018.08.18-20.28.43:597][  0]LogTemp: Display: Loaded TP LinuxClientTargetPlatform
[2018.08.18-20.28.43:606][  0]LogTemp: Display: Loaded TP LinuxNoEditorTargetPlatform
[2018.08.18-20.28.43:614][  0]LogTemp: Display: Loaded TP LinuxServerTargetPlatform
[2018.08.18-20.28.43:624][  0]LogTemp: Display: Loaded TP LinuxTargetPlatform
[2018.08.18-20.28.43:630][  0]LogTemp: Display: Loaded TP LuminTargetPlatform
[2018.08.18-20.28.43:630][  0]LogTargetPlatformManager: Display: Building Assets For Windows
[2018.08.18-20.28.43:658][  0]LogXGEController: Cannot use XGE Controller as Incredibuild is not installed on this machine.
[2018.08.18-20.28.43:658][  0]LogShaderCompilers: Cannot use XGE Shader Compiler as Incredibuild is not installed on this machine.
[2018.08.18-20.28.43:658][  0]LogShaderCompilers: Display: Using Local Shader Compiler.
[2018.08.18-20.28.44:129][  0]LogDerivedDataCache: Display: Max Cache Size: 512 MB
[2018.08.18-20.28.44:168][  0]LogDerivedDataCache: Loaded boot cache 0.04s 71MB C:/Users/alex_/AppData/Local/UnrealEngine/4.20/DerivedDataCache/Boot.ddc.
[2018.08.18-20.28.44:169][  0]LogDerivedDataCache: Display: Loaded Boot cache: C:/Users/alex_/AppData/Local/UnrealEngine/4.20/DerivedDataCache/Boot.ddc
[2018.08.18-20.28.44:169][  0]LogDerivedDataCache: FDerivedDataBackendGraph:  Pak pak cache file ../../../../Projects/AndriodProject/DerivedDataCache/DDC.ddp not found, will not use a pak cache.
[2018.08.18-20.28.44:169][  0]LogDerivedDataCache: Unable to find inner node Pak for hierarchical cache Hierarchy.
[2018.08.18-20.28.44:169][  0]LogDerivedDataCache: FDerivedDataBackendGraph:  CompressedPak pak cache file ../../../../Projects/AndriodProject/DerivedDataCache/Compressed.ddp not found, will not use a pak cache.
[2018.08.18-20.28.44:169][  0]LogDerivedDataCache: Unable to find inner node CompressedPak for hierarchical cache Hierarchy.
[2018.08.18-20.28.44:179][  0]LogDerivedDataCache: Display: Pak cache opened for reading ../../../Engine/DerivedDataCache/Compressed.ddp.
[2018.08.18-20.28.44:191][  0]LogDerivedDataCache: Using Local data cache path C:/Users/alex_/AppData/Local/UnrealEngine/Common/DerivedDataCache: Writable
[2018.08.18-20.28.44:191][  0]LogDerivedDataCache: Shared data cache path not found in *engine.ini, will not use an Shared cache.
[2018.08.18-20.28.44:191][  0]LogDerivedDataCache: Unable to find inner node Shared for hierarchical cache Hierarchy.
[2018.08.18-20.28.44:203][  0]LogMaterial: Verifying Global Shaders for PCD3D_SM5
[2018.08.18-20.28.44:204][  0]LogSlate: Using FreeType 2.6.0
[2018.08.18-20.28.44:205][  0]LogSlate: SlateFontServices - WITH_FREETYPE: 1, WITH_HARFBUZZ: 1
[2018.08.18-20.28.44:261][  0]LogAssetRegistry: FAssetRegistry took 0.0244 seconds to start up
[2018.08.18-20.28.44:471][  0]LogInit: Selected Device Profile: [Windows]
[2018.08.18-20.28.44:554][  0]LogSimplygon: Simplygon DLL not present - disabling.
[2018.08.18-20.28.44:556][  0]LogMeshReduction: Using SimplygonSwarm for distributed automatic mesh merging
[2018.08.18-20.28.44:556][  0]LogMeshReduction: Using ProxyLODMeshReduction for automatic mesh merging
[2018.08.18-20.28.44:556][  0]LogMeshReduction: Using QuadricMeshReduction for automatic static mesh reduction
[2018.08.18-20.28.44:556][  0]LogMeshReduction: No automatic skeletal mesh reduction module available
[2018.08.18-20.28.44:568][  0]LogNetVersion: AndriodProject 1.0.0, NetCL: 4212847, EngineNetVer: 5, GameNetVer: 0 (Checksum: 2413879159)
[2018.08.18-20.28.44:901][  0]LogPackageLocalizationCache: Processed 11 localized package path(s) for 2 prioritized culture(s) in 0.071178 seconds
[2018.08.18-20.28.44:905][  0]LogUObjectArray: 38425 objects as part of root set at end of initial load.
[2018.08.18-20.28.44:905][  0]LogUObjectAllocator: 6690872 out of 0 bytes used by permanent object pool.
[2018.08.18-20.28.44:905][  0]LogUObjectArray: CloseDisregardForGC: 0/0 objects in disregard for GC pool
[2018.08.18-20.28.45:456][  0]LogTcpMessaging: Initializing TcpMessaging bridge
[2018.08.18-20.28.45:468][  0]LogUdpMessaging: Initializing bridge on interface 0.0.0.0:0 to multicast group 230.0.0.1:6666.
[2018.08.18-20.28.45:578][  0]SourceControl: Source control is disabled
[2018.08.18-20.28.45:578][  0]SourceControl: Source control is disabled
[2018.08.18-20.28.45:579][  0]SourceControl: Source control is disabled
[2018.08.18-20.28.45:580][  0]SourceControl: Source control is disabled
[2018.08.18-20.28.45:711][  0]LogAndroidPermission: UAndroidPermissionCallbackProxy::GetInstance
[2018.08.18-20.28.45:789][  0]LogOcInput: OculusInput pre-init called
[2018.08.18-20.28.45:829][  0]LogEngine: Initializing Engine...
[2018.08.18-20.28.50:874][  0]LogHMD: Failed to initialize OpenVR with code 308
[2018.08.18-20.28.50:875][  0]LogStats: UGameplayTagsManager::ConstructGameplayTagTree: ImportINI prefixes -  0.000 s
[2018.08.18-20.28.50:875][  0]LogStats: UGameplayTagsManager::ConstructGameplayTagTree: Construct from data asset -  0.000 s
[2018.08.18-20.28.50:875][  0]LogStats: UGameplayTagsManager::ConstructGameplayTagTree: ImportINI -  0.000 s
[2018.08.18-20.28.50:875][  0]LogStats: UGameplayTagsManager::ConstructGameplayTagTree: GameplayTagTreeChangedEvent.Broadcast -  0.000 s
[2018.08.18-20.28.51:008][  0]LogInit: Initializing FReadOnlyCVARCache
[2018.08.18-20.28.51:016][  0]LogAIModule: Creating AISystem for world Untitled
[2018.08.18-20.28.51:041][  0]LogInit: XAudio2 using 'Headset Earphone (HyperX Virtual Surround Sound)' : 2 channels at 48 kHz using 16 bits per sample (channel mask 0x3)
[2018.08.18-20.28.51:050][  0]LogInit: FAudioDevice initialized.
[2018.08.18-20.28.51:050][  0]LogNetVersion: Set ProjectVersion to 1.0.0.0. Version Checksum will be recalculated on next use.
[2018.08.18-20.28.51:098][  0]LogDerivedDataCache: Saved boot cache 0.05s 71MB C:/Users/alex_/AppData/Local/UnrealEngine/4.20/DerivedDataCache/Boot.ddc.
[2018.08.18-20.28.51:106][  0]LogInit: Texture streaming: Enabled
[2018.08.18-20.28.51:114][  0]LogEngineSessionManager: EngineSessionManager initialized
[2018.08.18-20.28.51:121][  0]LogInit: Transaction tracking system initialized
[2018.08.18-20.28.51:130][  0]BlueprintLog: New page: Editor Load
[2018.08.18-20.28.51:164][  0]LocalizationService: Localization service is disabled
[2018.08.18-20.28.51:206][  0]LogLinker: Warning: Can't find file '/Game/TopDownBP/TopDownOverview'
[2018.08.18-20.28.51:206][  0]LogLinker: Warning: Can't find file '/Game/TopDownBP/TopDownOverview'
[2018.08.18-20.28.51:206][  0]LogUObjectGlobals: Warning: Failed to find object 'Class /Game/TopDownBP/TopDownOverview.TopDownOverview_C'
[2018.08.18-20.28.51:325][  0]LogCook: Display: Max memory allowance for cook 16384mb min free memory 0mb
[2018.08.18-20.28.51:325][  0]LogCook: Display: Mobile HDR setting 0
[2018.08.18-20.28.51:325][  0]LogGameplayTags: Display: UGameplayTagsManager::DoneAddingNativeTags. DelegateIsBound: 0
[2018.08.18-20.28.51:325][  0]LogStats: UGameplayTagsManager::ConstructGameplayTagTree: ImportINI prefixes -  0.000 s
[2018.08.18-20.28.51:325][  0]LogStats: UGameplayTagsManager::ConstructGameplayTagTree: Construct from data asset -  0.000 s
[2018.08.18-20.28.51:325][  0]LogStats: UGameplayTagsManager::ConstructGameplayTagTree: ImportINI -  0.000 s
[2018.08.18-20.28.51:325][  0]LogStats: UGameplayTagsManager::ConstructGameplayTagTree: GameplayTagTreeChangedEvent.Broadcast -  0.000 s
[2018.08.18-20.28.51:385][  0]LogFileCache: Scanning file cache for directory 'X:/Unreal Engine/Projects/AndriodProject/Content/' took 0.01s
[2018.08.18-20.28.51:385][  0]SourceControl: Source control is disabled
[2018.08.18-20.28.51:386][  0]Cmd: MAP LOAD FILE="../../../../Projects/AndriodProject/Content/ThirdPersonBP/Maps/ThirdPersonExampleMap.umap" TEMPLATE=0 SHOWPROGRESS=1 FEATURELEVEL=3
[2018.08.18-20.28.51:390][  0]LightingResults: New page: Lighting Build
[2018.08.18-20.28.51:391][  0]MapCheck: New page: Map Check
[2018.08.18-20.28.51:391][  0]LightingResults: New page: Lighting Build
[2018.08.18-20.28.51:880][  0]LogAIModule: Creating AISystem for world ThirdPersonExampleMap
[2018.08.18-20.28.51:889][  0]LogEditorServer: Finished looking for orphan Actors (0.000 secs)
[2018.08.18-20.28.51:905][  0]Cmd: MAP CHECKDEP NOCLEARLOG
[2018.08.18-20.28.51:935][  0]MapCheck: Map check complete: 0 Error(s), 0 Warning(s), took 30.289ms to complete.
[2018.08.18-20.28.51:935][  0]LogFileHelpers: Loading map 'ThirdPersonExampleMap' took 0.550
[2018.08.18-20.28.52:022][  0]LogSlate: Updating window title bar state: overlay mode, drag disabled, window buttons hidden, title bar hidden
[2018.08.18-20.28.52:028][  0]LogSlate: Updating window title bar state: overlay mode, drag disabled, window buttons hidden, title bar hidden
[2018.08.18-20.28.52:034][  0]LogSlate: Updating window title bar state: overlay mode, drag disabled, window buttons hidden, title bar hidden
[2018.08.18-20.28.52:039][  0]LogSlate: Updating window title bar state: overlay mode, drag disabled, window buttons hidden, title bar hidden
[2018.08.18-20.28.52:045][  0]LogCollectionManager: Loaded 0 collections in 0.000720 seconds
[2018.08.18-20.28.52:082][  0]LogFileCache: Scanning file cache for directory 'X:/Unreal Engine/Projects/AndriodProject/Saved/Collections/' took 0.01s
[2018.08.18-20.28.52:082][  0]LogFileCache: Scanning file cache for directory 'X:/Unreal Engine/Projects/AndriodProject/Content/Developers/alex/Collections/' took 0.01s
[2018.08.18-20.28.52:082][  0]LogFileCache: Scanning file cache for directory 'X:/Unreal Engine/Projects/AndriodProject/Content/Collections/' took 0.01s
[2018.08.18-20.28.52:082][  0]LogCollectionManager: Rebuilt the GUID cache for 0 collections in 0.000000 seconds
[2018.08.18-20.28.52:089][  0]LogContentBrowser: Native class hierarchy populated in 0.0064 seconds. Added 2572 classes and 603 folders.
[2018.08.18-20.28.52:093][  0]LogContentBrowser: Native class hierarchy updated for 'WidgetCarousel' in 0.0002 seconds. Added 0 classes and 0 folders.
[2018.08.18-20.28.52:339][  0]LogContentBrowser: Native class hierarchy updated for 'AddContentDialog' in 0.0002 seconds. Added 0 classes and 0 folders.
[2018.08.18-20.28.52:356][  0]LogContentBrowser: Native class hierarchy updated for 'SceneOutliner' in 0.0002 seconds. Added 1 classes and 2 folders.
[2018.08.18-20.28.52:410][  0]LogSlate: Took 0.000120 seconds to synchronously load lazily loaded font '../../../Engine/Content/Slate/Fonts/Roboto-Regular.ttf' (155K)
[2018.08.18-20.28.52:411][  0]LogSlate: Took 0.000158 seconds to synchronously load lazily loaded font '../../../Engine/Content/Slate/Fonts/Roboto-Bold.ttf' (160K)
[2018.08.18-20.28.52:419][  0]LogSlate: Took 0.003582 seconds to synchronously load lazily loaded font '../../../Engine/Content/Editor/Slate/Fonts/FontAwesome.ttf' (139K)
[2018.08.18-20.28.52:514][  0]LogRenderer: Reallocating scene render targets to support 892x576 Format 10 NumSamples 1 (Frame:1).
[2018.08.18-20.28.52:615][  0]LogContentBrowser: Native class hierarchy updated for 'HierarchicalLODOutliner' in 0.0002 seconds. Added 0 classes and 0 folders.
[2018.08.18-20.28.52:615][  0]LogLoad: (Engine Initialization) Total time: 16.54 seconds
[2018.08.18-20.28.52:615][  0]LogLoad: (Engine Initialization) Total Blueprint compile time: 0.00 seconds
[2018.08.18-20.28.52:624][  0]LogWindowsTextInputMethodSystem: Display: IME system now deactivated.
[2018.08.18-20.28.52:641][  0]LogAssetRegistry: Asset discovery search completed in 8.4017 seconds
[2018.08.18-20.28.52:642][  0]LogCollectionManager: Rebuilt the object cache for 0 collections in 0.000000 seconds (found 0 objects)
[2018.08.18-20.28.52:642][  0]LogCollectionManager: Fixed up redirectors for 0 collections in 0.000034 seconds (updated 0 objects)
[2018.08.18-20.28.52:643][  0]LogContentStreaming: Texture pool size now 3000 MB
[2018.08.18-20.28.52:686][  0]LogSlate: Took 0.004124 seconds to synchronously load lazily loaded font '../../../Engine/Content/Slate/Fonts/Roboto-Light.ttf' (167K)
[2018.08.18-20.28.53:635][110]LogSlate: Took 0.000162 seconds to synchronously load lazily loaded font '../../../Engine/Content/Slate/Fonts/Roboto-Light.ttf' (167K)
[2018.08.18-20.29.02:195][246]LogSlate: FSceneViewport::OnFocusLost() reason 0
[2018.08.18-20.29.02:480][259]LogAssetEditorManager: Opening Asset editor for Blueprint /Game/MOBA_Minion_AI/Game/MOBA_AI_GAMEMODE.MOBA_AI_GAMEMODE
[2018.08.18-20.29.02:874][259]LogContentBrowser: Native class hierarchy updated for 'BlueprintGraph' in 0.0004 seconds. Added 116 classes and 0 folders.
[2018.08.18-20.29.03:455][259]LogAssetEditorManager: Opening Asset editor for Blueprint /Game/MOBA_Minion_AI/AI/Minion_AI_Pawn.Minion_AI_Pawn
[2018.08.18-20.29.03:661][259]LogAssetEditorManager: Opening Asset editor for BehaviorTree /Game/MOBA_Minion_AI/AI/MinionAI.MinionAI
[2018.08.18-20.29.05:777][503]LogSlate: Took 0.003535 seconds to synchronously load lazily loaded font '../../../Engine/Content/Slate/Fonts/Roboto-BoldCondensed.ttf' (158K)
[2018.08.18-20.29.05:861][504]LogSlate: Took 0.003435 seconds to synchronously load lazily loaded font '../../../Engine/Content/Slate/Fonts/Roboto-Italic.ttf' (157K)
[2018.08.18-20.31.00:465][478]LogSlate: FSceneViewport::OnFocusLost() reason 0
[2018.08.18-20.34.28:176][463]LogSlate: Window 'Change Variable Type' being destroyed
[2018.08.18-20.34.30:854][768]LogSlate: Window 'Find in Blueprints' being destroyed
[2018.08.18-20.34.30:856][768]LogSlate: Window 'Find in Blueprints' being destroyed
[2018.08.18-20.34.53:949][351]LogSlate: Window 'Change Variable Type' being destroyed
[2018.08.18-20.34.55:082][477]LogSlate: Window 'Find in Blueprints' being destroyed
[2018.08.18-20.34.55:084][477]LogSlate: Window 'Find in Blueprints' being destroyed
[2018.08.18-20.41.45:274][438]LogFileHelpers: Editor autosave (incl. sublevels) for '/Game/ThirdPersonBP/Maps/ThirdPersonExampleMap' took 0.025
[2018.08.18-20.41.45:278][438]OBJ SavePackage: Generating thumbnails for [0] asset(s) in package [/Game/MOBA_Minion_AI/Game/MOBA_AI_GAMEMODE] ([1] browsable assets)...
[2018.08.18-20.41.45:278][438]OBJ SavePackage: Finished generating thumbnails for package [/Game/MOBA_Minion_AI/Game/MOBA_AI_GAMEMODE]
[2018.08.18-20.41.45:331][438]LogSavePackage: Moving '../../../../Projects/AndriodProject/Saved/MOBA_AI_GAMEMODE_Auto1863C10D547FF4A25B39958A143BBDC05.tmp' to '../../../../Projects/AndriodProject/Saved/Autosaves/Game/MOBA_Minion_AI/Game/MOBA_AI_GAMEMODE_Auto1.uasset'
[2018.08.18-20.41.45:332][438]LogFileHelpers: Auto-saving content packages took 0.056
[2018.08.18-20.44.53:553][878]BlueprintLog: New page: Compile Minion_AI_Pawn
[2018.08.18-20.44.54:373][958]Cmd: OBJ SAVEPACKAGE PACKAGE="/Game/MOBA_Minion_AI/AI/Minion_AI_Pawn" FILE="../../../../Projects/AndriodProject/Content/MOBA_Minion_AI/AI/Minion_AI_Pawn.uasset" SILENT=true
[2018.08.18-20.44.54:400][958]LogSavePackage: Moving '../../../../Projects/AndriodProject/Saved/Minion_AI_PawnF93AD2CD41D535C6B413EEB0772E2179.tmp' to '../../../../Projects/AndriodProject/Content/MOBA_Minion_AI/AI/Minion_AI_Pawn.uasset'
[2018.08.18-20.45.33:876][732]LogAssetEditorManager: Opening Asset editor for BehaviorTree /Game/MOBA_Minion_AI/AI/MinionAI.MinionAI
[2018.08.18-20.45.49:969][544]LogAssetEditorManager: Opening Asset editor for Blueprint /Game/MOBA_Minion_AI/AI/Services/UpdateTarget.UpdateTarget
[2018.08.18-20.51.22:039][751]BlueprintLog: New page: Compile UpdateTarget
[2018.08.18-20.51.22:944][843]Cmd: OBJ SAVEPACKAGE PACKAGE="/Game/MOBA_Minion_AI/AI/Services/UpdateTarget" FILE="../../../../Projects/AndriodProject/Content/MOBA_Minion_AI/AI/Services/UpdateTarget.uasset" SILENT=true
[2018.08.18-20.51.22:969][843]LogSavePackage: Moving '../../../../Projects/AndriodProject/Saved/UpdateTarget410622124F3310FAD1A88481A6DF521E.tmp' to '../../../../Projects/AndriodProject/Content/MOBA_Minion_AI/AI/Services/UpdateTarget.uasset'
[2018.08.18-20.55.43:881][ 51]LogFileHelpers: Editor autosave (incl. sublevels) for '/Game/ThirdPersonBP/Maps/ThirdPersonExampleMap' took 0.024
[2018.08.18-20.55.43:882][ 51]OBJ SavePackage: Generating thumbnails for [0] asset(s) in package [/Game/MOBA_Minion_AI/Game/MOBA_AI_GAMEMODE] ([1] browsable assets)...
[2018.08.18-20.55.43:882][ 51]OBJ SavePackage: Finished generating thumbnails for package [/Game/MOBA_Minion_AI/Game/MOBA_AI_GAMEMODE]
[2018.08.18-20.55.43:927][ 51]LogSavePackage: Moving '../../../../Projects/AndriodProject/Saved/MOBA_AI_GAMEMODE_Auto24B1D5205425FF71A6694E597CFA854E1.tmp' to '../../../../Projects/AndriodProject/Saved/Autosaves/Game/MOBA_Minion_AI/Game/MOBA_AI_GAMEMODE_Auto2.uasset'
[2018.08.18-20.55.43:929][ 51]LogFileHelpers: Auto-saving content packages took 0.048
[2018.08.18-20.56.56:589][777]BlueprintLog: New page: Compile MOBA_AI_GAMEMODE
[2018.08.18-20.56.57:204][827]Cmd: OBJ SAVEPACKAGE PACKAGE="/Game/MOBA_Minion_AI/Game/MOBA_AI_GAMEMODE" FILE="../../../../Projects/AndriodProject/Content/MOBA_Minion_AI/Game/MOBA_AI_GAMEMODE.uasset" SILENT=true
[2018.08.18-20.56.57:250][827]LogSavePackage: Moving '../../../../Projects/AndriodProject/Saved/MOBA_AI_GAMEMODE34F5B5F5459858118E4EF196E45E19D7.tmp' to '../../../../Projects/AndriodProject/Content/MOBA_Minion_AI/Game/MOBA_AI_GAMEMODE.uasset'
[2018.08.18-20.57.01:213][301]BlueprintLog: New page: Compile Minion_AI_Pawn
[2018.08.18-20.57.01:725][345]Cmd: OBJ SAVEPACKAGE PACKAGE="/Game/MOBA_Minion_AI/AI/Minion_AI_Pawn" FILE="../../../../Projects/AndriodProject/Content/MOBA_Minion_AI/AI/Minion_AI_Pawn.uasset" SILENT=true
[2018.08.18-20.57.01:751][345]LogSavePackage: Moving '../../../../Projects/AndriodProject/Saved/Minion_AI_Pawn54C01A2547759A47DB23B1A911DDEC48.tmp' to '../../../../Projects/AndriodProject/Content/MOBA_Minion_AI/AI/Minion_AI_Pawn.uasset'
[2018.08.18-20.57.03:254][524]BlueprintLog: New page: Compile UpdateTarget
[2018.08.18-20.57.03:775][571]Cmd: OBJ SAVEPACKAGE PACKAGE="/Game/MOBA_Minion_AI/AI/Services/UpdateTarget" FILE="../../../../Projects/AndriodProject/Content/MOBA_Minion_AI/AI/Services/UpdateTarget.uasset" SILENT=true
[2018.08.18-20.57.03:797][571]LogSavePackage: Moving '../../../../Projects/AndriodProject/Saved/UpdateTargetFDDD20C54F5F9CC29F31BBBEE91C5DDF.tmp' to '../../../../Projects/AndriodProject/Content/MOBA_Minion_AI/AI/Services/UpdateTarget.uasset'
[2018.08.18-20.57.19:960][162]LogTemp: Repeating last play command: Selected Viewport
[2018.08.18-20.57.19:976][162]LogBlueprintUserMessages: Early PlayInEditor Detection: Level '/Game/ThirdPersonBP/Maps/ThirdPersonExampleMap.ThirdPersonExampleMap:PersistentLevel' has LevelScriptBlueprint '/Game/ThirdPersonBP/Maps/ThirdPersonExampleMap.ThirdPersonExampleMap:PersistentLevel.ThirdPersonExampleMap' with GeneratedClass '/Game/ThirdPersonBP/Maps/ThirdPersonExampleMap.ThirdPersonExampleMap_C' with ClassGeneratedBy '/Game/ThirdPersonBP/Maps/ThirdPersonExampleMap.ThirdPersonExampleMap:PersistentLevel.ThirdPersonExampleMap'
[2018.08.18-20.57.19:978][162]LogPlayLevel: PlayLevel: No blueprints needed recompiling
[2018.08.18-20.57.19:990][162]PIE: New page: PIE session: ThirdPersonExampleMap (Aug 18, 2018, 12:57:19 PM)
[2018.08.18-20.57.19:990][162]LogPlayLevel: Creating play world package: /Game/ThirdPersonBP/Maps/UEDPIE_0_ThirdPersonExampleMap
[2018.08.18-20.57.20:006][162]LogPlayLevel: PIE: StaticDuplicateObject took: (0.015307s)
[2018.08.18-20.57.20:007][162]LogAIModule: Creating AISystem for world ThirdPersonExampleMap
[2018.08.18-20.57.20:007][162]LogPlayLevel: PIE: World Init took: (0.001051s)
[2018.08.18-20.57.20:007][162]LogPlayLevel: PIE: Created PIE world by copying editor world from /Game/ThirdPersonBP/Maps/ThirdPersonExampleMap.ThirdPersonExampleMap to /Game/ThirdPersonBP/Maps/UEDPIE_0_ThirdPersonExampleMap.ThirdPersonExampleMap (0.016569s)
[2018.08.18-20.57.20:042][162]LogInit: XAudio2 using 'Headset Earphone (HyperX Virtual Surround Sound)' : 2 channels at 48 kHz using 16 bits per sample (channel mask 0x3)
[2018.08.18-20.57.20:048][162]LogInit: FAudioDevice initialized.
[2018.08.18-20.57.20:088][162]LogLoad: Game class is 'MOBA_AI_GAMEMODE_C'
[2018.08.18-20.57.20:089][162]LogWorld: Bringing World /Game/ThirdPersonBP/Maps/UEDPIE_0_ThirdPersonExampleMap.ThirdPersonExampleMap up for play (max tick rate 0) at 2018.08.18-16.57.20
[2018.08.18-20.57.20:090][162]LogWorld: Bringing up level for play took: 0.001012
[2018.08.18-20.57.20:106][162]LogContentBrowser: Native class hierarchy updated for 'MovieSceneCapture' in 0.0002 seconds. Added 10 classes and 0 folders.
[2018.08.18-20.57.20:107][162]LogScript: Warning: Script Msg: Attempted to access index 2 from array 'WaypointCounts' of length 2 in '/Game/MOBA_Minion_AI/Game/MOBA_AI_GAMEMODE.MOBA_AI_GAMEMODE_C'!
[2018.08.18-20.57.20:107][162]LogScript: Warning: Script Msg: Attempted to access index 2 from array 'WaypointCounts' of length 2 in '/Game/MOBA_Minion_AI/Game/MOBA_AI_GAMEMODE.MOBA_AI_GAMEMODE_C'!
[2018.08.18-20.57.20:107][162]LogScript: Warning: Script Msg: Attempted to set an invalid index on array WaypointCounts [2/1]!
[2018.08.18-20.57.20:107][162]LogScript: Warning: Script Msg: Attempted to access index 2 from array 'WaypointCounts' of length 2 in '/Game/MOBA_Minion_AI/Game/MOBA_AI_GAMEMODE.MOBA_AI_GAMEMODE_C'!
[2018.08.18-20.57.20:107][162]LogScript: Warning: Script Msg: Attempted to access index 2 from array 'WaypointCounts' of length 2 in '/Game/MOBA_Minion_AI/Game/MOBA_AI_GAMEMODE.MOBA_AI_GAMEMODE_C'!
[2018.08.18-20.57.20:107][162]LogScript: Warning: Script Msg: Attempted to set an invalid index on array WaypointCounts [2/1]!
[2018.08.18-20.57.20:107][162]LogScript: Warning: Script Msg: Attempted to access index 2 from array 'WaypointCounts' of length 2 in '/Game/MOBA_Minion_AI/Game/MOBA_AI_GAMEMODE.MOBA_AI_GAMEMODE_C'!
[2018.08.18-20.57.20:107][162]LogScript: Warning: Script Msg: Attempted to access index 2 from array 'WaypointCounts' of length 2 in '/Game/MOBA_Minion_AI/Game/MOBA_AI_GAMEMODE.MOBA_AI_GAMEMODE_C'!
[2018.08.18-20.57.20:107][162]LogScript: Warning: Script Msg: Attempted to set an invalid index on array WaypointCounts [2/1]!
[2018.08.18-20.57.20:107][162]LogScript: Warning: Script Msg: Attempted to access index 2 from array 'WaypointCounts' of length 2 in '/Game/MOBA_Minion_AI/Game/MOBA_AI_GAMEMODE.MOBA_AI_GAMEMODE_C'!
[2018.08.18-20.57.20:107][162]LogScript: Warning: Script Msg: Attempted to access index 2 from array 'WaypointCounts' of length 2 in '/Game/MOBA_Minion_AI/Game/MOBA_AI_GAMEMODE.MOBA_AI_GAMEMODE_C'!
[2018.08.18-20.57.20:107][162]LogScript: Warning: Script Msg: Attempted to set an invalid index on array WaypointCounts [2/1]!
[2018.08.18-20.57.20:107][162]LogScript: Warning: Script Msg: Attempted to access index 2 from array 'WaypointCounts' of length 2 in '/Game/MOBA_Minion_AI/Game/MOBA_AI_GAMEMODE.MOBA_AI_GAMEMODE_C'!
[2018.08.18-20.57.20:107][162]LogScript: Warning: Script Msg: Attempted to access index 2 from array 'WaypointCounts' of length 2 in '/Game/MOBA_Minion_AI/Game/MOBA_AI_GAMEMODE.MOBA_AI_GAMEMODE_C'!
[2018.08.18-20.57.20:107][162]LogScript: Warning: Script Msg: Attempted to set an invalid index on array WaypointCounts [2/1]!
[2018.08.18-20.57.20:107][162]LogScript: Warning: Script Msg: Attempted to access index 2 from array 'WaypointCounts' of length 2 in '/Game/MOBA_Minion_AI/Game/MOBA_AI_GAMEMODE.MOBA_AI_GAMEMODE_C'!
[2018.08.18-20.57.20:107][162]LogScript: Warning: Script Msg: Attempted to set an invalid index on array Team2Lane2 [-1/0]!
[2018.08.18-20.57.20:107][162]LogScript: Warning: Script Msg: Attempted to access index 2 from array 'WaypointCounts' of length 2 in '/Game/MOBA_Minion_AI/Game/MOBA_AI_GAMEMODE.MOBA_AI_GAMEMODE_C'!
[2018.08.18-20.57.20:107][162]LogScript: Warning: Script Msg: Attempted to set an invalid index on array Team2Lane2 [-2/0]!
[2018.08.18-20.57.20:107][162]LogScript: Warning: Script Msg: Attempted to access index 2 from array 'WaypointCounts' of length 2 in '/Game/MOBA_Minion_AI/Game/MOBA_AI_GAMEMODE.MOBA_AI_GAMEMODE_C'!
[2018.08.18-20.57.20:107][162]LogScript: Warning: Script Msg: Attempted to set an invalid index on array Team2Lane2 [-3/0]!
[2018.08.18-20.57.20:107][162]LogScript: Warning: Script Msg: Attempted to access index 2 from array 'WaypointCounts' of length 2 in '/Game/MOBA_Minion_AI/Game/MOBA_AI_GAMEMODE.MOBA_AI_GAMEMODE_C'!
[2018.08.18-20.57.20:107][162]LogScript: Warning: Script Msg: Attempted to set an invalid index on array Team2Lane2 [-4/0]!
[2018.08.18-20.57.20:107][162]LogScript: Warning: Script Msg: Attempted to access index 2 from array 'WaypointCounts' of length 2 in '/Game/MOBA_Minion_AI/Game/MOBA_AI_GAMEMODE.MOBA_AI_GAMEMODE_C'!
[2018.08.18-20.57.20:107][162]LogScript: Warning: Script Msg: Attempted to set an invalid index on array Team2Lane2 [-5/0]!
[2018.08.18-20.57.20:107][162]PIE: Play in editor start time for /Game/ThirdPersonBP/Maps/UEDPIE_0_ThirdPersonExampleMap 0.107
[2018.08.18-20.57.20:107][162]LogBlueprintUserMessages: Late PlayInEditor Detection: Level '/Game/ThirdPersonBP/Maps/ThirdPersonExampleMap.ThirdPersonExampleMap:PersistentLevel' has LevelScriptBlueprint '/Game/ThirdPersonBP/Maps/ThirdPersonExampleMap.ThirdPersonExampleMap:PersistentLevel.ThirdPersonExampleMap' with GeneratedClass '/Game/ThirdPersonBP/Maps/ThirdPersonExampleMap.ThirdPersonExampleMap_C' with ClassGeneratedBy '/Game/ThirdPersonBP/Maps/ThirdPersonExampleMap.ThirdPersonExampleMap:PersistentLevel.ThirdPersonExampleMap'
[2018.08.18-20.57.47:573][328]LogBlueprintUserMessages: Early EndPlayMap Detection: Level '/Game/ThirdPersonBP/Maps/ThirdPersonExampleMap.ThirdPersonExampleMap:PersistentLevel' has LevelScriptBlueprint '/Game/ThirdPersonBP/Maps/ThirdPersonExampleMap.ThirdPersonExampleMap:PersistentLevel.ThirdPersonExampleMap' with GeneratedClass '/Game/ThirdPersonBP/Maps/ThirdPersonExampleMap.ThirdPersonExampleMap_C' with ClassGeneratedBy '/Game/ThirdPersonBP/Maps/ThirdPersonExampleMap.ThirdPersonExampleMap:PersistentLevel.ThirdPersonExampleMap'
[2018.08.18-20.57.47:576][328]LogSlate: Updating window title bar state: overlay mode, drag disabled, window buttons hidden, title bar hidden
[2018.08.18-20.57.47:612][328]LogPlayLevel: Display: Shutting down PIE online subsystems
[2018.08.18-20.57.47:612][328]LogBlueprintUserMessages: Late EndPlayMap Detection: Level '/Game/ThirdPersonBP/Maps/ThirdPersonExampleMap.ThirdPersonExampleMap:PersistentLevel' has LevelScriptBlueprint '/Game/ThirdPersonBP/Maps/ThirdPersonExampleMap.ThirdPersonExampleMap:PersistentLevel.ThirdPersonExampleMap' with GeneratedClass '/Game/ThirdPersonBP/Maps/ThirdPersonExampleMap.ThirdPersonExampleMap_C' with ClassGeneratedBy '/Game/ThirdPersonBP/Maps/ThirdPersonExampleMap.ThirdPersonExampleMap:PersistentLevel.ThirdPersonExampleMap'
[2018.08.18-20.57.47:638][328]LogSlate: Updating window title bar state: overlay mode, drag disabled, window buttons hidden, title bar hidden
[2018.08.18-20.57.47:679][330]LogPlayLevel: Display: Destroying online subsystem :Context_4
[2018.08.18-20.57.48:805][465]LogEditorViewport: Clicking on Actor (context menu): StaticMeshActor (Floor)
[2018.08.18-20.57.48:850][465]LogSlate: FSceneViewport::OnFocusLost() reason 2
[2018.08.18-20.57.49:689][560]LogEditorViewport: Clicking on Actor (LMB): StaticMeshActor (Floor)
[2018.08.18-20.58.08:803][847]LogSlate: FSceneViewport::OnFocusLost() reason 0
[2018.08.18-21.01.18:133][ 71]Cmd: OBJ SAVEPACKAGE PACKAGE="/Game/MOBA_Minion_AI/AI/Services/UpdateTarget" FILE="../../../../Projects/AndriodProject/Content/MOBA_Minion_AI/AI/Services/UpdateTarget.uasset" SILENT=true
[2018.08.18-21.01.18:152][ 71]LogSavePackage: Moving '../../../../Projects/AndriodProject/Saved/UpdateTargetC1986D9F4C1934C5A9DB95AB2CF1B122.tmp' to '../../../../Projects/AndriodProject/Content/MOBA_Minion_AI/AI/Services/UpdateTarget.uasset'
[2018.08.18-21.01.57:890][346]LogSlate: FSceneViewport::OnFocusLost() reason 0
[2018.08.18-21.07.32:156][218]LogFileHelpers: Editor autosave (incl. sublevels) for '/Game/ThirdPersonBP/Maps/ThirdPersonExampleMap' took 0.024
[2018.08.18-21.07.32:157][218]OBJ SavePackage: Generating thumbnails for [0] asset(s) in package [/Game/MOBA_Minion_AI/Game/MOBA_AI_GAMEMODE] ([1] browsable assets)...
[2018.08.18-21.07.32:157][218]OBJ SavePackage: Finished generating thumbnails for package [/Game/MOBA_Minion_AI/Game/MOBA_AI_GAMEMODE]
[2018.08.18-21.07.32:209][218]LogSavePackage: Moving '../../../../Projects/AndriodProject/Saved/MOBA_AI_GAMEMODE_Auto3E939A32E47DE331B2FD0919C1AC0617B.tmp' to '../../../../Projects/AndriodProject/Saved/Autosaves/Game/MOBA_Minion_AI/Game/MOBA_AI_GAMEMODE_Auto3.uasset'
[2018.08.18-21.07.32:210][218]OBJ SavePackage: Generating thumbnails for [0] asset(s) in package [/Game/MOBA_Minion_AI/AI/Minion_AI_Pawn] ([1] browsable assets)...
[2018.08.18-21.07.32:210][218]OBJ SavePackage: Finished generating thumbnails for package [/Game/MOBA_Minion_AI/AI/Minion_AI_Pawn]
[2018.08.18-21.07.32:234][218]LogSavePackage: Moving '../../../../Projects/AndriodProject/Saved/Minion_AI_Pawn_Auto3E3D919EE4CC0B105BD2B07943A837C4A.tmp' to '../../../../Projects/AndriodProject/Saved/Autosaves/Game/MOBA_Minion_AI/AI/Minion_AI_Pawn_Auto3.uasset'
[2018.08.18-21.07.32:235][218]LogFileHelpers: Auto-saving content packages took 0.077
[2018.08.18-21.09.33:171][570]BlueprintLog: New page: Compile MOBA_AI_GAMEMODE
[2018.08.18-21.09.33:863][629]Cmd: OBJ SAVEPACKAGE PACKAGE="/Game/MOBA_Minion_AI/Game/MOBA_AI_GAMEMODE" FILE="../../../../Projects/AndriodProject/Content/MOBA_Minion_AI/Game/MOBA_AI_GAMEMODE.uasset" SILENT=true
[2018.08.18-21.09.33:909][629]LogSavePackage: Moving '../../../../Projects/AndriodProject/Saved/MOBA_AI_GAMEMODE5E54D3A245B9803864697399525A914A.tmp' to '../../../../Projects/AndriodProject/Content/MOBA_Minion_AI/Game/MOBA_AI_GAMEMODE.uasset'
[2018.08.18-21.09.45:663][956]LogSlate: FSceneViewport::OnFocusLost() reason 0
[2018.08.18-21.09.45:771][968]Cmd: OBJ SAVEPACKAGE PACKAGE="/Game/MOBA_Minion_AI/Game/MOBA_AI_GAMEMODE" FILE="../../../../Projects/AndriodProject/Content/MOBA_Minion_AI/Game/MOBA_AI_GAMEMODE.uasset" SILENT=true
[2018.08.18-21.09.45:815][968]LogSavePackage: Moving '../../../../Projects/AndriodProject/Saved/MOBA_AI_GAMEMODEC18D984E4B17D68FAC201BA2C0D8AEFC.tmp' to '../../../../Projects/AndriodProject/Content/MOBA_Minion_AI/Game/MOBA_AI_GAMEMODE.uasset'
[2018.08.18-21.09.49:137][363]LogSlate: FSceneViewport::OnFocusLost() reason 2
[2018.08.18-21.09.51:181][586]LogTemp: Repeating last play command: Selected Viewport
[2018.08.18-21.09.51:198][586]LogBlueprintUserMessages: Early PlayInEditor Detection: Level '/Game/ThirdPersonBP/Maps/ThirdPersonExampleMap.ThirdPersonExampleMap:PersistentLevel' has LevelScriptBlueprint '/Game/ThirdPersonBP/Maps/ThirdPersonExampleMap.ThirdPersonExampleMap:PersistentLevel.ThirdPersonExampleMap' with GeneratedClass '/Game/ThirdPersonBP/Maps/ThirdPersonExampleMap.ThirdPersonExampleMap_C' with ClassGeneratedBy '/Game/ThirdPersonBP/Maps/ThirdPersonExampleMap.ThirdPersonExampleMap:PersistentLevel.ThirdPersonExampleMap'
[2018.08.18-21.09.51:200][586]LogPlayLevel: PlayLevel: No blueprints needed recompiling
[2018.08.18-21.09.51:200][586]PIE: New page: PIE session: ThirdPersonExampleMap (Aug 18, 2018, 1:09:51 PM)
[2018.08.18-21.09.51:201][586]LogPlayLevel: Creating play world package: /Game/ThirdPersonBP/Maps/UEDPIE_0_ThirdPersonExampleMap
[2018.08.18-21.09.51:211][586]LogPlayLevel: PIE: StaticDuplicateObject took: (0.010283s)
[2018.08.18-21.09.51:212][586]LogAIModule: Creating AISystem for world ThirdPersonExampleMap
[2018.08.18-21.09.51:212][586]LogPlayLevel: PIE: World Init took: (0.001175s)
[2018.08.18-21.09.51:212][586]LogPlayLevel: PIE: Created PIE world by copying editor world from /Game/ThirdPersonBP/Maps/ThirdPersonExampleMap.ThirdPersonExampleMap to /Game/ThirdPersonBP/Maps/UEDPIE_0_ThirdPersonExampleMap.ThirdPersonExampleMap (0.011571s)
[2018.08.18-21.09.51:248][586]LogInit: XAudio2 using 'Headset Earphone (HyperX Virtual Surround Sound)' : 2 channels at 48 kHz using 16 bits per sample (channel mask 0x3)
[2018.08.18-21.09.51:255][586]LogInit: FAudioDevice initialized.
[2018.08.18-21.09.51:255][586]LogSlate: FSceneViewport::OnFocusLost() reason 2
[2018.08.18-21.09.51:282][586]LogLoad: Game class is 'MOBA_AI_GAMEMODE_C'
[2018.08.18-21.09.51:283][586]LogWorld: Bringing World /Game/ThirdPersonBP/Maps/UEDPIE_0_ThirdPersonExampleMap.ThirdPersonExampleMap up for play (max tick rate 0) at 2018.08.18-17.09.51
[2018.08.18-21.09.51:283][586]LogWorld: Bringing up level for play took: 0.000876
[2018.08.18-21.09.51:295][586]LogScript: Warning: Script Msg: Attempted to set an invalid index on array Team2Lane0 [-1/0]!
[2018.08.18-21.09.51:295][586]LogScript: Warning: Script Msg: Attempted to set an invalid index on array Team2Lane0 [-2/0]!
[2018.08.18-21.09.51:295][586]LogScript: Warning: Script Msg: Attempted to set an invalid index on array Team2Lane0 [-3/0]!
[2018.08.18-21.09.51:295][586]LogScript: Warning: Script Msg: Attempted to set an invalid index on array Team2Lane0 [-4/0]!
[2018.08.18-21.09.51:295][586]LogScript: Warning: Script Msg: Attempted to set an invalid index on array Team2Lane0 [-5/0]!
[2018.08.18-21.09.51:295][586]LogScript: Warning: Script Msg: Attempted to set an invalid index on array Team2Lane1 [-1/0]!
[2018.08.18-21.09.51:296][586]LogScript: Warning: Script Msg: Attempted to set an invalid index on array Team2Lane1 [-2/0]!
[2018.08.18-21.09.51:296][586]LogScript: Warning: Script Msg: Attempted to set an invalid index on array Team2Lane1 [-3/0]!
[2018.08.18-21.09.51:296][586]LogScript: Warning: Script Msg: Attempted to set an invalid index on array Team2Lane1 [-4/0]!
[2018.08.18-21.09.51:296][586]LogScript: Warning: Script Msg: Attempted to set an invalid index on array Team2Lane1 [-5/0]!
[2018.08.18-21.09.51:296][586]LogScript: Warning: Script Msg: Attempted to access index 2 from array 'WaypointCounts' of length 2 in '/Game/MOBA_Minion_AI/Game/MOBA_AI_GAMEMODE.MOBA_AI_GAMEMODE_C'!
[2018.08.18-21.09.51:296][586]LogScript: Warning: Script Msg: Attempted to set an invalid index on array Team2Lane2 [-1/0]!
[2018.08.18-21.09.51:296][586]LogScript: Warning: Script Msg: Attempted to access index 2 from array 'WaypointCounts' of length 2 in '/Game/MOBA_Minion_AI/Game/MOBA_AI_GAMEMODE.MOBA_AI_GAMEMODE_C'!
[2018.08.18-21.09.51:296][586]LogScript: Warning: Script Msg: Attempted to set an invalid index on array Team2Lane2 [-2/0]!
[2018.08.18-21.09.51:296][586]LogScript: Warning: Script Msg: Attempted to access index 2 from array 'WaypointCounts' of length 2 in '/Game/MOBA_Minion_AI/Game/MOBA_AI_GAMEMODE.MOBA_AI_GAMEMODE_C'!
[2018.08.18-21.09.51:296][586]LogScript: Warning: Script Msg: Attempted to set an invalid index on array Team2Lane2 [-3/0]!
[2018.08.18-21.09.51:296][586]LogScript: Warning: Script Msg: Attempted to access index 2 from array 'WaypointCounts' of length 2 in '/Game/MOBA_Minion_AI/Game/MOBA_AI_GAMEMODE.MOBA_AI_GAMEMODE_C'!
[2018.08.18-21.09.51:296][586]LogScript: Warning: Script Msg: Attempted to set an invalid index on array Team2Lane2 [-4/0]!
[2018.08.18-21.09.51:296][586]LogScript: Warning: Script Msg: Attempted to access index 2 from array 'WaypointCounts' of length 2 in '/Game/MOBA_Minion_AI/Game/MOBA_AI_GAMEMODE.MOBA_AI_GAMEMODE_C'!
[2018.08.18-21.09.51:296][586]LogScript: Warning: Script Msg: Attempted to set an invalid index on array Team2Lane2 [-5/0]!
[2018.08.18-21.09.51:296][586]PIE: Play in editor start time for /Game/ThirdPersonBP/Maps/UEDPIE_0_ThirdPersonExampleMap -0.704
[2018.08.18-21.09.51:296][586]LogBlueprintUserMessages: Late PlayInEditor Detection: Level '/Game/ThirdPersonBP/Maps/ThirdPersonExampleMap.ThirdPersonExampleMap:PersistentLevel' has LevelScriptBlueprint '/Game/ThirdPersonBP/Maps/ThirdPersonExampleMap.ThirdPersonExampleMap:PersistentLevel.ThirdPersonExampleMap' with GeneratedClass '/Game/ThirdPersonBP/Maps/ThirdPersonExampleMap.ThirdPersonExampleMap_C' with ClassGeneratedBy '/Game/ThirdPersonBP/Maps/ThirdPersonExampleMap.ThirdPersonExampleMap:PersistentLevel.ThirdPersonExampleMap'
[2018.08.18-21.10.00:564][695]LogBlueprintUserMessages: Early EndPlayMap Detection: Level '/Game/ThirdPersonBP/Maps/ThirdPersonExampleMap.ThirdPersonExampleMap:PersistentLevel' has LevelScriptBlueprint '/Game/ThirdPersonBP/Maps/ThirdPersonExampleMap.ThirdPersonExampleMap:PersistentLevel.ThirdPersonExampleMap' with GeneratedClass '/Game/ThirdPersonBP/Maps/ThirdPersonExampleMap.ThirdPersonExampleMap_C' with ClassGeneratedBy '/Game/ThirdPersonBP/Maps/ThirdPersonExampleMap.ThirdPersonExampleMap:PersistentLevel.ThirdPersonExampleMap'
[2018.08.18-21.10.00:566][695]LogSlate: Updating window title bar state: overlay mode, drag disabled, window buttons hidden, title bar hidden
[2018.08.18-21.10.00:600][695]LogPlayLevel: Display: Shutting down PIE online subsystems
[2018.08.18-21.10.00:600][695]LogBlueprintUserMessages: Late EndPlayMap Detection: Level '/Game/ThirdPersonBP/Maps/ThirdPersonExampleMap.ThirdPersonExampleMap:PersistentLevel' has LevelScriptBlueprint '/Game/ThirdPersonBP/Maps/ThirdPersonExampleMap.ThirdPersonExampleMap:PersistentLevel.ThirdPersonExampleMap' with GeneratedClass '/Game/ThirdPersonBP/Maps/ThirdPersonExampleMap.ThirdPersonExampleMap_C' with ClassGeneratedBy '/Game/ThirdPersonBP/Maps/ThirdPersonExampleMap.ThirdPersonExampleMap:PersistentLevel.ThirdPersonExampleMap'
[2018.08.18-21.10.00:627][695]LogSlate: Updating window title bar state: overlay mode, drag disabled, window buttons hidden, title bar hidden
[2018.08.18-21.10.00:667][698]LogPlayLevel: Display: Destroying online subsystem :Context_7
[2018.08.18-21.10.02:871][961]LogSlate: FSceneViewport::OnFocusLost() reason 2
[2018.08.18-21.10.16:540][581]Cmd: OBJ SAVEPACKAGE PACKAGE="/Game/MOBA_Minion_AI/Game/MOBA_AI_GAMEMODE" FILE="../../../../Projects/AndriodProject/Content/MOBA_Minion_AI/Game/MOBA_AI_GAMEMODE.uasset" SILENT=true
[2018.08.18-21.10.16:585][581]LogSavePackage: Moving '../../../../Projects/AndriodProject/Saved/MOBA_AI_GAMEMODE6ED9F38E495255D449027AB3DC1773C8.tmp' to '../../../../Projects/AndriodProject/Content/MOBA_Minion_AI/Game/MOBA_AI_GAMEMODE.uasset'
[2018.08.18-21.10.19:453][923]LogSlate: FSceneViewport::OnFocusLost() reason 0
[2018.08.18-21.10.22:208][248]Cmd: OBJ SAVEPACKAGE PACKAGE="/Game/MOBA_Minion_AI/Game/MOBA_AI_GAMEMODE" FILE="../../../../Projects/AndriodProject/Content/MOBA_Minion_AI/Game/MOBA_AI_GAMEMODE.uasset" SILENT=true
[2018.08.18-21.10.22:254][248]LogSavePackage: Moving '../../../../Projects/AndriodProject/Saved/MOBA_AI_GAMEMODEF173771449C41007BA75DBB67CE202FA.tmp' to '../../../../Projects/AndriodProject/Content/MOBA_Minion_AI/Game/MOBA_AI_GAMEMODE.uasset'
[2018.08.18-21.10.22:842][318]LogSlate: FSceneViewport::OnFocusLost() reason 0
[2018.08.18-21.10.22:933][329]BlueprintLog: New page: Compile MOBA_AI_GAMEMODE
[2018.08.18-21.11.34:747][ 30]BlueprintLog: New page: Compile MOBA_AI_GAMEMODE
[2018.08.18-21.11.35:699][120]Cmd: OBJ SAVEPACKAGE PACKAGE="/Game/MOBA_Minion_AI/Game/MOBA_AI_GAMEMODE" FILE="../../../../Projects/AndriodProject/Content/MOBA_Minion_AI/Game/MOBA_AI_GAMEMODE.uasset" SILENT=true
[2018.08.18-21.11.35:743][120]LogSavePackage: Moving '../../../../Projects/AndriodProject/Saved/MOBA_AI_GAMEMODEC09A707F470EAE6E4C98CF8F246F929E.tmp' to '../../../../Projects/AndriodProject/Content/MOBA_Minion_AI/Game/MOBA_AI_GAMEMODE.uasset'
[2018.08.18-21.18.16:135][633]LogFileHelpers: Editor autosave (incl. sublevels) for '/Game/ThirdPersonBP/Maps/ThirdPersonExampleMap' took 0.025
[2018.08.18-21.18.16:136][633]OBJ SavePackage: Generating thumbnails for [0] asset(s) in package [/Game/MOBA_Minion_AI/Game/MOBA_AI_GAMEMODE] ([1] browsable assets)...
[2018.08.18-21.18.16:136][633]OBJ SavePackage: Finished generating thumbnails for package [/Game/MOBA_Minion_AI/Game/MOBA_AI_GAMEMODE]
[2018.08.18-21.18.16:186][633]LogSavePackage: Moving '../../../../Projects/AndriodProject/Saved/MOBA_AI_GAMEMODE_Auto41862E2014768318669AA479BBDDEB108.tmp' to '../../../../Projects/AndriodProject/Saved/Autosaves/Game/MOBA_Minion_AI/Game/MOBA_AI_GAMEMODE_Auto4.uasset'
[2018.08.18-21.18.16:187][633]LogFileHelpers: Auto-saving content packages took 0.051
[2018.08.18-21.20.08:264][ 13]BlueprintLog: New page: Compile MOBA_AI_GAMEMODE
[2018.08.18-21.20.08:843][ 59]Cmd: OBJ SAVEPACKAGE PACKAGE="/Game/MOBA_Minion_AI/Game/MOBA_AI_GAMEMODE" FILE="../../../../Projects/AndriodProject/Content/MOBA_Minion_AI/Game/MOBA_AI_GAMEMODE.uasset" SILENT=true
[2018.08.18-21.20.08:890][ 59]LogSavePackage: Moving '../../../../Projects/AndriodProject/Saved/MOBA_AI_GAMEMODE47E9D42C4F9EBCB7C8B7D282A2B214DC.tmp' to '../../../../Projects/AndriodProject/Content/MOBA_Minion_AI/Game/MOBA_AI_GAMEMODE.uasset'
[2018.08.18-21.20.25:224][767]BlueprintLog: New page: Compile Minion_AI_Pawn
[2018.08.18-21.20.25:873][827]Cmd: OBJ SAVEPACKAGE PACKAGE="/Game/MOBA_Minion_AI/AI/Minion_AI_Pawn" FILE="../../../../Projects/AndriodProject/Content/MOBA_Minion_AI/AI/Minion_AI_Pawn.uasset" SILENT=true
[2018.08.18-21.20.25:898][827]LogSavePackage: Moving '../../../../Projects/AndriodProject/Saved/Minion_AI_PawnA0D6CAA6422FA987E536E78A14B3AAEE.tmp' to '../../../../Projects/AndriodProject/Content/MOBA_Minion_AI/AI/Minion_AI_Pawn.uasset'
[2018.08.18-21.20.31:417][484]LogTemp: Repeating last play command: Selected Viewport
[2018.08.18-21.20.31:434][484]LogBlueprintUserMessages: Early PlayInEditor Detection: Level '/Game/ThirdPersonBP/Maps/ThirdPersonExampleMap.ThirdPersonExampleMap:PersistentLevel' has LevelScriptBlueprint '/Game/ThirdPersonBP/Maps/ThirdPersonExampleMap.ThirdPersonExampleMap:PersistentLevel.ThirdPersonExampleMap' with GeneratedClass '/Game/ThirdPersonBP/Maps/ThirdPersonExampleMap.ThirdPersonExampleMap_C' with ClassGeneratedBy '/Game/ThirdPersonBP/Maps/ThirdPersonExampleMap.ThirdPersonExampleMap:PersistentLevel.ThirdPersonExampleMap'
[2018.08.18-21.20.31:436][484]LogPlayLevel: PlayLevel: No blueprints needed recompiling
[2018.08.18-21.20.31:436][484]PIE: New page: PIE session: ThirdPersonExampleMap (Aug 18, 2018, 1:20:31 PM)
[2018.08.18-21.20.31:436][484]LogPlayLevel: Creating play world package: /Game/ThirdPersonBP/Maps/UEDPIE_0_ThirdPersonExampleMap
[2018.08.18-21.20.31:447][484]LogPlayLevel: PIE: StaticDuplicateObject took: (0.010600s)
[2018.08.18-21.20.31:448][484]LogAIModule: Creating AISystem for world ThirdPersonExampleMap
[2018.08.18-21.20.31:448][484]LogPlayLevel: PIE: World Init took: (0.001032s)
[2018.08.18-21.20.31:448][484]LogPlayLevel: PIE: Created PIE world by copying editor world from /Game/ThirdPersonBP/Maps/ThirdPersonExampleMap.ThirdPersonExampleMap to /Game/ThirdPersonBP/Maps/UEDPIE_0_ThirdPersonExampleMap.ThirdPersonExampleMap (0.011756s)
[2018.08.18-21.20.31:484][484]LogInit: XAudio2 using 'Headset Earphone (HyperX Virtual Surround Sound)' : 2 channels at 48 kHz using 16 bits per sample (channel mask 0x3)
[2018.08.18-21.20.31:490][484]LogInit: FAudioDevice initialized.
[2018.08.18-21.20.31:522][484]LogLoad: Game class is 'MOBA_AI_GAMEMODE_C'
[2018.08.18-21.20.31:523][484]LogWorld: Bringing World /Game/ThirdPersonBP/Maps/UEDPIE_0_ThirdPersonExampleMap.ThirdPersonExampleMap up for play (max tick rate 0) at 2018.08.18-17.20.31
[2018.08.18-21.20.31:523][484]LogWorld: Bringing up level for play took: 0.000952
[2018.08.18-21.20.31:536][484]PIE: Play in editor start time for /Game/ThirdPersonBP/Maps/UEDPIE_0_ThirdPersonExampleMap -0.464
[2018.08.18-21.20.31:536][484]LogBlueprintUserMessages: Late PlayInEditor Detection: Level '/Game/ThirdPersonBP/Maps/ThirdPersonExampleMap.ThirdPersonExampleMap:PersistentLevel' has LevelScriptBlueprint '/Game/ThirdPersonBP/Maps/ThirdPersonExampleMap.ThirdPersonExampleMap:PersistentLevel.ThirdPersonExampleMap' with GeneratedClass '/Game/ThirdPersonBP/Maps/ThirdPersonExampleMap.ThirdPersonExampleMap_C' with ClassGeneratedBy '/Game/ThirdPersonBP/Maps/ThirdPersonExampleMap.ThirdPersonExampleMap:PersistentLevel.ThirdPersonExampleMap'
[2018.08.18-21.20.40:097][419]LogSlate: FSceneViewport::OnFocusLost() reason 2
[2018.08.18-21.21.00:615][308]LogSlate: Window 'Compiler Results' being destroyed
[2018.08.18-21.21.00:616][308]LogSlate: Window 'Compiler Results' being destroyed
