Log file open, 08/11/18 11:17:48
LogWindows: Failed to load 'aqProf.dll' (GetLastError=126)
LogWindows: File 'aqProf.dll' does not exist
LogWindows: Failed to load 'VSPerf140.dll' (GetLastError=126)
LogWindows: File 'VSPerf140.dll' does not exist
LogWindows: Failed to load 'VtuneApi.dll' (GetLastError=126)
LogWindows: File 'VtuneApi.dll' does not exist
LogWindows: Failed to load 'VtuneApi32e.dll' (GetLastError=126)
LogWindows: File 'VtuneApi32e.dll' does not exist
LogInit: Display: Running engine for game: AndriodProject
LogPlatformFile: Not using cached read wrapper
LogTaskGraph: Started task graph with 5 named threads and 23 total threads with 3 sets of task threads.
LogStats: Stats thread started at 0.253578
LogD3D11RHI: Loaded GFSDK_Aftermath_Lib.x64.dll
LogICUInternationalization: Display: ICU TimeZone Detection - Raw Offset: -5:00, Platform Override: ''
LogPluginManager: Mounting plugin Paper2D
LogPluginManager: Mounting plugin AISupport
LogPluginManager: Mounting plugin LightPropagationVolume
LogPluginManager: Mounting plugin CLionSourceCodeAccess
LogPluginManager: Mounting plugin CodeLiteSourceCodeAccess
LogPluginManager: Mounting plugin GitSourceControl
LogPluginManager: Mounting plugin KDevelopSourceCodeAccess
LogPluginManager: Mounting plugin NullSourceCodeAccess
LogPluginManager: Mounting plugin PerforceSourceControl
LogPluginManager: Mounting plugin SubversionSourceControl
LogPluginManager: Mounting plugin UObjectPlugin
LogPluginManager: Mounting plugin VisualStudioCodeSourceCodeAccess
LogPluginManager: Mounting plugin VisualStudioSourceCodeAccess
LogPluginManager: Mounting plugin XCodeSourceCodeAccess
LogPluginManager: Mounting plugin AssetManagerEditor
LogPluginManager: Mounting plugin CryptoKeys
LogPluginManager: Mounting plugin DataValidation
LogPluginManager: Mounting plugin FacialAnimation
LogPluginManager: Mounting plugin GameplayTagsEditor
LogPluginManager: Mounting plugin MacGraphicsSwitching
LogPluginManager: Mounting plugin MeshEditor
LogPluginManager: Mounting plugin MobileLauncherProfileWizard
LogPluginManager: Mounting plugin PluginBrowser
LogPluginManager: Mounting plugin SpeedTreeImporter
LogPluginManager: Mounting plugin DatasmithContent
LogPluginManager: Mounting plugin AlembicImporter
LogPluginManager: Mounting plugin AppleImageUtils
LogPluginManager: Mounting plugin AppleVision
LogPluginManager: Mounting plugin BackChannel
LogPluginManager: Mounting plugin CharacterAI
LogPluginManager: Mounting plugin GeometryCache
LogPluginManager: Mounting plugin HTML5Networking
LogPluginManager: Mounting plugin ProxyLODPlugin
LogPluginManager: Mounting plugin MagicLeap
LogPluginManager: Mounting plugin MagicLeapEmulator
LogPluginManager: Mounting plugin MagicLeapMedia
LogPluginManager: Mounting plugin AndroidMedia
LogPluginManager: Mounting plugin AvfMedia
LogPluginManager: Mounting plugin ImgMedia
LogPluginManager: Mounting plugin LinearTimecode
LogPluginManager: Mounting plugin MediaCompositing
LogPluginManager: Mounting plugin MediaPlayerEditor
LogPluginManager: Mounting plugin WmfMedia
LogPluginManager: Mounting plugin TcpMessaging
LogPluginManager: Mounting plugin UdpMessaging
LogPluginManager: Mounting plugin ActorSequence
LogPluginManager: Mounting plugin LevelSequenceEditor
LogPluginManager: Mounting plugin MatineeToLevelSequence
LogPluginManager: Mounting plugin NetcodeUnitTest
LogPluginManager: Mounting plugin NUTUnrealEngine4
LogPluginManager: Mounting plugin OnlineSubsystemGooglePlay
LogPluginManager: Mounting plugin OnlineSubsystemIOS
LogPluginManager: Mounting plugin OnlineSubsystem
LogPluginManager: Mounting plugin OnlineSubsystemNull
LogPluginManager: Mounting plugin OnlineSubsystemUtils
LogPluginManager: Mounting plugin LauncherChunkInstaller
LogPluginManager: Mounting plugin AndroidDeviceProfileSelector
LogPluginManager: Mounting plugin AndroidMoviePlayer
LogPluginManager: Mounting plugin AndroidPermission
LogPluginManager: Mounting plugin AppleMoviePlayer
LogPluginManager: Mounting plugin ArchVisCharacter
LogPluginManager: Mounting plugin AudioCapture
LogPluginManager: Mounting plugin CableComponent
LogPluginManager: Mounting plugin CustomMeshComponent
LogPluginManager: Mounting plugin EditableMesh
LogPluginManager: Mounting plugin ExampleDeviceProfileSelector
LogPluginManager: Mounting plugin GoogleCloudMessaging
LogPluginManager: Mounting plugin ImmediatePhysics
LogPluginManager: Mounting plugin IOSDeviceProfileSelector
LogPluginManager: Mounting plugin LinuxDeviceProfileSelector
LogPluginManager: Mounting plugin LocationServicesBPLibrary
LogPluginManager: Mounting plugin MobilePatchingUtils
LogPluginManager: Mounting plugin OculusVR
LogPluginManager: Plugin shader directory ../../../Engine/Plugins/Runtime/Oculus/OculusVR/Shaders found
LogPluginManager: Mapping shader source directory ../../../Engine/Plugins/Runtime/Oculus/OculusVR/Shaders to virtual directory /Plugin/OculusVR
LogPluginManager: Mounting plugin PhysXVehicles
LogPluginManager: Mounting plugin ProceduralMeshComponent
LogPluginManager: Mounting plugin RuntimePhysXCooking
LogPluginManager: Mounting plugin SteamVR
LogPluginManager: Mounting plugin WindowsMoviePlayer
LogStreaming: Display: Took  0.073s to configure plugins.
LogInit: Using libcurl 7.55.1-DEV
LogInit:  - built for x86_64-pc-win32
LogInit:  - supports SSL with OpenSSL/1.0.2h
LogInit:  - supports HTTP deflate (compression) using libz 1.2.8
LogInit:  - other features:
LogInit:      CURL_VERSION_SSL
LogInit:      CURL_VERSION_LIBZ
LogInit:      CURL_VERSION_IPV6
LogInit:      CURL_VERSION_ASYNCHDNS
LogInit:      CURL_VERSION_LARGEFILE
LogInit:      CURL_VERSION_IDN
LogInit:  CurlRequestOptions (configurable via config and command line):
LogInit:  - bVerifyPeer = false  - Libcurl will NOT verify peer certificate
LogInit:  - bUseHttpProxy = false  - Libcurl will NOT use HTTP proxy
LogInit:  - bDontReuseConnections = false  - Libcurl will reuse connections
LogInit:  - CertBundlePath = nullptr  - Libcurl will use whatever was configured at build time.
LogInit:  - MaxHostConnections = 16  - Libcurl will limit the number of connections to a host
LogInit:  - LocalHostAddr = Default
LogInit:  - BufferSize = 65536
LogInit: WinSock: version 1.1 (2.2), MaxSocks=32767, MaxUdp=65467
LogHMD: Failed initializing OVRPlugin 1.25.0
LogInit: Build: ++UE4+Release-4.20-CL-4233996
LogInit: Engine Version: 4.20.1-4233996+++UE4+Release-4.20
LogInit: Compatible Engine Version: 4.20.0-4212847+++UE4+Release-4.20
LogInit: Net CL: 4212847
LogInit: OS: Windows 10 (), CPU: Intel(R) Core(TM) i7-7700K CPU @ 4.20GHz, GPU: Radeon (TM) RX 480 Graphics
LogInit: Compiled (64-bit): Jul 26 2018 10:07:30
LogInit: Compiled with Visual C++: 19.13.26129.00
LogInit: Build Configuration: Development
LogInit: Branch Name: ++UE4+Release-4.20
LogInit: Command Line: 
LogInit: Base Directory: X:/Unreal Engine/UE_4.20/Engine/Binaries/Win64/
LogInit: Installed Engine Build: 1
LogDevObjectVersion: Number of dev versions registered: 20
LogDevObjectVersion:   Dev-Blueprints (B0D832E4-1F89-4F0D-ACCF-7EB736FD4AA2): 10
LogDevObjectVersion:   Dev-Build (E1C64328-A22C-4D53-A36C-8E866417BD8C): 0
LogDevObjectVersion:   Dev-Core (375EC13C-06E4-48FB-B500-84F0262A717E): 2
LogDevObjectVersion:   Dev-Editor (E4B068ED-F494-42E9-A231-DA0B2E46BB41): 24
LogDevObjectVersion:   Dev-Framework (CFFC743F-43B0-4480-9391-14DF171D2073): 34
LogDevObjectVersion:   Dev-Mobile (B02B49B5-BB20-44E9-A304-32B752E40360): 2
LogDevObjectVersion:   Dev-Networking (A4E4105C-59A1-49B5-A7C5-40C4547EDFEE): 0
LogDevObjectVersion:   Dev-Online (39C831C9-5AE6-47DC-9A44-9C173E1C8E7C): 0
LogDevObjectVersion:   Dev-Physics (78F01B33-EBEA-4F98-B9B4-84EACCB95AA2): 0
LogDevObjectVersion:   Dev-Platform (6631380F-2D4D-43E0-8009-CF276956A95A): 0
LogDevObjectVersion:   Dev-Rendering (12F88B9F-8875-4AFC-A67C-D90C383ABD29): 26
LogDevObjectVersion:   Dev-Sequencer (7B5AE74C-D270-4C10-A958-57980B212A5A): 9
LogDevObjectVersion:   Dev-VR (D7296918-1DD6-4BDD-9DE2-64A83CC13884): 2
LogDevObjectVersion:   Dev-LoadTimes (C2A15278-BFE7-4AFE-6C17-90FF531DF755): 1
LogDevObjectVersion:   Private-Geometry (6EACA3D4-40EC-4CC1-B786-8BED09428FC5): 3
LogDevObjectVersion:   Dev-AnimPhys (29E575DD-E0A3-4627-9D10-D276232CDCEA): 17
LogDevObjectVersion:   Dev-ReflectionCapture (6B266CEC-1EC7-4B8F-A30B-E4D90942FC07): 1
LogDevObjectVersion:   Dev-Automation (0DF73D61-A23F-47EA-B727-89E90C41499A): 1
LogDevObjectVersion:   FortniteMain (601D1886-AC64-4F84-AA16-D3DE0DEAC7D6): 12
LogDevObjectVersion:   Dev-Enterprise (9DFFBCD6-494F-0158-E221-12823C92A888): 1
LogStreaming: Display: Took  0.002s to delete old logs.
LogInit: Presizing for max 8388607 objects, including 0 objects not considered by GC, pre-allocating 0 bytes for permanent pool.
LogInit: Object subsystem initialized
[2018.08.11-15.17.49:057][  0]LogInit: Selected Device Profile: [Windows]
[2018.08.11-15.17.49:057][  0]LogInit: Applying CVar settings loaded from the selected device profile: [Windows]
[2018.08.11-15.17.49:070][  0]LogHAL: Display: Platform has ~ 32 GB [34209693696 / 34359738368 / 32], which maps to Largest [LargestMinGB=32, LargerMinGB=12, DefaultMinGB=8, SmallerMinGB=6, SmallestMinGB=0)
[2018.08.11-15.17.49:070][  0]LogInit: Setting Device Profile CVar: [[r.Vulkan.UseRealUBs:1]]
[2018.08.11-15.17.49:070][  0]LogInit: Going up to parent DeviceProfile []
[2018.08.11-15.17.49:070][  0]LogInit: Computer: SUPER-BEAST
[2018.08.11-15.17.49:070][  0]LogInit: User: alex
[2018.08.11-15.17.49:070][  0]LogInit: CPU Page size=4096, Cores=4
[2018.08.11-15.17.49:070][  0]LogInit: High frequency timer resolution =4.101563 MHz
[2018.08.11-15.17.49:070][  0]LogMemory: Memory total: Physical=31.9GB (32GB approx)
[2018.08.11-15.17.49:070][  0]LogMemory: Platform Memory Stats for Windows
[2018.08.11-15.17.49:070][  0]LogMemory: Process Physical Memory: 101.68 MB used, 101.68 MB peak
[2018.08.11-15.17.49:070][  0]LogMemory: Process Virtual Memory: 94.06 MB used, 94.06 MB peak
[2018.08.11-15.17.49:070][  0]LogMemory: Physical Memory: 4770.77 MB used,  27854.14 MB free, 32624.91 MB total
[2018.08.11-15.17.49:070][  0]LogMemory: Virtual Memory: 4653.92 MB used,  27854.14 MB free, 134217728.00 MB total
[2018.08.11-15.17.49:080][  0]LogInit: Using OS detected language (en-US).
[2018.08.11-15.17.49:080][  0]LogInit: Using OS detected locale (en-US).
[2018.08.11-15.17.49:080][  0]LogTextLocalizationManager: No specific localization for 'en-US' exists, so the 'en' localization will be used.
[2018.08.11-15.17.49:356][  0]LogStreaming: Display: Took  0.276s to InitEngineTextLocalization.
[2018.08.11-15.17.49:356][  0]LogInit: Setting process to per monitor DPI aware
[2018.08.11-15.17.49:378][  0]LogSlate: New Slate User Created.  User Index 0, Is Virtual User: 0
[2018.08.11-15.17.49:378][  0]LogSlate: Slate User Registered.  User Index 0, Is Virtual User: 0
[2018.08.11-15.17.54:554][  0]LogHMD: Failed to initialize OpenVR with code 308
[2018.08.11-15.17.54:554][  0]LogD3D11RHI: D3D11 adapters:
[2018.08.11-15.17.54:580][  0]LogD3D11RHI:    0. 'Radeon (TM) RX 480 Graphics' (Feature Level 11_0)
[2018.08.11-15.17.54:580][  0]LogD3D11RHI:       8137/0/16312 MB DedicatedVideo/DedicatedSystem/SharedSystem, Outputs:1, VendorId:0x1002
[2018.08.11-15.17.54:588][  0]LogD3D11RHI:    1. 'Intel(R) HD Graphics 630' (Feature Level 11_0)
[2018.08.11-15.17.54:588][  0]LogD3D11RHI:       128/0/16312 MB DedicatedVideo/DedicatedSystem/SharedSystem, Outputs:0, VendorId:0x8086
[2018.08.11-15.17.54:590][  0]LogD3D11RHI:    2. 'Microsoft Basic Render Driver' (Feature Level 11_0)
[2018.08.11-15.17.54:590][  0]LogD3D11RHI:       0/0/16312 MB DedicatedVideo/DedicatedSystem/SharedSystem, Outputs:0, VendorId:0x1414
[2018.08.11-15.17.54:590][  0]LogD3D11RHI: Chosen D3D11 Adapter: 0
[2018.08.11-15.17.54:595][  0]LogD3D11RHI: Creating new Direct3DDevice
[2018.08.11-15.17.54:595][  0]LogD3D11RHI:     GPU DeviceId: 0x67df (for the marketing name, search the web for "GPU Device Id")
[2018.08.11-15.17.54:595][  0]LogWindows: EnumDisplayDevices:
[2018.08.11-15.17.54:596][  0]LogWindows:    0. 'Radeon (TM) RX 480 Graphics' (P:1 D:1)
[2018.08.11-15.17.54:596][  0]LogWindows:    1. 'Radeon (TM) RX 480 Graphics' (P:0 D:0)
[2018.08.11-15.17.54:596][  0]LogWindows:    2. 'Radeon (TM) RX 480 Graphics' (P:0 D:0)
[2018.08.11-15.17.54:596][  0]LogWindows:    3. 'Radeon (TM) RX 480 Graphics' (P:0 D:0)
[2018.08.11-15.17.54:597][  0]LogWindows:    4. 'Radeon (TM) RX 480 Graphics' (P:0 D:0)
[2018.08.11-15.17.54:597][  0]LogWindows:    5. 'Radeon (TM) RX 480 Graphics' (P:0 D:0)
[2018.08.11-15.17.54:597][  0]LogWindows:    6. 'Radeon (TM) RX 480 Graphics' (P:0 D:0)
[2018.08.11-15.17.54:597][  0]LogWindows:    7. 'Radeon (TM) RX 480 Graphics' (P:0 D:0)
[2018.08.11-15.17.54:597][  0]LogWindows:    8. 'Radeon (TM) RX 480 Graphics' (P:0 D:0)
[2018.08.11-15.17.54:598][  0]LogWindows:    9. 'Radeon (TM) RX 480 Graphics' (P:0 D:0)
[2018.08.11-15.17.54:598][  0]LogWindows:    10. 'Radeon (TM) RX 480 Graphics' (P:0 D:0)
[2018.08.11-15.17.54:598][  0]LogWindows:    11. 'Radeon (TM) RX 480 Graphics' (P:0 D:0)
[2018.08.11-15.17.54:598][  0]LogWindows:    12. 'Radeon (TM) RX 480 Graphics' (P:0 D:0)
[2018.08.11-15.17.54:598][  0]LogWindows:    13. 'Radeon (TM) RX 480 Graphics' (P:0 D:0)
[2018.08.11-15.17.54:599][  0]LogWindows:    14. 'Radeon (TM) RX 480 Graphics' (P:0 D:0)
[2018.08.11-15.17.54:599][  0]LogWindows:    15. 'Radeon (TM) RX 480 Graphics' (P:0 D:0)
[2018.08.11-15.17.54:599][  0]LogWindows:    16. 'Intel(R) HD Graphics 630' (P:0 D:0)
[2018.08.11-15.17.54:599][  0]LogWindows:    17. 'Intel(R) HD Graphics 630' (P:0 D:0)
[2018.08.11-15.17.54:599][  0]LogWindows:    18. 'Intel(R) HD Graphics 630' (P:0 D:0)
[2018.08.11-15.17.54:599][  0]LogWindows: DebugString: PrimaryIsNotTheChoosenAdapter PrimaryIsNotTheChoosenAdapter PrimaryIsNotTheChoosenAdapter FoundDriverCount:16 
[2018.08.11-15.17.54:599][  0]LogD3D11RHI:     Adapter Name: Radeon (TM) RX 480 Graphics
[2018.08.11-15.17.54:599][  0]LogD3D11RHI:   Driver Version: Adrenalin 18.6.1 (internal:24.20.11021.1000, unified:24.20.11021.1000)
[2018.08.11-15.17.54:599][  0]LogD3D11RHI:      Driver Date: 6-7-2018
[2018.08.11-15.17.54:599][  0]LogRHI: Texture pool is 5695 MB (70% of 8137 MB)
[2018.08.11-15.17.54:675][  0]LogD3D11RHI: Async texture creation enabled
[2018.08.11-15.17.54:685][  0]LogD3D11RHI: GPU Timing Frequency: 25.000000 (Debug: 2 1)
[2018.08.11-15.17.54:686][  0]LogShaderCompilers: Guid format shader working directory is 11 characters bigger than the processId version (../../../../Projects/AndriodProject/Intermediate/Shaders/WorkingDirectory/9660/).
[2018.08.11-15.17.54:686][  0]LogShaderCompilers: Cleaned the shader compiler working directory 'C:/Users/alex_/AppData/Local/Temp/UnrealShaderWorkingDir/62E9C2F24256F905E15C45933B6F0915/'.
[2018.08.11-15.17.54:884][  0]LogTemp: Display: Loaded TP AllDesktopTargetPlatform
[2018.08.11-15.17.54:894][  0]LogTemp: Display: Loaded TP MacClientTargetPlatform
[2018.08.11-15.17.54:905][  0]LogTemp: Display: Loaded TP MacNoEditorTargetPlatform
[2018.08.11-15.17.54:914][  0]LogTemp: Display: Loaded TP MacServerTargetPlatform
[2018.08.11-15.17.54:923][  0]LogTemp: Display: Loaded TP MacTargetPlatform
[2018.08.11-15.17.54:932][  0]LogTemp: Display: Loaded TP WindowsClientTargetPlatform
[2018.08.11-15.17.54:942][  0]LogTemp: Display: Loaded TP WindowsNoEditorTargetPlatform
[2018.08.11-15.17.54:953][  0]LogTemp: Display: Loaded TP WindowsServerTargetPlatform
[2018.08.11-15.17.54:957][  0]LogTemp: Display: Loaded TP WindowsTargetPlatform
[2018.08.11-15.17.55:023][  0]LogTemp: Display: Loaded TP AndroidTargetPlatform
[2018.08.11-15.17.55:023][  0]LogTemp: Display: Loaded TP AndroidTargetPlatform
[2018.08.11-15.17.55:023][  0]LogTemp: Display: Loaded TP AndroidTargetPlatform
[2018.08.11-15.17.55:023][  0]LogTemp: Display: Loaded TP AndroidTargetPlatform
[2018.08.11-15.17.55:023][  0]LogTemp: Display: Loaded TP AndroidTargetPlatform
[2018.08.11-15.17.55:023][  0]LogTemp: Display: Loaded TP AndroidTargetPlatform
[2018.08.11-15.17.55:023][  0]LogTemp: Display: Loaded TP AndroidTargetPlatform
[2018.08.11-15.17.55:023][  0]LogTemp: Display: Loaded TP AndroidTargetPlatform
[2018.08.11-15.17.55:023][  0]LogTemp: Display: Loaded TP AndroidTargetPlatform
[2018.08.11-15.17.55:024][  0]LogTemp: Display: Loaded TP AndroidTargetPlatform
[2018.08.11-15.17.55:024][  0]LogTemp: Display: Loaded TP AndroidTargetPlatform
[2018.08.11-15.17.55:024][  0]LogTemp: Display: Loaded TP AndroidTargetPlatform
[2018.08.11-15.17.55:024][  0]LogTemp: Display: Loaded TP AndroidTargetPlatform
[2018.08.11-15.17.55:024][  0]LogTemp: Display: Loaded TP AndroidTargetPlatform
[2018.08.11-15.17.55:024][  0]LogTemp: Display: Loaded TP AndroidTargetPlatform
[2018.08.11-15.17.55:024][  0]LogTemp: Display: Loaded TP AndroidTargetPlatform
[2018.08.11-15.17.55:024][  0]LogTemp: Display: Loaded TP AndroidTargetPlatform
[2018.08.11-15.17.55:024][  0]LogTemp: Display: Loaded TP AndroidTargetPlatform
[2018.08.11-15.17.55:024][  0]LogTemp: Display: Loaded TP HTML5TargetPlatform
[2018.08.11-15.17.55:090][  0]LogTemp: Display: Loaded TP IOSTargetPlatform
[2018.08.11-15.17.55:090][  0]LogTemp: Display: Loaded TP IOSTargetPlatform
[2018.08.11-15.17.55:106][  0]LogTemp: Display: Loaded TP TVOSTargetPlatform
[2018.08.11-15.17.55:106][  0]LogTemp: Display: Loaded TP TVOSTargetPlatform
[2018.08.11-15.17.55:117][  0]LogTemp: Display: Loaded TP LinuxClientTargetPlatform
[2018.08.11-15.17.55:127][  0]LogTemp: Display: Loaded TP LinuxNoEditorTargetPlatform
[2018.08.11-15.17.55:139][  0]LogTemp: Display: Loaded TP LinuxServerTargetPlatform
[2018.08.11-15.17.55:152][  0]LogTemp: Display: Loaded TP LinuxTargetPlatform
[2018.08.11-15.17.55:159][  0]LogTemp: Display: Loaded TP LuminTargetPlatform
[2018.08.11-15.17.55:159][  0]LogTargetPlatformManager: Display: Building Assets For Windows
[2018.08.11-15.17.55:197][  0]LogXGEController: Cannot use XGE Controller as Incredibuild is not installed on this machine.
[2018.08.11-15.17.55:197][  0]LogShaderCompilers: Cannot use XGE Shader Compiler as Incredibuild is not installed on this machine.
[2018.08.11-15.17.55:197][  0]LogShaderCompilers: Display: Using Local Shader Compiler.
[2018.08.11-15.17.55:801][  0]LogDerivedDataCache: Display: Max Cache Size: 512 MB
[2018.08.11-15.17.55:852][  0]LogDerivedDataCache: Loaded boot cache 0.05s 71MB C:/Users/alex_/AppData/Local/UnrealEngine/4.20/DerivedDataCache/Boot.ddc.
[2018.08.11-15.17.55:852][  0]LogDerivedDataCache: Display: Loaded Boot cache: C:/Users/alex_/AppData/Local/UnrealEngine/4.20/DerivedDataCache/Boot.ddc
[2018.08.11-15.17.55:852][  0]LogDerivedDataCache: FDerivedDataBackendGraph:  Pak pak cache file ../../../../Projects/AndriodProject/DerivedDataCache/DDC.ddp not found, will not use a pak cache.
[2018.08.11-15.17.55:853][  0]LogDerivedDataCache: Unable to find inner node Pak for hierarchical cache Hierarchy.
[2018.08.11-15.17.55:853][  0]LogDerivedDataCache: FDerivedDataBackendGraph:  CompressedPak pak cache file ../../../../Projects/AndriodProject/DerivedDataCache/Compressed.ddp not found, will not use a pak cache.
[2018.08.11-15.17.55:853][  0]LogDerivedDataCache: Unable to find inner node CompressedPak for hierarchical cache Hierarchy.
[2018.08.11-15.17.55:865][  0]LogDerivedDataCache: Display: Pak cache opened for reading ../../../Engine/DerivedDataCache/Compressed.ddp.
[2018.08.11-15.17.55:877][  0]LogDerivedDataCache: Using Local data cache path C:/Users/alex_/AppData/Local/UnrealEngine/Common/DerivedDataCache: Writable
[2018.08.11-15.17.55:877][  0]LogDerivedDataCache: Shared data cache path not found in *engine.ini, will not use an Shared cache.
[2018.08.11-15.17.55:877][  0]LogDerivedDataCache: Unable to find inner node Shared for hierarchical cache Hierarchy.
[2018.08.11-15.17.55:895][  0]LogMaterial: Verifying Global Shaders for PCD3D_SM5
[2018.08.11-15.17.55:897][  0]LogSlate: Using FreeType 2.6.0
[2018.08.11-15.17.55:897][  0]LogSlate: SlateFontServices - WITH_FREETYPE: 1, WITH_HARFBUZZ: 1
[2018.08.11-15.17.55:962][  0]LogAssetRegistry: FAssetRegistry took 0.0246 seconds to start up
[2018.08.11-15.17.56:276][  0]LogInit: Selected Device Profile: [Windows]
[2018.08.11-15.17.56:374][  0]LogSimplygon: Simplygon DLL not present - disabling.
[2018.08.11-15.17.56:375][  0]LogMeshReduction: Using SimplygonSwarm for distributed automatic mesh merging
[2018.08.11-15.17.56:375][  0]LogMeshReduction: Using ProxyLODMeshReduction for automatic mesh merging
[2018.08.11-15.17.56:375][  0]LogMeshReduction: Using QuadricMeshReduction for automatic static mesh reduction
[2018.08.11-15.17.56:375][  0]LogMeshReduction: No automatic skeletal mesh reduction module available
[2018.08.11-15.17.56:387][  0]LogNetVersion: AndriodProject 1.0.0, NetCL: 4212847, EngineNetVer: 5, GameNetVer: 0 (Checksum: 2413879159)
[2018.08.11-15.17.56:811][  0]LogPackageLocalizationCache: Processed 11 localized package path(s) for 2 prioritized culture(s) in 0.122868 seconds
[2018.08.11-15.17.56:816][  0]LogUObjectArray: 38425 objects as part of root set at end of initial load.
[2018.08.11-15.17.56:816][  0]LogUObjectAllocator: 6690872 out of 0 bytes used by permanent object pool.
[2018.08.11-15.17.56:816][  0]LogUObjectArray: CloseDisregardForGC: 0/0 objects in disregard for GC pool
[2018.08.11-15.17.57:478][  0]LogTcpMessaging: Initializing TcpMessaging bridge
[2018.08.11-15.17.57:490][  0]LogUdpMessaging: Initializing bridge on interface 0.0.0.0:0 to multicast group 230.0.0.1:6666.
[2018.08.11-15.17.57:614][  0]SourceControl: Source control is disabled
[2018.08.11-15.17.57:614][  0]SourceControl: Source control is disabled
[2018.08.11-15.17.57:615][  0]SourceControl: Source control is disabled
[2018.08.11-15.17.57:620][  0]SourceControl: Source control is disabled
[2018.08.11-15.17.57:757][  0]LogAndroidPermission: UAndroidPermissionCallbackProxy::GetInstance
[2018.08.11-15.17.57:880][  0]LogOcInput: OculusInput pre-init called
[2018.08.11-15.17.57:926][  0]LogEngine: Initializing Engine...
[2018.08.11-15.18.02:979][  0]LogHMD: Failed to initialize OpenVR with code 308
[2018.08.11-15.18.02:981][  0]LogStats: UGameplayTagsManager::ConstructGameplayTagTree: ImportINI prefixes -  0.000 s
[2018.08.11-15.18.02:981][  0]LogStats: UGameplayTagsManager::ConstructGameplayTagTree: Construct from data asset -  0.000 s
[2018.08.11-15.18.02:981][  0]LogStats: UGameplayTagsManager::ConstructGameplayTagTree: ImportINI -  0.000 s
[2018.08.11-15.18.02:981][  0]LogStats: UGameplayTagsManager::ConstructGameplayTagTree: GameplayTagTreeChangedEvent.Broadcast -  0.000 s
[2018.08.11-15.18.03:126][  0]LogInit: Initializing FReadOnlyCVARCache
[2018.08.11-15.18.03:135][  0]LogAIModule: Creating AISystem for world Untitled
[2018.08.11-15.18.03:160][  0]LogInit: XAudio2 using 'Headset Earphone (HyperX Virtual Surround Sound)' : 2 channels at 48 kHz using 16 bits per sample (channel mask 0x3)
[2018.08.11-15.18.03:181][  0]LogInit: FAudioDevice initialized.
[2018.08.11-15.18.03:181][  0]LogNetVersion: Set ProjectVersion to 1.0.0.0. Version Checksum will be recalculated on next use.
[2018.08.11-15.18.03:229][  0]LogDerivedDataCache: Saved boot cache 0.05s 71MB C:/Users/alex_/AppData/Local/UnrealEngine/4.20/DerivedDataCache/Boot.ddc.
[2018.08.11-15.18.03:248][  0]LogInit: Texture streaming: Enabled
[2018.08.11-15.18.03:257][  0]LogEngineSessionManager: EngineSessionManager initialized
[2018.08.11-15.18.03:266][  0]LogInit: Transaction tracking system initialized
[2018.08.11-15.18.03:279][  0]BlueprintLog: New page: Editor Load
[2018.08.11-15.18.03:336][  0]LocalizationService: Localization service is disabled
[2018.08.11-15.18.03:382][  0]LogLinker: Warning: Can't find file '/Game/TopDownBP/TopDownOverview'
[2018.08.11-15.18.03:382][  0]LogLinker: Warning: Can't find file '/Game/TopDownBP/TopDownOverview'
[2018.08.11-15.18.03:382][  0]LogUObjectGlobals: Warning: Failed to find object 'Class /Game/TopDownBP/TopDownOverview.TopDownOverview_C'
[2018.08.11-15.18.03:508][  0]LogCook: Display: Max memory allowance for cook 16384mb min free memory 0mb
[2018.08.11-15.18.03:508][  0]LogCook: Display: Mobile HDR setting 0
[2018.08.11-15.18.03:508][  0]LogGameplayTags: Display: UGameplayTagsManager::DoneAddingNativeTags. DelegateIsBound: 0
[2018.08.11-15.18.03:508][  0]LogStats: UGameplayTagsManager::ConstructGameplayTagTree: ImportINI prefixes -  0.000 s
[2018.08.11-15.18.03:508][  0]LogStats: UGameplayTagsManager::ConstructGameplayTagTree: Construct from data asset -  0.000 s
[2018.08.11-15.18.03:508][  0]LogStats: UGameplayTagsManager::ConstructGameplayTagTree: ImportINI -  0.000 s
[2018.08.11-15.18.03:508][  0]LogStats: UGameplayTagsManager::ConstructGameplayTagTree: GameplayTagTreeChangedEvent.Broadcast -  0.000 s
[2018.08.11-15.18.03:571][  0]LogFileCache: Scanning file cache for directory 'X:/Unreal Engine/Projects/AndriodProject/Content/' took 0.02s
[2018.08.11-15.18.03:571][  0]SourceControl: Source control is disabled
[2018.08.11-15.18.03:571][  0]Cmd: MAP LOAD FILE="../../../../Projects/AndriodProject/Content/ThirdPersonBP/Maps/ThirdPersonExampleMap.umap" TEMPLATE=0 SHOWPROGRESS=1 FEATURELEVEL=3
[2018.08.11-15.18.03:575][  0]LightingResults: New page: Lighting Build
[2018.08.11-15.18.03:576][  0]MapCheck: New page: Map Check
[2018.08.11-15.18.03:576][  0]LightingResults: New page: Lighting Build
[2018.08.11-15.18.04:192][  0]LogAIModule: Creating AISystem for world ThirdPersonExampleMap
[2018.08.11-15.18.04:202][  0]LogEditorServer: Finished looking for orphan Actors (0.000 secs)
[2018.08.11-15.18.04:221][  0]Cmd: MAP CHECKDEP NOCLEARLOG
[2018.08.11-15.18.04:257][  0]MapCheck: Map check complete: 0 Error(s), 0 Warning(s), took 35.295ms to complete.
[2018.08.11-15.18.04:257][  0]LogFileHelpers: Loading map 'ThirdPersonExampleMap' took 0.686
[2018.08.11-15.18.04:359][  0]LogSlate: Updating window title bar state: overlay mode, drag disabled, window buttons hidden, title bar hidden
[2018.08.11-15.18.04:367][  0]LogSlate: Updating window title bar state: overlay mode, drag disabled, window buttons hidden, title bar hidden
[2018.08.11-15.18.04:375][  0]LogSlate: Updating window title bar state: overlay mode, drag disabled, window buttons hidden, title bar hidden
[2018.08.11-15.18.04:382][  0]LogSlate: Updating window title bar state: overlay mode, drag disabled, window buttons hidden, title bar hidden
[2018.08.11-15.18.04:389][  0]LogCollectionManager: Loaded 0 collections in 0.000708 seconds
[2018.08.11-15.18.04:429][  0]LogFileCache: Scanning file cache for directory 'X:/Unreal Engine/Projects/AndriodProject/Saved/Collections/' took 0.01s
[2018.08.11-15.18.04:429][  0]LogFileCache: Scanning file cache for directory 'X:/Unreal Engine/Projects/AndriodProject/Content/Developers/alex/Collections/' took 0.01s
[2018.08.11-15.18.04:429][  0]LogFileCache: Scanning file cache for directory 'X:/Unreal Engine/Projects/AndriodProject/Content/Collections/' took 0.01s
[2018.08.11-15.18.04:429][  0]LogCollectionManager: Rebuilt the GUID cache for 0 collections in 0.000000 seconds
[2018.08.11-15.18.04:436][  0]LogContentBrowser: Native class hierarchy populated in 0.0076 seconds. Added 2572 classes and 603 folders.
[2018.08.11-15.18.04:442][  0]LogContentBrowser: Native class hierarchy updated for 'WidgetCarousel' in 0.0002 seconds. Added 0 classes and 0 folders.
[2018.08.11-15.18.04:733][  0]LogContentBrowser: Native class hierarchy updated for 'AddContentDialog' in 0.0002 seconds. Added 0 classes and 0 folders.
[2018.08.11-15.18.04:750][  0]LogContentBrowser: Native class hierarchy updated for 'SceneOutliner' in 0.0002 seconds. Added 1 classes and 2 folders.
[2018.08.11-15.18.04:809][  0]LogSlate: Took 0.000121 seconds to synchronously load lazily loaded font '../../../Engine/Content/Slate/Fonts/Roboto-Regular.ttf' (155K)
[2018.08.11-15.18.04:811][  0]LogSlate: Took 0.000113 seconds to synchronously load lazily loaded font '../../../Engine/Content/Slate/Fonts/Roboto-Bold.ttf' (160K)
[2018.08.11-15.18.04:818][  0]LogSlate: Took 0.003508 seconds to synchronously load lazily loaded font '../../../Engine/Content/Editor/Slate/Fonts/FontAwesome.ttf' (139K)
[2018.08.11-15.18.04:915][  0]LogRenderer: Reallocating scene render targets to support 892x576 Format 10 NumSamples 1 (Frame:1).
[2018.08.11-15.18.05:021][  0]LogContentBrowser: Native class hierarchy updated for 'HierarchicalLODOutliner' in 0.0002 seconds. Added 0 classes and 0 folders.
[2018.08.11-15.18.05:021][  0]LogLoad: (Engine Initialization) Total time: 17.63 seconds
[2018.08.11-15.18.05:021][  0]LogLoad: (Engine Initialization) Total Blueprint compile time: 0.00 seconds
[2018.08.11-15.18.05:030][  0]LogWindowsTextInputMethodSystem: Display: IME system now deactivated.
[2018.08.11-15.18.05:050][  0]LogAssetRegistry: Asset discovery search completed in 9.1105 seconds
[2018.08.11-15.18.05:051][  0]LogCollectionManager: Rebuilt the object cache for 0 collections in 0.000000 seconds (found 0 objects)
[2018.08.11-15.18.05:051][  0]LogCollectionManager: Fixed up redirectors for 0 collections in 0.000030 seconds (updated 0 objects)
[2018.08.11-15.18.05:053][  0]LogContentStreaming: Texture pool size now 3000 MB
[2018.08.11-15.18.05:103][  0]LogSlate: Took 0.004277 seconds to synchronously load lazily loaded font '../../../Engine/Content/Slate/Fonts/Roboto-Light.ttf' (167K)
[2018.08.11-15.18.06:041][108]LogSlate: Took 0.000166 seconds to synchronously load lazily loaded font '../../../Engine/Content/Slate/Fonts/Roboto-Light.ttf' (167K)
[2018.08.11-15.18.09:717][547]LogSlate: FSceneViewport::OnFocusLost() reason 0
[2018.08.11-15.18.09:851][563]LogTemp: Repeating last play command: Selected Viewport
[2018.08.11-15.18.09:865][563]LogBlueprintUserMessages: Early PlayInEditor Detection: Level '/Game/ThirdPersonBP/Maps/ThirdPersonExampleMap.ThirdPersonExampleMap:PersistentLevel' has LevelScriptBlueprint '/Game/ThirdPersonBP/Maps/ThirdPersonExampleMap.ThirdPersonExampleMap:PersistentLevel.ThirdPersonExampleMap' with GeneratedClass '/Game/ThirdPersonBP/Maps/ThirdPersonExampleMap.ThirdPersonExampleMap_C' with ClassGeneratedBy '/Game/ThirdPersonBP/Maps/ThirdPersonExampleMap.ThirdPersonExampleMap:PersistentLevel.ThirdPersonExampleMap'
[2018.08.11-15.18.09:865][563]LogPlayLevel: PlayLevel: No blueprints needed recompiling
[2018.08.11-15.18.09:877][563]PIE: New page: PIE session: ThirdPersonExampleMap (Aug 11, 2018, 7:18:09 AM)
[2018.08.11-15.18.09:877][563]LogPlayLevel: Creating play world package: /Game/ThirdPersonBP/Maps/UEDPIE_0_ThirdPersonExampleMap
[2018.08.11-15.18.09:892][563]LogPlayLevel: PIE: StaticDuplicateObject took: (0.014893s)
[2018.08.11-15.18.09:893][563]LogAIModule: Creating AISystem for world ThirdPersonExampleMap
[2018.08.11-15.18.09:893][563]LogPlayLevel: PIE: World Init took: (0.000997s)
[2018.08.11-15.18.09:893][563]LogPlayLevel: PIE: Created PIE world by copying editor world from /Game/ThirdPersonBP/Maps/ThirdPersonExampleMap.ThirdPersonExampleMap to /Game/ThirdPersonBP/Maps/UEDPIE_0_ThirdPersonExampleMap.ThirdPersonExampleMap (0.016101s)
[2018.08.11-15.18.09:923][563]LogInit: XAudio2 using 'Headset Earphone (HyperX Virtual Surround Sound)' : 2 channels at 48 kHz using 16 bits per sample (channel mask 0x3)
[2018.08.11-15.18.09:929][563]LogInit: FAudioDevice initialized.
[2018.08.11-15.18.10:116][563]LogLoad: Game class is 'MOBA_AI_GAMEMODE_C'
[2018.08.11-15.18.10:118][563]LogWorld: Bringing World /Game/ThirdPersonBP/Maps/UEDPIE_0_ThirdPersonExampleMap.ThirdPersonExampleMap up for play (max tick rate 0) at 2018.08.11-11.18.10
[2018.08.11-15.18.10:118][563]LogWorld: Bringing up level for play took: 0.000951
[2018.08.11-15.18.10:132][563]LogContentBrowser: Native class hierarchy updated for 'MovieSceneCapture' in 0.0002 seconds. Added 10 classes and 0 folders.
[2018.08.11-15.18.10:133][563]LogScript: Warning: Script Msg: Attempted to access index 2 from array 'WaypointCounts' of length 2 in '/Game/MOBA_Minion_AI/Game/MOBA_AI_GAMEMODE.MOBA_AI_GAMEMODE_C'!
[2018.08.11-15.18.10:133][563]LogScript: Warning: Script Msg: Attempted to access index 2 from array 'WaypointCounts' of length 2 in '/Game/MOBA_Minion_AI/Game/MOBA_AI_GAMEMODE.MOBA_AI_GAMEMODE_C'!
[2018.08.11-15.18.10:133][563]LogScript: Warning: Script Msg: Attempted to set an invalid index on array WaypointCounts [2/1]!
[2018.08.11-15.18.10:133][563]LogScript: Warning: Script Msg: Attempted to access index 2 from array 'WaypointCounts' of length 2 in '/Game/MOBA_Minion_AI/Game/MOBA_AI_GAMEMODE.MOBA_AI_GAMEMODE_C'!
[2018.08.11-15.18.10:133][563]LogScript: Warning: Script Msg: Attempted to access index 2 from array 'WaypointCounts' of length 2 in '/Game/MOBA_Minion_AI/Game/MOBA_AI_GAMEMODE.MOBA_AI_GAMEMODE_C'!
[2018.08.11-15.18.10:133][563]LogScript: Warning: Script Msg: Attempted to set an invalid index on array WaypointCounts [2/1]!
[2018.08.11-15.18.10:133][563]LogScript: Warning: Script Msg: Attempted to access index 2 from array 'WaypointCounts' of length 2 in '/Game/MOBA_Minion_AI/Game/MOBA_AI_GAMEMODE.MOBA_AI_GAMEMODE_C'!
[2018.08.11-15.18.10:133][563]LogScript: Warning: Script Msg: Attempted to access index 2 from array 'WaypointCounts' of length 2 in '/Game/MOBA_Minion_AI/Game/MOBA_AI_GAMEMODE.MOBA_AI_GAMEMODE_C'!
[2018.08.11-15.18.10:133][563]LogScript: Warning: Script Msg: Attempted to set an invalid index on array WaypointCounts [2/1]!
[2018.08.11-15.18.10:133][563]LogScript: Warning: Script Msg: Attempted to access index 2 from array 'WaypointCounts' of length 2 in '/Game/MOBA_Minion_AI/Game/MOBA_AI_GAMEMODE.MOBA_AI_GAMEMODE_C'!
[2018.08.11-15.18.10:133][563]LogScript: Warning: Script Msg: Attempted to access index 2 from array 'WaypointCounts' of length 2 in '/Game/MOBA_Minion_AI/Game/MOBA_AI_GAMEMODE.MOBA_AI_GAMEMODE_C'!
[2018.08.11-15.18.10:133][563]LogScript: Warning: Script Msg: Attempted to set an invalid index on array WaypointCounts [2/1]!
[2018.08.11-15.18.10:133][563]LogScript: Warning: Script Msg: Attempted to access index 2 from array 'WaypointCounts' of length 2 in '/Game/MOBA_Minion_AI/Game/MOBA_AI_GAMEMODE.MOBA_AI_GAMEMODE_C'!
[2018.08.11-15.18.10:133][563]LogScript: Warning: Script Msg: Attempted to access index 2 from array 'WaypointCounts' of length 2 in '/Game/MOBA_Minion_AI/Game/MOBA_AI_GAMEMODE.MOBA_AI_GAMEMODE_C'!
[2018.08.11-15.18.10:133][563]LogScript: Warning: Script Msg: Attempted to set an invalid index on array WaypointCounts [2/1]!
[2018.08.11-15.18.10:133][563]LogScript: Warning: Script Msg: Attempted to access index 2 from array 'WaypointCounts' of length 2 in '/Game/MOBA_Minion_AI/Game/MOBA_AI_GAMEMODE.MOBA_AI_GAMEMODE_C'!
[2018.08.11-15.18.10:133][563]LogScript: Warning: Script Msg: Attempted to set an invalid index on array Team2Lane2 [-1/0]!
[2018.08.11-15.18.10:133][563]LogScript: Warning: Script Msg: Attempted to access index 2 from array 'WaypointCounts' of length 2 in '/Game/MOBA_Minion_AI/Game/MOBA_AI_GAMEMODE.MOBA_AI_GAMEMODE_C'!
[2018.08.11-15.18.10:133][563]LogScript: Warning: Script Msg: Attempted to set an invalid index on array Team2Lane2 [-2/0]!
[2018.08.11-15.18.10:133][563]LogScript: Warning: Script Msg: Attempted to access index 2 from array 'WaypointCounts' of length 2 in '/Game/MOBA_Minion_AI/Game/MOBA_AI_GAMEMODE.MOBA_AI_GAMEMODE_C'!
[2018.08.11-15.18.10:133][563]LogScript: Warning: Script Msg: Attempted to set an invalid index on array Team2Lane2 [-3/0]!
[2018.08.11-15.18.10:133][563]LogScript: Warning: Script Msg: Attempted to access index 2 from array 'WaypointCounts' of length 2 in '/Game/MOBA_Minion_AI/Game/MOBA_AI_GAMEMODE.MOBA_AI_GAMEMODE_C'!
[2018.08.11-15.18.10:133][563]LogScript: Warning: Script Msg: Attempted to set an invalid index on array Team2Lane2 [-4/0]!
[2018.08.11-15.18.10:133][563]LogScript: Warning: Script Msg: Attempted to access index 2 from array 'WaypointCounts' of length 2 in '/Game/MOBA_Minion_AI/Game/MOBA_AI_GAMEMODE.MOBA_AI_GAMEMODE_C'!
[2018.08.11-15.18.10:133][563]LogScript: Warning: Script Msg: Attempted to set an invalid index on array Team2Lane2 [-5/0]!
[2018.08.11-15.18.10:133][563]PIE: Play in editor start time for /Game/ThirdPersonBP/Maps/UEDPIE_0_ThirdPersonExampleMap -0.378
[2018.08.11-15.18.10:133][563]LogBlueprintUserMessages: Late PlayInEditor Detection: Level '/Game/ThirdPersonBP/Maps/ThirdPersonExampleMap.ThirdPersonExampleMap:PersistentLevel' has LevelScriptBlueprint '/Game/ThirdPersonBP/Maps/ThirdPersonExampleMap.ThirdPersonExampleMap:PersistentLevel.ThirdPersonExampleMap' with GeneratedClass '/Game/ThirdPersonBP/Maps/ThirdPersonExampleMap.ThirdPersonExampleMap_C' with ClassGeneratedBy '/Game/ThirdPersonBP/Maps/ThirdPersonExampleMap.ThirdPersonExampleMap:PersistentLevel.ThirdPersonExampleMap'
[2018.08.11-15.18.29:481][880]LogBlueprintUserMessages: Early EndPlayMap Detection: Level '/Game/ThirdPersonBP/Maps/ThirdPersonExampleMap.ThirdPersonExampleMap:PersistentLevel' has LevelScriptBlueprint '/Game/ThirdPersonBP/Maps/ThirdPersonExampleMap.ThirdPersonExampleMap:PersistentLevel.ThirdPersonExampleMap' with GeneratedClass '/Game/ThirdPersonBP/Maps/ThirdPersonExampleMap.ThirdPersonExampleMap_C' with ClassGeneratedBy '/Game/ThirdPersonBP/Maps/ThirdPersonExampleMap.ThirdPersonExampleMap:PersistentLevel.ThirdPersonExampleMap'
[2018.08.11-15.18.29:481][880]LogSlate: Updating window title bar state: overlay mode, drag disabled, window buttons hidden, title bar hidden
[2018.08.11-15.18.29:515][880]LogPlayLevel: Display: Shutting down PIE online subsystems
[2018.08.11-15.18.29:515][880]LogBlueprintUserMessages: Late EndPlayMap Detection: Level '/Game/ThirdPersonBP/Maps/ThirdPersonExampleMap.ThirdPersonExampleMap:PersistentLevel' has LevelScriptBlueprint '/Game/ThirdPersonBP/Maps/ThirdPersonExampleMap.ThirdPersonExampleMap:PersistentLevel.ThirdPersonExampleMap' with GeneratedClass '/Game/ThirdPersonBP/Maps/ThirdPersonExampleMap.ThirdPersonExampleMap_C' with ClassGeneratedBy '/Game/ThirdPersonBP/Maps/ThirdPersonExampleMap.ThirdPersonExampleMap:PersistentLevel.ThirdPersonExampleMap'
[2018.08.11-15.18.29:535][880]LogSlate: Updating window title bar state: overlay mode, drag disabled, window buttons hidden, title bar hidden
[2018.08.11-15.18.29:581][884]LogPlayLevel: Display: Destroying online subsystem :Context_1
[2018.08.11-15.19.02:229][794]LogSlate: FSceneViewport::OnFocusLost() reason 0
[2018.08.11-15.19.20:756][ 16]LogAssetEditorManager: Opening Asset editor for Blueprint /Game/MOBA_Minion_AI/AI/Minion_AI_Pawn.Minion_AI_Pawn
[2018.08.11-15.19.21:261][ 16]LogContentBrowser: Native class hierarchy updated for 'BlueprintGraph' in 0.0004 seconds. Added 116 classes and 0 folders.
[2018.08.11-15.19.22:245][ 16]LogSlate: Took 0.010390 seconds to synchronously load lazily loaded font '../../../Engine/Content/Slate/Fonts/Roboto-BoldCondensed.ttf' (158K)
[2018.08.11-15.19.22:355][ 17]LogSlate: Took 0.004440 seconds to synchronously load lazily loaded font '../../../Engine/Content/Slate/Fonts/Roboto-Italic.ttf' (157K)
[2018.08.11-15.20.11:998][667]LogAssetEditorManager: Opening Asset editor for Blueprint /Game/MOBA_Minion_AI/Game/MOBA_AI_GAMEMODE.MOBA_AI_GAMEMODE
