Log file open, 08/19/18 21:26:40
LogWindows: Failed to load 'aqProf.dll' (GetLastError=126)
LogWindows: File 'aqProf.dll' does not exist
LogWindows: Failed to load 'VSPerf140.dll' (GetLastError=126)
LogWindows: File 'VSPerf140.dll' does not exist
LogWindows: Failed to load 'VtuneApi.dll' (GetLastError=126)
LogWindows: File 'VtuneApi.dll' does not exist
LogWindows: Failed to load 'VtuneApi32e.dll' (GetLastError=126)
LogWindows: File 'VtuneApi32e.dll' does not exist
LogInit: Display: Running engine for game: AndriodProject
LogPlatformFile: Not using cached read wrapper
LogTaskGraph: Started task graph with 5 named threads and 23 total threads with 3 sets of task threads.
LogStats: Stats thread started at 0.252613
LogD3D11RHI: Loaded GFSDK_Aftermath_Lib.x64.dll
LogICUInternationalization: Display: ICU TimeZone Detection - Raw Offset: -5:00, Platform Override: ''
LogPluginManager: Mounting plugin Paper2D
LogPluginManager: Mounting plugin AISupport
LogPluginManager: Mounting plugin LightPropagationVolume
LogPluginManager: Mounting plugin CLionSourceCodeAccess
LogPluginManager: Mounting plugin CodeLiteSourceCodeAccess
LogPluginManager: Mounting plugin GitSourceControl
LogPluginManager: Mounting plugin KDevelopSourceCodeAccess
LogPluginManager: Mounting plugin NullSourceCodeAccess
LogPluginManager: Mounting plugin PerforceSourceControl
LogPluginManager: Mounting plugin SubversionSourceControl
LogPluginManager: Mounting plugin UObjectPlugin
LogPluginManager: Mounting plugin VisualStudioCodeSourceCodeAccess
LogPluginManager: Mounting plugin VisualStudioSourceCodeAccess
LogPluginManager: Mounting plugin XCodeSourceCodeAccess
LogPluginManager: Mounting plugin AssetManagerEditor
LogPluginManager: Mounting plugin CryptoKeys
LogPluginManager: Mounting plugin DataValidation
LogPluginManager: Mounting plugin FacialAnimation
LogPluginManager: Mounting plugin GameplayTagsEditor
LogPluginManager: Mounting plugin MacGraphicsSwitching
LogPluginManager: Mounting plugin MeshEditor
LogPluginManager: Mounting plugin MobileLauncherProfileWizard
LogPluginManager: Mounting plugin PluginBrowser
LogPluginManager: Mounting plugin SpeedTreeImporter
LogPluginManager: Mounting plugin DatasmithContent
LogPluginManager: Mounting plugin AlembicImporter
LogPluginManager: Mounting plugin AppleImageUtils
LogPluginManager: Mounting plugin AppleVision
LogPluginManager: Mounting plugin BackChannel
LogPluginManager: Mounting plugin CharacterAI
LogPluginManager: Mounting plugin GeometryCache
LogPluginManager: Mounting plugin HTML5Networking
LogPluginManager: Mounting plugin ProxyLODPlugin
LogPluginManager: Mounting plugin MagicLeap
LogPluginManager: Mounting plugin MagicLeapEmulator
LogPluginManager: Mounting plugin MagicLeapMedia
LogPluginManager: Mounting plugin AndroidMedia
LogPluginManager: Mounting plugin AvfMedia
LogPluginManager: Mounting plugin ImgMedia
LogPluginManager: Mounting plugin LinearTimecode
LogPluginManager: Mounting plugin MediaCompositing
LogPluginManager: Mounting plugin MediaPlayerEditor
LogPluginManager: Mounting plugin WmfMedia
LogPluginManager: Mounting plugin TcpMessaging
LogPluginManager: Mounting plugin UdpMessaging
LogPluginManager: Mounting plugin ActorSequence
LogPluginManager: Mounting plugin LevelSequenceEditor
LogPluginManager: Mounting plugin MatineeToLevelSequence
LogPluginManager: Mounting plugin NetcodeUnitTest
LogPluginManager: Mounting plugin NUTUnrealEngine4
LogPluginManager: Mounting plugin OnlineSubsystemGooglePlay
LogPluginManager: Mounting plugin OnlineSubsystemIOS
LogPluginManager: Mounting plugin OnlineSubsystem
LogPluginManager: Mounting plugin OnlineSubsystemNull
LogPluginManager: Mounting plugin OnlineSubsystemUtils
LogPluginManager: Mounting plugin LauncherChunkInstaller
LogPluginManager: Mounting plugin AndroidDeviceProfileSelector
LogPluginManager: Mounting plugin AndroidMoviePlayer
LogPluginManager: Mounting plugin AndroidPermission
LogPluginManager: Mounting plugin AppleMoviePlayer
LogPluginManager: Mounting plugin ArchVisCharacter
LogPluginManager: Mounting plugin AudioCapture
LogPluginManager: Mounting plugin CableComponent
LogPluginManager: Mounting plugin CustomMeshComponent
LogPluginManager: Mounting plugin EditableMesh
LogPluginManager: Mounting plugin ExampleDeviceProfileSelector
LogPluginManager: Mounting plugin GoogleCloudMessaging
LogPluginManager: Mounting plugin ImmediatePhysics
LogPluginManager: Mounting plugin IOSDeviceProfileSelector
LogPluginManager: Mounting plugin LinuxDeviceProfileSelector
LogPluginManager: Mounting plugin LocationServicesBPLibrary
LogPluginManager: Mounting plugin MobilePatchingUtils
LogPluginManager: Mounting plugin OculusVR
LogPluginManager: Plugin shader directory ../../../Engine/Plugins/Runtime/Oculus/OculusVR/Shaders found
LogPluginManager: Mapping shader source directory ../../../Engine/Plugins/Runtime/Oculus/OculusVR/Shaders to virtual directory /Plugin/OculusVR
LogPluginManager: Mounting plugin PhysXVehicles
LogPluginManager: Mounting plugin ProceduralMeshComponent
LogPluginManager: Mounting plugin RuntimePhysXCooking
LogPluginManager: Mounting plugin SteamVR
LogPluginManager: Mounting plugin WindowsMoviePlayer
LogStreaming: Display: Took  0.050s to configure plugins.
LogInit: Using libcurl 7.55.1-DEV
LogInit:  - built for x86_64-pc-win32
LogInit:  - supports SSL with OpenSSL/1.0.2h
LogInit:  - supports HTTP deflate (compression) using libz 1.2.8
LogInit:  - other features:
LogInit:      CURL_VERSION_SSL
LogInit:      CURL_VERSION_LIBZ
LogInit:      CURL_VERSION_IPV6
LogInit:      CURL_VERSION_ASYNCHDNS
LogInit:      CURL_VERSION_LARGEFILE
LogInit:      CURL_VERSION_IDN
LogInit:  CurlRequestOptions (configurable via config and command line):
LogInit:  - bVerifyPeer = false  - Libcurl will NOT verify peer certificate
LogInit:  - bUseHttpProxy = false  - Libcurl will NOT use HTTP proxy
LogInit:  - bDontReuseConnections = false  - Libcurl will reuse connections
LogInit:  - CertBundlePath = nullptr  - Libcurl will use whatever was configured at build time.
LogInit:  - MaxHostConnections = 16  - Libcurl will limit the number of connections to a host
LogInit:  - LocalHostAddr = Default
LogInit:  - BufferSize = 65536
LogInit: WinSock: version 1.1 (2.2), MaxSocks=32767, MaxUdp=65467
LogHMD: Failed initializing OVRPlugin 1.25.0
LogInit: Build: ++UE4+Release-4.20-CL-4233996
LogInit: Engine Version: 4.20.1-4233996+++UE4+Release-4.20
LogInit: Compatible Engine Version: 4.20.0-4212847+++UE4+Release-4.20
LogInit: Net CL: 4212847
LogInit: OS: Windows 10 (), CPU: Intel(R) Core(TM) i7-7700K CPU @ 4.20GHz, GPU: Radeon (TM) RX 480 Graphics
LogInit: Compiled (64-bit): Jul 26 2018 10:07:30
LogInit: Compiled with Visual C++: 19.13.26129.00
LogInit: Build Configuration: Development
LogInit: Branch Name: ++UE4+Release-4.20
LogInit: Command Line: -EpicPortal 
LogInit: Base Directory: X:/Unreal Engine/UE_4.20/Engine/Binaries/Win64/
LogInit: Installed Engine Build: 1
LogDevObjectVersion: Number of dev versions registered: 20
LogDevObjectVersion:   Dev-Blueprints (B0D832E4-1F89-4F0D-ACCF-7EB736FD4AA2): 10
LogDevObjectVersion:   Dev-Build (E1C64328-A22C-4D53-A36C-8E866417BD8C): 0
LogDevObjectVersion:   Dev-Core (375EC13C-06E4-48FB-B500-84F0262A717E): 2
LogDevObjectVersion:   Dev-Editor (E4B068ED-F494-42E9-A231-DA0B2E46BB41): 24
LogDevObjectVersion:   Dev-Framework (CFFC743F-43B0-4480-9391-14DF171D2073): 34
LogDevObjectVersion:   Dev-Mobile (B02B49B5-BB20-44E9-A304-32B752E40360): 2
LogDevObjectVersion:   Dev-Networking (A4E4105C-59A1-49B5-A7C5-40C4547EDFEE): 0
LogDevObjectVersion:   Dev-Online (39C831C9-5AE6-47DC-9A44-9C173E1C8E7C): 0
LogDevObjectVersion:   Dev-Physics (78F01B33-EBEA-4F98-B9B4-84EACCB95AA2): 0
LogDevObjectVersion:   Dev-Platform (6631380F-2D4D-43E0-8009-CF276956A95A): 0
LogDevObjectVersion:   Dev-Rendering (12F88B9F-8875-4AFC-A67C-D90C383ABD29): 26
LogDevObjectVersion:   Dev-Sequencer (7B5AE74C-D270-4C10-A958-57980B212A5A): 9
LogDevObjectVersion:   Dev-VR (D7296918-1DD6-4BDD-9DE2-64A83CC13884): 2
LogDevObjectVersion:   Dev-LoadTimes (C2A15278-BFE7-4AFE-6C17-90FF531DF755): 1
LogDevObjectVersion:   Private-Geometry (6EACA3D4-40EC-4CC1-B786-8BED09428FC5): 3
LogDevObjectVersion:   Dev-AnimPhys (29E575DD-E0A3-4627-9D10-D276232CDCEA): 17
LogDevObjectVersion:   Dev-ReflectionCapture (6B266CEC-1EC7-4B8F-A30B-E4D90942FC07): 1
LogDevObjectVersion:   Dev-Automation (0DF73D61-A23F-47EA-B727-89E90C41499A): 1
LogDevObjectVersion:   FortniteMain (601D1886-AC64-4F84-AA16-D3DE0DEAC7D6): 12
LogDevObjectVersion:   Dev-Enterprise (9DFFBCD6-494F-0158-E221-12823C92A888): 1
LogStreaming: Display: Took  0.000s to delete old logs.
LogInit: Presizing for max 8388607 objects, including 0 objects not considered by GC, pre-allocating 0 bytes for permanent pool.
LogInit: Object subsystem initialized
[2018.08.20-01.26.41:574][  0]LogInit: Selected Device Profile: [Windows]
[2018.08.20-01.26.41:574][  0]LogInit: Applying CVar settings loaded from the selected device profile: [Windows]
[2018.08.20-01.26.41:584][  0]LogHAL: Display: Platform has ~ 32 GB [34209693696 / 34359738368 / 32], which maps to Largest [LargestMinGB=32, LargerMinGB=12, DefaultMinGB=8, SmallerMinGB=6, SmallestMinGB=0)
[2018.08.20-01.26.41:584][  0]LogInit: Setting Device Profile CVar: [[r.Vulkan.UseRealUBs:1]]
[2018.08.20-01.26.41:584][  0]LogInit: Going up to parent DeviceProfile []
[2018.08.20-01.26.41:584][  0]LogInit: Computer: SUPER-BEAST
[2018.08.20-01.26.41:584][  0]LogInit: User: alex
[2018.08.20-01.26.41:584][  0]LogInit: CPU Page size=4096, Cores=4
[2018.08.20-01.26.41:584][  0]LogInit: High frequency timer resolution =4.101567 MHz
[2018.08.20-01.26.41:585][  0]LogMemory: Memory total: Physical=31.9GB (32GB approx)
[2018.08.20-01.26.41:585][  0]LogMemory: Platform Memory Stats for Windows
[2018.08.20-01.26.41:585][  0]LogMemory: Process Physical Memory: 101.56 MB used, 101.56 MB peak
[2018.08.20-01.26.41:585][  0]LogMemory: Process Virtual Memory: 94.14 MB used, 94.14 MB peak
[2018.08.20-01.26.41:585][  0]LogMemory: Physical Memory: 7246.56 MB used,  25378.35 MB free, 32624.91 MB total
[2018.08.20-01.26.41:585][  0]LogMemory: Virtual Memory: 4655.04 MB used,  25378.35 MB free, 134217728.00 MB total
[2018.08.20-01.26.41:592][  0]LogInit: Using OS detected language (en-US).
[2018.08.20-01.26.41:592][  0]LogInit: Using OS detected locale (en-US).
[2018.08.20-01.26.41:593][  0]LogTextLocalizationManager: No specific localization for 'en-US' exists, so the 'en' localization will be used.
[2018.08.20-01.26.41:882][  0]LogStreaming: Display: Took  0.290s to InitEngineTextLocalization.
[2018.08.20-01.26.41:882][  0]LogInit: Setting process to per monitor DPI aware
[2018.08.20-01.26.41:906][  0]LogSlate: New Slate User Created.  User Index 0, Is Virtual User: 0
[2018.08.20-01.26.41:906][  0]LogSlate: Slate User Registered.  User Index 0, Is Virtual User: 0
[2018.08.20-01.26.47:083][  0]LogHMD: Failed to initialize OpenVR with code 308
[2018.08.20-01.26.47:083][  0]LogD3D11RHI: D3D11 adapters:
[2018.08.20-01.26.47:106][  0]LogD3D11RHI:    0. 'Radeon (TM) RX 480 Graphics' (Feature Level 11_0)
[2018.08.20-01.26.47:106][  0]LogD3D11RHI:       8137/0/16312 MB DedicatedVideo/DedicatedSystem/SharedSystem, Outputs:1, VendorId:0x1002
[2018.08.20-01.26.47:113][  0]LogD3D11RHI:    1. 'Intel(R) HD Graphics 630' (Feature Level 11_0)
[2018.08.20-01.26.47:113][  0]LogD3D11RHI:       128/0/16312 MB DedicatedVideo/DedicatedSystem/SharedSystem, Outputs:0, VendorId:0x8086
[2018.08.20-01.26.47:114][  0]LogD3D11RHI:    2. 'Microsoft Basic Render Driver' (Feature Level 11_0)
[2018.08.20-01.26.47:114][  0]LogD3D11RHI:       0/0/16312 MB DedicatedVideo/DedicatedSystem/SharedSystem, Outputs:0, VendorId:0x1414
[2018.08.20-01.26.47:114][  0]LogD3D11RHI: Chosen D3D11 Adapter: 0
[2018.08.20-01.26.47:121][  0]LogD3D11RHI: Creating new Direct3DDevice
[2018.08.20-01.26.47:121][  0]LogD3D11RHI:     GPU DeviceId: 0x67df (for the marketing name, search the web for "GPU Device Id")
[2018.08.20-01.26.47:121][  0]LogWindows: EnumDisplayDevices:
[2018.08.20-01.26.47:121][  0]LogWindows:    0. 'Radeon (TM) RX 480 Graphics' (P:1 D:1)
[2018.08.20-01.26.47:122][  0]LogWindows:    1. 'Radeon (TM) RX 480 Graphics' (P:0 D:0)
[2018.08.20-01.26.47:122][  0]LogWindows:    2. 'Radeon (TM) RX 480 Graphics' (P:0 D:0)
[2018.08.20-01.26.47:122][  0]LogWindows:    3. 'Radeon (TM) RX 480 Graphics' (P:0 D:0)
[2018.08.20-01.26.47:122][  0]LogWindows:    4. 'Radeon (TM) RX 480 Graphics' (P:0 D:0)
[2018.08.20-01.26.47:122][  0]LogWindows:    5. 'Radeon (TM) RX 480 Graphics' (P:0 D:0)
[2018.08.20-01.26.47:123][  0]LogWindows:    6. 'Radeon (TM) RX 480 Graphics' (P:0 D:0)
[2018.08.20-01.26.47:123][  0]LogWindows:    7. 'Intel(R) HD Graphics 630' (P:0 D:0)
[2018.08.20-01.26.47:123][  0]LogWindows:    8. 'Intel(R) HD Graphics 630' (P:0 D:0)
[2018.08.20-01.26.47:123][  0]LogWindows:    9. 'Intel(R) HD Graphics 630' (P:0 D:0)
[2018.08.20-01.26.47:123][  0]LogWindows: DebugString: PrimaryIsNotTheChoosenAdapter PrimaryIsNotTheChoosenAdapter PrimaryIsNotTheChoosenAdapter FoundDriverCount:7 
[2018.08.20-01.26.47:123][  0]LogD3D11RHI:     Adapter Name: Radeon (TM) RX 480 Graphics
[2018.08.20-01.26.47:123][  0]LogD3D11RHI:   Driver Version: Adrenalin 18.8.1 (internal:24.20.13001.1010, unified:24.20.13001.1010)
[2018.08.20-01.26.47:123][  0]LogD3D11RHI:      Driver Date: 8-2-2018
[2018.08.20-01.26.47:123][  0]LogRHI: Texture pool is 5695 MB (70% of 8137 MB)
[2018.08.20-01.26.47:159][  0]LogD3D11RHI: Async texture creation enabled
[2018.08.20-01.26.47:168][  0]LogD3D11RHI: GPU Timing Frequency: 25.000000 (Debug: 2 1)
[2018.08.20-01.26.47:169][  0]LogShaderCompilers: Guid format shader working directory is 12 characters bigger than the processId version (../../../../Projects/AndriodProject/Intermediate/Shaders/WorkingDirectory/384/).
[2018.08.20-01.26.47:169][  0]LogShaderCompilers: Cleaned the shader compiler working directory 'C:/Users/alex_/AppData/Local/Temp/UnrealShaderWorkingDir/A8D08B074EB8062AA4B3CD9B212DE434/'.
[2018.08.20-01.26.47:367][  0]LogTemp: Display: Loaded TP AllDesktopTargetPlatform
[2018.08.20-01.26.47:376][  0]LogTemp: Display: Loaded TP MacClientTargetPlatform
[2018.08.20-01.26.47:385][  0]LogTemp: Display: Loaded TP MacNoEditorTargetPlatform
[2018.08.20-01.26.47:395][  0]LogTemp: Display: Loaded TP MacServerTargetPlatform
[2018.08.20-01.26.47:404][  0]LogTemp: Display: Loaded TP MacTargetPlatform
[2018.08.20-01.26.47:413][  0]LogTemp: Display: Loaded TP WindowsClientTargetPlatform
[2018.08.20-01.26.47:422][  0]LogTemp: Display: Loaded TP WindowsNoEditorTargetPlatform
[2018.08.20-01.26.47:431][  0]LogTemp: Display: Loaded TP WindowsServerTargetPlatform
[2018.08.20-01.26.47:435][  0]LogTemp: Display: Loaded TP WindowsTargetPlatform
[2018.08.20-01.26.47:491][  0]LogTemp: Display: Loaded TP AndroidTargetPlatform
[2018.08.20-01.26.47:491][  0]LogTemp: Display: Loaded TP AndroidTargetPlatform
[2018.08.20-01.26.47:491][  0]LogTemp: Display: Loaded TP AndroidTargetPlatform
[2018.08.20-01.26.47:491][  0]LogTemp: Display: Loaded TP AndroidTargetPlatform
[2018.08.20-01.26.47:491][  0]LogTemp: Display: Loaded TP AndroidTargetPlatform
[2018.08.20-01.26.47:491][  0]LogTemp: Display: Loaded TP AndroidTargetPlatform
[2018.08.20-01.26.47:491][  0]LogTemp: Display: Loaded TP AndroidTargetPlatform
[2018.08.20-01.26.47:491][  0]LogTemp: Display: Loaded TP AndroidTargetPlatform
[2018.08.20-01.26.47:491][  0]LogTemp: Display: Loaded TP AndroidTargetPlatform
[2018.08.20-01.26.47:491][  0]LogTemp: Display: Loaded TP AndroidTargetPlatform
[2018.08.20-01.26.47:491][  0]LogTemp: Display: Loaded TP AndroidTargetPlatform
[2018.08.20-01.26.47:491][  0]LogTemp: Display: Loaded TP AndroidTargetPlatform
[2018.08.20-01.26.47:491][  0]LogTemp: Display: Loaded TP AndroidTargetPlatform
[2018.08.20-01.26.47:491][  0]LogTemp: Display: Loaded TP AndroidTargetPlatform
[2018.08.20-01.26.47:491][  0]LogTemp: Display: Loaded TP AndroidTargetPlatform
[2018.08.20-01.26.47:491][  0]LogTemp: Display: Loaded TP AndroidTargetPlatform
[2018.08.20-01.26.47:491][  0]LogTemp: Display: Loaded TP AndroidTargetPlatform
[2018.08.20-01.26.47:491][  0]LogTemp: Display: Loaded TP AndroidTargetPlatform
[2018.08.20-01.26.47:492][  0]LogTemp: Display: Loaded TP HTML5TargetPlatform
[2018.08.20-01.26.47:543][  0]LogTemp: Display: Loaded TP IOSTargetPlatform
[2018.08.20-01.26.47:543][  0]LogTemp: Display: Loaded TP IOSTargetPlatform
[2018.08.20-01.26.47:560][  0]LogTemp: Display: Loaded TP TVOSTargetPlatform
[2018.08.20-01.26.47:560][  0]LogTemp: Display: Loaded TP TVOSTargetPlatform
[2018.08.20-01.26.47:568][  0]LogTemp: Display: Loaded TP LinuxClientTargetPlatform
[2018.08.20-01.26.47:576][  0]LogTemp: Display: Loaded TP LinuxNoEditorTargetPlatform
[2018.08.20-01.26.47:584][  0]LogTemp: Display: Loaded TP LinuxServerTargetPlatform
[2018.08.20-01.26.47:594][  0]LogTemp: Display: Loaded TP LinuxTargetPlatform
[2018.08.20-01.26.47:601][  0]LogTemp: Display: Loaded TP LuminTargetPlatform
[2018.08.20-01.26.47:601][  0]LogTargetPlatformManager: Display: Building Assets For Windows
[2018.08.20-01.26.47:629][  0]LogXGEController: Cannot use XGE Controller as Incredibuild is not installed on this machine.
[2018.08.20-01.26.47:629][  0]LogShaderCompilers: Cannot use XGE Shader Compiler as Incredibuild is not installed on this machine.
[2018.08.20-01.26.47:629][  0]LogShaderCompilers: Display: Using Local Shader Compiler.
[2018.08.20-01.26.48:100][  0]LogDerivedDataCache: Display: Max Cache Size: 512 MB
[2018.08.20-01.26.48:142][  0]LogDerivedDataCache: Loaded boot cache 0.04s 71MB C:/Users/alex_/AppData/Local/UnrealEngine/4.20/DerivedDataCache/Boot.ddc.
[2018.08.20-01.26.48:142][  0]LogDerivedDataCache: Display: Loaded Boot cache: C:/Users/alex_/AppData/Local/UnrealEngine/4.20/DerivedDataCache/Boot.ddc
[2018.08.20-01.26.48:142][  0]LogDerivedDataCache: FDerivedDataBackendGraph:  Pak pak cache file ../../../../Projects/AndriodProject/DerivedDataCache/DDC.ddp not found, will not use a pak cache.
[2018.08.20-01.26.48:142][  0]LogDerivedDataCache: Unable to find inner node Pak for hierarchical cache Hierarchy.
[2018.08.20-01.26.48:142][  0]LogDerivedDataCache: FDerivedDataBackendGraph:  CompressedPak pak cache file ../../../../Projects/AndriodProject/DerivedDataCache/Compressed.ddp not found, will not use a pak cache.
[2018.08.20-01.26.48:142][  0]LogDerivedDataCache: Unable to find inner node CompressedPak for hierarchical cache Hierarchy.
[2018.08.20-01.26.48:151][  0]LogDerivedDataCache: Display: Pak cache opened for reading ../../../Engine/DerivedDataCache/Compressed.ddp.
[2018.08.20-01.26.48:163][  0]LogDerivedDataCache: Using Local data cache path C:/Users/alex_/AppData/Local/UnrealEngine/Common/DerivedDataCache: Writable
[2018.08.20-01.26.48:163][  0]LogDerivedDataCache: Shared data cache path not found in *engine.ini, will not use an Shared cache.
[2018.08.20-01.26.48:163][  0]LogDerivedDataCache: Unable to find inner node Shared for hierarchical cache Hierarchy.
[2018.08.20-01.26.48:177][  0]LogMaterial: Verifying Global Shaders for PCD3D_SM5
[2018.08.20-01.26.48:178][  0]LogSlate: Using FreeType 2.6.0
[2018.08.20-01.26.48:178][  0]LogSlate: SlateFontServices - WITH_FREETYPE: 1, WITH_HARFBUZZ: 1
[2018.08.20-01.26.48:234][  0]LogAssetRegistry: FAssetRegistry took 0.0253 seconds to start up
[2018.08.20-01.26.48:444][  0]LogInit: Selected Device Profile: [Windows]
[2018.08.20-01.26.48:472][  0]LogSimplygon: Simplygon DLL not present - disabling.
[2018.08.20-01.26.48:473][  0]LogMeshReduction: Using SimplygonSwarm for distributed automatic mesh merging
[2018.08.20-01.26.48:473][  0]LogMeshReduction: Using ProxyLODMeshReduction for automatic mesh merging
[2018.08.20-01.26.48:473][  0]LogMeshReduction: Using QuadricMeshReduction for automatic static mesh reduction
[2018.08.20-01.26.48:473][  0]LogMeshReduction: No automatic skeletal mesh reduction module available
[2018.08.20-01.26.48:538][  0]LogNetVersion: AndriodProject 1.0.0, NetCL: 4212847, EngineNetVer: 5, GameNetVer: 0 (Checksum: 2413879159)
[2018.08.20-01.26.48:853][  0]LogPackageLocalizationCache: Processed 11 localized package path(s) for 2 prioritized culture(s) in 0.055037 seconds
[2018.08.20-01.26.48:857][  0]LogUObjectArray: 38425 objects as part of root set at end of initial load.
[2018.08.20-01.26.48:857][  0]LogUObjectAllocator: 6690872 out of 0 bytes used by permanent object pool.
[2018.08.20-01.26.48:857][  0]LogUObjectArray: CloseDisregardForGC: 0/0 objects in disregard for GC pool
[2018.08.20-01.26.49:398][  0]LogTcpMessaging: Initializing TcpMessaging bridge
[2018.08.20-01.26.49:410][  0]LogUdpMessaging: Initializing bridge on interface 0.0.0.0:0 to multicast group 230.0.0.1:6666.
[2018.08.20-01.26.49:517][  0]SourceControl: Source control is disabled
[2018.08.20-01.26.49:518][  0]SourceControl: Source control is disabled
[2018.08.20-01.26.49:518][  0]SourceControl: Source control is disabled
[2018.08.20-01.26.49:519][  0]SourceControl: Source control is disabled
[2018.08.20-01.26.49:650][  0]LogAndroidPermission: UAndroidPermissionCallbackProxy::GetInstance
[2018.08.20-01.26.49:732][  0]LogOcInput: OculusInput pre-init called
[2018.08.20-01.26.49:775][  0]LogEngine: Initializing Engine...
[2018.08.20-01.26.54:823][  0]LogHMD: Failed to initialize OpenVR with code 308
[2018.08.20-01.26.54:825][  0]LogStats: UGameplayTagsManager::ConstructGameplayTagTree: ImportINI prefixes -  0.000 s
[2018.08.20-01.26.54:825][  0]LogStats: UGameplayTagsManager::ConstructGameplayTagTree: Construct from data asset -  0.000 s
[2018.08.20-01.26.54:825][  0]LogStats: UGameplayTagsManager::ConstructGameplayTagTree: ImportINI -  0.000 s
[2018.08.20-01.26.54:825][  0]LogStats: UGameplayTagsManager::ConstructGameplayTagTree: GameplayTagTreeChangedEvent.Broadcast -  0.000 s
[2018.08.20-01.26.54:969][  0]LogInit: Initializing FReadOnlyCVARCache
[2018.08.20-01.26.54:976][  0]LogAIModule: Creating AISystem for world Untitled
[2018.08.20-01.26.55:001][  0]LogInit: XAudio2 using 'Headset Earphone (HyperX Virtual Surround Sound)' : 2 channels at 48 kHz using 16 bits per sample (channel mask 0x3)
[2018.08.20-01.26.55:010][  0]LogInit: FAudioDevice initialized.
[2018.08.20-01.26.55:010][  0]LogNetVersion: Set ProjectVersion to 1.0.0.0. Version Checksum will be recalculated on next use.
[2018.08.20-01.26.55:065][  0]LogDerivedDataCache: Saved boot cache 0.06s 71MB C:/Users/alex_/AppData/Local/UnrealEngine/4.20/DerivedDataCache/Boot.ddc.
[2018.08.20-01.26.55:075][  0]LogInit: Texture streaming: Enabled
[2018.08.20-01.26.55:082][  0]LogEngineSessionManager: EngineSessionManager initialized
[2018.08.20-01.26.55:111][  0]LogInit: Transaction tracking system initialized
[2018.08.20-01.26.55:120][  0]BlueprintLog: New page: Editor Load
[2018.08.20-01.26.55:156][  0]LocalizationService: Localization service is disabled
[2018.08.20-01.26.55:197][  0]LogLinker: Warning: Can't find file '/Game/TopDownBP/TopDownOverview'
[2018.08.20-01.26.55:197][  0]LogLinker: Warning: Can't find file '/Game/TopDownBP/TopDownOverview'
[2018.08.20-01.26.55:197][  0]LogUObjectGlobals: Warning: Failed to find object 'Class /Game/TopDownBP/TopDownOverview.TopDownOverview_C'
[2018.08.20-01.26.55:318][  0]LogCook: Display: Max memory allowance for cook 16384mb min free memory 0mb
[2018.08.20-01.26.55:318][  0]LogCook: Display: Mobile HDR setting 0
[2018.08.20-01.26.55:318][  0]LogGameplayTags: Display: UGameplayTagsManager::DoneAddingNativeTags. DelegateIsBound: 0
[2018.08.20-01.26.55:318][  0]LogStats: UGameplayTagsManager::ConstructGameplayTagTree: ImportINI prefixes -  0.000 s
[2018.08.20-01.26.55:318][  0]LogStats: UGameplayTagsManager::ConstructGameplayTagTree: Construct from data asset -  0.000 s
[2018.08.20-01.26.55:318][  0]LogStats: UGameplayTagsManager::ConstructGameplayTagTree: ImportINI -  0.000 s
[2018.08.20-01.26.55:318][  0]LogStats: UGameplayTagsManager::ConstructGameplayTagTree: GameplayTagTreeChangedEvent.Broadcast -  0.000 s
[2018.08.20-01.26.55:386][  0]LogFileCache: Scanning file cache for directory 'X:/Unreal Engine/Projects/AndriodProject/Content/' took 0.01s
[2018.08.20-01.26.55:386][  0]SourceControl: Source control is disabled
[2018.08.20-01.26.55:386][  0]Cmd: MAP LOAD FILE="../../../../Projects/AndriodProject/Content/ThirdPersonBP/Maps/ThirdPersonExampleMap.umap" TEMPLATE=0 SHOWPROGRESS=1 FEATURELEVEL=3
[2018.08.20-01.26.55:386][  0]LightingResults: New page: Lighting Build
[2018.08.20-01.26.55:387][  0]MapCheck: New page: Map Check
[2018.08.20-01.26.55:387][  0]LightingResults: New page: Lighting Build
[2018.08.20-01.26.55:658][  0]LogAIModule: Creating AISystem for world ThirdPersonExampleMap
[2018.08.20-01.26.55:672][  0]LogEditorServer: Finished looking for orphan Actors (0.000 secs)
[2018.08.20-01.26.55:697][  0]Cmd: MAP CHECKDEP NOCLEARLOG
[2018.08.20-01.26.55:739][  0]MapCheck: Map check complete: 0 Error(s), 0 Warning(s), took 41.326ms to complete.
[2018.08.20-01.26.55:739][  0]LogFileHelpers: Loading map 'ThirdPersonExampleMap' took 0.353
[2018.08.20-01.26.55:834][  0]LogSlate: Updating window title bar state: overlay mode, drag disabled, window buttons hidden, title bar hidden
[2018.08.20-01.26.55:840][  0]LogSlate: Updating window title bar state: overlay mode, drag disabled, window buttons hidden, title bar hidden
[2018.08.20-01.26.55:849][  0]LogSlate: Updating window title bar state: overlay mode, drag disabled, window buttons hidden, title bar hidden
[2018.08.20-01.26.55:858][  0]LogSlate: Updating window title bar state: overlay mode, drag disabled, window buttons hidden, title bar hidden
[2018.08.20-01.26.55:862][  0]LogCollectionManager: Loaded 0 collections in 0.000869 seconds
[2018.08.20-01.26.55:900][  0]LogFileCache: Scanning file cache for directory 'X:/Unreal Engine/Projects/AndriodProject/Saved/Collections/' took 0.01s
[2018.08.20-01.26.55:900][  0]LogFileCache: Scanning file cache for directory 'X:/Unreal Engine/Projects/AndriodProject/Content/Developers/alex/Collections/' took 0.01s
[2018.08.20-01.26.55:900][  0]LogFileCache: Scanning file cache for directory 'X:/Unreal Engine/Projects/AndriodProject/Content/Collections/' took 0.01s
[2018.08.20-01.26.55:900][  0]LogCollectionManager: Rebuilt the GUID cache for 0 collections in 0.000000 seconds
[2018.08.20-01.26.55:908][  0]LogContentBrowser: Native class hierarchy populated in 0.0079 seconds. Added 2572 classes and 603 folders.
[2018.08.20-01.26.55:914][  0]LogContentBrowser: Native class hierarchy updated for 'WidgetCarousel' in 0.0003 seconds. Added 0 classes and 0 folders.
[2018.08.20-01.26.55:942][  0]LogContentBrowser: Native class hierarchy updated for 'AddContentDialog' in 0.0002 seconds. Added 0 classes and 0 folders.
[2018.08.20-01.26.55:945][  0]LogContentBrowser: Native class hierarchy updated for 'SceneOutliner' in 0.0002 seconds. Added 1 classes and 2 folders.
[2018.08.20-01.26.56:025][  0]LogContentBrowser: Native class hierarchy updated for 'HierarchicalLODOutliner' in 0.0002 seconds. Added 0 classes and 0 folders.
[2018.08.20-01.26.56:025][  0]LogLoad: (Engine Initialization) Total time: 15.98 seconds
[2018.08.20-01.26.56:025][  0]LogLoad: (Engine Initialization) Total Blueprint compile time: 0.00 seconds
[2018.08.20-01.26.56:057][  0]LogAssetRegistry: Asset discovery search completed in 7.8457 seconds
[2018.08.20-01.26.56:059][  0]LogCollectionManager: Rebuilt the object cache for 0 collections in 0.000000 seconds (found 0 objects)
[2018.08.20-01.26.56:059][  0]LogCollectionManager: Fixed up redirectors for 0 collections in 0.000049 seconds (updated 0 objects)
[2018.08.20-01.26.56:060][  0]LogContentStreaming: Texture pool size now 3000 MB
[2018.08.20-01.26.56:068][  0]LogSlate: Took 0.000118 seconds to synchronously load lazily loaded font '../../../Engine/Content/Slate/Fonts/Roboto-Regular.ttf' (155K)
[2018.08.20-01.26.56:069][  0]LogSlate: Took 0.000103 seconds to synchronously load lazily loaded font '../../../Engine/Content/Slate/Fonts/Roboto-Bold.ttf' (160K)
[2018.08.20-01.26.56:072][  0]LogSlate: Took 0.000109 seconds to synchronously load lazily loaded font '../../../Engine/Content/Editor/Slate/Fonts/FontAwesome.ttf' (139K)
[2018.08.20-01.26.56:165][  0]LogRenderer: Reallocating scene render targets to support 420x512 Format 10 NumSamples 1 (Frame:1).
[2018.08.20-01.26.56:165][  0]LogSlate: Took 0.000159 seconds to synchronously load lazily loaded font '../../../Engine/Content/Slate/Fonts/Roboto-Light.ttf' (167K)
[2018.08.20-01.26.58:689][245]LogRenderer: Reallocating scene render targets to support 892x576 Format 10 NumSamples 1 (Frame:246).
[2018.08.20-01.27.17:729][528]LogSlate: FSceneViewport::OnFocusLost() reason 0
[2018.08.20-01.27.17:862][544]LogTemp: Repeating last play command: Selected Viewport
[2018.08.20-01.27.17:872][544]LogBlueprintUserMessages: Early PlayInEditor Detection: Level '/Game/ThirdPersonBP/Maps/ThirdPersonExampleMap.ThirdPersonExampleMap:PersistentLevel' has LevelScriptBlueprint '/Game/ThirdPersonBP/Maps/ThirdPersonExampleMap.ThirdPersonExampleMap:PersistentLevel.ThirdPersonExampleMap' with GeneratedClass '/Game/ThirdPersonBP/Maps/ThirdPersonExampleMap.ThirdPersonExampleMap_C' with ClassGeneratedBy '/Game/ThirdPersonBP/Maps/ThirdPersonExampleMap.ThirdPersonExampleMap:PersistentLevel.ThirdPersonExampleMap'
[2018.08.20-01.27.17:872][544]LogPlayLevel: PlayLevel: No blueprints needed recompiling
[2018.08.20-01.27.17:884][544]PIE: New page: PIE session: ThirdPersonExampleMap (Aug 19, 2018, 5:27:17 PM)
[2018.08.20-01.27.17:884][544]LogPlayLevel: Creating play world package: /Game/ThirdPersonBP/Maps/UEDPIE_0_ThirdPersonExampleMap
[2018.08.20-01.27.17:900][544]LogPlayLevel: PIE: StaticDuplicateObject took: (0.015469s)
[2018.08.20-01.27.17:900][544]LogAIModule: Creating AISystem for world ThirdPersonExampleMap
[2018.08.20-01.27.17:900][544]LogPlayLevel: PIE: World Init took: (0.000679s)
[2018.08.20-01.27.17:900][544]LogPlayLevel: PIE: Created PIE world by copying editor world from /Game/ThirdPersonBP/Maps/ThirdPersonExampleMap.ThirdPersonExampleMap to /Game/ThirdPersonBP/Maps/UEDPIE_0_ThirdPersonExampleMap.ThirdPersonExampleMap (0.016324s)
[2018.08.20-01.27.17:928][544]LogInit: XAudio2 using 'Headset Earphone (HyperX Virtual Surround Sound)' : 2 channels at 48 kHz using 16 bits per sample (channel mask 0x3)
[2018.08.20-01.27.17:934][544]LogInit: FAudioDevice initialized.
[2018.08.20-01.27.18:089][544]LogLoad: Game class is 'MOBA_AI_GAMEMODE_C'
[2018.08.20-01.27.18:091][544]LogWorld: Bringing World /Game/ThirdPersonBP/Maps/UEDPIE_0_ThirdPersonExampleMap.ThirdPersonExampleMap up for play (max tick rate 0) at 2018.08.19-21.27.18
[2018.08.20-01.27.18:091][544]LogWorld: Bringing up level for play took: 0.000855
[2018.08.20-01.27.18:105][544]LogContentBrowser: Native class hierarchy updated for 'MovieSceneCapture' in 0.0002 seconds. Added 10 classes and 0 folders.
[2018.08.20-01.27.18:106][544]PIE: Play in editor start time for /Game/ThirdPersonBP/Maps/UEDPIE_0_ThirdPersonExampleMap -0.02
[2018.08.20-01.27.18:106][544]LogBlueprintUserMessages: Late PlayInEditor Detection: Level '/Game/ThirdPersonBP/Maps/ThirdPersonExampleMap.ThirdPersonExampleMap:PersistentLevel' has LevelScriptBlueprint '/Game/ThirdPersonBP/Maps/ThirdPersonExampleMap.ThirdPersonExampleMap:PersistentLevel.ThirdPersonExampleMap' with GeneratedClass '/Game/ThirdPersonBP/Maps/ThirdPersonExampleMap.ThirdPersonExampleMap_C' with ClassGeneratedBy '/Game/ThirdPersonBP/Maps/ThirdPersonExampleMap.ThirdPersonExampleMap:PersistentLevel.ThirdPersonExampleMap'
[2018.08.20-01.27.34:632][524]LogBlueprintUserMessages: Early EndPlayMap Detection: Level '/Game/ThirdPersonBP/Maps/ThirdPersonExampleMap.ThirdPersonExampleMap:PersistentLevel' has LevelScriptBlueprint '/Game/ThirdPersonBP/Maps/ThirdPersonExampleMap.ThirdPersonExampleMap:PersistentLevel.ThirdPersonExampleMap' with GeneratedClass '/Game/ThirdPersonBP/Maps/ThirdPersonExampleMap.ThirdPersonExampleMap_C' with ClassGeneratedBy '/Game/ThirdPersonBP/Maps/ThirdPersonExampleMap.ThirdPersonExampleMap:PersistentLevel.ThirdPersonExampleMap'
[2018.08.20-01.27.34:632][524]LogSlate: Updating window title bar state: overlay mode, drag disabled, window buttons hidden, title bar hidden
[2018.08.20-01.27.34:667][524]LogPlayLevel: Display: Shutting down PIE online subsystems
[2018.08.20-01.27.34:668][524]LogBlueprintUserMessages: Late EndPlayMap Detection: Level '/Game/ThirdPersonBP/Maps/ThirdPersonExampleMap.ThirdPersonExampleMap:PersistentLevel' has LevelScriptBlueprint '/Game/ThirdPersonBP/Maps/ThirdPersonExampleMap.ThirdPersonExampleMap:PersistentLevel.ThirdPersonExampleMap' with GeneratedClass '/Game/ThirdPersonBP/Maps/ThirdPersonExampleMap.ThirdPersonExampleMap_C' with ClassGeneratedBy '/Game/ThirdPersonBP/Maps/ThirdPersonExampleMap.ThirdPersonExampleMap:PersistentLevel.ThirdPersonExampleMap'
[2018.08.20-01.27.34:685][524]LogSlate: Updating window title bar state: overlay mode, drag disabled, window buttons hidden, title bar hidden
[2018.08.20-01.27.34:737][529]LogPlayLevel: Display: Destroying online subsystem :Context_1
[2018.08.20-01.27.39:823][139]LogSlate: FSceneViewport::OnFocusLost() reason 0
[2018.08.20-01.28.07:275][394]LogSlate: FSceneViewport::OnFocusLost() reason 0
[2018.08.20-01.28.23:695][155]LogSlate: Only BGRA pngs, bmps or icos are supported in by External Image Picker
[2018.08.20-01.28.23:751][156]LogTemp: Executing iPhonePackager certificates Engine -bundlename com.YourCompany.AndriodProject
[2018.08.20-01.28.23:751][156]LogTemp: CWD: X:\Unreal Engine\UE_4.20\Engine\Binaries\DotNET\IOS
[2018.08.20-01.28.23:751][156]LogTemp: Initial Dir: X:\Unreal Engine\UE_4.20
[2018.08.20-01.28.23:751][156]LogTemp: Env CWD: X:\Unreal Engine\UE_4.20\Engine\Binaries\DotNET\IOS
[2018.08.20-01.28.23:751][156]LogTemp: BranchPath = SUPER-BEAST/X/Unreal Engine/UE_4.20/Engine/Binaries --- GameBranchPath = SUPER-BEAST/X/Unreal Engine/UE_4.20/Engine/Binaries
[2018.08.20-01.28.23:751][156]LogTemp: IPP ERROR: Could not find provision directory 'C:\Users\alex_\AppData\Local/Apple Computer/MobileDevice/Provisioning Profiles/'.
[2018.08.20-01.28.46:025][802]LogSlate: Window 'Project Settings' being destroyed
[2018.08.20-01.28.46:027][802]LogSlate: Window 'Project Settings' being destroyed
[2018.08.20-01.29.16:708][ 69]LogUProjectInfo: Found projects:
[2018.08.20-01.38.09:143][802]LogSlate: Window 'Open Project' being destroyed
[2018.08.20-01.38.30:821][848]LogSlate: Took 0.000139 seconds to synchronously load lazily loaded font '../../../Engine/Content/Slate/Fonts/Roboto-Light.ttf' (167K)
[2018.08.20-01.38.30:826][848]LogAssetEditorManager: Opening Asset editor for Blueprint /Game/MOBA_Minion_AI/AI/Minion_AI_Pawn.Minion_AI_Pawn
[2018.08.20-01.38.31:124][848]LogContentBrowser: Native class hierarchy updated for 'BlueprintGraph' in 0.0004 seconds. Added 116 classes and 0 folders.
[2018.08.20-01.38.31:655][848]LogSlate: Took 0.000140 seconds to synchronously load lazily loaded font '../../../Engine/Content/Slate/Fonts/Roboto-BoldCondensed.ttf' (158K)
[2018.08.20-01.38.31:713][849]LogSlate: Took 0.000152 seconds to synchronously load lazily loaded font '../../../Engine/Content/Slate/Fonts/Roboto-Italic.ttf' (157K)
[2018.08.20-01.38.42:629][151]LogAssetEditorManager: Opening Asset editor for Blueprint /Game/MOBA_Minion_AI/Game/MOBA_AI_GAMEMODE.MOBA_AI_GAMEMODE
[2018.08.20-01.40.07:190][417]BlueprintLog: New page: Compile MOBA_AI_GAMEMODE
[2018.08.20-01.40.07:837][465]Cmd: OBJ SAVEPACKAGE PACKAGE="/Game/MOBA_Minion_AI/Game/MOBA_AI_GAMEMODE" FILE="../../../../Projects/AndriodProject/Content/MOBA_Minion_AI/Game/MOBA_AI_GAMEMODE.uasset" SILENT=true
[2018.08.20-01.40.07:884][465]LogSavePackage: Moving '../../../../Projects/AndriodProject/Saved/MOBA_AI_GAMEMODE97427F3945D02C1799848A811F1BC307.tmp' to '../../../../Projects/AndriodProject/Content/MOBA_Minion_AI/Game/MOBA_AI_GAMEMODE.uasset'
[2018.08.20-01.40.09:495][657]Cmd: OBJ SAVEPACKAGE PACKAGE="/Game/MOBA_Minion_AI/Game/MOBA_AI_GAMEMODE" FILE="../../../../Projects/AndriodProject/Content/MOBA_Minion_AI/Game/MOBA_AI_GAMEMODE.uasset" SILENT=true
[2018.08.20-01.40.09:538][657]LogSavePackage: Moving '../../../../Projects/AndriodProject/Saved/MOBA_AI_GAMEMODED7E92B0847920222832637878709467E.tmp' to '../../../../Projects/AndriodProject/Content/MOBA_Minion_AI/Game/MOBA_AI_GAMEMODE.uasset'
[2018.08.20-01.40.14:205][152]LogTemp: Repeating last play command: Selected Viewport
[2018.08.20-01.40.14:220][152]LogBlueprintUserMessages: Early PlayInEditor Detection: Level '/Game/ThirdPersonBP/Maps/ThirdPersonExampleMap.ThirdPersonExampleMap:PersistentLevel' has LevelScriptBlueprint '/Game/ThirdPersonBP/Maps/ThirdPersonExampleMap.ThirdPersonExampleMap:PersistentLevel.ThirdPersonExampleMap' with GeneratedClass '/Game/ThirdPersonBP/Maps/ThirdPersonExampleMap.ThirdPersonExampleMap_C' with ClassGeneratedBy '/Game/ThirdPersonBP/Maps/ThirdPersonExampleMap.ThirdPersonExampleMap:PersistentLevel.ThirdPersonExampleMap'
[2018.08.20-01.40.14:220][152]LogPlayLevel: PlayLevel: No blueprints needed recompiling
[2018.08.20-01.40.14:220][152]PIE: New page: PIE session: ThirdPersonExampleMap (Aug 19, 2018, 5:40:14 PM)
[2018.08.20-01.40.14:221][152]LogPlayLevel: Creating play world package: /Game/ThirdPersonBP/Maps/UEDPIE_0_ThirdPersonExampleMap
[2018.08.20-01.40.14:231][152]LogPlayLevel: PIE: StaticDuplicateObject took: (0.010551s)
[2018.08.20-01.40.14:232][152]LogAIModule: Creating AISystem for world ThirdPersonExampleMap
[2018.08.20-01.40.14:232][152]LogPlayLevel: PIE: World Init took: (0.000784s)
[2018.08.20-01.40.14:232][152]LogPlayLevel: PIE: Created PIE world by copying editor world from /Game/ThirdPersonBP/Maps/ThirdPersonExampleMap.ThirdPersonExampleMap to /Game/ThirdPersonBP/Maps/UEDPIE_0_ThirdPersonExampleMap.ThirdPersonExampleMap (0.011472s)
[2018.08.20-01.40.14:266][152]LogInit: XAudio2 using 'Headset Earphone (HyperX Virtual Surround Sound)' : 2 channels at 48 kHz using 16 bits per sample (channel mask 0x3)
[2018.08.20-01.40.14:272][152]LogInit: FAudioDevice initialized.
[2018.08.20-01.40.14:302][152]LogLoad: Game class is 'MOBA_AI_GAMEMODE_C'
[2018.08.20-01.40.14:303][152]LogWorld: Bringing World /Game/ThirdPersonBP/Maps/UEDPIE_0_ThirdPersonExampleMap.ThirdPersonExampleMap up for play (max tick rate 0) at 2018.08.19-21.40.14
[2018.08.20-01.40.14:303][152]LogWorld: Bringing up level for play took: 0.000834
[2018.08.20-01.40.14:315][152]PIE: Play in editor start time for /Game/ThirdPersonBP/Maps/UEDPIE_0_ThirdPersonExampleMap 0.19
[2018.08.20-01.40.14:316][152]LogBlueprintUserMessages: Late PlayInEditor Detection: Level '/Game/ThirdPersonBP/Maps/ThirdPersonExampleMap.ThirdPersonExampleMap:PersistentLevel' has LevelScriptBlueprint '/Game/ThirdPersonBP/Maps/ThirdPersonExampleMap.ThirdPersonExampleMap:PersistentLevel.ThirdPersonExampleMap' with GeneratedClass '/Game/ThirdPersonBP/Maps/ThirdPersonExampleMap.ThirdPersonExampleMap_C' with ClassGeneratedBy '/Game/ThirdPersonBP/Maps/ThirdPersonExampleMap.ThirdPersonExampleMap:PersistentLevel.ThirdPersonExampleMap'
[2018.08.20-01.40.27:939][734]LogBlueprintUserMessages: Early EndPlayMap Detection: Level '/Game/ThirdPersonBP/Maps/ThirdPersonExampleMap.ThirdPersonExampleMap:PersistentLevel' has LevelScriptBlueprint '/Game/ThirdPersonBP/Maps/ThirdPersonExampleMap.ThirdPersonExampleMap:PersistentLevel.ThirdPersonExampleMap' with GeneratedClass '/Game/ThirdPersonBP/Maps/ThirdPersonExampleMap.ThirdPersonExampleMap_C' with ClassGeneratedBy '/Game/ThirdPersonBP/Maps/ThirdPersonExampleMap.ThirdPersonExampleMap:PersistentLevel.ThirdPersonExampleMap'
[2018.08.20-01.40.27:939][734]LogSlate: Updating window title bar state: overlay mode, drag disabled, window buttons hidden, title bar hidden
[2018.08.20-01.40.27:972][734]LogPlayLevel: Display: Shutting down PIE online subsystems
[2018.08.20-01.40.27:972][734]LogBlueprintUserMessages: Late EndPlayMap Detection: Level '/Game/ThirdPersonBP/Maps/ThirdPersonExampleMap.ThirdPersonExampleMap:PersistentLevel' has LevelScriptBlueprint '/Game/ThirdPersonBP/Maps/ThirdPersonExampleMap.ThirdPersonExampleMap:PersistentLevel.ThirdPersonExampleMap' with GeneratedClass '/Game/ThirdPersonBP/Maps/ThirdPersonExampleMap.ThirdPersonExampleMap_C' with ClassGeneratedBy '/Game/ThirdPersonBP/Maps/ThirdPersonExampleMap.ThirdPersonExampleMap:PersistentLevel.ThirdPersonExampleMap'
[2018.08.20-01.40.27:995][734]LogSlate: Updating window title bar state: overlay mode, drag disabled, window buttons hidden, title bar hidden
[2018.08.20-01.40.28:040][738]LogPlayLevel: Display: Destroying online subsystem :Context_6
[2018.08.20-01.40.28:908][841]LogSlate: FSceneViewport::OnFocusLost() reason 2
[2018.08.20-01.41.40:130][239]BlueprintLog: New page: Compile MOBA_AI_GAMEMODE
[2018.08.20-01.41.41:005][316]Cmd: OBJ SAVEPACKAGE PACKAGE="/Game/MOBA_Minion_AI/Game/MOBA_AI_GAMEMODE" FILE="../../../../Projects/AndriodProject/Content/MOBA_Minion_AI/Game/MOBA_AI_GAMEMODE.uasset" SILENT=true
[2018.08.20-01.41.41:050][316]LogSavePackage: Moving '../../../../Projects/AndriodProject/Saved/MOBA_AI_GAMEMODEE4E0269C4A0B6B4C4DBADA8D7C18B802.tmp' to '../../../../Projects/AndriodProject/Content/MOBA_Minion_AI/Game/MOBA_AI_GAMEMODE.uasset'
[2018.08.20-01.41.57:318][261]LogSlate: FSceneViewport::OnFocusLost() reason 0
[2018.08.20-01.44.40:335][ 95]LogAssetEditorManager: Opening Asset editor for Blueprint /Game/MOBA_Minion_AI/Units/Minion.Minion
[2018.08.20-01.48.52:611][216]LogFileHelpers: Editor autosave (incl. sublevels) for '/Game/ThirdPersonBP/Maps/ThirdPersonExampleMap' took 0.022
[2018.08.20-01.48.52:612][216]OBJ SavePackage: Generating thumbnails for [0] asset(s) in package [/Game/MOBA_Minion_AI/AI/Minion_AI_Pawn] ([1] browsable assets)...
[2018.08.20-01.48.52:612][216]OBJ SavePackage: Finished generating thumbnails for package [/Game/MOBA_Minion_AI/AI/Minion_AI_Pawn]
[2018.08.20-01.48.52:639][216]LogSavePackage: Moving '../../../../Projects/AndriodProject/Saved/Minion_AI_Pawn_Auto148C14B7042D7F3E658629D8E812D8D07.tmp' to '../../../../Projects/AndriodProject/Saved/Autosaves/Game/MOBA_Minion_AI/AI/Minion_AI_Pawn_Auto1.uasset'
[2018.08.20-01.48.52:640][216]LogFileHelpers: Auto-saving content packages took 0.028
[2018.08.20-02.00.00:362][538]LogSlate: FSceneViewport::OnFocusLost() reason 2
[2018.08.20-02.00.25:965][595]LogFileHelpers: Editor autosave (incl. sublevels) for '/Game/ThirdPersonBP/Maps/ThirdPersonExampleMap' took 0.027
[2018.08.20-02.00.25:966][595]OBJ SavePackage: Generating thumbnails for [0] asset(s) in package [/Game/MOBA_Minion_AI/Game/MOBA_AI_GAMEMODE] ([1] browsable assets)...
[2018.08.20-02.00.25:966][595]OBJ SavePackage: Finished generating thumbnails for package [/Game/MOBA_Minion_AI/Game/MOBA_AI_GAMEMODE]
[2018.08.20-02.00.26:011][595]LogSavePackage: Moving '../../../../Projects/AndriodProject/Saved/MOBA_AI_GAMEMODE_Auto24600FB9F4E2D2B456837BE94AC80FC13.tmp' to '../../../../Projects/AndriodProject/Saved/Autosaves/Game/MOBA_Minion_AI/Game/MOBA_AI_GAMEMODE_Auto2.uasset'
[2018.08.20-02.00.26:011][595]OBJ SavePackage: Generating thumbnails for [0] asset(s) in package [/Game/MOBA_Minion_AI/AI/Minion_AI_Pawn] ([1] browsable assets)...
[2018.08.20-02.00.26:012][595]OBJ SavePackage: Finished generating thumbnails for package [/Game/MOBA_Minion_AI/AI/Minion_AI_Pawn]
[2018.08.20-02.00.26:036][595]LogSavePackage: Moving '../../../../Projects/AndriodProject/Saved/Minion_AI_Pawn_Auto278E2178F45A16FFA9271A2ADF1898C24.tmp' to '../../../../Projects/AndriodProject/Saved/Autosaves/Game/MOBA_Minion_AI/AI/Minion_AI_Pawn_Auto2.uasset'
[2018.08.20-02.00.26:037][595]LogFileHelpers: Auto-saving content packages took 0.072
[2018.08.20-02.00.28:474][861]LogSlate: FSceneViewport::OnFocusLost() reason 0
[2018.08.20-02.00.28:549][870]BlueprintLog: New page: Compile MOBA_AI_GAMEMODE
[2018.08.20-02.00.29:068][905]Cmd: OBJ SAVEPACKAGE PACKAGE="/Game/MOBA_Minion_AI/Game/MOBA_AI_GAMEMODE" FILE="../../../../Projects/AndriodProject/Content/MOBA_Minion_AI/Game/MOBA_AI_GAMEMODE.uasset" SILENT=true
[2018.08.20-02.00.29:110][905]LogSavePackage: Moving '../../../../Projects/AndriodProject/Saved/MOBA_AI_GAMEMODE7823CA994D53D0CEB4B30DA8D293C339.tmp' to '../../../../Projects/AndriodProject/Content/MOBA_Minion_AI/Game/MOBA_AI_GAMEMODE.uasset'
[2018.08.20-02.00.32:084][261]LogSlate: FSceneViewport::OnFocusLost() reason 0
[2018.08.20-02.02.31:354][171]BlueprintLog: New page: Compile MOBA_AI_GAMEMODE
[2018.08.20-02.02.32:100][232]Cmd: OBJ SAVEPACKAGE PACKAGE="/Game/MOBA_Minion_AI/Game/MOBA_AI_GAMEMODE" FILE="../../../../Projects/AndriodProject/Content/MOBA_Minion_AI/Game/MOBA_AI_GAMEMODE.uasset" SILENT=true
[2018.08.20-02.02.32:145][232]LogSavePackage: Moving '../../../../Projects/AndriodProject/Saved/MOBA_AI_GAMEMODE5D2629684303015B3379B1833E3F22A6.tmp' to '../../../../Projects/AndriodProject/Content/MOBA_Minion_AI/Game/MOBA_AI_GAMEMODE.uasset'
[2018.08.20-02.02.33:405][383]LogSlate: FSceneViewport::OnFocusLost() reason 0
[2018.08.20-02.02.34:388][501]BlueprintLog: New page: Compile Minion_AI_Pawn
[2018.08.20-02.02.35:122][571]Cmd: OBJ SAVEPACKAGE PACKAGE="/Game/MOBA_Minion_AI/AI/Minion_AI_Pawn" FILE="../../../../Projects/AndriodProject/Content/MOBA_Minion_AI/AI/Minion_AI_Pawn.uasset" SILENT=true
[2018.08.20-02.02.35:145][571]LogSavePackage: Moving '../../../../Projects/AndriodProject/Saved/Minion_AI_Pawn688DFA33425AF8C96669B5A6EE55F434.tmp' to '../../../../Projects/AndriodProject/Content/MOBA_Minion_AI/AI/Minion_AI_Pawn.uasset'
[2018.08.20-02.02.36:181][695]LogSlate: FSceneViewport::OnFocusLost() reason 0
[2018.08.20-02.03.37:167][498]LogAssetEditorManager: Opening Asset editor for Blueprint /Game/MOBA_Minion_AI/AI/Services/UpdateTarget.UpdateTarget
[2018.08.20-02.05.10:750][431]Cmd: OBJ SAVEPACKAGE PACKAGE="/Game/MOBA_Minion_AI/AI/Services/UpdateTarget" FILE="../../../../Projects/AndriodProject/Content/MOBA_Minion_AI/AI/Services/UpdateTarget.uasset" SILENT=true
[2018.08.20-02.05.10:772][431]LogSavePackage: Moving '../../../../Projects/AndriodProject/Saved/UpdateTargetDCCC457846D4E8923F29C380A514EF06.tmp' to '../../../../Projects/AndriodProject/Content/MOBA_Minion_AI/AI/Services/UpdateTarget.uasset'
[2018.08.20-02.05.11:427][509]LogSlate: FSceneViewport::OnFocusLost() reason 0
[2018.08.20-02.08.49:315][122]BlueprintLog: New page: Compile UpdateTarget
[2018.08.20-02.08.50:128][201]Cmd: OBJ SAVEPACKAGE PACKAGE="/Game/MOBA_Minion_AI/AI/Services/UpdateTarget" FILE="../../../../Projects/AndriodProject/Content/MOBA_Minion_AI/AI/Services/UpdateTarget.uasset" SILENT=true
[2018.08.20-02.08.50:148][201]LogSavePackage: Moving '../../../../Projects/AndriodProject/Saved/UpdateTarget7C7F74B44E265450E370CF9721D58ACE.tmp' to '../../../../Projects/AndriodProject/Content/MOBA_Minion_AI/AI/Services/UpdateTarget.uasset'
[2018.08.20-02.08.52:926][479]LogSlate: FSceneViewport::OnFocusLost() reason 2
[2018.08.20-02.08.53:761][577]LogTemp: Repeating last play command: Selected Viewport
[2018.08.20-02.08.53:779][577]LogBlueprintUserMessages: Early PlayInEditor Detection: Level '/Game/ThirdPersonBP/Maps/ThirdPersonExampleMap.ThirdPersonExampleMap:PersistentLevel' has LevelScriptBlueprint '/Game/ThirdPersonBP/Maps/ThirdPersonExampleMap.ThirdPersonExampleMap:PersistentLevel.ThirdPersonExampleMap' with GeneratedClass '/Game/ThirdPersonBP/Maps/ThirdPersonExampleMap.ThirdPersonExampleMap_C' with ClassGeneratedBy '/Game/ThirdPersonBP/Maps/ThirdPersonExampleMap.ThirdPersonExampleMap:PersistentLevel.ThirdPersonExampleMap'
[2018.08.20-02.08.53:779][577]LogPlayLevel: PlayLevel: No blueprints needed recompiling
[2018.08.20-02.08.53:779][577]PIE: New page: PIE session: ThirdPersonExampleMap (Aug 19, 2018, 6:08:53 PM)
[2018.08.20-02.08.53:779][577]LogPlayLevel: Creating play world package: /Game/ThirdPersonBP/Maps/UEDPIE_0_ThirdPersonExampleMap
[2018.08.20-02.08.53:790][577]LogPlayLevel: PIE: StaticDuplicateObject took: (0.010496s)
[2018.08.20-02.08.53:791][577]LogAIModule: Creating AISystem for world ThirdPersonExampleMap
[2018.08.20-02.08.53:791][577]LogPlayLevel: PIE: World Init took: (0.001231s)
[2018.08.20-02.08.53:791][577]LogPlayLevel: PIE: Created PIE world by copying editor world from /Game/ThirdPersonBP/Maps/ThirdPersonExampleMap.ThirdPersonExampleMap to /Game/ThirdPersonBP/Maps/UEDPIE_0_ThirdPersonExampleMap.ThirdPersonExampleMap (0.011962s)
[2018.08.20-02.08.53:829][577]LogInit: XAudio2 using 'Headset Earphone (HyperX Virtual Surround Sound)' : 2 channels at 48 kHz using 16 bits per sample (channel mask 0x3)
[2018.08.20-02.08.53:834][577]LogInit: FAudioDevice initialized.
[2018.08.20-02.08.53:834][577]LogSlate: FSceneViewport::OnFocusLost() reason 2
[2018.08.20-02.08.53:865][577]LogLoad: Game class is 'MOBA_AI_GAMEMODE_C'
[2018.08.20-02.08.53:866][577]LogWorld: Bringing World /Game/ThirdPersonBP/Maps/UEDPIE_0_ThirdPersonExampleMap.ThirdPersonExampleMap up for play (max tick rate 0) at 2018.08.19-22.08.53
[2018.08.20-02.08.53:866][577]LogWorld: Bringing up level for play took: 0.000883
[2018.08.20-02.08.53:878][577]PIE: Play in editor start time for /Game/ThirdPersonBP/Maps/UEDPIE_0_ThirdPersonExampleMap -0.247
[2018.08.20-02.08.53:879][577]LogBlueprintUserMessages: Late PlayInEditor Detection: Level '/Game/ThirdPersonBP/Maps/ThirdPersonExampleMap.ThirdPersonExampleMap:PersistentLevel' has LevelScriptBlueprint '/Game/ThirdPersonBP/Maps/ThirdPersonExampleMap.ThirdPersonExampleMap:PersistentLevel.ThirdPersonExampleMap' with GeneratedClass '/Game/ThirdPersonBP/Maps/ThirdPersonExampleMap.ThirdPersonExampleMap_C' with ClassGeneratedBy '/Game/ThirdPersonBP/Maps/ThirdPersonExampleMap.ThirdPersonExampleMap:PersistentLevel.ThirdPersonExampleMap'
[2018.08.20-02.09.28:397][713]LogBlueprintUserMessages: Early EndPlayMap Detection: Level '/Game/ThirdPersonBP/Maps/ThirdPersonExampleMap.ThirdPersonExampleMap:PersistentLevel' has LevelScriptBlueprint '/Game/ThirdPersonBP/Maps/ThirdPersonExampleMap.ThirdPersonExampleMap:PersistentLevel.ThirdPersonExampleMap' with GeneratedClass '/Game/ThirdPersonBP/Maps/ThirdPersonExampleMap.ThirdPersonExampleMap_C' with ClassGeneratedBy '/Game/ThirdPersonBP/Maps/ThirdPersonExampleMap.ThirdPersonExampleMap:PersistentLevel.ThirdPersonExampleMap'
[2018.08.20-02.09.28:397][713]LogSlate: Updating window title bar state: overlay mode, drag disabled, window buttons hidden, title bar hidden
[2018.08.20-02.09.28:431][713]LogPlayLevel: Display: Shutting down PIE online subsystems
[2018.08.20-02.09.28:431][713]LogBlueprintUserMessages: Late EndPlayMap Detection: Level '/Game/ThirdPersonBP/Maps/ThirdPersonExampleMap.ThirdPersonExampleMap:PersistentLevel' has LevelScriptBlueprint '/Game/ThirdPersonBP/Maps/ThirdPersonExampleMap.ThirdPersonExampleMap:PersistentLevel.ThirdPersonExampleMap' with GeneratedClass '/Game/ThirdPersonBP/Maps/ThirdPersonExampleMap.ThirdPersonExampleMap_C' with ClassGeneratedBy '/Game/ThirdPersonBP/Maps/ThirdPersonExampleMap.ThirdPersonExampleMap:PersistentLevel.ThirdPersonExampleMap'
[2018.08.20-02.09.28:458][713]LogSlate: Updating window title bar state: overlay mode, drag disabled, window buttons hidden, title bar hidden
[2018.08.20-02.09.28:497][717]LogPlayLevel: Display: Destroying online subsystem :Context_10
[2018.08.20-02.09.32:157][123]LogSlate: FSceneViewport::OnFocusLost() reason 0
[2018.08.20-02.10.59:412][525]Cmd: OBJ SAVEPACKAGE PACKAGE="/Game/MOBA_Minion_AI/Game/MOBA_AI_GAMEMODE" FILE="../../../../Projects/AndriodProject/Content/MOBA_Minion_AI/Game/MOBA_AI_GAMEMODE.uasset" SILENT=true
[2018.08.20-02.10.59:460][525]LogSavePackage: Moving '../../../../Projects/AndriodProject/Saved/MOBA_AI_GAMEMODE404B4C4E45A4696FD7C9B6BC2C90D4EA.tmp' to '../../../../Projects/AndriodProject/Content/MOBA_Minion_AI/Game/MOBA_AI_GAMEMODE.uasset'
[2018.08.20-02.10.59:877][574]LogSlate: FSceneViewport::OnFocusLost() reason 0
[2018.08.20-02.10.59:933][581]BlueprintLog: New page: Compile MOBA_AI_GAMEMODE
[2018.08.20-02.11.00:642][637]Cmd: OBJ SAVEPACKAGE PACKAGE="/Game/MOBA_Minion_AI/Game/MOBA_AI_GAMEMODE" FILE="../../../../Projects/AndriodProject/Content/MOBA_Minion_AI/Game/MOBA_AI_GAMEMODE.uasset" SILENT=true
[2018.08.20-02.11.00:684][637]LogSavePackage: Moving '../../../../Projects/AndriodProject/Saved/MOBA_AI_GAMEMODEFE0D76124005DF9514C4DDBD78C6056E.tmp' to '../../../../Projects/AndriodProject/Content/MOBA_Minion_AI/Game/MOBA_AI_GAMEMODE.uasset'
[2018.08.20-02.11.01:358][715]LogSlate: FSceneViewport::OnFocusLost() reason 0
[2018.08.20-02.11.01:450][726]LogTemp: Repeating last play command: Selected Viewport
[2018.08.20-02.11.01:469][726]LogBlueprintUserMessages: Early PlayInEditor Detection: Level '/Game/ThirdPersonBP/Maps/ThirdPersonExampleMap.ThirdPersonExampleMap:PersistentLevel' has LevelScriptBlueprint '/Game/ThirdPersonBP/Maps/ThirdPersonExampleMap.ThirdPersonExampleMap:PersistentLevel.ThirdPersonExampleMap' with GeneratedClass '/Game/ThirdPersonBP/Maps/ThirdPersonExampleMap.ThirdPersonExampleMap_C' with ClassGeneratedBy '/Game/ThirdPersonBP/Maps/ThirdPersonExampleMap.ThirdPersonExampleMap:PersistentLevel.ThirdPersonExampleMap'
[2018.08.20-02.11.01:469][726]LogPlayLevel: PlayLevel: No blueprints needed recompiling
[2018.08.20-02.11.01:469][726]PIE: New page: PIE session: ThirdPersonExampleMap (Aug 19, 2018, 6:11:01 PM)
[2018.08.20-02.11.01:469][726]LogPlayLevel: Creating play world package: /Game/ThirdPersonBP/Maps/UEDPIE_0_ThirdPersonExampleMap
[2018.08.20-02.11.01:479][726]LogPlayLevel: PIE: StaticDuplicateObject took: (0.010368s)
[2018.08.20-02.11.01:480][726]LogAIModule: Creating AISystem for world ThirdPersonExampleMap
[2018.08.20-02.11.01:480][726]LogPlayLevel: PIE: World Init took: (0.001080s)
[2018.08.20-02.11.01:481][726]LogPlayLevel: PIE: Created PIE world by copying editor world from /Game/ThirdPersonBP/Maps/ThirdPersonExampleMap.ThirdPersonExampleMap to /Game/ThirdPersonBP/Maps/UEDPIE_0_ThirdPersonExampleMap.ThirdPersonExampleMap (0.011614s)
[2018.08.20-02.11.01:513][726]LogInit: XAudio2 using 'Headset Earphone (HyperX Virtual Surround Sound)' : 2 channels at 48 kHz using 16 bits per sample (channel mask 0x3)
[2018.08.20-02.11.01:519][726]LogInit: FAudioDevice initialized.
[2018.08.20-02.11.01:550][726]LogLoad: Game class is 'MOBA_AI_GAMEMODE_C'
[2018.08.20-02.11.01:551][726]LogWorld: Bringing World /Game/ThirdPersonBP/Maps/UEDPIE_0_ThirdPersonExampleMap.ThirdPersonExampleMap up for play (max tick rate 0) at 2018.08.19-22.11.01
[2018.08.20-02.11.01:551][726]LogWorld: Bringing up level for play took: 0.000867
[2018.08.20-02.11.01:563][726]PIE: Play in editor start time for /Game/ThirdPersonBP/Maps/UEDPIE_0_ThirdPersonExampleMap -0.562
[2018.08.20-02.11.01:564][726]LogBlueprintUserMessages: Late PlayInEditor Detection: Level '/Game/ThirdPersonBP/Maps/ThirdPersonExampleMap.ThirdPersonExampleMap:PersistentLevel' has LevelScriptBlueprint '/Game/ThirdPersonBP/Maps/ThirdPersonExampleMap.ThirdPersonExampleMap:PersistentLevel.ThirdPersonExampleMap' with GeneratedClass '/Game/ThirdPersonBP/Maps/ThirdPersonExampleMap.ThirdPersonExampleMap_C' with ClassGeneratedBy '/Game/ThirdPersonBP/Maps/ThirdPersonExampleMap.ThirdPersonExampleMap:PersistentLevel.ThirdPersonExampleMap'
[2018.08.20-02.11.14:051][211]LogSlate: FSceneViewport::OnFocusLost() reason 0
[2018.08.20-02.11.16:165][464]LogBlueprintUserMessages: Early EndPlayMap Detection: Level '/Game/ThirdPersonBP/Maps/ThirdPersonExampleMap.ThirdPersonExampleMap:PersistentLevel' has LevelScriptBlueprint '/Game/ThirdPersonBP/Maps/ThirdPersonExampleMap.ThirdPersonExampleMap:PersistentLevel.ThirdPersonExampleMap' with GeneratedClass '/Game/ThirdPersonBP/Maps/ThirdPersonExampleMap.ThirdPersonExampleMap_C' with ClassGeneratedBy '/Game/ThirdPersonBP/Maps/ThirdPersonExampleMap.ThirdPersonExampleMap:PersistentLevel.ThirdPersonExampleMap'
[2018.08.20-02.11.16:165][464]LogSlate: Updating window title bar state: overlay mode, drag disabled, window buttons hidden, title bar hidden
[2018.08.20-02.11.16:195][464]LogPlayLevel: Display: Shutting down PIE online subsystems
[2018.08.20-02.11.16:195][464]LogBlueprintUserMessages: Late EndPlayMap Detection: Level '/Game/ThirdPersonBP/Maps/ThirdPersonExampleMap.ThirdPersonExampleMap:PersistentLevel' has LevelScriptBlueprint '/Game/ThirdPersonBP/Maps/ThirdPersonExampleMap.ThirdPersonExampleMap:PersistentLevel.ThirdPersonExampleMap' with GeneratedClass '/Game/ThirdPersonBP/Maps/ThirdPersonExampleMap.ThirdPersonExampleMap_C' with ClassGeneratedBy '/Game/ThirdPersonBP/Maps/ThirdPersonExampleMap.ThirdPersonExampleMap:PersistentLevel.ThirdPersonExampleMap'
[2018.08.20-02.11.16:222][464]LogSlate: Updating window title bar state: overlay mode, drag disabled, window buttons hidden, title bar hidden
[2018.08.20-02.11.16:264][468]LogPlayLevel: Display: Destroying online subsystem :Context_11
[2018.08.20-02.11.24:940][497]BlueprintLog: New page: Compile MOBA_AI_GAMEMODE
[2018.08.20-02.11.25:583][546]Cmd: OBJ SAVEPACKAGE PACKAGE="/Game/MOBA_Minion_AI/Game/MOBA_AI_GAMEMODE" FILE="../../../../Projects/AndriodProject/Content/MOBA_Minion_AI/Game/MOBA_AI_GAMEMODE.uasset" SILENT=true
[2018.08.20-02.11.25:629][546]LogSavePackage: Moving '../../../../Projects/AndriodProject/Saved/MOBA_AI_GAMEMODE5C2F82F34A2B301EC9C5DEA947C694F4.tmp' to '../../../../Projects/AndriodProject/Content/MOBA_Minion_AI/Game/MOBA_AI_GAMEMODE.uasset'
[2018.08.20-02.11.28:327][866]LogTemp: Repeating last play command: Selected Viewport
[2018.08.20-02.11.28:346][866]LogBlueprintUserMessages: Early PlayInEditor Detection: Level '/Game/ThirdPersonBP/Maps/ThirdPersonExampleMap.ThirdPersonExampleMap:PersistentLevel' has LevelScriptBlueprint '/Game/ThirdPersonBP/Maps/ThirdPersonExampleMap.ThirdPersonExampleMap:PersistentLevel.ThirdPersonExampleMap' with GeneratedClass '/Game/ThirdPersonBP/Maps/ThirdPersonExampleMap.ThirdPersonExampleMap_C' with ClassGeneratedBy '/Game/ThirdPersonBP/Maps/ThirdPersonExampleMap.ThirdPersonExampleMap:PersistentLevel.ThirdPersonExampleMap'
[2018.08.20-02.11.28:346][866]LogPlayLevel: PlayLevel: No blueprints needed recompiling
[2018.08.20-02.11.28:347][866]PIE: New page: PIE session: ThirdPersonExampleMap (Aug 19, 2018, 6:11:28 PM)
[2018.08.20-02.11.28:347][866]LogPlayLevel: Creating play world package: /Game/ThirdPersonBP/Maps/UEDPIE_0_ThirdPersonExampleMap
[2018.08.20-02.11.28:355][866]LogPlayLevel: PIE: StaticDuplicateObject took: (0.008820s)
[2018.08.20-02.11.28:356][866]LogAIModule: Creating AISystem for world ThirdPersonExampleMap
[2018.08.20-02.11.28:356][866]LogPlayLevel: PIE: World Init took: (0.000505s)
[2018.08.20-02.11.28:356][866]LogPlayLevel: PIE: Created PIE world by copying editor world from /Game/ThirdPersonBP/Maps/ThirdPersonExampleMap.ThirdPersonExampleMap to /Game/ThirdPersonBP/Maps/UEDPIE_0_ThirdPersonExampleMap.ThirdPersonExampleMap (0.009428s)
[2018.08.20-02.11.28:393][866]LogInit: XAudio2 using 'Headset Earphone (HyperX Virtual Surround Sound)' : 2 channels at 48 kHz using 16 bits per sample (channel mask 0x3)
[2018.08.20-02.11.28:399][866]LogInit: FAudioDevice initialized.
[2018.08.20-02.11.28:430][866]LogLoad: Game class is 'MOBA_AI_GAMEMODE_C'
[2018.08.20-02.11.28:431][866]LogWorld: Bringing World /Game/ThirdPersonBP/Maps/UEDPIE_0_ThirdPersonExampleMap.ThirdPersonExampleMap up for play (max tick rate 0) at 2018.08.19-22.11.28
[2018.08.20-02.11.28:431][866]LogWorld: Bringing up level for play took: 0.000746
[2018.08.20-02.11.28:442][866]PIE: Play in editor start time for /Game/ThirdPersonBP/Maps/UEDPIE_0_ThirdPersonExampleMap 0.317
[2018.08.20-02.11.28:443][866]LogBlueprintUserMessages: Late PlayInEditor Detection: Level '/Game/ThirdPersonBP/Maps/ThirdPersonExampleMap.ThirdPersonExampleMap:PersistentLevel' has LevelScriptBlueprint '/Game/ThirdPersonBP/Maps/ThirdPersonExampleMap.ThirdPersonExampleMap:PersistentLevel.ThirdPersonExampleMap' with GeneratedClass '/Game/ThirdPersonBP/Maps/ThirdPersonExampleMap.ThirdPersonExampleMap_C' with ClassGeneratedBy '/Game/ThirdPersonBP/Maps/ThirdPersonExampleMap.ThirdPersonExampleMap:PersistentLevel.ThirdPersonExampleMap'
[2018.08.20-02.11.41:927][481]LogSlate: FSceneViewport::OnFocusLost() reason 0
[2018.08.20-02.11.54:775][ 22]LogSlate: FSceneViewport::OnFocusLost() reason 0
[2018.08.20-02.11.58:345][446]LogBlueprintUserMessages: Early EndPlayMap Detection: Level '/Game/ThirdPersonBP/Maps/ThirdPersonExampleMap.ThirdPersonExampleMap:PersistentLevel' has LevelScriptBlueprint '/Game/ThirdPersonBP/Maps/ThirdPersonExampleMap.ThirdPersonExampleMap:PersistentLevel.ThirdPersonExampleMap' with GeneratedClass '/Game/ThirdPersonBP/Maps/ThirdPersonExampleMap.ThirdPersonExampleMap_C' with ClassGeneratedBy '/Game/ThirdPersonBP/Maps/ThirdPersonExampleMap.ThirdPersonExampleMap:PersistentLevel.ThirdPersonExampleMap'
[2018.08.20-02.11.58:346][446]LogSlate: Updating window title bar state: overlay mode, drag disabled, window buttons hidden, title bar hidden
[2018.08.20-02.11.58:376][446]LogPlayLevel: Display: Shutting down PIE online subsystems
[2018.08.20-02.11.58:376][446]LogBlueprintUserMessages: Late EndPlayMap Detection: Level '/Game/ThirdPersonBP/Maps/ThirdPersonExampleMap.ThirdPersonExampleMap:PersistentLevel' has LevelScriptBlueprint '/Game/ThirdPersonBP/Maps/ThirdPersonExampleMap.ThirdPersonExampleMap:PersistentLevel.ThirdPersonExampleMap' with GeneratedClass '/Game/ThirdPersonBP/Maps/ThirdPersonExampleMap.ThirdPersonExampleMap_C' with ClassGeneratedBy '/Game/ThirdPersonBP/Maps/ThirdPersonExampleMap.ThirdPersonExampleMap:PersistentLevel.ThirdPersonExampleMap'
[2018.08.20-02.11.58:404][446]LogSlate: Updating window title bar state: overlay mode, drag disabled, window buttons hidden, title bar hidden
[2018.08.20-02.11.58:446][450]LogPlayLevel: Display: Destroying online subsystem :Context_12
[2018.08.20-02.12.16:064][512]Cmd: OBJ SAVEPACKAGE PACKAGE="/Game/MOBA_Minion_AI/Game/MOBA_AI_GAMEMODE" FILE="../../../../Projects/AndriodProject/Content/MOBA_Minion_AI/Game/MOBA_AI_GAMEMODE.uasset" SILENT=true
[2018.08.20-02.12.16:109][512]LogSavePackage: Moving '../../../../Projects/AndriodProject/Saved/MOBA_AI_GAMEMODE5F5B9D154D22C68DB46F66A33FAE46BC.tmp' to '../../../../Projects/AndriodProject/Content/MOBA_Minion_AI/Game/MOBA_AI_GAMEMODE.uasset'
[2018.08.20-02.12.16:738][587]BlueprintLog: New page: Compile MOBA_AI_GAMEMODE
[2018.08.20-02.12.28:870][  6]BlueprintLog: New page: Compile Minion_AI_Pawn
[2018.08.20-02.12.29:426][ 54]Cmd: OBJ SAVEPACKAGE PACKAGE="/Game/MOBA_Minion_AI/AI/Minion_AI_Pawn" FILE="../../../../Projects/AndriodProject/Content/MOBA_Minion_AI/AI/Minion_AI_Pawn.uasset" SILENT=true
[2018.08.20-02.12.29:451][ 54]LogSavePackage: Moving '../../../../Projects/AndriodProject/Saved/Minion_AI_Pawn68BE099C45FB43F6E38D718AD84FF714.tmp' to '../../../../Projects/AndriodProject/Content/MOBA_Minion_AI/AI/Minion_AI_Pawn.uasset'
[2018.08.20-02.12.32:792][446]LogTemp: Repeating last play command: Selected Viewport
[2018.08.20-02.12.32:810][446]LogBlueprintUserMessages: Early PlayInEditor Detection: Level '/Game/ThirdPersonBP/Maps/ThirdPersonExampleMap.ThirdPersonExampleMap:PersistentLevel' has LevelScriptBlueprint '/Game/ThirdPersonBP/Maps/ThirdPersonExampleMap.ThirdPersonExampleMap:PersistentLevel.ThirdPersonExampleMap' with GeneratedClass '/Game/ThirdPersonBP/Maps/ThirdPersonExampleMap.ThirdPersonExampleMap_C' with ClassGeneratedBy '/Game/ThirdPersonBP/Maps/ThirdPersonExampleMap.ThirdPersonExampleMap:PersistentLevel.ThirdPersonExampleMap'
[2018.08.20-02.12.32:810][446]LogPlayLevel: PlayLevel: No blueprints needed recompiling
[2018.08.20-02.12.32:810][446]PIE: New page: PIE session: ThirdPersonExampleMap (Aug 19, 2018, 6:12:32 PM)
[2018.08.20-02.12.32:811][446]LogPlayLevel: Creating play world package: /Game/ThirdPersonBP/Maps/UEDPIE_0_ThirdPersonExampleMap
[2018.08.20-02.12.32:820][446]LogPlayLevel: PIE: StaticDuplicateObject took: (0.009125s)
[2018.08.20-02.12.32:820][446]LogAIModule: Creating AISystem for world ThirdPersonExampleMap
[2018.08.20-02.12.32:820][446]LogPlayLevel: PIE: World Init took: (0.000509s)
[2018.08.20-02.12.32:820][446]LogPlayLevel: PIE: Created PIE world by copying editor world from /Game/ThirdPersonBP/Maps/ThirdPersonExampleMap.ThirdPersonExampleMap to /Game/ThirdPersonBP/Maps/UEDPIE_0_ThirdPersonExampleMap.ThirdPersonExampleMap (0.009737s)
[2018.08.20-02.12.32:856][446]LogInit: XAudio2 using 'Headset Earphone (HyperX Virtual Surround Sound)' : 2 channels at 48 kHz using 16 bits per sample (channel mask 0x3)
[2018.08.20-02.12.32:862][446]LogInit: FAudioDevice initialized.
[2018.08.20-02.12.32:891][446]LogLoad: Game class is 'MOBA_AI_GAMEMODE_C'
[2018.08.20-02.12.32:892][446]LogWorld: Bringing World /Game/ThirdPersonBP/Maps/UEDPIE_0_ThirdPersonExampleMap.ThirdPersonExampleMap up for play (max tick rate 0) at 2018.08.19-22.12.32
[2018.08.20-02.12.32:892][446]LogWorld: Bringing up level for play took: 0.000756
[2018.08.20-02.12.32:904][446]PIE: Play in editor start time for /Game/ThirdPersonBP/Maps/UEDPIE_0_ThirdPersonExampleMap 0.779
[2018.08.20-02.12.32:905][446]LogBlueprintUserMessages: Late PlayInEditor Detection: Level '/Game/ThirdPersonBP/Maps/ThirdPersonExampleMap.ThirdPersonExampleMap:PersistentLevel' has LevelScriptBlueprint '/Game/ThirdPersonBP/Maps/ThirdPersonExampleMap.ThirdPersonExampleMap:PersistentLevel.ThirdPersonExampleMap' with GeneratedClass '/Game/ThirdPersonBP/Maps/ThirdPersonExampleMap.ThirdPersonExampleMap_C' with ClassGeneratedBy '/Game/ThirdPersonBP/Maps/ThirdPersonExampleMap.ThirdPersonExampleMap:PersistentLevel.ThirdPersonExampleMap'
[2018.08.20-02.16.13:965][897]LogSlate: FSceneViewport::OnFocusLost() reason 0
[2018.08.20-02.16.17:303][279]LogBlueprintUserMessages: Early EndPlayMap Detection: Level '/Game/ThirdPersonBP/Maps/ThirdPersonExampleMap.ThirdPersonExampleMap:PersistentLevel' has LevelScriptBlueprint '/Game/ThirdPersonBP/Maps/ThirdPersonExampleMap.ThirdPersonExampleMap:PersistentLevel.ThirdPersonExampleMap' with GeneratedClass '/Game/ThirdPersonBP/Maps/ThirdPersonExampleMap.ThirdPersonExampleMap_C' with ClassGeneratedBy '/Game/ThirdPersonBP/Maps/ThirdPersonExampleMap.ThirdPersonExampleMap:PersistentLevel.ThirdPersonExampleMap'
[2018.08.20-02.16.17:303][279]LogSlate: Updating window title bar state: overlay mode, drag disabled, window buttons hidden, title bar hidden
[2018.08.20-02.16.17:334][279]LogPlayLevel: Display: Shutting down PIE online subsystems
[2018.08.20-02.16.17:334][279]LogBlueprintUserMessages: Late EndPlayMap Detection: Level '/Game/ThirdPersonBP/Maps/ThirdPersonExampleMap.ThirdPersonExampleMap:PersistentLevel' has LevelScriptBlueprint '/Game/ThirdPersonBP/Maps/ThirdPersonExampleMap.ThirdPersonExampleMap:PersistentLevel.ThirdPersonExampleMap' with GeneratedClass '/Game/ThirdPersonBP/Maps/ThirdPersonExampleMap.ThirdPersonExampleMap_C' with ClassGeneratedBy '/Game/ThirdPersonBP/Maps/ThirdPersonExampleMap.ThirdPersonExampleMap:PersistentLevel.ThirdPersonExampleMap'
[2018.08.20-02.16.17:361][279]LogSlate: Updating window title bar state: overlay mode, drag disabled, window buttons hidden, title bar hidden
[2018.08.20-02.16.17:406][283]LogPlayLevel: Display: Destroying online subsystem :Context_13
[2018.08.20-02.16.35:239][413]BlueprintLog: New page: Compile Minion_AI_Pawn
[2018.08.20-02.16.35:939][478]Cmd: OBJ SAVEPACKAGE PACKAGE="/Game/MOBA_Minion_AI/AI/Minion_AI_Pawn" FILE="../../../../Projects/AndriodProject/Content/MOBA_Minion_AI/AI/Minion_AI_Pawn.uasset" SILENT=true
[2018.08.20-02.16.35:963][478]LogSavePackage: Moving '../../../../Projects/AndriodProject/Saved/Minion_AI_Pawn71C890EE41CC0B5196C1419E4D11F56A.tmp' to '../../../../Projects/AndriodProject/Content/MOBA_Minion_AI/AI/Minion_AI_Pawn.uasset'
[2018.08.20-02.16.37:244][630]LogTemp: Repeating last play command: Selected Viewport
[2018.08.20-02.16.37:264][630]LogBlueprintUserMessages: Early PlayInEditor Detection: Level '/Game/ThirdPersonBP/Maps/ThirdPersonExampleMap.ThirdPersonExampleMap:PersistentLevel' has LevelScriptBlueprint '/Game/ThirdPersonBP/Maps/ThirdPersonExampleMap.ThirdPersonExampleMap:PersistentLevel.ThirdPersonExampleMap' with GeneratedClass '/Game/ThirdPersonBP/Maps/ThirdPersonExampleMap.ThirdPersonExampleMap_C' with ClassGeneratedBy '/Game/ThirdPersonBP/Maps/ThirdPersonExampleMap.ThirdPersonExampleMap:PersistentLevel.ThirdPersonExampleMap'
[2018.08.20-02.16.37:264][630]LogPlayLevel: PlayLevel: No blueprints needed recompiling
[2018.08.20-02.16.37:264][630]PIE: New page: PIE session: ThirdPersonExampleMap (Aug 19, 2018, 6:16:37 PM)
[2018.08.20-02.16.37:264][630]LogPlayLevel: Creating play world package: /Game/ThirdPersonBP/Maps/UEDPIE_0_ThirdPersonExampleMap
[2018.08.20-02.16.37:273][630]LogPlayLevel: PIE: StaticDuplicateObject took: (0.009619s)
[2018.08.20-02.16.37:273][630]LogAIModule: Creating AISystem for world ThirdPersonExampleMap
[2018.08.20-02.16.37:273][630]LogPlayLevel: PIE: World Init took: (0.000550s)
[2018.08.20-02.16.37:273][630]LogPlayLevel: PIE: Created PIE world by copying editor world from /Game/ThirdPersonBP/Maps/ThirdPersonExampleMap.ThirdPersonExampleMap to /Game/ThirdPersonBP/Maps/UEDPIE_0_ThirdPersonExampleMap.ThirdPersonExampleMap (0.010269s)
[2018.08.20-02.16.37:307][630]LogInit: XAudio2 using 'Headset Earphone (HyperX Virtual Surround Sound)' : 2 channels at 48 kHz using 16 bits per sample (channel mask 0x3)
[2018.08.20-02.16.37:312][630]LogInit: FAudioDevice initialized.
[2018.08.20-02.16.37:346][630]LogLoad: Game class is 'MOBA_AI_GAMEMODE_C'
[2018.08.20-02.16.37:347][630]LogWorld: Bringing World /Game/ThirdPersonBP/Maps/UEDPIE_0_ThirdPersonExampleMap.ThirdPersonExampleMap up for play (max tick rate 0) at 2018.08.19-22.16.37
[2018.08.20-02.16.37:348][630]LogWorld: Bringing up level for play took: 0.000916
[2018.08.20-02.16.37:359][630]PIE: Play in editor start time for /Game/ThirdPersonBP/Maps/UEDPIE_0_ThirdPersonExampleMap -0.766
[2018.08.20-02.16.37:360][630]LogBlueprintUserMessages: Late PlayInEditor Detection: Level '/Game/ThirdPersonBP/Maps/ThirdPersonExampleMap.ThirdPersonExampleMap:PersistentLevel' has LevelScriptBlueprint '/Game/ThirdPersonBP/Maps/ThirdPersonExampleMap.ThirdPersonExampleMap:PersistentLevel.ThirdPersonExampleMap' with GeneratedClass '/Game/ThirdPersonBP/Maps/ThirdPersonExampleMap.ThirdPersonExampleMap_C' with ClassGeneratedBy '/Game/ThirdPersonBP/Maps/ThirdPersonExampleMap.ThirdPersonExampleMap:PersistentLevel.ThirdPersonExampleMap'
[2018.08.20-02.16.44:123][391]LogSlate: FSceneViewport::OnFocusLost() reason 0
[2018.08.20-02.16.51:490][272]LogBlueprintUserMessages: Early EndPlayMap Detection: Level '/Game/ThirdPersonBP/Maps/ThirdPersonExampleMap.ThirdPersonExampleMap:PersistentLevel' has LevelScriptBlueprint '/Game/ThirdPersonBP/Maps/ThirdPersonExampleMap.ThirdPersonExampleMap:PersistentLevel.ThirdPersonExampleMap' with GeneratedClass '/Game/ThirdPersonBP/Maps/ThirdPersonExampleMap.ThirdPersonExampleMap_C' with ClassGeneratedBy '/Game/ThirdPersonBP/Maps/ThirdPersonExampleMap.ThirdPersonExampleMap:PersistentLevel.ThirdPersonExampleMap'
[2018.08.20-02.16.51:490][272]LogSlate: Updating window title bar state: overlay mode, drag disabled, window buttons hidden, title bar hidden
[2018.08.20-02.16.51:519][272]LogPlayLevel: Display: Shutting down PIE online subsystems
[2018.08.20-02.16.51:519][272]LogBlueprintUserMessages: Late EndPlayMap Detection: Level '/Game/ThirdPersonBP/Maps/ThirdPersonExampleMap.ThirdPersonExampleMap:PersistentLevel' has LevelScriptBlueprint '/Game/ThirdPersonBP/Maps/ThirdPersonExampleMap.ThirdPersonExampleMap:PersistentLevel.ThirdPersonExampleMap' with GeneratedClass '/Game/ThirdPersonBP/Maps/ThirdPersonExampleMap.ThirdPersonExampleMap_C' with ClassGeneratedBy '/Game/ThirdPersonBP/Maps/ThirdPersonExampleMap.ThirdPersonExampleMap:PersistentLevel.ThirdPersonExampleMap'
[2018.08.20-02.16.51:546][272]LogSlate: Updating window title bar state: overlay mode, drag disabled, window buttons hidden, title bar hidden
[2018.08.20-02.16.51:593][276]LogPlayLevel: Display: Destroying online subsystem :Context_14
[2018.08.20-02.17.29:505][811]LogFileHelpers: Editor autosave (incl. sublevels) for '/Game/ThirdPersonBP/Maps/ThirdPersonExampleMap' took 0.019
[2018.08.20-02.17.29:506][811]OBJ SavePackage: Generating thumbnails for [0] asset(s) in package [/Game/MOBA_Minion_AI/AI/Minion_AI_Pawn] ([1] browsable assets)...
[2018.08.20-02.17.29:506][811]OBJ SavePackage: Finished generating thumbnails for package [/Game/MOBA_Minion_AI/AI/Minion_AI_Pawn]
[2018.08.20-02.17.29:531][811]LogSavePackage: Moving '../../../../Projects/AndriodProject/Saved/Minion_AI_Pawn_Auto3AF68FCDC4849B5AFA55B9BAE730B9D9D.tmp' to '../../../../Projects/AndriodProject/Saved/Autosaves/Game/MOBA_Minion_AI/AI/Minion_AI_Pawn_Auto3.uasset'
[2018.08.20-02.17.29:532][811]LogFileHelpers: Auto-saving content packages took 0.027
[2018.08.20-02.20.40:115][175]BlueprintLog: New page: Compile Minion_AI_Pawn
[2018.08.20-02.20.40:679][224]Cmd: OBJ SAVEPACKAGE PACKAGE="/Game/MOBA_Minion_AI/AI/Minion_AI_Pawn" FILE="../../../../Projects/AndriodProject/Content/MOBA_Minion_AI/AI/Minion_AI_Pawn.uasset" SILENT=true
[2018.08.20-02.20.40:704][224]LogSavePackage: Moving '../../../../Projects/AndriodProject/Saved/Minion_AI_Pawn0D5019024CEC442BC2213EB8DE14AD4E.tmp' to '../../../../Projects/AndriodProject/Content/MOBA_Minion_AI/AI/Minion_AI_Pawn.uasset'
[2018.08.20-02.22.00:416][673]LogSlate: Prevented a slow task dialog from being summoned while a context menu was open
[2018.08.20-02.25.03:878][421]BlueprintLog: New page: Compile MOBA_AI_GAMEMODE
[2018.08.20-02.25.04:385][457]Cmd: OBJ SAVEPACKAGE PACKAGE="/Game/MOBA_Minion_AI/Game/MOBA_AI_GAMEMODE" FILE="../../../../Projects/AndriodProject/Content/MOBA_Minion_AI/Game/MOBA_AI_GAMEMODE.uasset" SILENT=true
[2018.08.20-02.25.04:434][457]LogSavePackage: Moving '../../../../Projects/AndriodProject/Saved/MOBA_AI_GAMEMODE6C95353B41920624CB9882BBC8DBEB93.tmp' to '../../../../Projects/AndriodProject/Content/MOBA_Minion_AI/Game/MOBA_AI_GAMEMODE.uasset'
[2018.08.20-02.25.11:684][140]LogTemp: Repeating last play command: Selected Viewport
[2018.08.20-02.25.11:704][140]LogBlueprintUserMessages: Early PlayInEditor Detection: Level '/Game/ThirdPersonBP/Maps/ThirdPersonExampleMap.ThirdPersonExampleMap:PersistentLevel' has LevelScriptBlueprint '/Game/ThirdPersonBP/Maps/ThirdPersonExampleMap.ThirdPersonExampleMap:PersistentLevel.ThirdPersonExampleMap' with GeneratedClass '/Game/ThirdPersonBP/Maps/ThirdPersonExampleMap.ThirdPersonExampleMap_C' with ClassGeneratedBy '/Game/ThirdPersonBP/Maps/ThirdPersonExampleMap.ThirdPersonExampleMap:PersistentLevel.ThirdPersonExampleMap'
[2018.08.20-02.25.11:704][140]LogPlayLevel: PlayLevel: No blueprints needed recompiling
[2018.08.20-02.25.11:704][140]PIE: New page: PIE session: ThirdPersonExampleMap (Aug 19, 2018, 6:25:11 PM)
[2018.08.20-02.25.11:704][140]LogPlayLevel: Creating play world package: /Game/ThirdPersonBP/Maps/UEDPIE_0_ThirdPersonExampleMap
[2018.08.20-02.25.11:714][140]LogPlayLevel: PIE: StaticDuplicateObject took: (0.010370s)
[2018.08.20-02.25.11:715][140]LogAIModule: Creating AISystem for world ThirdPersonExampleMap
[2018.08.20-02.25.11:715][140]LogPlayLevel: PIE: World Init took: (0.001196s)
[2018.08.20-02.25.11:716][140]LogPlayLevel: PIE: Created PIE world by copying editor world from /Game/ThirdPersonBP/Maps/ThirdPersonExampleMap.ThirdPersonExampleMap to /Game/ThirdPersonBP/Maps/UEDPIE_0_ThirdPersonExampleMap.ThirdPersonExampleMap (0.011685s)
[2018.08.20-02.25.11:752][140]LogInit: XAudio2 using 'Headset Earphone (HyperX Virtual Surround Sound)' : 2 channels at 48 kHz using 16 bits per sample (channel mask 0x3)
[2018.08.20-02.25.11:759][140]LogInit: FAudioDevice initialized.
[2018.08.20-02.25.11:788][140]LogLoad: Game class is 'MOBA_AI_GAMEMODE_C'
[2018.08.20-02.25.11:790][140]LogWorld: Bringing World /Game/ThirdPersonBP/Maps/UEDPIE_0_ThirdPersonExampleMap.ThirdPersonExampleMap up for play (max tick rate 0) at 2018.08.19-22.25.11
[2018.08.20-02.25.11:791][140]LogWorld: Bringing up level for play took: 0.001966
[2018.08.20-02.25.11:802][140]PIE: Play in editor start time for /Game/ThirdPersonBP/Maps/UEDPIE_0_ThirdPersonExampleMap -0.323
[2018.08.20-02.25.11:803][140]LogBlueprintUserMessages: Late PlayInEditor Detection: Level '/Game/ThirdPersonBP/Maps/ThirdPersonExampleMap.ThirdPersonExampleMap:PersistentLevel' has LevelScriptBlueprint '/Game/ThirdPersonBP/Maps/ThirdPersonExampleMap.ThirdPersonExampleMap:PersistentLevel.ThirdPersonExampleMap' with GeneratedClass '/Game/ThirdPersonBP/Maps/ThirdPersonExampleMap.ThirdPersonExampleMap_C' with ClassGeneratedBy '/Game/ThirdPersonBP/Maps/ThirdPersonExampleMap.ThirdPersonExampleMap:PersistentLevel.ThirdPersonExampleMap'
[2018.08.20-02.25.32:055][560]LogBlueprintUserMessages: Early EndPlayMap Detection: Level '/Game/ThirdPersonBP/Maps/ThirdPersonExampleMap.ThirdPersonExampleMap:PersistentLevel' has LevelScriptBlueprint '/Game/ThirdPersonBP/Maps/ThirdPersonExampleMap.ThirdPersonExampleMap:PersistentLevel.ThirdPersonExampleMap' with GeneratedClass '/Game/ThirdPersonBP/Maps/ThirdPersonExampleMap.ThirdPersonExampleMap_C' with ClassGeneratedBy '/Game/ThirdPersonBP/Maps/ThirdPersonExampleMap.ThirdPersonExampleMap:PersistentLevel.ThirdPersonExampleMap'
[2018.08.20-02.25.32:055][560]LogSlate: Updating window title bar state: overlay mode, drag disabled, window buttons hidden, title bar hidden
[2018.08.20-02.25.32:091][560]LogPlayLevel: Display: Shutting down PIE online subsystems
[2018.08.20-02.25.32:091][560]LogBlueprintUserMessages: Late EndPlayMap Detection: Level '/Game/ThirdPersonBP/Maps/ThirdPersonExampleMap.ThirdPersonExampleMap:PersistentLevel' has LevelScriptBlueprint '/Game/ThirdPersonBP/Maps/ThirdPersonExampleMap.ThirdPersonExampleMap:PersistentLevel.ThirdPersonExampleMap' with GeneratedClass '/Game/ThirdPersonBP/Maps/ThirdPersonExampleMap.ThirdPersonExampleMap_C' with ClassGeneratedBy '/Game/ThirdPersonBP/Maps/ThirdPersonExampleMap.ThirdPersonExampleMap:PersistentLevel.ThirdPersonExampleMap'
[2018.08.20-02.25.32:118][560]LogSlate: Updating window title bar state: overlay mode, drag disabled, window buttons hidden, title bar hidden
[2018.08.20-02.25.32:160][562]LogPlayLevel: Display: Destroying online subsystem :Context_15
[2018.08.20-02.25.33:246][691]LogSlate: FSceneViewport::OnFocusLost() reason 0
[2018.08.20-02.25.33:370][705]Cmd: OBJ SAVEPACKAGE PACKAGE="/Game/MOBA_Minion_AI/Game/MOBA_AI_GAMEMODE" FILE="../../../../Projects/AndriodProject/Content/MOBA_Minion_AI/Game/MOBA_AI_GAMEMODE.uasset" SILENT=true
[2018.08.20-02.25.33:414][705]LogSavePackage: Moving '../../../../Projects/AndriodProject/Saved/MOBA_AI_GAMEMODEBA7A7E624CBFCDF3C666229D48AF73A4.tmp' to '../../../../Projects/AndriodProject/Content/MOBA_Minion_AI/Game/MOBA_AI_GAMEMODE.uasset'
[2018.08.20-02.25.36:017][ 16]Cmd: OBJ SAVEPACKAGE PACKAGE="/Game/MOBA_Minion_AI/AI/Minion_AI_Pawn" FILE="../../../../Projects/AndriodProject/Content/MOBA_Minion_AI/AI/Minion_AI_Pawn.uasset" SILENT=true
[2018.08.20-02.25.36:043][ 16]LogSavePackage: Moving '../../../../Projects/AndriodProject/Saved/Minion_AI_Pawn234669F74B40C0FC82FF87BCE62199E7.tmp' to '../../../../Projects/AndriodProject/Content/MOBA_Minion_AI/AI/Minion_AI_Pawn.uasset'
[2018.08.20-02.26.38:745][337]BlueprintLog: New page: Compile Minion_AI_Pawn
[2018.08.20-02.26.39:326][389]Cmd: OBJ SAVEPACKAGE PACKAGE="/Game/MOBA_Minion_AI/AI/Minion_AI_Pawn" FILE="../../../../Projects/AndriodProject/Content/MOBA_Minion_AI/AI/Minion_AI_Pawn.uasset" SILENT=true
[2018.08.20-02.26.39:349][389]LogSavePackage: Moving '../../../../Projects/AndriodProject/Saved/Minion_AI_Pawn70C62C704C6345FACA66EAAB496BD9A6.tmp' to '../../../../Projects/AndriodProject/Content/MOBA_Minion_AI/AI/Minion_AI_Pawn.uasset'
[2018.08.20-02.26.50:733][332]LogTemp: Repeating last play command: Selected Viewport
[2018.08.20-02.26.50:753][332]LogBlueprintUserMessages: Early PlayInEditor Detection: Level '/Game/ThirdPersonBP/Maps/ThirdPersonExampleMap.ThirdPersonExampleMap:PersistentLevel' has LevelScriptBlueprint '/Game/ThirdPersonBP/Maps/ThirdPersonExampleMap.ThirdPersonExampleMap:PersistentLevel.ThirdPersonExampleMap' with GeneratedClass '/Game/ThirdPersonBP/Maps/ThirdPersonExampleMap.ThirdPersonExampleMap_C' with ClassGeneratedBy '/Game/ThirdPersonBP/Maps/ThirdPersonExampleMap.ThirdPersonExampleMap:PersistentLevel.ThirdPersonExampleMap'
[2018.08.20-02.26.50:753][332]LogPlayLevel: PlayLevel: No blueprints needed recompiling
[2018.08.20-02.26.50:753][332]PIE: New page: PIE session: ThirdPersonExampleMap (Aug 19, 2018, 6:26:50 PM)
[2018.08.20-02.26.50:753][332]LogPlayLevel: Creating play world package: /Game/ThirdPersonBP/Maps/UEDPIE_0_ThirdPersonExampleMap
[2018.08.20-02.26.50:763][332]LogPlayLevel: PIE: StaticDuplicateObject took: (0.009760s)
[2018.08.20-02.26.50:764][332]LogAIModule: Creating AISystem for world ThirdPersonExampleMap
[2018.08.20-02.26.50:764][332]LogPlayLevel: PIE: World Init took: (0.000962s)
[2018.08.20-02.26.50:764][332]LogPlayLevel: PIE: Created PIE world by copying editor world from /Game/ThirdPersonBP/Maps/ThirdPersonExampleMap.ThirdPersonExampleMap to /Game/ThirdPersonBP/Maps/UEDPIE_0_ThirdPersonExampleMap.ThirdPersonExampleMap (0.010833s)
[2018.08.20-02.26.50:800][332]LogInit: XAudio2 using 'Headset Earphone (HyperX Virtual Surround Sound)' : 2 channels at 48 kHz using 16 bits per sample (channel mask 0x3)
[2018.08.20-02.26.50:806][332]LogInit: FAudioDevice initialized.
[2018.08.20-02.26.50:835][332]LogLoad: Game class is 'MOBA_AI_GAMEMODE_C'
[2018.08.20-02.26.50:836][332]LogWorld: Bringing World /Game/ThirdPersonBP/Maps/UEDPIE_0_ThirdPersonExampleMap.ThirdPersonExampleMap up for play (max tick rate 0) at 2018.08.19-22.26.50
[2018.08.20-02.26.50:836][332]LogWorld: Bringing up level for play took: 0.000860
[2018.08.20-02.26.50:849][332]PIE: Play in editor start time for /Game/ThirdPersonBP/Maps/UEDPIE_0_ThirdPersonExampleMap 0.723
[2018.08.20-02.26.50:849][332]LogBlueprintUserMessages: Late PlayInEditor Detection: Level '/Game/ThirdPersonBP/Maps/ThirdPersonExampleMap.ThirdPersonExampleMap:PersistentLevel' has LevelScriptBlueprint '/Game/ThirdPersonBP/Maps/ThirdPersonExampleMap.ThirdPersonExampleMap:PersistentLevel.ThirdPersonExampleMap' with GeneratedClass '/Game/ThirdPersonBP/Maps/ThirdPersonExampleMap.ThirdPersonExampleMap_C' with ClassGeneratedBy '/Game/ThirdPersonBP/Maps/ThirdPersonExampleMap.ThirdPersonExampleMap:PersistentLevel.ThirdPersonExampleMap'
[2018.08.20-02.26.58:866][288]LogBlueprintUserMessages: Early EndPlayMap Detection: Level '/Game/ThirdPersonBP/Maps/ThirdPersonExampleMap.ThirdPersonExampleMap:PersistentLevel' has LevelScriptBlueprint '/Game/ThirdPersonBP/Maps/ThirdPersonExampleMap.ThirdPersonExampleMap:PersistentLevel.ThirdPersonExampleMap' with GeneratedClass '/Game/ThirdPersonBP/Maps/ThirdPersonExampleMap.ThirdPersonExampleMap_C' with ClassGeneratedBy '/Game/ThirdPersonBP/Maps/ThirdPersonExampleMap.ThirdPersonExampleMap:PersistentLevel.ThirdPersonExampleMap'
[2018.08.20-02.26.58:866][288]LogSlate: Updating window title bar state: overlay mode, drag disabled, window buttons hidden, title bar hidden
[2018.08.20-02.26.58:897][288]LogPlayLevel: Display: Shutting down PIE online subsystems
[2018.08.20-02.26.58:897][288]LogBlueprintUserMessages: Late EndPlayMap Detection: Level '/Game/ThirdPersonBP/Maps/ThirdPersonExampleMap.ThirdPersonExampleMap:PersistentLevel' has LevelScriptBlueprint '/Game/ThirdPersonBP/Maps/ThirdPersonExampleMap.ThirdPersonExampleMap:PersistentLevel.ThirdPersonExampleMap' with GeneratedClass '/Game/ThirdPersonBP/Maps/ThirdPersonExampleMap.ThirdPersonExampleMap_C' with ClassGeneratedBy '/Game/ThirdPersonBP/Maps/ThirdPersonExampleMap.ThirdPersonExampleMap:PersistentLevel.ThirdPersonExampleMap'
[2018.08.20-02.26.58:920][288]LogSlate: Updating window title bar state: overlay mode, drag disabled, window buttons hidden, title bar hidden
[2018.08.20-02.26.58:966][291]LogPlayLevel: Display: Destroying online subsystem :Context_16
[2018.08.20-02.27.02:831][754]LogSlate: FSceneViewport::OnFocusLost() reason 0
[2018.08.20-02.27.43:391][588]LogEditorViewport: Clicking on Actor (LMB): WayPoint_C (WayPoint11)
[2018.08.20-02.27.46:011][899]LogEditorViewport: Clicking on Actor (LMB): WayPoint_C (WayPoint15)
[2018.08.20-02.27.51:893][602]LogEditorViewport: Clicking on Actor (LMB): WayPoint_C (WayPoint14)
[2018.08.20-02.27.53:426][784]LogEditorViewport: Clicking on Actor (LMB): WayPoint_C (WayPoint13)
[2018.08.20-02.27.55:684][ 53]LogEditorViewport: Clicking on Actor (LMB): WayPoint_C (WayPoint11)
[2018.08.20-02.29.07:404][642]LogSlate: FSceneViewport::OnFocusLost() reason 0
[2018.08.20-02.29.07:652][652]LogSavePackage: Moving '../../../../Projects/AndriodProject/Saved/ThirdPersonExampleMapD73FD2344F0050E38124F397E19F93E3.tmp' to '../../../../Projects/AndriodProject/Content/ThirdPersonBP/Maps/ThirdPersonExampleMap.umap'
[2018.08.20-02.29.07:723][652]LogSavePackage: Moving '../../../../Projects/AndriodProject/Saved/ThirdPersonExampleMap_BuiltData14015D4243843B7E7B79BA8D6226E50B.tmp' to '../../../../Projects/AndriodProject/Content/ThirdPersonBP/Maps/ThirdPersonExampleMap_BuiltData.uasset'
[2018.08.20-02.29.09:899][912]BlueprintLog: New page: Compile Minion_AI_Pawn
[2018.08.20-02.29.10:430][958]Cmd: OBJ SAVEPACKAGE PACKAGE="/Game/MOBA_Minion_AI/AI/Minion_AI_Pawn" FILE="../../../../Projects/AndriodProject/Content/MOBA_Minion_AI/AI/Minion_AI_Pawn.uasset" SILENT=true
[2018.08.20-02.29.10:452][958]LogSavePackage: Moving '../../../../Projects/AndriodProject/Saved/Minion_AI_PawnB2555D9F4BF86625E340EEB7FDD21714.tmp' to '../../../../Projects/AndriodProject/Content/MOBA_Minion_AI/AI/Minion_AI_Pawn.uasset'
[2018.08.20-02.29.12:167][157]BlueprintLog: New page: Compile Minion
[2018.08.20-02.29.12:734][200]Cmd: OBJ SAVEPACKAGE PACKAGE="/Game/MOBA_Minion_AI/Units/Minion" FILE="../../../../Projects/AndriodProject/Content/MOBA_Minion_AI/Units/Minion.uasset" SILENT=true
[2018.08.20-02.29.12:760][200]LogSavePackage: Moving '../../../../Projects/AndriodProject/Saved/MinionE0A9EDC34FB82AF55B11C9A874263C55.tmp' to '../../../../Projects/AndriodProject/Content/MOBA_Minion_AI/Units/Minion.uasset'
[2018.08.20-02.29.14:141][360]BlueprintLog: New page: Compile MOBA_AI_GAMEMODE
[2018.08.20-02.29.14:595][391]Cmd: OBJ SAVEPACKAGE PACKAGE="/Game/MOBA_Minion_AI/Game/MOBA_AI_GAMEMODE" FILE="../../../../Projects/AndriodProject/Content/MOBA_Minion_AI/Game/MOBA_AI_GAMEMODE.uasset" SILENT=true
[2018.08.20-02.29.14:639][391]LogSavePackage: Moving '../../../../Projects/AndriodProject/Saved/MOBA_AI_GAMEMODECFF2C19D451C30306FF4E6A1C4BAECA3.tmp' to '../../../../Projects/AndriodProject/Content/MOBA_Minion_AI/Game/MOBA_AI_GAMEMODE.uasset'
[2018.08.20-02.29.16:219][576]BlueprintLog: New page: Compile UpdateTarget
[2018.08.20-02.29.16:654][612]Cmd: OBJ SAVEPACKAGE PACKAGE="/Game/MOBA_Minion_AI/AI/Services/UpdateTarget" FILE="../../../../Projects/AndriodProject/Content/MOBA_Minion_AI/AI/Services/UpdateTarget.uasset" SILENT=true
[2018.08.20-02.29.16:676][612]LogSavePackage: Moving '../../../../Projects/AndriodProject/Saved/UpdateTarget7A01F85C4DA3D0ECE7808D85B8CEF660.tmp' to '../../../../Projects/AndriodProject/Content/MOBA_Minion_AI/AI/Services/UpdateTarget.uasset'
[2018.08.20-02.30.11:811][469]LogSlate: Window 'Open Project' being destroyed
[2018.08.20-02.30.30:944][103]LogSlate: Window 'Save Level As' being destroyed
