Log file open, 08/19/18 16:30:14
LogWindows: Failed to load 'aqProf.dll' (GetLastError=126)
LogWindows: File 'aqProf.dll' does not exist
LogWindows: Failed to load 'VSPerf140.dll' (GetLastError=126)
LogWindows: File 'VSPerf140.dll' does not exist
LogWindows: Failed to load 'VtuneApi.dll' (GetLastError=126)
LogWindows: File 'VtuneApi.dll' does not exist
LogWindows: Failed to load 'VtuneApi32e.dll' (GetLastError=126)
LogWindows: File 'VtuneApi32e.dll' does not exist
LogInit: Display: Running engine for game: AndriodProject
LogPlatformFile: Not using cached read wrapper
LogTaskGraph: Started task graph with 5 named threads and 23 total threads with 3 sets of task threads.
LogStats: Stats thread started at 0.265830
LogD3D11RHI: Loaded GFSDK_Aftermath_Lib.x64.dll
LogICUInternationalization: Display: ICU TimeZone Detection - Raw Offset: -5:00, Platform Override: ''
LogPluginManager: Mounting plugin Paper2D
LogPluginManager: Mounting plugin AISupport
LogPluginManager: Mounting plugin LightPropagationVolume
LogPluginManager: Mounting plugin CLionSourceCodeAccess
LogPluginManager: Mounting plugin CodeLiteSourceCodeAccess
LogPluginManager: Mounting plugin GitSourceControl
LogPluginManager: Mounting plugin KDevelopSourceCodeAccess
LogPluginManager: Mounting plugin NullSourceCodeAccess
LogPluginManager: Mounting plugin PerforceSourceControl
LogPluginManager: Mounting plugin SubversionSourceControl
LogPluginManager: Mounting plugin UObjectPlugin
LogPluginManager: Mounting plugin VisualStudioCodeSourceCodeAccess
LogPluginManager: Mounting plugin VisualStudioSourceCodeAccess
LogPluginManager: Mounting plugin XCodeSourceCodeAccess
LogPluginManager: Mounting plugin AssetManagerEditor
LogPluginManager: Mounting plugin CryptoKeys
LogPluginManager: Mounting plugin DataValidation
LogPluginManager: Mounting plugin FacialAnimation
LogPluginManager: Mounting plugin GameplayTagsEditor
LogPluginManager: Mounting plugin MacGraphicsSwitching
LogPluginManager: Mounting plugin MeshEditor
LogPluginManager: Mounting plugin MobileLauncherProfileWizard
LogPluginManager: Mounting plugin PluginBrowser
LogPluginManager: Mounting plugin SpeedTreeImporter
LogPluginManager: Mounting plugin DatasmithContent
LogPluginManager: Mounting plugin AlembicImporter
LogPluginManager: Mounting plugin AppleImageUtils
LogPluginManager: Mounting plugin AppleVision
LogPluginManager: Mounting plugin BackChannel
LogPluginManager: Mounting plugin CharacterAI
LogPluginManager: Mounting plugin GeometryCache
LogPluginManager: Mounting plugin HTML5Networking
LogPluginManager: Mounting plugin ProxyLODPlugin
LogPluginManager: Mounting plugin MagicLeap
LogPluginManager: Mounting plugin MagicLeapEmulator
LogPluginManager: Mounting plugin MagicLeapMedia
LogPluginManager: Mounting plugin AndroidMedia
LogPluginManager: Mounting plugin AvfMedia
LogPluginManager: Mounting plugin ImgMedia
LogPluginManager: Mounting plugin LinearTimecode
LogPluginManager: Mounting plugin MediaCompositing
LogPluginManager: Mounting plugin MediaPlayerEditor
LogPluginManager: Mounting plugin WmfMedia
LogPluginManager: Mounting plugin TcpMessaging
LogPluginManager: Mounting plugin UdpMessaging
LogPluginManager: Mounting plugin ActorSequence
LogPluginManager: Mounting plugin LevelSequenceEditor
LogPluginManager: Mounting plugin MatineeToLevelSequence
LogPluginManager: Mounting plugin NetcodeUnitTest
LogPluginManager: Mounting plugin NUTUnrealEngine4
LogPluginManager: Mounting plugin OnlineSubsystemGooglePlay
LogPluginManager: Mounting plugin OnlineSubsystemIOS
LogPluginManager: Mounting plugin OnlineSubsystem
LogPluginManager: Mounting plugin OnlineSubsystemNull
LogPluginManager: Mounting plugin OnlineSubsystemUtils
LogPluginManager: Mounting plugin LauncherChunkInstaller
LogPluginManager: Mounting plugin AndroidDeviceProfileSelector
LogPluginManager: Mounting plugin AndroidMoviePlayer
LogPluginManager: Mounting plugin AndroidPermission
LogPluginManager: Mounting plugin AppleMoviePlayer
LogPluginManager: Mounting plugin ArchVisCharacter
LogPluginManager: Mounting plugin AudioCapture
LogPluginManager: Mounting plugin CableComponent
LogPluginManager: Mounting plugin CustomMeshComponent
LogPluginManager: Mounting plugin EditableMesh
LogPluginManager: Mounting plugin ExampleDeviceProfileSelector
LogPluginManager: Mounting plugin GoogleCloudMessaging
LogPluginManager: Mounting plugin ImmediatePhysics
LogPluginManager: Mounting plugin IOSDeviceProfileSelector
LogPluginManager: Mounting plugin LinuxDeviceProfileSelector
LogPluginManager: Mounting plugin LocationServicesBPLibrary
LogPluginManager: Mounting plugin MobilePatchingUtils
LogPluginManager: Mounting plugin OculusVR
LogPluginManager: Plugin shader directory ../../../Engine/Plugins/Runtime/Oculus/OculusVR/Shaders found
LogPluginManager: Mapping shader source directory ../../../Engine/Plugins/Runtime/Oculus/OculusVR/Shaders to virtual directory /Plugin/OculusVR
LogPluginManager: Mounting plugin PhysXVehicles
LogPluginManager: Mounting plugin ProceduralMeshComponent
LogPluginManager: Mounting plugin RuntimePhysXCooking
LogPluginManager: Mounting plugin SteamVR
LogPluginManager: Mounting plugin WindowsMoviePlayer
LogStreaming: Display: Took  0.106s to configure plugins.
LogInit: Using libcurl 7.55.1-DEV
LogInit:  - built for x86_64-pc-win32
LogInit:  - supports SSL with OpenSSL/1.0.2h
LogInit:  - supports HTTP deflate (compression) using libz 1.2.8
LogInit:  - other features:
LogInit:      CURL_VERSION_SSL
LogInit:      CURL_VERSION_LIBZ
LogInit:      CURL_VERSION_IPV6
LogInit:      CURL_VERSION_ASYNCHDNS
LogInit:      CURL_VERSION_LARGEFILE
LogInit:      CURL_VERSION_IDN
LogInit:  CurlRequestOptions (configurable via config and command line):
LogInit:  - bVerifyPeer = false  - Libcurl will NOT verify peer certificate
LogInit:  - bUseHttpProxy = false  - Libcurl will NOT use HTTP proxy
LogInit:  - bDontReuseConnections = false  - Libcurl will reuse connections
LogInit:  - CertBundlePath = nullptr  - Libcurl will use whatever was configured at build time.
LogInit:  - MaxHostConnections = 16  - Libcurl will limit the number of connections to a host
LogInit:  - LocalHostAddr = Default
LogInit:  - BufferSize = 65536
LogInit: WinSock: version 1.1 (2.2), MaxSocks=32767, MaxUdp=65467
LogHMD: Failed initializing OVRPlugin 1.25.0
LogInit: Build: ++UE4+Release-4.20-CL-4233996
LogInit: Engine Version: 4.20.1-4233996+++UE4+Release-4.20
LogInit: Compatible Engine Version: 4.20.0-4212847+++UE4+Release-4.20
LogInit: Net CL: 4212847
LogInit: OS: Windows 10 (), CPU: Intel(R) Core(TM) i7-7700K CPU @ 4.20GHz, GPU: Radeon (TM) RX 480 Graphics
LogInit: Compiled (64-bit): Jul 26 2018 10:07:30
LogInit: Compiled with Visual C++: 19.13.26129.00
LogInit: Build Configuration: Development
LogInit: Branch Name: ++UE4+Release-4.20
LogInit: Command Line: -EpicPortal 
LogInit: Base Directory: X:/Unreal Engine/UE_4.20/Engine/Binaries/Win64/
LogInit: Installed Engine Build: 1
LogDevObjectVersion: Number of dev versions registered: 20
LogDevObjectVersion:   Dev-Blueprints (B0D832E4-1F89-4F0D-ACCF-7EB736FD4AA2): 10
LogDevObjectVersion:   Dev-Build (E1C64328-A22C-4D53-A36C-8E866417BD8C): 0
LogDevObjectVersion:   Dev-Core (375EC13C-06E4-48FB-B500-84F0262A717E): 2
LogDevObjectVersion:   Dev-Editor (E4B068ED-F494-42E9-A231-DA0B2E46BB41): 24
LogDevObjectVersion:   Dev-Framework (CFFC743F-43B0-4480-9391-14DF171D2073): 34
LogDevObjectVersion:   Dev-Mobile (B02B49B5-BB20-44E9-A304-32B752E40360): 2
LogDevObjectVersion:   Dev-Networking (A4E4105C-59A1-49B5-A7C5-40C4547EDFEE): 0
LogDevObjectVersion:   Dev-Online (39C831C9-5AE6-47DC-9A44-9C173E1C8E7C): 0
LogDevObjectVersion:   Dev-Physics (78F01B33-EBEA-4F98-B9B4-84EACCB95AA2): 0
LogDevObjectVersion:   Dev-Platform (6631380F-2D4D-43E0-8009-CF276956A95A): 0
LogDevObjectVersion:   Dev-Rendering (12F88B9F-8875-4AFC-A67C-D90C383ABD29): 26
LogDevObjectVersion:   Dev-Sequencer (7B5AE74C-D270-4C10-A958-57980B212A5A): 9
LogDevObjectVersion:   Dev-VR (D7296918-1DD6-4BDD-9DE2-64A83CC13884): 2
LogDevObjectVersion:   Dev-LoadTimes (C2A15278-BFE7-4AFE-6C17-90FF531DF755): 1
LogDevObjectVersion:   Private-Geometry (6EACA3D4-40EC-4CC1-B786-8BED09428FC5): 3
LogDevObjectVersion:   Dev-AnimPhys (29E575DD-E0A3-4627-9D10-D276232CDCEA): 17
LogDevObjectVersion:   Dev-ReflectionCapture (6B266CEC-1EC7-4B8F-A30B-E4D90942FC07): 1
LogDevObjectVersion:   Dev-Automation (0DF73D61-A23F-47EA-B727-89E90C41499A): 1
LogDevObjectVersion:   FortniteMain (601D1886-AC64-4F84-AA16-D3DE0DEAC7D6): 12
LogDevObjectVersion:   Dev-Enterprise (9DFFBCD6-494F-0158-E221-12823C92A888): 1
LogStreaming: Display: Took  0.003s to delete old logs.
LogInit: Presizing for max 8388607 objects, including 0 objects not considered by GC, pre-allocating 0 bytes for permanent pool.
LogInit: Object subsystem initialized
[2018.08.19-20.30.15:280][  0]LogInit: Selected Device Profile: [Windows]
[2018.08.19-20.30.15:280][  0]LogInit: Applying CVar settings loaded from the selected device profile: [Windows]
[2018.08.19-20.30.15:295][  0]LogHAL: Display: Platform has ~ 32 GB [34209693696 / 34359738368 / 32], which maps to Largest [LargestMinGB=32, LargerMinGB=12, DefaultMinGB=8, SmallerMinGB=6, SmallestMinGB=0)
[2018.08.19-20.30.15:295][  0]LogInit: Setting Device Profile CVar: [[r.Vulkan.UseRealUBs:1]]
[2018.08.19-20.30.15:295][  0]LogInit: Going up to parent DeviceProfile []
[2018.08.19-20.30.15:295][  0]LogInit: Computer: SUPER-BEAST
[2018.08.19-20.30.15:295][  0]LogInit: User: alex
[2018.08.19-20.30.15:295][  0]LogInit: CPU Page size=4096, Cores=4
[2018.08.19-20.30.15:295][  0]LogInit: High frequency timer resolution =4.101562 MHz
[2018.08.19-20.30.15:295][  0]LogMemory: Memory total: Physical=31.9GB (32GB approx)
[2018.08.19-20.30.15:295][  0]LogMemory: Platform Memory Stats for Windows
[2018.08.19-20.30.15:295][  0]LogMemory: Process Physical Memory: 101.67 MB used, 101.67 MB peak
[2018.08.19-20.30.15:295][  0]LogMemory: Process Virtual Memory: 94.20 MB used, 94.20 MB peak
[2018.08.19-20.30.15:295][  0]LogMemory: Physical Memory: 6899.96 MB used,  25724.95 MB free, 32624.91 MB total
[2018.08.19-20.30.15:295][  0]LogMemory: Virtual Memory: 4655.04 MB used,  25724.95 MB free, 134217728.00 MB total
[2018.08.19-20.30.15:303][  0]LogInit: Using OS detected language (en-US).
[2018.08.19-20.30.15:303][  0]LogInit: Using OS detected locale (en-US).
[2018.08.19-20.30.15:304][  0]LogTextLocalizationManager: No specific localization for 'en-US' exists, so the 'en' localization will be used.
[2018.08.19-20.30.15:674][  0]LogStreaming: Display: Took  0.371s to InitEngineTextLocalization.
[2018.08.19-20.30.15:674][  0]LogInit: Setting process to per monitor DPI aware
[2018.08.19-20.30.15:697][  0]LogSlate: New Slate User Created.  User Index 0, Is Virtual User: 0
[2018.08.19-20.30.15:697][  0]LogSlate: Slate User Registered.  User Index 0, Is Virtual User: 0
[2018.08.19-20.30.20:895][  0]LogHMD: Failed to initialize OpenVR with code 308
[2018.08.19-20.30.20:895][  0]LogD3D11RHI: D3D11 adapters:
[2018.08.19-20.30.20:919][  0]LogD3D11RHI:    0. 'Radeon (TM) RX 480 Graphics' (Feature Level 11_0)
[2018.08.19-20.30.20:919][  0]LogD3D11RHI:       8137/0/16312 MB DedicatedVideo/DedicatedSystem/SharedSystem, Outputs:1, VendorId:0x1002
[2018.08.19-20.30.20:926][  0]LogD3D11RHI:    1. 'Intel(R) HD Graphics 630' (Feature Level 11_0)
[2018.08.19-20.30.20:926][  0]LogD3D11RHI:       128/0/16312 MB DedicatedVideo/DedicatedSystem/SharedSystem, Outputs:0, VendorId:0x8086
[2018.08.19-20.30.20:926][  0]LogD3D11RHI:    2. 'Microsoft Basic Render Driver' (Feature Level 11_0)
[2018.08.19-20.30.20:926][  0]LogD3D11RHI:       0/0/16312 MB DedicatedVideo/DedicatedSystem/SharedSystem, Outputs:0, VendorId:0x1414
[2018.08.19-20.30.20:926][  0]LogD3D11RHI: Chosen D3D11 Adapter: 0
[2018.08.19-20.30.20:931][  0]LogD3D11RHI: Creating new Direct3DDevice
[2018.08.19-20.30.20:931][  0]LogD3D11RHI:     GPU DeviceId: 0x67df (for the marketing name, search the web for "GPU Device Id")
[2018.08.19-20.30.20:931][  0]LogWindows: EnumDisplayDevices:
[2018.08.19-20.30.20:931][  0]LogWindows:    0. 'Radeon (TM) RX 480 Graphics' (P:1 D:1)
[2018.08.19-20.30.20:931][  0]LogWindows:    1. 'Radeon (TM) RX 480 Graphics' (P:0 D:0)
[2018.08.19-20.30.20:932][  0]LogWindows:    2. 'Radeon (TM) RX 480 Graphics' (P:0 D:0)
[2018.08.19-20.30.20:932][  0]LogWindows:    3. 'Radeon (TM) RX 480 Graphics' (P:0 D:0)
[2018.08.19-20.30.20:932][  0]LogWindows:    4. 'Radeon (TM) RX 480 Graphics' (P:0 D:0)
[2018.08.19-20.30.20:932][  0]LogWindows:    5. 'Radeon (TM) RX 480 Graphics' (P:0 D:0)
[2018.08.19-20.30.20:932][  0]LogWindows:    6. 'Radeon (TM) RX 480 Graphics' (P:0 D:0)
[2018.08.19-20.30.20:932][  0]LogWindows:    7. 'Intel(R) HD Graphics 630' (P:0 D:0)
[2018.08.19-20.30.20:932][  0]LogWindows:    8. 'Intel(R) HD Graphics 630' (P:0 D:0)
[2018.08.19-20.30.20:933][  0]LogWindows:    9. 'Intel(R) HD Graphics 630' (P:0 D:0)
[2018.08.19-20.30.20:933][  0]LogWindows: DebugString: PrimaryIsNotTheChoosenAdapter PrimaryIsNotTheChoosenAdapter PrimaryIsNotTheChoosenAdapter FoundDriverCount:7 
[2018.08.19-20.30.20:933][  0]LogD3D11RHI:     Adapter Name: Radeon (TM) RX 480 Graphics
[2018.08.19-20.30.20:933][  0]LogD3D11RHI:   Driver Version: Adrenalin 18.8.1 (internal:24.20.13001.1010, unified:24.20.13001.1010)
[2018.08.19-20.30.20:933][  0]LogD3D11RHI:      Driver Date: 8-2-2018
[2018.08.19-20.30.20:933][  0]LogRHI: Texture pool is 5695 MB (70% of 8137 MB)
[2018.08.19-20.30.20:971][  0]LogD3D11RHI: Async texture creation enabled
[2018.08.19-20.30.20:983][  0]LogD3D11RHI: GPU Timing Frequency: 25.000000 (Debug: 2 1)
[2018.08.19-20.30.20:984][  0]LogShaderCompilers: Guid format shader working directory is 10 characters bigger than the processId version (../../../../Projects/AndriodProject/Intermediate/Shaders/WorkingDirectory/11604/).
[2018.08.19-20.30.20:984][  0]LogShaderCompilers: Cleaned the shader compiler working directory 'C:/Users/alex_/AppData/Local/Temp/UnrealShaderWorkingDir/584829D34DE89BDFB41BD7B388A99C94/'.
[2018.08.19-20.30.21:180][  0]LogTemp: Display: Loaded TP AllDesktopTargetPlatform
[2018.08.19-20.30.21:193][  0]LogTemp: Display: Loaded TP MacClientTargetPlatform
[2018.08.19-20.30.21:208][  0]LogTemp: Display: Loaded TP MacNoEditorTargetPlatform
[2018.08.19-20.30.21:219][  0]LogTemp: Display: Loaded TP MacServerTargetPlatform
[2018.08.19-20.30.21:235][  0]LogTemp: Display: Loaded TP MacTargetPlatform
[2018.08.19-20.30.21:250][  0]LogTemp: Display: Loaded TP WindowsClientTargetPlatform
[2018.08.19-20.30.21:261][  0]LogTemp: Display: Loaded TP WindowsNoEditorTargetPlatform
[2018.08.19-20.30.21:274][  0]LogTemp: Display: Loaded TP WindowsServerTargetPlatform
[2018.08.19-20.30.21:279][  0]LogTemp: Display: Loaded TP WindowsTargetPlatform
[2018.08.19-20.30.21:357][  0]LogTemp: Display: Loaded TP AndroidTargetPlatform
[2018.08.19-20.30.21:357][  0]LogTemp: Display: Loaded TP AndroidTargetPlatform
[2018.08.19-20.30.21:357][  0]LogTemp: Display: Loaded TP AndroidTargetPlatform
[2018.08.19-20.30.21:357][  0]LogTemp: Display: Loaded TP AndroidTargetPlatform
[2018.08.19-20.30.21:357][  0]LogTemp: Display: Loaded TP AndroidTargetPlatform
[2018.08.19-20.30.21:357][  0]LogTemp: Display: Loaded TP AndroidTargetPlatform
[2018.08.19-20.30.21:357][  0]LogTemp: Display: Loaded TP AndroidTargetPlatform
[2018.08.19-20.30.21:357][  0]LogTemp: Display: Loaded TP AndroidTargetPlatform
[2018.08.19-20.30.21:357][  0]LogTemp: Display: Loaded TP AndroidTargetPlatform
[2018.08.19-20.30.21:357][  0]LogTemp: Display: Loaded TP AndroidTargetPlatform
[2018.08.19-20.30.21:357][  0]LogTemp: Display: Loaded TP AndroidTargetPlatform
[2018.08.19-20.30.21:357][  0]LogTemp: Display: Loaded TP AndroidTargetPlatform
[2018.08.19-20.30.21:357][  0]LogTemp: Display: Loaded TP AndroidTargetPlatform
[2018.08.19-20.30.21:357][  0]LogTemp: Display: Loaded TP AndroidTargetPlatform
[2018.08.19-20.30.21:357][  0]LogTemp: Display: Loaded TP AndroidTargetPlatform
[2018.08.19-20.30.21:357][  0]LogTemp: Display: Loaded TP AndroidTargetPlatform
[2018.08.19-20.30.21:357][  0]LogTemp: Display: Loaded TP AndroidTargetPlatform
[2018.08.19-20.30.21:357][  0]LogTemp: Display: Loaded TP AndroidTargetPlatform
[2018.08.19-20.30.21:359][  0]LogTemp: Display: Loaded TP HTML5TargetPlatform
[2018.08.19-20.30.21:415][  0]LogTemp: Display: Loaded TP IOSTargetPlatform
[2018.08.19-20.30.21:415][  0]LogTemp: Display: Loaded TP IOSTargetPlatform
[2018.08.19-20.30.21:434][  0]LogTemp: Display: Loaded TP TVOSTargetPlatform
[2018.08.19-20.30.21:434][  0]LogTemp: Display: Loaded TP TVOSTargetPlatform
[2018.08.19-20.30.21:447][  0]LogTemp: Display: Loaded TP LinuxClientTargetPlatform
[2018.08.19-20.30.21:457][  0]LogTemp: Display: Loaded TP LinuxNoEditorTargetPlatform
[2018.08.19-20.30.21:467][  0]LogTemp: Display: Loaded TP LinuxServerTargetPlatform
[2018.08.19-20.30.21:479][  0]LogTemp: Display: Loaded TP LinuxTargetPlatform
[2018.08.19-20.30.21:485][  0]LogTemp: Display: Loaded TP LuminTargetPlatform
[2018.08.19-20.30.21:485][  0]LogTargetPlatformManager: Display: Building Assets For Windows
[2018.08.19-20.30.21:527][  0]LogXGEController: Cannot use XGE Controller as Incredibuild is not installed on this machine.
[2018.08.19-20.30.21:528][  0]LogShaderCompilers: Cannot use XGE Shader Compiler as Incredibuild is not installed on this machine.
[2018.08.19-20.30.21:528][  0]LogShaderCompilers: Display: Using Local Shader Compiler.
[2018.08.19-20.30.22:096][  0]LogDerivedDataCache: Display: Max Cache Size: 512 MB
[2018.08.19-20.30.22:151][  0]LogDerivedDataCache: Loaded boot cache 0.05s 71MB C:/Users/alex_/AppData/Local/UnrealEngine/4.20/DerivedDataCache/Boot.ddc.
[2018.08.19-20.30.22:152][  0]LogDerivedDataCache: Display: Loaded Boot cache: C:/Users/alex_/AppData/Local/UnrealEngine/4.20/DerivedDataCache/Boot.ddc
[2018.08.19-20.30.22:152][  0]LogDerivedDataCache: FDerivedDataBackendGraph:  Pak pak cache file ../../../../Projects/AndriodProject/DerivedDataCache/DDC.ddp not found, will not use a pak cache.
[2018.08.19-20.30.22:152][  0]LogDerivedDataCache: Unable to find inner node Pak for hierarchical cache Hierarchy.
[2018.08.19-20.30.22:152][  0]LogDerivedDataCache: FDerivedDataBackendGraph:  CompressedPak pak cache file ../../../../Projects/AndriodProject/DerivedDataCache/Compressed.ddp not found, will not use a pak cache.
[2018.08.19-20.30.22:152][  0]LogDerivedDataCache: Unable to find inner node CompressedPak for hierarchical cache Hierarchy.
[2018.08.19-20.30.22:165][  0]LogDerivedDataCache: Display: Pak cache opened for reading ../../../Engine/DerivedDataCache/Compressed.ddp.
[2018.08.19-20.30.22:178][  0]LogDerivedDataCache: Using Local data cache path C:/Users/alex_/AppData/Local/UnrealEngine/Common/DerivedDataCache: Writable
[2018.08.19-20.30.22:178][  0]LogDerivedDataCache: Shared data cache path not found in *engine.ini, will not use an Shared cache.
[2018.08.19-20.30.22:178][  0]LogDerivedDataCache: Unable to find inner node Shared for hierarchical cache Hierarchy.
[2018.08.19-20.30.22:194][  0]LogMaterial: Verifying Global Shaders for PCD3D_SM5
[2018.08.19-20.30.22:195][  0]LogSlate: Using FreeType 2.6.0
[2018.08.19-20.30.22:196][  0]LogSlate: SlateFontServices - WITH_FREETYPE: 1, WITH_HARFBUZZ: 1
[2018.08.19-20.30.22:260][  0]LogAssetRegistry: FAssetRegistry took 0.0247 seconds to start up
[2018.08.19-20.30.22:546][  0]LogInit: Selected Device Profile: [Windows]
[2018.08.19-20.30.22:581][  0]LogSimplygon: Simplygon DLL not present - disabling.
[2018.08.19-20.30.22:583][  0]LogMeshReduction: Using SimplygonSwarm for distributed automatic mesh merging
[2018.08.19-20.30.22:583][  0]LogMeshReduction: Using ProxyLODMeshReduction for automatic mesh merging
[2018.08.19-20.30.22:583][  0]LogMeshReduction: Using QuadricMeshReduction for automatic static mesh reduction
[2018.08.19-20.30.22:583][  0]LogMeshReduction: No automatic skeletal mesh reduction module available
[2018.08.19-20.30.22:664][  0]LogNetVersion: AndriodProject 1.0.0, NetCL: 4212847, EngineNetVer: 5, GameNetVer: 0 (Checksum: 2413879159)
[2018.08.19-20.30.23:090][  0]LogPackageLocalizationCache: Processed 11 localized package path(s) for 2 prioritized culture(s) in 0.100626 seconds
[2018.08.19-20.30.23:097][  0]LogUObjectArray: 38425 objects as part of root set at end of initial load.
[2018.08.19-20.30.23:097][  0]LogUObjectAllocator: 6690872 out of 0 bytes used by permanent object pool.
[2018.08.19-20.30.23:097][  0]LogUObjectArray: CloseDisregardForGC: 0/0 objects in disregard for GC pool
[2018.08.19-20.30.23:754][  0]LogTcpMessaging: Initializing TcpMessaging bridge
[2018.08.19-20.30.23:767][  0]LogUdpMessaging: Initializing bridge on interface 0.0.0.0:0 to multicast group 230.0.0.1:6666.
[2018.08.19-20.30.23:896][  0]SourceControl: Source control is disabled
[2018.08.19-20.30.23:896][  0]SourceControl: Source control is disabled
[2018.08.19-20.30.23:898][  0]SourceControl: Source control is disabled
[2018.08.19-20.30.23:898][  0]SourceControl: Source control is disabled
[2018.08.19-20.30.24:054][  0]LogAndroidPermission: UAndroidPermissionCallbackProxy::GetInstance
[2018.08.19-20.30.24:181][  0]LogOcInput: OculusInput pre-init called
[2018.08.19-20.30.24:240][  0]LogEngine: Initializing Engine...
[2018.08.19-20.30.29:307][  0]LogHMD: Failed to initialize OpenVR with code 308
[2018.08.19-20.30.29:309][  0]LogStats: UGameplayTagsManager::ConstructGameplayTagTree: ImportINI prefixes -  0.000 s
[2018.08.19-20.30.29:309][  0]LogStats: UGameplayTagsManager::ConstructGameplayTagTree: Construct from data asset -  0.000 s
[2018.08.19-20.30.29:309][  0]LogStats: UGameplayTagsManager::ConstructGameplayTagTree: ImportINI -  0.000 s
[2018.08.19-20.30.29:309][  0]LogStats: UGameplayTagsManager::ConstructGameplayTagTree: GameplayTagTreeChangedEvent.Broadcast -  0.000 s
[2018.08.19-20.30.29:478][  0]LogInit: Initializing FReadOnlyCVARCache
[2018.08.19-20.30.29:486][  0]LogAIModule: Creating AISystem for world Untitled
[2018.08.19-20.30.29:514][  0]LogInit: XAudio2 using 'Headset Earphone (HyperX Virtual Surround Sound)' : 2 channels at 48 kHz using 16 bits per sample (channel mask 0x3)
[2018.08.19-20.30.29:535][  0]LogInit: FAudioDevice initialized.
[2018.08.19-20.30.29:536][  0]LogNetVersion: Set ProjectVersion to 1.0.0.0. Version Checksum will be recalculated on next use.
[2018.08.19-20.30.29:589][  0]LogDerivedDataCache: Saved boot cache 0.05s 71MB C:/Users/alex_/AppData/Local/UnrealEngine/4.20/DerivedDataCache/Boot.ddc.
[2018.08.19-20.30.29:600][  0]LogInit: Texture streaming: Enabled
[2018.08.19-20.30.29:611][  0]LogEngineSessionManager: EngineSessionManager initialized
[2018.08.19-20.30.29:618][  0]LogInit: Transaction tracking system initialized
[2018.08.19-20.30.29:631][  0]BlueprintLog: New page: Editor Load
[2018.08.19-20.30.29:683][  0]LocalizationService: Localization service is disabled
[2018.08.19-20.30.29:730][  0]LogLinker: Warning: Can't find file '/Game/TopDownBP/TopDownOverview'
[2018.08.19-20.30.29:730][  0]LogLinker: Warning: Can't find file '/Game/TopDownBP/TopDownOverview'
[2018.08.19-20.30.29:730][  0]LogUObjectGlobals: Warning: Failed to find object 'Class /Game/TopDownBP/TopDownOverview.TopDownOverview_C'
[2018.08.19-20.30.29:880][  0]LogCook: Display: Max memory allowance for cook 16384mb min free memory 0mb
[2018.08.19-20.30.29:880][  0]LogCook: Display: Mobile HDR setting 0
[2018.08.19-20.30.29:880][  0]LogGameplayTags: Display: UGameplayTagsManager::DoneAddingNativeTags. DelegateIsBound: 0
[2018.08.19-20.30.29:880][  0]LogStats: UGameplayTagsManager::ConstructGameplayTagTree: ImportINI prefixes -  0.000 s
[2018.08.19-20.30.29:880][  0]LogStats: UGameplayTagsManager::ConstructGameplayTagTree: Construct from data asset -  0.000 s
[2018.08.19-20.30.29:880][  0]LogStats: UGameplayTagsManager::ConstructGameplayTagTree: ImportINI -  0.000 s
[2018.08.19-20.30.29:880][  0]LogStats: UGameplayTagsManager::ConstructGameplayTagTree: GameplayTagTreeChangedEvent.Broadcast -  0.000 s
[2018.08.19-20.30.29:950][  0]LogFileCache: Scanning file cache for directory 'X:/Unreal Engine/Projects/AndriodProject/Content/' took 0.01s
[2018.08.19-20.30.29:950][  0]SourceControl: Source control is disabled
[2018.08.19-20.30.29:950][  0]Cmd: MAP LOAD FILE="../../../../Projects/AndriodProject/Content/ThirdPersonBP/Maps/ThirdPersonExampleMap.umap" TEMPLATE=0 SHOWPROGRESS=1 FEATURELEVEL=3
[2018.08.19-20.30.29:950][  0]LightingResults: New page: Lighting Build
[2018.08.19-20.30.29:951][  0]MapCheck: New page: Map Check
[2018.08.19-20.30.29:951][  0]LightingResults: New page: Lighting Build
[2018.08.19-20.30.30:507][  0]LogAIModule: Creating AISystem for world ThirdPersonExampleMap
[2018.08.19-20.30.30:516][  0]LogEditorServer: Finished looking for orphan Actors (0.000 secs)
[2018.08.19-20.30.30:535][  0]Cmd: MAP CHECKDEP NOCLEARLOG
[2018.08.19-20.30.30:571][  0]MapCheck: Map check complete: 0 Error(s), 0 Warning(s), took 35.379ms to complete.
[2018.08.19-20.30.30:571][  0]LogFileHelpers: Loading map 'ThirdPersonExampleMap' took 0.620
[2018.08.19-20.30.30:683][  0]LogSlate: Updating window title bar state: overlay mode, drag disabled, window buttons hidden, title bar hidden
[2018.08.19-20.30.30:690][  0]LogSlate: Updating window title bar state: overlay mode, drag disabled, window buttons hidden, title bar hidden
[2018.08.19-20.30.30:696][  0]LogSlate: Updating window title bar state: overlay mode, drag disabled, window buttons hidden, title bar hidden
[2018.08.19-20.30.30:701][  0]LogSlate: Updating window title bar state: overlay mode, drag disabled, window buttons hidden, title bar hidden
[2018.08.19-20.30.30:708][  0]LogCollectionManager: Loaded 0 collections in 0.001051 seconds
[2018.08.19-20.30.30:747][  0]LogFileCache: Scanning file cache for directory 'X:/Unreal Engine/Projects/AndriodProject/Saved/Collections/' took 0.01s
[2018.08.19-20.30.30:747][  0]LogFileCache: Scanning file cache for directory 'X:/Unreal Engine/Projects/AndriodProject/Content/Developers/alex/Collections/' took 0.01s
[2018.08.19-20.30.30:747][  0]LogFileCache: Scanning file cache for directory 'X:/Unreal Engine/Projects/AndriodProject/Content/Collections/' took 0.01s
[2018.08.19-20.30.30:747][  0]LogCollectionManager: Rebuilt the GUID cache for 0 collections in 0.000000 seconds
[2018.08.19-20.30.30:754][  0]LogContentBrowser: Native class hierarchy populated in 0.0067 seconds. Added 2572 classes and 603 folders.
[2018.08.19-20.30.30:759][  0]LogContentBrowser: Native class hierarchy updated for 'WidgetCarousel' in 0.0003 seconds. Added 0 classes and 0 folders.
[2018.08.19-20.30.31:047][  0]LogContentBrowser: Native class hierarchy updated for 'AddContentDialog' in 0.0002 seconds. Added 0 classes and 0 folders.
[2018.08.19-20.30.31:066][  0]LogContentBrowser: Native class hierarchy updated for 'SceneOutliner' in 0.0002 seconds. Added 1 classes and 2 folders.
[2018.08.19-20.30.31:155][  0]LogContentBrowser: Native class hierarchy updated for 'HierarchicalLODOutliner' in 0.0002 seconds. Added 0 classes and 0 folders.
[2018.08.19-20.30.31:156][  0]LogLoad: (Engine Initialization) Total time: 17.78 seconds
[2018.08.19-20.30.31:156][  0]LogLoad: (Engine Initialization) Total Blueprint compile time: 0.00 seconds
[2018.08.19-20.30.31:166][  0]LogWindowsTextInputMethodSystem: Display: IME system now deactivated.
[2018.08.19-20.30.31:185][  0]LogAssetRegistry: Asset discovery search completed in 8.9471 seconds
[2018.08.19-20.30.31:186][  0]LogCollectionManager: Rebuilt the object cache for 0 collections in 0.000000 seconds (found 0 objects)
[2018.08.19-20.30.31:186][  0]LogCollectionManager: Fixed up redirectors for 0 collections in 0.000042 seconds (updated 0 objects)
[2018.08.19-20.30.31:187][  0]LogContentStreaming: Texture pool size now 3000 MB
[2018.08.19-20.30.31:196][  0]LogSlate: Took 0.000192 seconds to synchronously load lazily loaded font '../../../Engine/Content/Slate/Fonts/Roboto-Regular.ttf' (155K)
[2018.08.19-20.30.31:198][  0]LogSlate: Took 0.000129 seconds to synchronously load lazily loaded font '../../../Engine/Content/Slate/Fonts/Roboto-Bold.ttf' (160K)
[2018.08.19-20.30.31:206][  0]LogSlate: Took 0.004388 seconds to synchronously load lazily loaded font '../../../Engine/Content/Editor/Slate/Fonts/FontAwesome.ttf' (139K)
[2018.08.19-20.30.31:338][  0]LogRenderer: Reallocating scene render targets to support 420x512 Format 10 NumSamples 1 (Frame:1).
[2018.08.19-20.30.31:338][  0]LogSlate: Took 0.003973 seconds to synchronously load lazily loaded font '../../../Engine/Content/Slate/Fonts/Roboto-Light.ttf' (167K)
[2018.08.19-20.32.18:253][772]LogSlate: FSceneViewport::OnFocusLost() reason 0
[2018.08.19-20.32.18:640][782]LogSlate: Took 0.000140 seconds to synchronously load lazily loaded font '../../../Engine/Content/Slate/Fonts/Roboto-Light.ttf' (167K)
[2018.08.19-20.32.18:645][782]LogAssetEditorManager: Opening Asset editor for BehaviorTree /Game/MOBA_Minion_AI/AI/MinionAI.MinionAI
[2018.08.19-20.32.18:713][782]LogSlate: Took 0.003094 seconds to synchronously load lazily loaded font '../../../Engine/Content/Slate/Fonts/Roboto-BoldCondensed.ttf' (158K)
[2018.08.19-20.33.23:635][732]Cmd: OBJ SAVEPACKAGE PACKAGE="/Game/MOBA_Minion_AI/AI/MinionAI_Blackboard" FILE="../../../../Projects/AndriodProject/Content/MOBA_Minion_AI/AI/MinionAI_Blackboard.uasset" SILENT=true
[2018.08.19-20.33.23:656][732]LogSavePackage: Moving '../../../../Projects/AndriodProject/Saved/MinionAI_BlackboardD59E4B2940BF3F3A79EC48B015E648CE.tmp' to '../../../../Projects/AndriodProject/Content/MOBA_Minion_AI/AI/MinionAI_Blackboard.uasset'
[2018.08.19-20.34.12:884][974]LogAssetEditorManager: Opening Asset editor for Blueprint /Game/MOBA_Minion_AI/AI/Minion_AI_Pawn.Minion_AI_Pawn
[2018.08.19-20.34.13:276][974]LogContentBrowser: Native class hierarchy updated for 'BlueprintGraph' in 0.0004 seconds. Added 116 classes and 0 folders.
[2018.08.19-20.34.13:955][975]LogSlate: Took 0.003417 seconds to synchronously load lazily loaded font '../../../Engine/Content/Slate/Fonts/Roboto-Italic.ttf' (157K)
[2018.08.19-20.34.44:485][567]LogAssetEditorManager: Opening Asset editor for Blueprint /Game/MOBA_Minion_AI/Game/MOBA_AI_GAMEMODE.MOBA_AI_GAMEMODE
[2018.08.19-20.37.04:854][798]LogAssetEditorManager: Opening Asset editor for Blueprint /Game/MOBA_Minion_AI/AI/Services/UpdateTarget.UpdateTarget
[2018.08.19-20.37.11:315][542]Cmd: OBJ SAVEPACKAGE PACKAGE="/Game/MOBA_Minion_AI/AI/Minion_AI_Pawn" FILE="../../../../Projects/AndriodProject/Content/MOBA_Minion_AI/AI/Minion_AI_Pawn.uasset" SILENT=true
[2018.08.19-20.37.11:344][542]LogSavePackage: Moving '../../../../Projects/AndriodProject/Saved/Minion_AI_PawnF57D1E404D0903F30B284CB882CBCD38.tmp' to '../../../../Projects/AndriodProject/Content/MOBA_Minion_AI/AI/Minion_AI_Pawn.uasset'
[2018.08.19-20.39.38:224][739]Cmd: OBJ SAVEPACKAGE PACKAGE="/Game/MOBA_Minion_AI/Game/MOBA_AI_GAMEMODE" FILE="../../../../Projects/AndriodProject/Content/MOBA_Minion_AI/Game/MOBA_AI_GAMEMODE.uasset" SILENT=true
[2018.08.19-20.39.38:275][739]LogSavePackage: Moving '../../../../Projects/AndriodProject/Saved/MOBA_AI_GAMEMODE67DD947F43CEDC12776F6B9DACAE3655.tmp' to '../../../../Projects/AndriodProject/Content/MOBA_Minion_AI/Game/MOBA_AI_GAMEMODE.uasset'
[2018.08.19-20.39.41:288][ 85]LogTemp: Repeating last play command: Selected Viewport
[2018.08.19-20.39.41:313][ 85]LogBlueprintUserMessages: Early PlayInEditor Detection: Level '/Game/ThirdPersonBP/Maps/ThirdPersonExampleMap.ThirdPersonExampleMap:PersistentLevel' has LevelScriptBlueprint '/Game/ThirdPersonBP/Maps/ThirdPersonExampleMap.ThirdPersonExampleMap:PersistentLevel.ThirdPersonExampleMap' with GeneratedClass '/Game/ThirdPersonBP/Maps/ThirdPersonExampleMap.ThirdPersonExampleMap_C' with ClassGeneratedBy '/Game/ThirdPersonBP/Maps/ThirdPersonExampleMap.ThirdPersonExampleMap:PersistentLevel.ThirdPersonExampleMap'
[2018.08.19-20.39.41:315][ 85]LogPlayLevel: PlayLevel: No blueprints needed recompiling
[2018.08.19-20.39.41:327][ 85]PIE: New page: PIE session: ThirdPersonExampleMap (Aug 19, 2018, 12:39:41 PM)
[2018.08.19-20.39.41:327][ 85]LogPlayLevel: Creating play world package: /Game/ThirdPersonBP/Maps/UEDPIE_0_ThirdPersonExampleMap
[2018.08.19-20.39.41:343][ 85]LogPlayLevel: PIE: StaticDuplicateObject took: (0.015674s)
[2018.08.19-20.39.41:344][ 85]LogAIModule: Creating AISystem for world ThirdPersonExampleMap
[2018.08.19-20.39.41:344][ 85]LogPlayLevel: PIE: World Init took: (0.001032s)
[2018.08.19-20.39.41:344][ 85]LogPlayLevel: PIE: Created PIE world by copying editor world from /Game/ThirdPersonBP/Maps/ThirdPersonExampleMap.ThirdPersonExampleMap to /Game/ThirdPersonBP/Maps/UEDPIE_0_ThirdPersonExampleMap.ThirdPersonExampleMap (0.016919s)
[2018.08.19-20.39.41:382][ 85]LogInit: XAudio2 using 'Headset Earphone (HyperX Virtual Surround Sound)' : 2 channels at 48 kHz using 16 bits per sample (channel mask 0x3)
[2018.08.19-20.39.41:388][ 85]LogInit: FAudioDevice initialized.
[2018.08.19-20.39.41:431][ 85]LogLoad: Game class is 'MOBA_AI_GAMEMODE_C'
[2018.08.19-20.39.41:432][ 85]LogWorld: Bringing World /Game/ThirdPersonBP/Maps/UEDPIE_0_ThirdPersonExampleMap.ThirdPersonExampleMap up for play (max tick rate 0) at 2018.08.19-16.39.41
[2018.08.19-20.39.41:433][ 85]LogWorld: Bringing up level for play took: 0.001077
[2018.08.19-20.39.41:446][ 85]LogContentBrowser: Native class hierarchy updated for 'MovieSceneCapture' in 0.0002 seconds. Added 10 classes and 0 folders.
[2018.08.19-20.39.41:447][ 85]PIE: Play in editor start time for /Game/ThirdPersonBP/Maps/UEDPIE_0_ThirdPersonExampleMap 0.796
[2018.08.19-20.39.41:447][ 85]LogBlueprintUserMessages: Late PlayInEditor Detection: Level '/Game/ThirdPersonBP/Maps/ThirdPersonExampleMap.ThirdPersonExampleMap:PersistentLevel' has LevelScriptBlueprint '/Game/ThirdPersonBP/Maps/ThirdPersonExampleMap.ThirdPersonExampleMap:PersistentLevel.ThirdPersonExampleMap' with GeneratedClass '/Game/ThirdPersonBP/Maps/ThirdPersonExampleMap.ThirdPersonExampleMap_C' with ClassGeneratedBy '/Game/ThirdPersonBP/Maps/ThirdPersonExampleMap.ThirdPersonExampleMap:PersistentLevel.ThirdPersonExampleMap'
[2018.08.19-20.39.53:286][424]LogBlueprintUserMessages: Early EndPlayMap Detection: Level '/Game/ThirdPersonBP/Maps/ThirdPersonExampleMap.ThirdPersonExampleMap:PersistentLevel' has LevelScriptBlueprint '/Game/ThirdPersonBP/Maps/ThirdPersonExampleMap.ThirdPersonExampleMap:PersistentLevel.ThirdPersonExampleMap' with GeneratedClass '/Game/ThirdPersonBP/Maps/ThirdPersonExampleMap.ThirdPersonExampleMap_C' with ClassGeneratedBy '/Game/ThirdPersonBP/Maps/ThirdPersonExampleMap.ThirdPersonExampleMap:PersistentLevel.ThirdPersonExampleMap'
[2018.08.19-20.39.53:288][424]LogSlate: Updating window title bar state: overlay mode, drag disabled, window buttons hidden, title bar hidden
[2018.08.19-20.39.53:319][424]LogPlayLevel: Display: Shutting down PIE online subsystems
[2018.08.19-20.39.53:319][424]LogBlueprintUserMessages: Late EndPlayMap Detection: Level '/Game/ThirdPersonBP/Maps/ThirdPersonExampleMap.ThirdPersonExampleMap:PersistentLevel' has LevelScriptBlueprint '/Game/ThirdPersonBP/Maps/ThirdPersonExampleMap.ThirdPersonExampleMap:PersistentLevel.ThirdPersonExampleMap' with GeneratedClass '/Game/ThirdPersonBP/Maps/ThirdPersonExampleMap.ThirdPersonExampleMap_C' with ClassGeneratedBy '/Game/ThirdPersonBP/Maps/ThirdPersonExampleMap.ThirdPersonExampleMap:PersistentLevel.ThirdPersonExampleMap'
[2018.08.19-20.39.53:342][424]LogSlate: Updating window title bar state: overlay mode, drag disabled, window buttons hidden, title bar hidden
[2018.08.19-20.39.53:389][427]LogPlayLevel: Display: Destroying online subsystem :Context_4
[2018.08.19-20.39.54:847][600]LogSlate: FSceneViewport::OnFocusLost() reason 2
[2018.08.19-20.44.36:294][ 18]LogFileHelpers: Editor autosave (incl. sublevels) for '/Game/ThirdPersonBP/Maps/ThirdPersonExampleMap' took 0.024
[2018.08.19-20.44.36:297][ 18]OBJ SavePackage: Generating thumbnails for [0] asset(s) in package [/Game/MOBA_Minion_AI/Game/MOBA_AI_GAMEMODE] ([1] browsable assets)...
[2018.08.19-20.44.36:297][ 18]OBJ SavePackage: Finished generating thumbnails for package [/Game/MOBA_Minion_AI/Game/MOBA_AI_GAMEMODE]
[2018.08.19-20.44.36:343][ 18]LogSavePackage: Moving '../../../../Projects/AndriodProject/Saved/MOBA_AI_GAMEMODE_Auto1E068381F4C6DA92580898F81B61050DD.tmp' to '../../../../Projects/AndriodProject/Saved/Autosaves/Game/MOBA_Minion_AI/Game/MOBA_AI_GAMEMODE_Auto1.uasset'
[2018.08.19-20.44.36:345][ 18]LogFileHelpers: Auto-saving content packages took 0.049
[2018.08.19-20.44.46:430][122]LogEditorViewport: Clicking on Actor (LMB): WayPoint_C (WayPoint15)
[2018.08.19-20.45.13:410][567]LogEditorViewport: Clicking on Actor (LMB): WayPoint_C (WayPoint10)
[2018.08.19-20.45.14:884][739]LogEditorViewport: Clicking on Actor (LMB): WayPoint_C (WayPoint5)
[2018.08.19-20.45.20:622][373]LogEditorViewport: Clicking on Actor (LMB): WayPoint_C (WayPoint14)
[2018.08.19-20.45.22:772][619]LogEditorViewport: Clicking on Actor (LMB): StaticMeshActor (Floor)
[2018.08.19-20.45.25:773][954]LogEditorViewport: Clicking on Actor (LMB): WayPoint_C (WayPoint4)
[2018.08.19-20.45.29:561][390]LogEditorViewport: Clicking on Actor (LMB): WayPoint_C (WayPoint9)
[2018.08.19-20.45.32:053][666]LogEditorViewport: Clicking on Actor (LMB): WayPoint_C (WayPoint3)
[2018.08.19-20.45.35:150][ 22]LogEditorViewport: Clicking on Actor (LMB): WayPoint_C (WayPoint8)
[2018.08.19-20.45.38:538][411]LogEditorViewport: Clicking on Actor (LMB): WayPoint_C (WayPoint13)
[2018.08.19-21.23.57:249][432]LogSlate: FSceneViewport::OnFocusLost() reason 0
[2018.08.19-21.35.10:656][449]LogD3D11RHI: Timed out while waiting for GPU to catch up. (500 ms)
[2018.08.19-21.35.10:989][450]LogD3D11RHI: Timed out while waiting for GPU to catch up. (500 ms)
[2018.08.19-21.35.11:489][451]LogD3D11RHI: Timed out while waiting for GPU to catch up. (500 ms)
[2018.08.19-21.35.11:989][452]LogD3D11RHI: Timed out while waiting for GPU to catch up. (500 ms)
[2018.08.19-21.35.12:489][453]LogD3D11RHI: Timed out while waiting for GPU to catch up. (500 ms)
[2018.08.19-21.35.39:937][453]LogD3D11RHI: Timed out while waiting for GPU to catch up. (500 ms)
[2018.08.19-21.35.39:937][453]LogD3D11RHI: Timed out while waiting for GPU to catch up. (500 ms)
[2018.08.19-21.35.39:937][453]LogInit: XAudio2 using 'Headset Earphone (HyperX Virtual Surround Sound)' : 2 channels at 48 kHz using 16 bits per sample (channel mask 0x3)
