Log file open, 08/24/18 15:57:50
LogWindows: Failed to load 'aqProf.dll' (GetLastError=126)
LogWindows: File 'aqProf.dll' does not exist
LogWindows: Failed to load 'VtuneApi.dll' (GetLastError=126)
LogWindows: File 'VtuneApi.dll' does not exist
LogWindows: Failed to load 'VtuneApi32e.dll' (GetLastError=126)
LogWindows: File 'VtuneApi32e.dll' does not exist
LogInit: Display: Running engine for game: AndriodProject
LogPlatformFile: Not using cached read wrapper
LogTaskGraph: Started task graph with 5 named threads and 20 total threads with 3 sets of task threads.
LogStats: Stats thread started at 0.285517
LogD3D11RHI: Loaded GFSDK_Aftermath_Lib.x64.dll
LogICUInternationalization: Display: ICU TimeZone Detection - Raw Offset: -7:00, Platform Override: ''
LogPluginManager: Mounting plugin Paper2D
LogPluginManager: Mounting plugin AISupport
LogPluginManager: Mounting plugin LightPropagationVolume
LogPluginManager: Mounting plugin CLionSourceCodeAccess
LogPluginManager: Mounting plugin CodeLiteSourceCodeAccess
LogPluginManager: Mounting plugin GitSourceControl
LogPluginManager: Mounting plugin KDevelopSourceCodeAccess
LogPluginManager: Mounting plugin NullSourceCodeAccess
LogPluginManager: Mounting plugin PerforceSourceControl
LogPluginManager: Mounting plugin SubversionSourceControl
LogPluginManager: Mounting plugin UObjectPlugin
LogPluginManager: Mounting plugin VisualStudioCodeSourceCodeAccess
LogPluginManager: Mounting plugin VisualStudioSourceCodeAccess
LogPluginManager: Mounting plugin XCodeSourceCodeAccess
LogPluginManager: Mounting plugin AssetManagerEditor
LogPluginManager: Mounting plugin CryptoKeys
LogPluginManager: Mounting plugin DataValidation
LogPluginManager: Mounting plugin FacialAnimation
LogPluginManager: Mounting plugin GameplayTagsEditor
LogPluginManager: Mounting plugin MacGraphicsSwitching
LogPluginManager: Mounting plugin MeshEditor
LogPluginManager: Mounting plugin MobileLauncherProfileWizard
LogPluginManager: Mounting plugin PluginBrowser
LogPluginManager: Mounting plugin SpeedTreeImporter
LogPluginManager: Mounting plugin DatasmithContent
LogPluginManager: Mounting plugin AlembicImporter
LogPluginManager: Mounting plugin AppleImageUtils
LogPluginManager: Mounting plugin AppleVision
LogPluginManager: Mounting plugin BackChannel
LogPluginManager: Mounting plugin CharacterAI
LogPluginManager: Mounting plugin GeometryCache
LogPluginManager: Mounting plugin HTML5Networking
LogPluginManager: Mounting plugin ProxyLODPlugin
LogPluginManager: Mounting plugin MagicLeap
LogPluginManager: Mounting plugin MagicLeapEmulator
LogPluginManager: Mounting plugin MagicLeapMedia
LogPluginManager: Mounting plugin AndroidMedia
LogPluginManager: Mounting plugin AvfMedia
LogPluginManager: Mounting plugin ImgMedia
LogPluginManager: Mounting plugin LinearTimecode
LogPluginManager: Mounting plugin MediaCompositing
LogPluginManager: Mounting plugin MediaPlayerEditor
LogPluginManager: Mounting plugin WmfMedia
LogPluginManager: Mounting plugin TcpMessaging
LogPluginManager: Mounting plugin UdpMessaging
LogPluginManager: Mounting plugin ActorSequence
LogPluginManager: Mounting plugin LevelSequenceEditor
LogPluginManager: Mounting plugin MatineeToLevelSequence
LogPluginManager: Mounting plugin NetcodeUnitTest
LogPluginManager: Mounting plugin NUTUnrealEngine4
LogPluginManager: Mounting plugin OnlineSubsystemGooglePlay
LogPluginManager: Mounting plugin OnlineSubsystemIOS
LogPluginManager: Mounting plugin OnlineSubsystem
LogPluginManager: Mounting plugin OnlineSubsystemNull
LogPluginManager: Mounting plugin OnlineSubsystemUtils
LogPluginManager: Mounting plugin LauncherChunkInstaller
LogPluginManager: Mounting plugin AndroidDeviceProfileSelector
LogPluginManager: Mounting plugin AndroidMoviePlayer
LogPluginManager: Mounting plugin AndroidPermission
LogPluginManager: Mounting plugin AppleMoviePlayer
LogPluginManager: Mounting plugin ArchVisCharacter
LogPluginManager: Mounting plugin AudioCapture
LogPluginManager: Mounting plugin CableComponent
LogPluginManager: Mounting plugin CustomMeshComponent
LogPluginManager: Mounting plugin EditableMesh
LogPluginManager: Mounting plugin ExampleDeviceProfileSelector
LogPluginManager: Mounting plugin GoogleCloudMessaging
LogPluginManager: Mounting plugin ImmediatePhysics
LogPluginManager: Mounting plugin IOSDeviceProfileSelector
LogPluginManager: Mounting plugin LinuxDeviceProfileSelector
LogPluginManager: Mounting plugin LocationServicesBPLibrary
LogPluginManager: Mounting plugin MobilePatchingUtils
LogPluginManager: Mounting plugin OculusVR
LogPluginManager: Plugin shader directory ../../../Engine/Plugins/Runtime/Oculus/OculusVR/Shaders found
LogPluginManager: Mapping shader source directory ../../../Engine/Plugins/Runtime/Oculus/OculusVR/Shaders to virtual directory /Plugin/OculusVR
LogPluginManager: Mounting plugin PhysXVehicles
LogPluginManager: Mounting plugin ProceduralMeshComponent
LogPluginManager: Mounting plugin RuntimePhysXCooking
LogPluginManager: Mounting plugin SteamVR
LogPluginManager: Mounting plugin WindowsMoviePlayer
LogStreaming: Display: Took  0.467s to configure plugins.
LogInit: Using libcurl 7.55.1-DEV
LogInit:  - built for x86_64-pc-win32
LogInit:  - supports SSL with OpenSSL/1.0.2h
LogInit:  - supports HTTP deflate (compression) using libz 1.2.8
LogInit:  - other features:
LogInit:      CURL_VERSION_SSL
LogInit:      CURL_VERSION_LIBZ
LogInit:      CURL_VERSION_IPV6
LogInit:      CURL_VERSION_ASYNCHDNS
LogInit:      CURL_VERSION_LARGEFILE
LogInit:      CURL_VERSION_IDN
LogInit:  CurlRequestOptions (configurable via config and command line):
LogInit:  - bVerifyPeer = false  - Libcurl will NOT verify peer certificate
LogInit:  - bUseHttpProxy = false  - Libcurl will NOT use HTTP proxy
LogInit:  - bDontReuseConnections = false  - Libcurl will reuse connections
LogInit:  - CertBundlePath = nullptr  - Libcurl will use whatever was configured at build time.
LogInit:  - MaxHostConnections = 16  - Libcurl will limit the number of connections to a host
LogInit:  - LocalHostAddr = Default
LogInit:  - BufferSize = 65536
LogInit: WinSock: version 1.1 (2.2), MaxSocks=32767, MaxUdp=65467
LogInit: Build: ++UE4+Release-4.20-CL-4233996
LogInit: Engine Version: 4.20.1-4233996+++UE4+Release-4.20
LogInit: Compatible Engine Version: 4.20.0-4212847+++UE4+Release-4.20
LogInit: Net CL: 4212847
LogInit: OS: Windows 10 (), CPU: AMD Phenom(tm) II X6 1090T Processor, GPU: NVIDIA GeForce GTX 650 Ti BOOST
LogInit: Compiled (64-bit): Jul 26 2018 10:07:30
LogInit: Compiled with Visual C++: 19.13.26129.00
LogInit: Build Configuration: Development
LogInit: Branch Name: ++UE4+Release-4.20
LogInit: Command Line:  
LogInit: Base Directory: D:/EpicGamesLauncher/New folder/UE_4.20/Engine/Binaries/Win64/
LogInit: Installed Engine Build: 1
LogDevObjectVersion: Number of dev versions registered: 20
LogDevObjectVersion:   Dev-Blueprints (B0D832E4-1F89-4F0D-ACCF-7EB736FD4AA2): 10
LogDevObjectVersion:   Dev-Build (E1C64328-A22C-4D53-A36C-8E866417BD8C): 0
LogDevObjectVersion:   Dev-Core (375EC13C-06E4-48FB-B500-84F0262A717E): 2
LogDevObjectVersion:   Dev-Editor (E4B068ED-F494-42E9-A231-DA0B2E46BB41): 24
LogDevObjectVersion:   Dev-Framework (CFFC743F-43B0-4480-9391-14DF171D2073): 34
LogDevObjectVersion:   Dev-Mobile (B02B49B5-BB20-44E9-A304-32B752E40360): 2
LogDevObjectVersion:   Dev-Networking (A4E4105C-59A1-49B5-A7C5-40C4547EDFEE): 0
LogDevObjectVersion:   Dev-Online (39C831C9-5AE6-47DC-9A44-9C173E1C8E7C): 0
LogDevObjectVersion:   Dev-Physics (78F01B33-EBEA-4F98-B9B4-84EACCB95AA2): 0
LogDevObjectVersion:   Dev-Platform (6631380F-2D4D-43E0-8009-CF276956A95A): 0
LogDevObjectVersion:   Dev-Rendering (12F88B9F-8875-4AFC-A67C-D90C383ABD29): 26
LogDevObjectVersion:   Dev-Sequencer (7B5AE74C-D270-4C10-A958-57980B212A5A): 9
LogDevObjectVersion:   Dev-VR (D7296918-1DD6-4BDD-9DE2-64A83CC13884): 2
LogDevObjectVersion:   Dev-LoadTimes (C2A15278-BFE7-4AFE-6C17-90FF531DF755): 1
LogDevObjectVersion:   Private-Geometry (6EACA3D4-40EC-4CC1-B786-8BED09428FC5): 3
LogDevObjectVersion:   Dev-AnimPhys (29E575DD-E0A3-4627-9D10-D276232CDCEA): 17
LogDevObjectVersion:   Dev-ReflectionCapture (6B266CEC-1EC7-4B8F-A30B-E4D90942FC07): 1
LogDevObjectVersion:   Dev-Automation (0DF73D61-A23F-47EA-B727-89E90C41499A): 1
LogDevObjectVersion:   FortniteMain (601D1886-AC64-4F84-AA16-D3DE0DEAC7D6): 12
LogDevObjectVersion:   Dev-Enterprise (9DFFBCD6-494F-0158-E221-12823C92A888): 1
LogStreaming: Display: Took  0.017s to delete old logs.
LogInit: Presizing for max 8388607 objects, including 0 objects not considered by GC, pre-allocating 0 bytes for permanent pool.
LogInit: Object subsystem initialized
[2018.08.24-22.57.51:530][  0]LogInit: Selected Device Profile: [Windows]
[2018.08.24-22.57.51:530][  0]LogInit: Applying CVar settings loaded from the selected device profile: [Windows]
[2018.08.24-22.57.51:548][  0]LogHAL: Display: Platform has ~ 16 GB [17177300992 / 17179869184 / 16], which maps to Larger [LargestMinGB=32, LargerMinGB=12, DefaultMinGB=8, SmallerMinGB=6, SmallestMinGB=0)
[2018.08.24-22.57.51:548][  0]LogInit: Setting Device Profile CVar: [[r.Vulkan.UseRealUBs:1]]
[2018.08.24-22.57.51:548][  0]LogInit: Going up to parent DeviceProfile []
[2018.08.24-22.57.51:549][  0]LogInit: Computer: GODOFWAR
[2018.08.24-22.57.51:549][  0]LogInit: User: Grimzblood
[2018.08.24-22.57.51:549][  0]LogInit: CPU Page size=4096, Cores=6
[2018.08.24-22.57.51:549][  0]LogInit: High frequency timer resolution =3.139419 MHz
[2018.08.24-22.57.51:550][  0]LogMemory: Memory total: Physical=16.0GB (16GB approx)
[2018.08.24-22.57.51:550][  0]LogMemory: Platform Memory Stats for Windows
[2018.08.24-22.57.51:550][  0]LogMemory: Process Physical Memory: 101.04 MB used, 101.04 MB peak
[2018.08.24-22.57.51:550][  0]LogMemory: Process Virtual Memory: 84.80 MB used, 84.80 MB peak
[2018.08.24-22.57.51:550][  0]LogMemory: Physical Memory: 5559.63 MB used,  10821.92 MB free, 16381.55 MB total
[2018.08.24-22.57.51:550][  0]LogMemory: Virtual Memory: 537.30 MB used,  10821.92 MB free, 134217728.00 MB total
[2018.08.24-22.57.51:605][  0]LogInit: Using OS detected language (en-US).
[2018.08.24-22.57.51:605][  0]LogInit: Using OS detected locale (en-US).
[2018.08.24-22.57.51:607][  0]LogTextLocalizationManager: No specific localization for 'en-US' exists, so the 'en' localization will be used.
[2018.08.24-22.57.52:082][  0]LogStreaming: Display: Took  0.477s to InitEngineTextLocalization.
[2018.08.24-22.57.52:082][  0]LogInit: Setting process to per monitor DPI aware
[2018.08.24-22.57.52:132][  0]LogSlate: New Slate User Created.  User Index 0, Is Virtual User: 0
[2018.08.24-22.57.52:132][  0]LogSlate: Slate User Registered.  User Index 0, Is Virtual User: 0
[2018.08.24-22.57.52:709][  0]LogHMD: Failed to initialize OpenVR with code 110
[2018.08.24-22.57.52:709][  0]LogD3D11RHI: D3D11 adapters:
[2018.08.24-22.57.52:774][  0]LogD3D11RHI:    0. 'NVIDIA GeForce GTX 650 Ti BOOST' (Feature Level 11_0)
[2018.08.24-22.57.52:774][  0]LogD3D11RHI:       2015/0/8190 MB DedicatedVideo/DedicatedSystem/SharedSystem, Outputs:2, VendorId:0x10de
[2018.08.24-22.57.52:778][  0]LogD3D11RHI:    1. 'Microsoft Basic Render Driver' (Feature Level 11_0)
[2018.08.24-22.57.52:778][  0]LogD3D11RHI:       0/0/8190 MB DedicatedVideo/DedicatedSystem/SharedSystem, Outputs:0, VendorId:0x1414
[2018.08.24-22.57.52:778][  0]LogD3D11RHI: Chosen D3D11 Adapter: 0
[2018.08.24-22.57.52:787][  0]LogD3D11RHI: Creating new Direct3DDevice
[2018.08.24-22.57.52:787][  0]LogD3D11RHI:     GPU DeviceId: 0x11c2 (for the marketing name, search the web for "GPU Device Id")
[2018.08.24-22.57.52:787][  0]LogWindows: EnumDisplayDevices:
[2018.08.24-22.57.52:787][  0]LogWindows:    0. 'NVIDIA GeForce GTX 650 Ti BOOST' (P:1 D:1)
[2018.08.24-22.57.52:788][  0]LogWindows:    1. 'NVIDIA GeForce GTX 650 Ti BOOST' (P:0 D:1)
[2018.08.24-22.57.52:788][  0]LogWindows:    2. 'NVIDIA GeForce GTX 650 Ti BOOST' (P:0 D:0)
[2018.08.24-22.57.52:788][  0]LogWindows:    3. 'NVIDIA GeForce GTX 650 Ti BOOST' (P:0 D:0)
[2018.08.24-22.57.52:788][  0]LogWindows: DebugString: FoundDriverCount:4 
[2018.08.24-22.57.52:788][  0]LogD3D11RHI:     Adapter Name: NVIDIA GeForce GTX 650 Ti BOOST
[2018.08.24-22.57.52:788][  0]LogD3D11RHI:   Driver Version: 387.92 (internal:23.21.13.8792, unified:387.92)
[2018.08.24-22.57.52:788][  0]LogD3D11RHI:      Driver Date: 10-6-2017
[2018.08.24-22.57.52:788][  0]LogRHI: Texture pool is 1411 MB (70% of 2015 MB)
[2018.08.24-22.57.52:822][  0]LogD3D11RHI: Async texture creation enabled
[2018.08.24-22.57.52:837][  0]LogD3D11RHI: GPU Timing Frequency: 1000.000000 (Debug: 2 1)
[2018.08.24-22.57.52:936][  0]LogShaderCompilers: Guid format shader working directory is -3 characters bigger than the processId version (C:/Users/Grimzblood/Desktop/New folder/AndriodProject/Intermediate/Shaders/WorkingDirectory/11724/).
[2018.08.24-22.57.52:936][  0]LogShaderCompilers: Cleaned the shader compiler working directory 'C:/Users/Grimzblood/AppData/Local/Temp/UnrealShaderWorkingDir/3BD7F26645819D77764A469DEDC9C668/'.
[2018.08.24-22.57.53:341][  0]LogTemp: Display: Loaded TP AllDesktopTargetPlatform
[2018.08.24-22.57.53:367][  0]LogTemp: Display: Loaded TP MacClientTargetPlatform
[2018.08.24-22.57.53:392][  0]LogTemp: Display: Loaded TP MacNoEditorTargetPlatform
[2018.08.24-22.57.53:416][  0]LogTemp: Display: Loaded TP MacServerTargetPlatform
[2018.08.24-22.57.53:442][  0]LogTemp: Display: Loaded TP MacTargetPlatform
[2018.08.24-22.57.53:467][  0]LogTemp: Display: Loaded TP WindowsClientTargetPlatform
[2018.08.24-22.57.53:492][  0]LogTemp: Display: Loaded TP WindowsNoEditorTargetPlatform
[2018.08.24-22.57.53:518][  0]LogTemp: Display: Loaded TP WindowsServerTargetPlatform
[2018.08.24-22.57.53:529][  0]LogTemp: Display: Loaded TP WindowsTargetPlatform
[2018.08.24-22.57.53:682][  0]LogTemp: Display: Loaded TP AndroidTargetPlatform
[2018.08.24-22.57.53:682][  0]LogTemp: Display: Loaded TP AndroidTargetPlatform
[2018.08.24-22.57.53:682][  0]LogTemp: Display: Loaded TP AndroidTargetPlatform
[2018.08.24-22.57.53:682][  0]LogTemp: Display: Loaded TP AndroidTargetPlatform
[2018.08.24-22.57.53:682][  0]LogTemp: Display: Loaded TP AndroidTargetPlatform
[2018.08.24-22.57.53:682][  0]LogTemp: Display: Loaded TP AndroidTargetPlatform
[2018.08.24-22.57.53:682][  0]LogTemp: Display: Loaded TP AndroidTargetPlatform
[2018.08.24-22.57.53:682][  0]LogTemp: Display: Loaded TP AndroidTargetPlatform
[2018.08.24-22.57.53:682][  0]LogTemp: Display: Loaded TP AndroidTargetPlatform
[2018.08.24-22.57.53:682][  0]LogTemp: Display: Loaded TP AndroidTargetPlatform
[2018.08.24-22.57.53:682][  0]LogTemp: Display: Loaded TP AndroidTargetPlatform
[2018.08.24-22.57.53:682][  0]LogTemp: Display: Loaded TP AndroidTargetPlatform
[2018.08.24-22.57.53:682][  0]LogTemp: Display: Loaded TP AndroidTargetPlatform
[2018.08.24-22.57.53:682][  0]LogTemp: Display: Loaded TP AndroidTargetPlatform
[2018.08.24-22.57.53:682][  0]LogTemp: Display: Loaded TP AndroidTargetPlatform
[2018.08.24-22.57.53:682][  0]LogTemp: Display: Loaded TP AndroidTargetPlatform
[2018.08.24-22.57.53:682][  0]LogTemp: Display: Loaded TP AndroidTargetPlatform
[2018.08.24-22.57.53:682][  0]LogTemp: Display: Loaded TP AndroidTargetPlatform
[2018.08.24-22.57.53:685][  0]LogTemp: Display: Loaded TP HTML5TargetPlatform
[2018.08.24-22.57.53:772][  0]LogTemp: Display: Loaded TP IOSTargetPlatform
[2018.08.24-22.57.53:772][  0]LogTemp: Display: Loaded TP IOSTargetPlatform
[2018.08.24-22.57.53:817][  0]LogTemp: Display: Loaded TP TVOSTargetPlatform
[2018.08.24-22.57.53:818][  0]LogTemp: Display: Loaded TP TVOSTargetPlatform
[2018.08.24-22.57.53:841][  0]LogTemp: Display: Loaded TP LinuxClientTargetPlatform
[2018.08.24-22.57.53:862][  0]LogTemp: Display: Loaded TP LinuxNoEditorTargetPlatform
[2018.08.24-22.57.53:885][  0]LogTemp: Display: Loaded TP LinuxServerTargetPlatform
[2018.08.24-22.57.53:909][  0]LogTemp: Display: Loaded TP LinuxTargetPlatform
[2018.08.24-22.57.53:925][  0]LogTemp: Display: Loaded TP LuminTargetPlatform
[2018.08.24-22.57.53:925][  0]LogTargetPlatformManager: Display: Building Assets For Windows
[2018.08.24-22.57.54:008][  0]LogXGEController: Cleaning working directory: C:/Users/Grimzblood/AppData/Local/Temp/UnrealXGEWorkingDir/
[2018.08.24-22.57.54:009][  0]LogXGEController: Cannot use XGE Controller as Incredibuild is not installed on this machine.
[2018.08.24-22.57.54:009][  0]LogShaderCompilers: Cannot use XGE Shader Compiler as Incredibuild is not installed on this machine.
[2018.08.24-22.57.54:009][  0]LogShaderCompilers: Display: Using Local Shader Compiler.
[2018.08.24-22.57.55:496][  0]LogDerivedDataCache: Display: Max Cache Size: 512 MB
[2018.08.24-22.57.55:586][  0]LogDerivedDataCache: Loaded boot cache 0.09s 71MB C:/Users/Grimzblood/AppData/Local/UnrealEngine/4.20/DerivedDataCache/Boot.ddc.
[2018.08.24-22.57.55:586][  0]LogDerivedDataCache: Display: Loaded Boot cache: C:/Users/Grimzblood/AppData/Local/UnrealEngine/4.20/DerivedDataCache/Boot.ddc
[2018.08.24-22.57.55:586][  0]LogDerivedDataCache: FDerivedDataBackendGraph:  Pak pak cache file C:/Users/Grimzblood/Desktop/New folder/AndriodProject/DerivedDataCache/DDC.ddp not found, will not use a pak cache.
[2018.08.24-22.57.55:586][  0]LogDerivedDataCache: Unable to find inner node Pak for hierarchical cache Hierarchy.
[2018.08.24-22.57.55:586][  0]LogDerivedDataCache: FDerivedDataBackendGraph:  CompressedPak pak cache file C:/Users/Grimzblood/Desktop/New folder/AndriodProject/DerivedDataCache/Compressed.ddp not found, will not use a pak cache.
[2018.08.24-22.57.55:586][  0]LogDerivedDataCache: Unable to find inner node CompressedPak for hierarchical cache Hierarchy.
[2018.08.24-22.57.55:601][  0]LogDerivedDataCache: Display: Pak cache opened for reading ../../../Engine/DerivedDataCache/Compressed.ddp.
[2018.08.24-22.57.55:615][  0]LogDerivedDataCache: Using Local data cache path C:/Users/Grimzblood/AppData/Local/UnrealEngine/Common/DerivedDataCache: Writable
[2018.08.24-22.57.55:615][  0]LogDerivedDataCache: Shared data cache path not found in *engine.ini, will not use an Shared cache.
[2018.08.24-22.57.55:615][  0]LogDerivedDataCache: Unable to find inner node Shared for hierarchical cache Hierarchy.
[2018.08.24-22.57.55:641][  0]LogMaterial: Verifying Global Shaders for PCD3D_SM5
[2018.08.24-22.57.55:643][  0]LogSlate: Using FreeType 2.6.0
[2018.08.24-22.57.55:644][  0]LogSlate: SlateFontServices - WITH_FREETYPE: 1, WITH_HARFBUZZ: 1
[2018.08.24-22.57.55:789][  0]LogAssetRegistry: FAssetRegistry took 0.0294 seconds to start up
[2018.08.24-22.57.56:335][  0]LogInit: Selected Device Profile: [Windows]
[2018.08.24-22.57.56:534][  0]LogSimplygon: Simplygon DLL not present - disabling.
[2018.08.24-22.57.56:541][  0]LogMeshReduction: Using SimplygonSwarm for distributed automatic mesh merging
[2018.08.24-22.57.56:541][  0]LogMeshReduction: Using ProxyLODMeshReduction for automatic mesh merging
[2018.08.24-22.57.56:541][  0]LogMeshReduction: Using QuadricMeshReduction for automatic static mesh reduction
[2018.08.24-22.57.56:541][  0]LogMeshReduction: No automatic skeletal mesh reduction module available
[2018.08.24-22.57.56:567][  0]LogNetVersion: AndriodProject 1.0.0, NetCL: 4212847, EngineNetVer: 5, GameNetVer: 0 (Checksum: 2413879159)
[2018.08.24-22.57.57:413][  0]LogPackageLocalizationCache: Processed 11 localized package path(s) for 2 prioritized culture(s) in 0.211475 seconds
[2018.08.24-22.57.57:426][  0]LogUObjectArray: 38425 objects as part of root set at end of initial load.
[2018.08.24-22.57.57:426][  0]LogUObjectAllocator: 6690872 out of 0 bytes used by permanent object pool.
[2018.08.24-22.57.57:426][  0]LogUObjectArray: CloseDisregardForGC: 0/0 objects in disregard for GC pool
[2018.08.24-22.57.59:476][  0]LogTcpMessaging: Initializing TcpMessaging bridge
[2018.08.24-22.57.59:492][  0]LogUdpMessaging: Initializing bridge on interface 0.0.0.0:0 to multicast group 230.0.0.1:6666.
[2018.08.24-22.57.59:710][  0]SourceControl: Source control is disabled
[2018.08.24-22.57.59:710][  0]SourceControl: Source control is disabled
[2018.08.24-22.57.59:714][  0]SourceControl: Source control is disabled
[2018.08.24-22.57.59:717][  0]SourceControl: Source control is disabled
[2018.08.24-22.57.59:968][  0]LogAndroidPermission: UAndroidPermissionCallbackProxy::GetInstance
[2018.08.24-22.58.00:144][  0]LogOcInput: OculusInput pre-init called
[2018.08.24-22.58.00:230][  0]LogEngine: Initializing Engine...
[2018.08.24-22.58.00:232][  0]LogHMD: Failed to initialize OpenVR with code 110
[2018.08.24-22.58.00:234][  0]LogStats: UGameplayTagsManager::ConstructGameplayTagTree: ImportINI prefixes -  0.000 s
[2018.08.24-22.58.00:234][  0]LogStats: UGameplayTagsManager::ConstructGameplayTagTree: Construct from data asset -  0.000 s
[2018.08.24-22.58.00:235][  0]LogStats: UGameplayTagsManager::ConstructGameplayTagTree: ImportINI -  0.000 s
[2018.08.24-22.58.00:235][  0]LogStats: UGameplayTagsManager::ConstructGameplayTagTree: GameplayTagTreeChangedEvent.Broadcast -  0.000 s
[2018.08.24-22.58.00:507][  0]LogInit: Initializing FReadOnlyCVARCache
[2018.08.24-22.58.00:525][  0]LogAIModule: Creating AISystem for world Untitled
[2018.08.24-22.58.00:558][  0]LogInit: XAudio2 using 'Digital Audio (S/PDIF) (High Definition Audio Device)' : 2 channels at 44.1 kHz using 16 bits per sample (channel mask 0x3)
[2018.08.24-22.58.00:587][  0]LogInit: FAudioDevice initialized.
[2018.08.24-22.58.00:587][  0]LogNetVersion: Set ProjectVersion to 1.0.0.0. Version Checksum will be recalculated on next use.
[2018.08.24-22.58.00:715][  0]LogDerivedDataCache: Saved boot cache 0.13s 71MB C:/Users/Grimzblood/AppData/Local/UnrealEngine/4.20/DerivedDataCache/Boot.ddc.
[2018.08.24-22.58.00:718][  0]LogInit: Texture streaming: Enabled
[2018.08.24-22.58.00:745][  0]LogEngineSessionManager: EngineSessionManager initialized
[2018.08.24-22.58.00:763][  0]LogInit: Transaction tracking system initialized
[2018.08.24-22.58.00:794][  0]BlueprintLog: New page: Editor Load
[2018.08.24-22.58.00:913][  0]LocalizationService: Localization service is disabled
[2018.08.24-22.58.01:304][  0]LogCook: Display: Max memory allowance for cook 16384mb min free memory 0mb
[2018.08.24-22.58.01:305][  0]LogCook: Display: Mobile HDR setting 0
[2018.08.24-22.58.01:305][  0]LogGameplayTags: Display: UGameplayTagsManager::DoneAddingNativeTags. DelegateIsBound: 0
[2018.08.24-22.58.01:305][  0]LogStats: UGameplayTagsManager::ConstructGameplayTagTree: ImportINI prefixes -  0.000 s
[2018.08.24-22.58.01:305][  0]LogStats: UGameplayTagsManager::ConstructGameplayTagTree: Construct from data asset -  0.000 s
[2018.08.24-22.58.01:305][  0]LogStats: UGameplayTagsManager::ConstructGameplayTagTree: ImportINI -  0.001 s
[2018.08.24-22.58.01:305][  0]LogStats: UGameplayTagsManager::ConstructGameplayTagTree: GameplayTagTreeChangedEvent.Broadcast -  0.000 s
[2018.08.24-22.58.01:531][  0]LogFileCache: Scanning file cache for directory 'C:/Users/Grimzblood/Desktop/New folder/AndriodProject/Content/' took 0.02s
[2018.08.24-22.58.01:531][  0]SourceControl: Source control is disabled
[2018.08.24-22.58.01:532][  0]Cmd: MAP LOAD FILE="C:/Users/Grimzblood/Desktop/New folder/AndriodProject/Content/ThirdPersonBP/Maps/ThirdPersonExampleMap.umap" TEMPLATE=0 SHOWPROGRESS=1 FEATURELEVEL=3
[2018.08.24-22.58.01:533][  0]LightingResults: New page: Lighting Build
[2018.08.24-22.58.01:536][  0]MapCheck: New page: Map Check
[2018.08.24-22.58.01:537][  0]LightingResults: New page: Lighting Build
[2018.08.24-22.58.02:413][  0]LogAIModule: Creating AISystem for world ThirdPersonExampleMap
[2018.08.24-22.58.02:446][  0]LogEditorServer: Finished looking for orphan Actors (0.000 secs)
[2018.08.24-22.58.02:497][  0]Cmd: MAP CHECKDEP NOCLEARLOG
[2018.08.24-22.58.02:691][  0]MapCheck: Map check complete: 0 Error(s), 0 Warning(s), took 193.385ms to complete.
[2018.08.24-22.58.02:691][  0]LogFileHelpers: Loading map 'ThirdPersonExampleMap' took 1.159
[2018.08.24-22.58.02:777][  0]LogWindowsTextInputMethodSystem: Display: IME system now deactivated.
[2018.08.24-22.58.02:836][  0]LogSlate: Updating window title bar state: overlay mode, drag disabled, window buttons hidden, title bar hidden
[2018.08.24-22.58.02:849][  0]LogSlate: Updating window title bar state: overlay mode, drag disabled, window buttons hidden, title bar hidden
[2018.08.24-22.58.02:861][  0]LogSlate: Updating window title bar state: overlay mode, drag disabled, window buttons hidden, title bar hidden
[2018.08.24-22.58.02:874][  0]LogSlate: Updating window title bar state: overlay mode, drag disabled, window buttons hidden, title bar hidden
[2018.08.24-22.58.02:883][  0]LogCollectionManager: Loaded 0 collections in 0.001542 seconds
[2018.08.24-22.58.02:938][  0]LogFileCache: Scanning file cache for directory 'C:/Users/Grimzblood/Desktop/New folder/AndriodProject/Saved/Collections/' took 0.01s
[2018.08.24-22.58.02:938][  0]LogFileCache: Scanning file cache for directory 'C:/Users/Grimzblood/Desktop/New folder/AndriodProject/Content/Developers/Grimzblood/Collections/' took 0.01s
[2018.08.24-22.58.02:938][  0]LogFileCache: Scanning file cache for directory 'C:/Users/Grimzblood/Desktop/New folder/AndriodProject/Content/Collections/' took 0.01s
[2018.08.24-22.58.02:938][  0]LogCollectionManager: Rebuilt the GUID cache for 0 collections in 0.000001 seconds
[2018.08.24-22.58.02:954][  0]LogContentBrowser: Native class hierarchy populated in 0.0160 seconds. Added 2572 classes and 603 folders.
[2018.08.24-22.58.02:964][  0]LogContentBrowser: Native class hierarchy updated for 'WidgetCarousel' in 0.0005 seconds. Added 0 classes and 0 folders.
[2018.08.24-22.58.03:116][  0]LogContentBrowser: Native class hierarchy updated for 'AddContentDialog' in 0.0006 seconds. Added 0 classes and 0 folders.
[2018.08.24-22.58.03:124][  0]LogContentBrowser: Native class hierarchy updated for 'SceneOutliner' in 0.0005 seconds. Added 1 classes and 2 folders.
[2018.08.24-22.58.03:181][  0]LogContentBrowser: Native class hierarchy updated for 'HierarchicalLODOutliner' in 0.0005 seconds. Added 0 classes and 0 folders.
[2018.08.24-22.58.03:181][  0]LogLoad: (Engine Initialization) Total time: 15.01 seconds
[2018.08.24-22.58.03:181][  0]LogLoad: (Engine Initialization) Total Blueprint compile time: 0.00 seconds
[2018.08.24-22.58.03:214][  0]LogContentStreaming: Texture pool size now 3000 MB
[2018.08.24-22.58.03:216][  0]LogSlate: Took 0.000412 seconds to synchronously load lazily loaded font '../../../Engine/Content/Slate/Fonts/Roboto-Regular.ttf' (155K)
[2018.08.24-22.58.03:219][  0]LogSlate: Took 0.000441 seconds to synchronously load lazily loaded font '../../../Engine/Content/Slate/Fonts/Roboto-Bold.ttf' (160K)
[2018.08.24-22.58.03:226][  0]LogSlate: Took 0.000473 seconds to synchronously load lazily loaded font '../../../Engine/Content/Editor/Slate/Fonts/FontAwesome.ttf' (139K)
[2018.08.24-22.58.03:408][  0]LogRenderer: Reallocating scene render targets to support 692x460 Format 10 NumSamples 1 (Frame:1).
[2018.08.24-22.58.03:408][  0]LogSlate: Took 0.000593 seconds to synchronously load lazily loaded font '../../../Engine/Content/Slate/Fonts/Roboto-Light.ttf' (167K)
[2018.08.24-22.58.03:877][  2]LogMaterial: Display: Missing cached shader map for material Material_0, compiling. 
[2018.08.24-22.58.04:188][  2]LogShaderCompilers: Display: Shaders left to compile 44
[2018.08.24-22.58.04:188][  2]LogShaderCompilers: Display: Shaders left to compile 34
[2018.08.24-22.58.04:188][  2]LogAssetRegistry: Asset discovery search completed in 8.4212 seconds
[2018.08.24-22.58.04:191][  2]LogCollectionManager: Rebuilt the object cache for 0 collections in 0.000001 seconds (found 0 objects)
[2018.08.24-22.58.04:191][  2]LogCollectionManager: Fixed up redirectors for 0 collections in 0.000072 seconds (updated 0 objects)
[2018.08.24-22.58.04:344][  3]LogMaterial: Display: Missing cached shader map for material Material_1, compiling. 
[2018.08.24-22.58.04:439][  4]LogMaterial: Display: Missing cached shader map for material Material_2, compiling. 
[2018.08.24-22.58.04:519][  5]LogMaterial: Display: Missing cached shader map for material Material_3, compiling. 
[2018.08.24-22.58.09:738][457]LogShaderCompilers: Display: Shaders left to compile 156
[2018.08.24-22.58.09:953][468]LogShaderCompilers: Display: Shaders left to compile 146
[2018.08.24-22.58.13:210][662]LogShaderCompilers: Display: Shaders left to compile 136
[2018.08.24-22.58.15:549][818]LogShaderCompilers: Display: Shaders left to compile 126
[2018.08.24-22.58.16:290][867]LogShaderCompilers: Display: Shaders left to compile 116
[2018.08.24-22.58.17:714][957]LogShaderCompilers: Display: Shaders left to compile 106
[2018.08.24-22.58.18:683][ 21]LogShaderCompilers: Display: Shaders left to compile 96
[2018.08.24-22.58.22:297][267]LogShaderCompilers: Display: Shaders left to compile 86
[2018.08.24-22.58.22:409][274]LogShaderCompilers: Display: Shaders left to compile 76
[2018.08.24-22.58.24:879][434]LogShaderCompilers: Display: Shaders left to compile 66
[2018.08.24-22.58.25:137][450]LogShaderCompilers: Display: Shaders left to compile 56
[2018.08.24-22.58.28:565][668]LogShaderCompilers: Display: Shaders left to compile 46
[2018.08.24-22.58.30:460][794]LogShaderCompilers: Display: Shaders left to compile 36
[2018.08.24-22.58.31:261][843]LogShaderCompilers: Display: Shaders left to compile 26
[2018.08.24-22.58.33:531][972]LogShaderCompilers: Display: Shaders left to compile 16
[2018.08.24-22.58.33:825][991]LogShaderCompilers: Display: Shaders left to compile 6
[2018.08.24-22.58.36:919][199]LogSlate: FSceneViewport::OnFocusLost() reason 0
[2018.08.24-22.58.37:080][210]LogRenderer: Reallocating scene render targets to support 1208x576 Format 10 NumSamples 1 (Frame:2200).
[2018.08.24-22.59.09:729][874]LogSlate: Took 0.000484 seconds to synchronously load lazily loaded font '../../../Engine/Content/Slate/Fonts/Roboto-Light.ttf' (167K)
[2018.08.24-22.59.09:766][874]LogFactory: FactoryCreateFile: FileMediaSource with WmfFileMediaSourceFactory (0 0 C:\Users\Grimzblood\Desktop\music\music1.mp3)
[2018.08.24-22.59.09:797][874]LogFactory: FactoryCreateFile: FileMediaSource with WmfFileMediaSourceFactory (0 0 C:\Users\Grimzblood\Desktop\music\music2.mp3)
[2018.08.24-22.59.09:840][874]LogFactory: FactoryCreateFile: FileMediaSource with WmfFileMediaSourceFactory (0 0 C:\Users\Grimzblood\Desktop\music\music3.mp3)
[2018.08.24-22.59.18:769][544]LogTemp: Repeating last play command: Selected Viewport
[2018.08.24-22.59.18:787][544]LogBlueprintUserMessages: Early PlayInEditor Detection: Level '/Game/ThirdPersonBP/Maps/ThirdPersonExampleMap.ThirdPersonExampleMap:PersistentLevel' has LevelScriptBlueprint '/Game/ThirdPersonBP/Maps/ThirdPersonExampleMap.ThirdPersonExampleMap:PersistentLevel.ThirdPersonExampleMap' with GeneratedClass '/Game/ThirdPersonBP/Maps/ThirdPersonExampleMap.ThirdPersonExampleMap_C' with ClassGeneratedBy '/Game/ThirdPersonBP/Maps/ThirdPersonExampleMap.ThirdPersonExampleMap:PersistentLevel.ThirdPersonExampleMap'
[2018.08.24-22.59.18:787][544]LogPlayLevel: PlayLevel: No blueprints needed recompiling
[2018.08.24-22.59.18:799][544]PIE: New page: PIE session: ThirdPersonExampleMap (Aug 24, 2018, 8:59:18 AM)
[2018.08.24-22.59.18:799][544]LogPlayLevel: Creating play world package: /Game/ThirdPersonBP/Maps/UEDPIE_0_ThirdPersonExampleMap
[2018.08.24-22.59.18:829][544]LogPlayLevel: PIE: StaticDuplicateObject took: (0.029706s)
[2018.08.24-22.59.18:830][544]LogAIModule: Creating AISystem for world ThirdPersonExampleMap
[2018.08.24-22.59.18:830][544]LogPlayLevel: PIE: World Init took: (0.001043s)
[2018.08.24-22.59.18:830][544]LogPlayLevel: PIE: Created PIE world by copying editor world from /Game/ThirdPersonBP/Maps/ThirdPersonExampleMap.ThirdPersonExampleMap to /Game/ThirdPersonBP/Maps/UEDPIE_0_ThirdPersonExampleMap.ThirdPersonExampleMap (0.030980s)
[2018.08.24-22.59.18:892][544]LogInit: XAudio2 using 'Digital Audio (S/PDIF) (High Definition Audio Device)' : 2 channels at 44.1 kHz using 16 bits per sample (channel mask 0x3)
[2018.08.24-22.59.18:904][544]LogInit: FAudioDevice initialized.
[2018.08.24-22.59.19:968][544]LogLoad: Game class is 'MOBA_AI_GAMEMODE_C'
[2018.08.24-22.59.19:973][544]LogWorld: Bringing World /Game/ThirdPersonBP/Maps/UEDPIE_0_ThirdPersonExampleMap.ThirdPersonExampleMap up for play (max tick rate 0) at 2018.08.24-15.59.19
[2018.08.24-22.59.19:974][544]LogWorld: Bringing up level for play took: 0.003157
[2018.08.24-22.59.20:000][544]LogContentBrowser: Native class hierarchy updated for 'MovieSceneCapture' in 0.0009 seconds. Added 10 classes and 0 folders.
[2018.08.24-22.59.20:068][544]PIE: Play in editor start time for /Game/ThirdPersonBP/Maps/UEDPIE_0_ThirdPersonExampleMap 2.128
[2018.08.24-22.59.20:069][544]LogBlueprintUserMessages: Late PlayInEditor Detection: Level '/Game/ThirdPersonBP/Maps/ThirdPersonExampleMap.ThirdPersonExampleMap:PersistentLevel' has LevelScriptBlueprint '/Game/ThirdPersonBP/Maps/ThirdPersonExampleMap.ThirdPersonExampleMap:PersistentLevel.ThirdPersonExampleMap' with GeneratedClass '/Game/ThirdPersonBP/Maps/ThirdPersonExampleMap.ThirdPersonExampleMap_C' with ClassGeneratedBy '/Game/ThirdPersonBP/Maps/ThirdPersonExampleMap.ThirdPersonExampleMap:PersistentLevel.ThirdPersonExampleMap'
[2018.08.24-23.00.03:280][906]LogSlate: FSceneViewport::OnFocusLost() reason 0
[2018.08.24-23.00.03:407][906]LogBlueprintUserMessages: Early EndPlayMap Detection: Level '/Game/ThirdPersonBP/Maps/ThirdPersonExampleMap.ThirdPersonExampleMap:PersistentLevel' has LevelScriptBlueprint '/Game/ThirdPersonBP/Maps/ThirdPersonExampleMap.ThirdPersonExampleMap:PersistentLevel.ThirdPersonExampleMap' with GeneratedClass '/Game/ThirdPersonBP/Maps/ThirdPersonExampleMap.ThirdPersonExampleMap_C' with ClassGeneratedBy '/Game/ThirdPersonBP/Maps/ThirdPersonExampleMap.ThirdPersonExampleMap:PersistentLevel.ThirdPersonExampleMap'
[2018.08.24-23.00.03:407][906]LogSlate: Updating window title bar state: overlay mode, drag disabled, window buttons hidden, title bar hidden
[2018.08.24-23.00.03:457][906]LogPlayLevel: Display: Shutting down PIE online subsystems
[2018.08.24-23.00.03:457][906]LogBlueprintUserMessages: Late EndPlayMap Detection: Level '/Game/ThirdPersonBP/Maps/ThirdPersonExampleMap.ThirdPersonExampleMap:PersistentLevel' has LevelScriptBlueprint '/Game/ThirdPersonBP/Maps/ThirdPersonExampleMap.ThirdPersonExampleMap:PersistentLevel.ThirdPersonExampleMap' with GeneratedClass '/Game/ThirdPersonBP/Maps/ThirdPersonExampleMap.ThirdPersonExampleMap_C' with ClassGeneratedBy '/Game/ThirdPersonBP/Maps/ThirdPersonExampleMap.ThirdPersonExampleMap:PersistentLevel.ThirdPersonExampleMap'
[2018.08.24-23.00.03:506][906]LogSlate: Updating window title bar state: overlay mode, drag disabled, window buttons hidden, title bar hidden
[2018.08.24-23.00.03:535][907]LogPlayLevel: Display: Destroying online subsystem :Context_2
[2018.08.24-23.00.09:826][649]LogEditorViewport: Clicking on Actor (LMB): WayPoint_C (WayPoint7)
[2018.08.24-23.00.15:195][ 68]LogEditorViewport: Clicking on Actor (LMB): WayPoint_C (WayPoint6)
[2018.08.24-23.00.18:899][436]LogEditorViewport: Clicking on Actor (LMB): WayPoint_C (WayPoint7)
[2018.08.24-23.00.21:968][741]LogEditorViewport: Clicking on Actor (LMB): WayPoint_C (WayPoint8)
[2018.08.24-23.00.26:471][182]LogEditorViewport: Clicking on Actor (LMB): WayPoint_C (WayPoint9)
[2018.08.24-23.00.30:073][537]LogEditorViewport: Clicking on Actor (LMB): WayPoint_C (WayPoint11)
[2018.08.24-23.00.34:065][933]LogEditorViewport: Clicking on Actor (LMB): StaticMeshActor (Floor)
[2018.08.24-23.00.48:258][235]LogSlate: FSceneViewport::OnFocusLost() reason 0
[2018.08.24-23.03.07:054][717]LogSlate: Took 0.028001 seconds to synchronously load lazily loaded font '../../../Engine/Content/Slate/Fonts/Roboto-Italic.ttf' (157K)
[2018.08.24-23.08.47:875][209]LogFileHelpers: Editor autosave (incl. sublevels) for '/Game/ThirdPersonBP/Maps/ThirdPersonExampleMap' took 0.042
[2018.08.24-23.08.47:883][209]OBJ SavePackage: Generating thumbnails for [0] asset(s) in package [/Game/Sounds/Music/music1] ([1] browsable assets)...
[2018.08.24-23.08.47:883][209]OBJ SavePackage: Finished generating thumbnails for package [/Game/Sounds/Music/music1]
[2018.08.24-23.08.47:883][209]Cmd: OBJ SAVEPACKAGE PACKAGE="/Game/Sounds/Music/music1" FILE="C:/Users/Grimzblood/Desktop/New folder/AndriodProject/Saved/Autosaves/Game/Sounds/Music/music1_Auto1.uasset" SILENT=false AUTOSAVING=true
[2018.08.24-23.08.47:892][209]LogSavePackage: Moving 'C:/Users/Grimzblood/Desktop/New folder/AndriodProject/Saved/music1_Auto1F6C15FFF4C6F77A0B6091BAB11986852.tmp' to 'C:/Users/Grimzblood/Desktop/New folder/AndriodProject/Saved/Autosaves/Game/Sounds/Music/music1_Auto1.uasset'
[2018.08.24-23.08.47:900][209]OBJ SavePackage: Generating thumbnails for [0] asset(s) in package [/Game/Sounds/Music/music2] ([1] browsable assets)...
[2018.08.24-23.08.47:900][209]OBJ SavePackage: Finished generating thumbnails for package [/Game/Sounds/Music/music2]
[2018.08.24-23.08.47:900][209]Cmd: OBJ SAVEPACKAGE PACKAGE="/Game/Sounds/Music/music2" FILE="C:/Users/Grimzblood/Desktop/New folder/AndriodProject/Saved/Autosaves/Game/Sounds/Music/music2_Auto1.uasset" SILENT=false AUTOSAVING=true
[2018.08.24-23.08.47:909][209]LogSavePackage: Moving 'C:/Users/Grimzblood/Desktop/New folder/AndriodProject/Saved/music2_Auto1CD0D8E184898CEE3F5384B962A4AE9E8.tmp' to 'C:/Users/Grimzblood/Desktop/New folder/AndriodProject/Saved/Autosaves/Game/Sounds/Music/music2_Auto1.uasset'
[2018.08.24-23.08.47:915][209]OBJ SavePackage: Generating thumbnails for [0] asset(s) in package [/Game/Sounds/Music/music3] ([1] browsable assets)...
[2018.08.24-23.08.47:915][209]OBJ SavePackage: Finished generating thumbnails for package [/Game/Sounds/Music/music3]
[2018.08.24-23.08.47:915][209]Cmd: OBJ SAVEPACKAGE PACKAGE="/Game/Sounds/Music/music3" FILE="C:/Users/Grimzblood/Desktop/New folder/AndriodProject/Saved/Autosaves/Game/Sounds/Music/music3_Auto1.uasset" SILENT=false AUTOSAVING=true
[2018.08.24-23.08.47:922][209]LogSavePackage: Moving 'C:/Users/Grimzblood/Desktop/New folder/AndriodProject/Saved/music3_Auto1AC2D471A43890F46866E378AE3CF38FC.tmp' to 'C:/Users/Grimzblood/Desktop/New folder/AndriodProject/Saved/Autosaves/Game/Sounds/Music/music3_Auto1.uasset'
[2018.08.24-23.08.47:927][209]LogFileHelpers: Auto-saving content packages took 0.050
[2018.08.24-23.10.02:001][548]LogSlate: Window 'Delete Assets' being destroyed
[2018.08.24-23.10.52:648][731]Cmd: TRANSACTION UNDO
[2018.08.24-23.10.52:648][731]LogEditorTransaction: Undo Clicking on Actors
[2018.08.24-23.10.54:060][845]Cmd: TRANSACTION UNDO
[2018.08.24-23.10.54:060][845]LogEditorTransaction: Undo Clicking on Actors
[2018.08.24-23.10.55:024][934]Cmd: TRANSACTION UNDO
[2018.08.24-23.10.55:024][934]LogEditorTransaction: Undo Clicking on Actors
[2018.08.24-23.10.55:597][990]Cmd: TRANSACTION UNDO
[2018.08.24-23.10.55:597][990]LogEditorTransaction: Undo Clicking on Actors
[2018.08.24-23.10.56:074][ 35]Cmd: TRANSACTION UNDO
[2018.08.24-23.10.56:074][ 35]LogEditorTransaction: Undo Clicking on Actors
[2018.08.24-23.10.56:435][ 69]Cmd: TRANSACTION UNDO
[2018.08.24-23.10.56:435][ 69]LogEditorTransaction: Undo Clicking on Actors
[2018.08.24-23.11.55:106][144]LogFactory: FactoryCreateFile: SoundWave with ReimportSoundFactory (0 0 C:\Users\Grimzblood\Desktop\music\wavs\music1.wav)
[2018.08.24-23.11.55:549][144]LogFactory: FactoryCreateFile: SoundWave with ReimportSoundFactory (0 0 C:\Users\Grimzblood\Desktop\music\wavs\music2.wav)
[2018.08.24-23.11.56:095][144]LogFactory: FactoryCreateFile: SoundWave with ReimportSoundFactory (0 0 C:\Users\Grimzblood\Desktop\music\wavs\music3.wav)
[2018.08.24-23.13.49:095][ 39]LogWindows: LaunchURL http://docs.unrealengine.com/latest/INT/Engine/Audio/SoundActors/index.html?utm_source=editor&utm_medium=docs&utm_campaign=doc_anchors
[2018.08.24-23.18.06:331][ 37]LogSlate: FSceneViewport::OnFocusLost() reason 2
[2018.08.24-23.18.18:605][215]Cmd: TRANSACTION UNDO
[2018.08.24-23.18.18:605][215]LogEditorTransaction: Undo Rename Component Variable
[2018.08.24-23.18.21:435][477]Cmd: TRANSACTION UNDO
[2018.08.24-23.18.21:435][477]LogEditorTransaction: Undo Add Component
[2018.08.24-23.18.48:524][126]LogSavePackage: Moving 'C:/Users/Grimzblood/Desktop/New folder/AndriodProject/Saved/ThirdPersonExampleMap_Auto2CABF7B894798841B0875E19ED7FA9EE1.tmp' to 'C:/Users/Grimzblood/Desktop/New folder/AndriodProject/Saved/Autosaves/Game/ThirdPersonBP/Maps/ThirdPersonExampleMap_Auto2.umap'
[2018.08.24-23.18.48:541][126]LogFileHelpers: Editor autosave (incl. sublevels) for '/Game/ThirdPersonBP/Maps/ThirdPersonExampleMap' took 0.354
[2018.08.24-23.18.48:541][126]LogFileHelpers: Editor autosave (incl. sublevels) for all levels took 0.354
[2018.08.24-23.18.48:547][126]OBJ SavePackage: Generating thumbnails for [1] asset(s) in package [/Game/Sounds/Music/music1] ([1] browsable assets)...
[2018.08.24-23.18.48:623][126]OBJ SavePackage:     Rendered thumbnail for [SoundWave /Game/Sounds/Music/music1.music1]
[2018.08.24-23.18.48:623][126]OBJ SavePackage: Finished generating thumbnails for package [/Game/Sounds/Music/music1]
[2018.08.24-23.18.48:623][126]Cmd: OBJ SAVEPACKAGE PACKAGE="/Game/Sounds/Music/music1" FILE="C:/Users/Grimzblood/Desktop/New folder/AndriodProject/Saved/Autosaves/Game/Sounds/Music/music1_Auto2.uasset" SILENT=false AUTOSAVING=true
[2018.08.24-23.18.48:704][126]LogSavePackage: Moving 'C:/Users/Grimzblood/Desktop/New folder/AndriodProject/Saved/music1_Auto2F72467E2428DD792D531E78502F70574.tmp' to 'C:/Users/Grimzblood/Desktop/New folder/AndriodProject/Saved/Autosaves/Game/Sounds/Music/music1_Auto2.uasset'
[2018.08.24-23.18.48:710][126]OBJ SavePackage: Generating thumbnails for [1] asset(s) in package [/Game/Sounds/Music/music2] ([1] browsable assets)...
[2018.08.24-23.18.48:760][126]OBJ SavePackage:     Rendered thumbnail for [SoundWave /Game/Sounds/Music/music2.music2]
[2018.08.24-23.18.48:760][126]OBJ SavePackage: Finished generating thumbnails for package [/Game/Sounds/Music/music2]
[2018.08.24-23.18.48:762][126]Cmd: OBJ SAVEPACKAGE PACKAGE="/Game/Sounds/Music/music2" FILE="C:/Users/Grimzblood/Desktop/New folder/AndriodProject/Saved/Autosaves/Game/Sounds/Music/music2_Auto2.uasset" SILENT=false AUTOSAVING=true
[2018.08.24-23.18.48:839][126]LogSavePackage: Moving 'C:/Users/Grimzblood/Desktop/New folder/AndriodProject/Saved/music2_Auto29FA29C534A6903D073B0DF9FBD20E6AF.tmp' to 'C:/Users/Grimzblood/Desktop/New folder/AndriodProject/Saved/Autosaves/Game/Sounds/Music/music2_Auto2.uasset'
[2018.08.24-23.18.48:845][126]OBJ SavePackage: Generating thumbnails for [1] asset(s) in package [/Game/Sounds/Music/music3] ([1] browsable assets)...
[2018.08.24-23.18.48:925][126]OBJ SavePackage:     Rendered thumbnail for [SoundWave /Game/Sounds/Music/music3.music3]
[2018.08.24-23.18.48:926][126]OBJ SavePackage: Finished generating thumbnails for package [/Game/Sounds/Music/music3]
[2018.08.24-23.18.48:926][126]Cmd: OBJ SAVEPACKAGE PACKAGE="/Game/Sounds/Music/music3" FILE="C:/Users/Grimzblood/Desktop/New folder/AndriodProject/Saved/Autosaves/Game/Sounds/Music/music3_Auto2.uasset" SILENT=false AUTOSAVING=true
[2018.08.24-23.18.49:074][126]LogSavePackage: Moving 'C:/Users/Grimzblood/Desktop/New folder/AndriodProject/Saved/music3_Auto21EC96D9248ABAEE2F6B47A9CC5045C05.tmp' to 'C:/Users/Grimzblood/Desktop/New folder/AndriodProject/Saved/Autosaves/Game/Sounds/Music/music3_Auto2.uasset'
[2018.08.24-23.18.49:079][126]LogFileHelpers: Auto-saving content packages took 0.534
[2018.08.24-23.29.21:345][659]LogAssetEditorManager: Opening Asset editor for Blueprint /Game/MOBA_Minion_AI/Actors/WayPoint.WayPoint
[2018.08.24-23.29.22:617][659]LogContentBrowser: Native class hierarchy updated for 'BlueprintGraph' in 0.0038 seconds. Added 116 classes and 0 folders.
[2018.08.24-23.29.24:741][659]LogSlate: Took 0.020787 seconds to synchronously load lazily loaded font '../../../Engine/Content/Slate/Fonts/Roboto-BoldCondensed.ttf' (158K)
[2018.08.24-23.30.23:488][369]LogEditorTransaction: Undo Add Component
[2018.08.24-23.30.28:022][673]LogSlate: Window 'WayPoint*' being destroyed
[2018.08.24-23.30.28:026][673]LogSlate: Window 'WayPoint*' being destroyed
[2018.08.24-23.30.53:229][914]LogSavePackage: Moving 'C:/Users/Grimzblood/Desktop/New folder/AndriodProject/Saved/ThirdPersonExampleMap_Auto36513967443D2029691E7E7973B11D0B5.tmp' to 'C:/Users/Grimzblood/Desktop/New folder/AndriodProject/Saved/Autosaves/Game/ThirdPersonBP/Maps/ThirdPersonExampleMap_Auto3.umap'
[2018.08.24-23.30.53:238][914]LogFileHelpers: Editor autosave (incl. sublevels) for '/Game/ThirdPersonBP/Maps/ThirdPersonExampleMap' took 0.366
[2018.08.24-23.30.53:238][914]LogFileHelpers: Editor autosave (incl. sublevels) for all levels took 0.366
[2018.08.24-23.30.53:242][914]OBJ SavePackage: Generating thumbnails for [0] asset(s) in package [/Game/MOBA_Minion_AI/Actors/WayPoint] ([1] browsable assets)...
[2018.08.24-23.30.53:242][914]OBJ SavePackage: Finished generating thumbnails for package [/Game/MOBA_Minion_AI/Actors/WayPoint]
[2018.08.24-23.30.53:305][914]LogSavePackage: Moving 'C:/Users/Grimzblood/Desktop/New folder/AndriodProject/Saved/WayPoint_Auto389AC0D8A4B42AF07FBC16C9E79D718D0.tmp' to 'C:/Users/Grimzblood/Desktop/New folder/AndriodProject/Saved/Autosaves/Game/MOBA_Minion_AI/Actors/WayPoint_Auto3.uasset'
[2018.08.24-23.30.53:309][914]LogFileHelpers: Auto-saving content packages took 0.069
[2018.08.24-23.45.48:011][962]LogTemp: Repeating last play command: Selected Viewport
[2018.08.24-23.45.48:032][962]LogBlueprintUserMessages: Early PlayInEditor Detection: Level '/Game/ThirdPersonBP/Maps/ThirdPersonExampleMap.ThirdPersonExampleMap:PersistentLevel' has LevelScriptBlueprint '/Game/ThirdPersonBP/Maps/ThirdPersonExampleMap.ThirdPersonExampleMap:PersistentLevel.ThirdPersonExampleMap' with GeneratedClass '/Game/ThirdPersonBP/Maps/ThirdPersonExampleMap.ThirdPersonExampleMap_C' with ClassGeneratedBy '/Game/ThirdPersonBP/Maps/ThirdPersonExampleMap.ThirdPersonExampleMap:PersistentLevel.ThirdPersonExampleMap'
[2018.08.24-23.45.48:033][962]BlueprintLog: New page: Pre-Play auto-recompile
[2018.08.24-23.45.48:066][962]LogPlayLevel: [PlayLevel] Compiling WayPoint before play...
[2018.08.24-23.45.48:340][962]LogPlayLevel: PlayLevel: Blueprint regeneration took 308 ms (1 blueprints)
[2018.08.24-23.45.48:341][962]PIE: New page: PIE session: ThirdPersonExampleMap (Aug 24, 2018, 9:45:48 AM)
[2018.08.24-23.45.48:341][962]LogPlayLevel: Creating play world package: /Game/ThirdPersonBP/Maps/UEDPIE_0_ThirdPersonExampleMap
[2018.08.24-23.45.48:363][962]LogPlayLevel: PIE: StaticDuplicateObject took: (0.021419s)
[2018.08.24-23.45.48:364][962]LogAIModule: Creating AISystem for world ThirdPersonExampleMap
[2018.08.24-23.45.48:364][962]LogPlayLevel: PIE: World Init took: (0.001273s)
[2018.08.24-23.45.48:364][962]LogPlayLevel: PIE: Created PIE world by copying editor world from /Game/ThirdPersonBP/Maps/ThirdPersonExampleMap.ThirdPersonExampleMap to /Game/ThirdPersonBP/Maps/UEDPIE_0_ThirdPersonExampleMap.ThirdPersonExampleMap (0.022964s)
[2018.08.24-23.45.48:439][962]LogInit: XAudio2 using 'Digital Audio (S/PDIF) (High Definition Audio Device)' : 2 channels at 44.1 kHz using 16 bits per sample (channel mask 0x3)
[2018.08.24-23.45.48:452][962]LogInit: FAudioDevice initialized.
[2018.08.24-23.45.49:029][962]LogLoad: Game class is 'MOBA_AI_GAMEMODE_C'
[2018.08.24-23.45.49:032][962]LogWorld: Bringing World /Game/ThirdPersonBP/Maps/UEDPIE_0_ThirdPersonExampleMap.ThirdPersonExampleMap up for play (max tick rate 0) at 2018.08.24-16.45.49
[2018.08.24-23.45.49:032][962]LogWorld: Bringing up level for play took: 0.001842
[2018.08.24-23.45.49:045][962]PIE: Play in editor start time for /Game/ThirdPersonBP/Maps/UEDPIE_0_ThirdPersonExampleMap 1.106
[2018.08.24-23.45.49:046][962]LogBlueprintUserMessages: Late PlayInEditor Detection: Level '/Game/ThirdPersonBP/Maps/ThirdPersonExampleMap.ThirdPersonExampleMap:PersistentLevel' has LevelScriptBlueprint '/Game/ThirdPersonBP/Maps/ThirdPersonExampleMap.ThirdPersonExampleMap:PersistentLevel.ThirdPersonExampleMap' with GeneratedClass '/Game/ThirdPersonBP/Maps/ThirdPersonExampleMap.ThirdPersonExampleMap_C' with ClassGeneratedBy '/Game/ThirdPersonBP/Maps/ThirdPersonExampleMap.ThirdPersonExampleMap:PersistentLevel.ThirdPersonExampleMap'
[2018.08.24-23.46.05:627][413]LogBlueprintUserMessages: Early EndPlayMap Detection: Level '/Game/ThirdPersonBP/Maps/ThirdPersonExampleMap.ThirdPersonExampleMap:PersistentLevel' has LevelScriptBlueprint '/Game/ThirdPersonBP/Maps/ThirdPersonExampleMap.ThirdPersonExampleMap:PersistentLevel.ThirdPersonExampleMap' with GeneratedClass '/Game/ThirdPersonBP/Maps/ThirdPersonExampleMap.ThirdPersonExampleMap_C' with ClassGeneratedBy '/Game/ThirdPersonBP/Maps/ThirdPersonExampleMap.ThirdPersonExampleMap:PersistentLevel.ThirdPersonExampleMap'
[2018.08.24-23.46.05:627][413]LogSlate: Updating window title bar state: overlay mode, drag disabled, window buttons hidden, title bar hidden
[2018.08.24-23.46.05:674][413]LogPlayLevel: Display: Shutting down PIE online subsystems
[2018.08.24-23.46.05:674][413]LogBlueprintUserMessages: Late EndPlayMap Detection: Level '/Game/ThirdPersonBP/Maps/ThirdPersonExampleMap.ThirdPersonExampleMap:PersistentLevel' has LevelScriptBlueprint '/Game/ThirdPersonBP/Maps/ThirdPersonExampleMap.ThirdPersonExampleMap:PersistentLevel.ThirdPersonExampleMap' with GeneratedClass '/Game/ThirdPersonBP/Maps/ThirdPersonExampleMap.ThirdPersonExampleMap_C' with ClassGeneratedBy '/Game/ThirdPersonBP/Maps/ThirdPersonExampleMap.ThirdPersonExampleMap:PersistentLevel.ThirdPersonExampleMap'
[2018.08.24-23.46.05:729][413]LogSlate: Updating window title bar state: overlay mode, drag disabled, window buttons hidden, title bar hidden
[2018.08.24-23.46.05:775][414]LogPlayLevel: Display: Destroying online subsystem :Context_16
[2018.08.24-23.46.26:544][691]LogEditorViewport: Clicking on Actor (context menu): StaticMeshActor (Floor)
[2018.08.24-23.46.26:746][691]LogSlate: FSceneViewport::OnFocusLost() reason 2
[2018.08.24-23.46.46:569][864]LogSavePackage: Moving 'C:/Users/Grimzblood/Desktop/New folder/AndriodProject/Saved/ThirdPersonExampleMap_Auto4FBCD31ED47BB7911ABCAFD9B72615E55.tmp' to 'C:/Users/Grimzblood/Desktop/New folder/AndriodProject/Saved/Autosaves/Game/ThirdPersonBP/Maps/ThirdPersonExampleMap_Auto4.umap'
[2018.08.24-23.46.46:578][864]LogFileHelpers: Editor autosave (incl. sublevels) for '/Game/ThirdPersonBP/Maps/ThirdPersonExampleMap' took 0.422
[2018.08.24-23.46.46:578][864]LogFileHelpers: Editor autosave (incl. sublevels) for all levels took 0.422
[2018.08.24-23.46.46:583][864]OBJ SavePackage: Generating thumbnails for [0] asset(s) in package [/Game/MOBA_Minion_AI/Actors/WayPoint] ([1] browsable assets)...
[2018.08.24-23.46.46:583][864]OBJ SavePackage: Finished generating thumbnails for package [/Game/MOBA_Minion_AI/Actors/WayPoint]
[2018.08.24-23.46.46:646][864]LogSavePackage: Moving 'C:/Users/Grimzblood/Desktop/New folder/AndriodProject/Saved/WayPoint_Auto42F32D56C48D16A41731C1D99313336FF.tmp' to 'C:/Users/Grimzblood/Desktop/New folder/AndriodProject/Saved/Autosaves/Game/MOBA_Minion_AI/Actors/WayPoint_Auto4.uasset'
[2018.08.24-23.46.46:651][864]LogFileHelpers: Auto-saving content packages took 0.071
[2018.08.24-23.51.08:395][854]LogSlate: Window 'Pick Parent Class' being destroyed
[2018.08.24-23.51.15:773][192]LogSlate: Window 'Delete Assets' being destroyed
[2018.08.24-23.53.30:573][274]LogAssetEditorManager: Opening Asset editor for MediaPlaylist /Game/Sounds/Music/Test_Media.Test_Media
[2018.08.24-23.54.56:689][838]LogSlate: Window 'Save Asset As' being destroyed
[2018.08.24-23.56.47:267][282]LogFileHelpers: Editor autosave (incl. sublevels) for '/Game/ThirdPersonBP/Maps/ThirdPersonExampleMap' took 0.049
[2018.08.24-23.56.47:271][282]OBJ SavePackage: Generating thumbnails for [0] asset(s) in package [/Game/Sounds/Music/Test_Media] ([1] browsable assets)...
[2018.08.24-23.56.47:271][282]OBJ SavePackage: Finished generating thumbnails for package [/Game/Sounds/Music/Test_Media]
[2018.08.24-23.56.47:278][282]LogSavePackage: Moving 'C:/Users/Grimzblood/Desktop/New folder/AndriodProject/Saved/Test_Media_Auto57A5A52254F6A7221228D049029FEC236.tmp' to 'C:/Users/Grimzblood/Desktop/New folder/AndriodProject/Saved/Autosaves/Game/Sounds/Music/Test_Media_Auto5.uasset'
[2018.08.24-23.56.47:281][282]LogFileHelpers: Auto-saving content packages took 0.012
[2018.08.25-00.02.03:087][224]LogAudioDerivedData: Display: Building compressed audio format OGG hash OGG wave music1...
[2018.08.25-00.02.03:119][224]LogTemp: Couldn't find amount to resample to.
[2018.08.25-00.02.07:875][224]LogAudioDerivedData: Display: Updated SoundWave->RawPCMDataSize from 0 to 33513984 while cooking SoundWave /Game/Sounds/Music/music1.music1.
[2018.08.25-00.02.10:801][434]LogSlate: Window 'Test_Media*' being destroyed
[2018.08.25-00.02.10:807][434]LogSlate: Window 'Test_Media*' being destroyed
[2018.08.25-00.02.12:668][578]LogAudioDerivedData: Display: Building compressed audio format OGG hash OGG wave music2...
[2018.08.25-00.02.12:681][578]LogTemp: Couldn't find amount to resample to.
[2018.08.25-00.02.16:939][578]LogAudioDerivedData: Display: Updated SoundWave->RawPCMDataSize from 0 to 31053500 while cooking SoundWave /Game/Sounds/Music/music2.music2.
[2018.08.25-00.02.20:798][895]LogAudioDerivedData: Display: Building compressed audio format OGG hash OGG wave music3...
[2018.08.25-00.02.20:821][895]LogTemp: Couldn't find amount to resample to.
[2018.08.25-00.02.27:478][895]LogAudioDerivedData: Display: Updated SoundWave->RawPCMDataSize from 0 to 49669820 while cooking SoundWave /Game/Sounds/Music/music3.music3.
[2018.08.25-00.02.39:144][901]LogAssetEditorManager: Opening Asset editor for SoundWave /Game/Sounds/Music/music1.music1
[2018.08.25-00.03.09:851][131]LogSlate: Window 'music1* - Generic Asset Editor' being destroyed
[2018.08.25-00.03.09:857][131]LogSlate: Window 'music1* - Generic Asset Editor' being destroyed
[2018.08.25-00.03.13:062][400]LogEditorViewport: Clicking on Actor (LMB): StaticMeshActor (Floor)
[2018.08.25-00.03.13:125][401]LogEditorViewport: Clicking on Component (LMB): StaticMeshComponent (StaticMeshComponent0)
[2018.08.25-00.03.14:551][522]LogSlate: FSceneViewport::OnFocusLost() reason 0
[2018.08.25-00.03.31:388][923]LogSlate: FSceneViewport::OnFocusLost() reason 0
[2018.08.25-00.03.31:469][930]LogTemp: Repeating last play command: Selected Viewport
[2018.08.25-00.03.31:493][930]LogBlueprintUserMessages: Early PlayInEditor Detection: Level '/Game/ThirdPersonBP/Maps/ThirdPersonExampleMap.ThirdPersonExampleMap:PersistentLevel' has LevelScriptBlueprint '/Game/ThirdPersonBP/Maps/ThirdPersonExampleMap.ThirdPersonExampleMap:PersistentLevel.ThirdPersonExampleMap' with GeneratedClass '/Game/ThirdPersonBP/Maps/ThirdPersonExampleMap.ThirdPersonExampleMap_C' with ClassGeneratedBy '/Game/ThirdPersonBP/Maps/ThirdPersonExampleMap.ThirdPersonExampleMap:PersistentLevel.ThirdPersonExampleMap'
[2018.08.25-00.03.31:493][930]LogPlayLevel: PlayLevel: No blueprints needed recompiling
[2018.08.25-00.03.31:494][930]PIE: New page: PIE session: ThirdPersonExampleMap (Aug 24, 2018, 10:03:31 AM)
[2018.08.25-00.03.31:494][930]LogPlayLevel: Creating play world package: /Game/ThirdPersonBP/Maps/UEDPIE_0_ThirdPersonExampleMap
[2018.08.25-00.03.31:519][930]LogPlayLevel: PIE: StaticDuplicateObject took: (0.025503s)
[2018.08.25-00.03.31:520][930]LogAIModule: Creating AISystem for world ThirdPersonExampleMap
[2018.08.25-00.03.31:521][930]LogPlayLevel: PIE: World Init took: (0.001392s)
[2018.08.25-00.03.31:521][930]LogPlayLevel: PIE: Created PIE world by copying editor world from /Game/ThirdPersonBP/Maps/ThirdPersonExampleMap.ThirdPersonExampleMap to /Game/ThirdPersonBP/Maps/UEDPIE_0_ThirdPersonExampleMap.ThirdPersonExampleMap (0.027113s)
[2018.08.25-00.03.31:601][930]LogInit: XAudio2 using 'Digital Audio (S/PDIF) (High Definition Audio Device)' : 2 channels at 44.1 kHz using 16 bits per sample (channel mask 0x3)
[2018.08.25-00.03.31:612][930]LogInit: FAudioDevice initialized.
[2018.08.25-00.03.31:651][930]LogLoad: Game class is 'MOBA_AI_GAMEMODE_C'
[2018.08.25-00.03.31:654][930]LogWorld: Bringing World /Game/ThirdPersonBP/Maps/UEDPIE_0_ThirdPersonExampleMap.ThirdPersonExampleMap up for play (max tick rate 0) at 2018.08.24-17.03.31
[2018.08.25-00.03.31:654][930]LogWorld: Bringing up level for play took: 0.001920
[2018.08.25-00.03.31:668][930]PIE: Play in editor start time for /Game/ThirdPersonBP/Maps/UEDPIE_0_ThirdPersonExampleMap -0.272
[2018.08.25-00.03.31:668][930]LogBlueprintUserMessages: Late PlayInEditor Detection: Level '/Game/ThirdPersonBP/Maps/ThirdPersonExampleMap.ThirdPersonExampleMap:PersistentLevel' has LevelScriptBlueprint '/Game/ThirdPersonBP/Maps/ThirdPersonExampleMap.ThirdPersonExampleMap:PersistentLevel.ThirdPersonExampleMap' with GeneratedClass '/Game/ThirdPersonBP/Maps/ThirdPersonExampleMap.ThirdPersonExampleMap_C' with ClassGeneratedBy '/Game/ThirdPersonBP/Maps/ThirdPersonExampleMap.ThirdPersonExampleMap:PersistentLevel.ThirdPersonExampleMap'
[2018.08.25-00.04.11:577][898]LogBlueprintUserMessages: Early EndPlayMap Detection: Level '/Game/ThirdPersonBP/Maps/ThirdPersonExampleMap.ThirdPersonExampleMap:PersistentLevel' has LevelScriptBlueprint '/Game/ThirdPersonBP/Maps/ThirdPersonExampleMap.ThirdPersonExampleMap:PersistentLevel.ThirdPersonExampleMap' with GeneratedClass '/Game/ThirdPersonBP/Maps/ThirdPersonExampleMap.ThirdPersonExampleMap_C' with ClassGeneratedBy '/Game/ThirdPersonBP/Maps/ThirdPersonExampleMap.ThirdPersonExampleMap:PersistentLevel.ThirdPersonExampleMap'
[2018.08.25-00.04.11:577][898]LogSlate: Updating window title bar state: overlay mode, drag disabled, window buttons hidden, title bar hidden
[2018.08.25-00.04.11:632][898]LogPlayLevel: Display: Shutting down PIE online subsystems
[2018.08.25-00.04.11:632][898]LogBlueprintUserMessages: Late EndPlayMap Detection: Level '/Game/ThirdPersonBP/Maps/ThirdPersonExampleMap.ThirdPersonExampleMap:PersistentLevel' has LevelScriptBlueprint '/Game/ThirdPersonBP/Maps/ThirdPersonExampleMap.ThirdPersonExampleMap:PersistentLevel.ThirdPersonExampleMap' with GeneratedClass '/Game/ThirdPersonBP/Maps/ThirdPersonExampleMap.ThirdPersonExampleMap_C' with ClassGeneratedBy '/Game/ThirdPersonBP/Maps/ThirdPersonExampleMap.ThirdPersonExampleMap:PersistentLevel.ThirdPersonExampleMap'
[2018.08.25-00.04.11:677][898]LogSlate: Updating window title bar state: overlay mode, drag disabled, window buttons hidden, title bar hidden
[2018.08.25-00.04.11:725][899]LogPlayLevel: Display: Destroying online subsystem :Context_17
[2018.08.25-00.04.16:763][459]LogSlate: FSceneViewport::OnFocusLost() reason 0
[2018.08.25-00.04.39:753][493]LogEditorViewport: Clicking on Actor (LMB): AmbientSound (music1)
[2018.08.25-00.04.40:312][538]Cmd: DELETE
[2018.08.25-00.04.40:312][538]Cmd: ACTOR DELETE
[2018.08.25-00.04.40:600][538]LogEditorActor: Deleted Actor: AmbientSound
[2018.08.25-00.04.40:660][538]LogEditorActor: Deleted 1 Actors (0.107 secs)
[2018.08.25-00.04.42:886][764]LogSlate: FSceneViewport::OnFocusLost() reason 0
[2018.08.25-00.04.44:856][955]LogAssetEditorManager: Opening Asset editor for MediaPlaylist /Game/Sounds/Music/Test_Media.Test_Media
[2018.08.25-00.04.58:320][645]LogSlate: Window 'Save Asset As' being destroyed
[2018.08.25-00.05.23:885][891]LogSlate: Window 'Save Asset As' being destroyed
[2018.08.25-00.05.30:007][891]LogSlate: Window 'Message' being destroyed
[2018.08.25-00.05.58:336][387]LogAssetEditorManager: Opening Asset editor for FileMediaSource /Game/Sounds/Music/NewFileMediaSource.NewFileMediaSource
[2018.08.25-00.06.04:793][993]LogSlate: Window 'NewFileMediaSource* - Generic Asset Editor' being destroyed
[2018.08.25-00.06.04:797][993]LogSlate: Window 'NewFileMediaSource* - Generic Asset Editor' being destroyed
[2018.08.25-00.06.11:450][415]LogSlate: Window 'Delete Assets' being destroyed
[2018.08.25-00.06.23:610][463]LogAssetEditorManager: Opening Asset editor for MediaPlaylist /Game/Sounds/Music/Test_Media.Test_Media
[2018.08.25-00.06.35:803][644]LogAssetEditorManager: Opening Asset editor for SoundWave /Game/Sounds/Music/music1.music1
[2018.08.25-00.06.46:473][577]LogAssetEditorManager: Opening Asset editor for SoundWave /Game/Sounds/Music/music2.music2
[2018.08.25-00.06.49:115][772]LogAssetEditorManager: Opening Asset editor for SoundWave /Game/Sounds/Music/music3.music3
[2018.08.25-00.07.25:939][931]LogSlate: Window 'music3* - Generic Asset Editor' being destroyed
[2018.08.25-00.07.25:944][931]LogSlate: Window 'music3* - Generic Asset Editor' being destroyed
[2018.08.25-00.07.36:986][132]LogSlate: FSceneViewport::OnFocusLost() reason 2
[2018.08.25-00.07.42:266][635]LogAssetEditorManager: Opening Asset editor for SoundWave /Game/Sounds/Music/music3.music3
[2018.08.25-00.07.49:711][289]LogSlate: Window 'music3* - Generic Asset Editor' being destroyed
[2018.08.25-00.07.49:716][289]LogSlate: Window 'music3* - Generic Asset Editor' being destroyed
[2018.08.25-00.08.00:619][266]LogSlate: FSceneViewport::OnFocusLost() reason 2
[2018.08.25-00.08.04:378][553]LogSlate: FSceneViewport::OnFocusLost() reason 2
[2018.08.25-00.08.04:939][553]LogSavePackage: Moving 'C:/Users/Grimzblood/Desktop/New folder/AndriodProject/Saved/ThirdPersonExampleMapD014392B4187C080B858E79573C42AED.tmp' to 'C:/Users/Grimzblood/Desktop/New folder/AndriodProject/Content/ThirdPersonBP/Maps/ThirdPersonExampleMap.umap'
[2018.08.25-00.08.04:984][553]LogFileHelpers: Saving map 'ThirdPersonExampleMap' took 0.596
[2018.08.25-00.08.04:989][553]Cmd: OBJ SAVEPACKAGE PACKAGE="/Game/MOBA_Minion_AI/Actors/WayPoint" FILE="C:/Users/Grimzblood/Desktop/New folder/AndriodProject/Content/MOBA_Minion_AI/Actors/WayPoint.uasset" SILENT=true
[2018.08.25-00.08.05:050][553]LogSavePackage: Moving 'C:/Users/Grimzblood/Desktop/New folder/AndriodProject/Saved/WayPointF208BDE5405ADE29975814BDF1A70F15.tmp' to 'C:/Users/Grimzblood/Desktop/New folder/AndriodProject/Content/MOBA_Minion_AI/Actors/WayPoint.uasset'
[2018.08.25-00.08.05:122][553]Cmd: OBJ SAVEPACKAGE PACKAGE="/Game/Sounds/Music/music1" FILE="C:/Users/Grimzblood/Desktop/New folder/AndriodProject/Content/Sounds/Music/music1.uasset" SILENT=true
[2018.08.25-00.08.05:209][553]LogSavePackage: Moving 'C:/Users/Grimzblood/Desktop/New folder/AndriodProject/Saved/music1ED2FFC8A498BA907DAD86482D2CC65F2.tmp' to 'C:/Users/Grimzblood/Desktop/New folder/AndriodProject/Content/Sounds/Music/music1.uasset'
[2018.08.25-00.08.05:223][553]Cmd: OBJ SAVEPACKAGE PACKAGE="/Game/Sounds/Music/music2" FILE="C:/Users/Grimzblood/Desktop/New folder/AndriodProject/Content/Sounds/Music/music2.uasset" SILENT=true
[2018.08.25-00.08.05:297][553]LogSavePackage: Moving 'C:/Users/Grimzblood/Desktop/New folder/AndriodProject/Saved/music2DCBF50E94791CB19FCBA3BBB6E18906A.tmp' to 'C:/Users/Grimzblood/Desktop/New folder/AndriodProject/Content/Sounds/Music/music2.uasset'
[2018.08.25-00.08.05:388][553]Cmd: OBJ SAVEPACKAGE PACKAGE="/Game/Sounds/Music/music3" FILE="C:/Users/Grimzblood/Desktop/New folder/AndriodProject/Content/Sounds/Music/music3.uasset" SILENT=true
[2018.08.25-00.08.05:537][553]LogSavePackage: Moving 'C:/Users/Grimzblood/Desktop/New folder/AndriodProject/Saved/music3B0A32AE44B2D93EB5704BDA881CC71C5.tmp' to 'C:/Users/Grimzblood/Desktop/New folder/AndriodProject/Content/Sounds/Music/music3.uasset'
[2018.08.25-00.08.05:552][553]Cmd: OBJ SAVEPACKAGE PACKAGE="/Game/Sounds/Music/Test_Media" FILE="C:/Users/Grimzblood/Desktop/New folder/AndriodProject/Content/Sounds/Music/Test_Media.uasset" SILENT=true
[2018.08.25-00.08.05:559][553]LogSavePackage: Moving 'C:/Users/Grimzblood/Desktop/New folder/AndriodProject/Saved/Test_Media89F53FA24C62E60D47414F94DA22FA24.tmp' to 'C:/Users/Grimzblood/Desktop/New folder/AndriodProject/Content/Sounds/Music/Test_Media.uasset'
[2018.08.25-00.08.07:228][690]LogSlate: FSceneViewport::OnFocusLost() reason 0
[2018.08.25-00.08.07:454][698]LogSlate: Window 'AndriodProject - Unreal Editor' being destroyed
[2018.08.25-00.08.07:706][699]Cmd: QUIT_EDITOR
[2018.08.25-00.08.07:782][699]LogWindowsTextInputMethodSystem: Display: IME system now deactivated.
[2018.08.25-00.08.07:799][699]LogExit: Preparing to exit.
[2018.08.25-00.08.08:234][699]LogExit: Editor shut down
[2018.08.25-00.08.08:235][699]LogExit: Transaction tracking system shut down
[2018.08.25-00.08.08:759][699]LogExit: Object subsystem successfully closed.
[2018.08.25-00.08.08:779][699]LogShaderCompilers: Display: Shaders left to compile 0
[2018.08.25-00.08.08:786][699]LogD3D11RHI: Shutdown
[2018.08.25-00.08.08:786][699]LogD3D11RHI: CleanupD3DDevice
[2018.08.25-00.08.08:797][699]LogD3D11RHI: ~FD3D11DynamicRHI
[2018.08.25-00.08.08:818][699]LogModuleManager: Shutting down and abandoning module BlueprintGraph (616)
[2018.08.25-00.08.08:818][699]LogModuleManager: Shutting down and abandoning module MovieSceneCapture (614)
[2018.08.25-00.08.08:818][699]LogModuleManager: Shutting down and abandoning module Voice (612)
[2018.08.25-00.08.08:818][699]LogModuleManager: Shutting down and abandoning module HierarchicalLODOutliner (610)
[2018.08.25-00.08.08:818][699]LogModuleManager: Shutting down and abandoning module SceneOutliner (608)
[2018.08.25-00.08.08:818][699]LogModuleManager: Shutting down and abandoning module AddContentDialog (606)
[2018.08.25-00.08.08:837][699]LogModuleManager: Shutting down and abandoning module WidgetCarousel (605)
[2018.08.25-00.08.08:837][699]LogModuleManager: Shutting down and abandoning module EditorWidgets (602)
[2018.08.25-00.08.08:837][699]LogModuleManager: Shutting down and abandoning module CollectionManager (600)
[2018.08.25-00.08.08:838][699]LogModuleManager: Shutting down and abandoning module StatsViewer (598)
[2018.08.25-00.08.08:838][699]LogModuleManager: Shutting down and abandoning module FoliageEdit (596)
[2018.08.25-00.08.08:838][699]LogModuleManager: Shutting down and abandoning module LandscapeEditor (594)
[2018.08.25-00.08.08:838][699]LogModuleManager: Shutting down and abandoning module MeshPaintMode (592)
[2018.08.25-00.08.08:838][699]LogModuleManager: Shutting down and abandoning module SceneDepthPickerMode (590)
[2018.08.25-00.08.08:838][699]LogModuleManager: Shutting down and abandoning module ActorPickerMode (588)
[2018.08.25-00.08.08:838][699]LogModuleManager: Shutting down and abandoning module GeometryMode (586)
[2018.08.25-00.08.08:838][699]LogModuleManager: Shutting down and abandoning module TextureAlignMode (584)
[2018.08.25-00.08.08:838][699]LogModuleManager: Shutting down and abandoning module BspMode (582)
[2018.08.25-00.08.08:838][699]LogModuleManager: Shutting down and abandoning module PIEPreviewDeviceProfileSelector (580)
[2018.08.25-00.08.08:838][699]LogModuleManager: Shutting down and abandoning module SequenceRecorderSections (578)
[2018.08.25-00.08.08:838][699]LogModuleManager: Shutting down and abandoning module AutomationWorker (576)
[2018.08.25-00.08.08:838][699]LogModuleManager: Shutting down and abandoning module AudioCaptureEditor (574)
[2018.08.25-00.08.08:838][699]LogModuleManager: Shutting down and abandoning module SequenceRecorder (573)
[2018.08.25-00.08.08:838][699]LogModuleManager: Shutting down and abandoning module MatineeToLevelSequence (570)
[2018.08.25-00.08.08:838][699]LogModuleManager: Shutting down and abandoning module LevelSequenceEditor (568)
[2018.08.25-00.08.08:839][699]LogModuleManager: Shutting down and abandoning module PlacementMode (567)
[2018.08.25-00.08.08:839][699]LogModuleManager: Shutting down and abandoning module MaterialEditor (566)
[2018.08.25-00.08.08:839][699]LogModuleManager: Shutting down and abandoning module WmfMediaFactory (562)
[2018.08.25-00.08.08:839][699]LogModuleManager: Shutting down and abandoning module WmfMediaEditor (560)
[2018.08.25-00.08.08:839][699]LogModuleManager: Shutting down and abandoning module MediaPlayerEditor (558)
[2018.08.25-00.08.08:839][699]LogModuleManager: Shutting down and abandoning module OpenExrWrapper (556)
[2018.08.25-00.08.08:839][699]LogModuleManager: Shutting down and abandoning module ImgMediaFactory (554)
[2018.08.25-00.08.08:839][699]LogModuleManager: Shutting down and abandoning module ImgMediaEditor (552)
[2018.08.25-00.08.08:839][699]LogModuleManager: Shutting down and abandoning module AvfMediaFactory (550)
[2018.08.25-00.08.08:839][699]LogModuleManager: Shutting down and abandoning module AvfMediaEditor (548)
[2018.08.25-00.08.08:839][699]LogModuleManager: Shutting down and abandoning module AndroidMediaFactory (546)
[2018.08.25-00.08.08:840][699]LogModuleManager: Shutting down and abandoning module AndroidMediaEditor (544)
[2018.08.25-00.08.08:840][699]LogModuleManager: Shutting down and abandoning module MagicLeapCameraPreviewFactory (542)
[2018.08.25-00.08.08:840][699]LogModuleManager: Shutting down and abandoning module MagicLeapMediaFactory (540)
[2018.08.25-00.08.08:840][699]LogModuleManager: Shutting down and abandoning module MagicLeapMediaEditor (538)
[2018.08.25-00.08.08:840][699]LogModuleManager: Shutting down and abandoning module CharacterAI (536)
[2018.08.25-00.08.08:840][699]LogModuleManager: Shutting down and abandoning module SmartSnapping (534)
[2018.08.25-00.08.08:840][699]LogModuleManager: Shutting down and abandoning module SessionServices (532)
[2018.08.25-00.08.08:840][699]LogModuleManager: Shutting down and abandoning module ViewportSnapping (530)
[2018.08.25-00.08.08:840][699]LogModuleManager: Shutting down and abandoning module ViewportInteraction (528)
[2018.08.25-00.08.08:840][699]LogModuleManager: Shutting down and abandoning module ClothPainter (526)
[2018.08.25-00.08.08:840][699]LogModuleManager: Shutting down and abandoning module SkeletalMeshEditor (525)
[2018.08.25-00.08.08:840][699]LogModuleManager: Shutting down and abandoning module LogVisualizer (522)
[2018.08.25-00.08.08:840][699]LogModuleManager: Shutting down and abandoning module IntroTutorials (520)
[2018.08.25-00.08.08:840][699]LogModuleManager: Shutting down and abandoning module GameProjectGeneration (519)
[2018.08.25-00.08.08:840][699]LogModuleManager: Shutting down and abandoning module LuminPlatformEditor (516)
[2018.08.25-00.08.08:840][699]LogModuleManager: Shutting down and abandoning module IOSPlatformEditor (514)
[2018.08.25-00.08.08:840][699]LogModuleManager: Shutting down and abandoning module HTML5PlatformEditor (512)
[2018.08.25-00.08.08:840][699]LogModuleManager: Shutting down and abandoning module AndroidPlatformEditor (510)
[2018.08.25-00.08.08:840][699]LogModuleManager: Shutting down and abandoning module AndroidDeviceDetection (509)
[2018.08.25-00.08.09:801][699]LogModuleManager: Shutting down and abandoning module WindowsPlatformEditor (506)
[2018.08.25-00.08.09:801][699]LogModuleManager: Shutting down and abandoning module LuminRuntimeSettings (504)
[2018.08.25-00.08.09:801][699]LogModuleManager: Shutting down and abandoning module IOSRuntimeSettings (502)
[2018.08.25-00.08.09:801][699]LogModuleManager: Shutting down and abandoning module AndroidRuntimeSettings (500)
[2018.08.25-00.08.09:801][699]LogModuleManager: Shutting down and abandoning module InputBindingEditor (498)
[2018.08.25-00.08.09:801][699]LogModuleManager: Shutting down and abandoning module MergeActors (496)
[2018.08.25-00.08.09:801][699]LogModuleManager: Shutting down and abandoning module LocalizationDashboard (494)
[2018.08.25-00.08.09:801][699]LogModuleManager: Shutting down and abandoning module LocalizationService (493)
[2018.08.25-00.08.09:801][699]LogModuleManager: Shutting down and abandoning module HardwareTargeting (490)
[2018.08.25-00.08.09:801][699]LogModuleManager: Shutting down and abandoning module DeviceProfileEditor (488)
[2018.08.25-00.08.09:801][699]LogModuleManager: Shutting down and abandoning module UndoHistory (486)
[2018.08.25-00.08.09:801][699]LogModuleManager: Shutting down and abandoning module XmlParser (484)
[2018.08.25-00.08.09:801][699]LogModuleManager: Shutting down and abandoning module Blutility (482)
[2018.08.25-00.08.09:801][699]LogModuleManager: Shutting down and abandoning module ProjectSettingsViewer (480)
[2018.08.25-00.08.09:801][699]LogModuleManager: Shutting down and abandoning module ProjectTargetPlatformEditor (479)
[2018.08.25-00.08.09:801][699]LogModuleManager: Shutting down and abandoning module EditorSettingsViewer (476)
[2018.08.25-00.08.09:802][699]LogModuleManager: Shutting down and abandoning module SettingsEditor (474)
[2018.08.25-00.08.09:802][699]LogModuleManager: Shutting down and abandoning module ProjectLauncher (472)
[2018.08.25-00.08.09:802][699]LogModuleManager: Shutting down and abandoning module SessionFrontend (470)
[2018.08.25-00.08.09:802][699]LogModuleManager: Shutting down and abandoning module ProfilerClient (468)
[2018.08.25-00.08.09:802][699]LogModuleManager: Shutting down and abandoning module DeviceManager (466)
[2018.08.25-00.08.09:802][699]LogModuleManager: Shutting down and abandoning module TargetDeviceServices (465)
[2018.08.25-00.08.09:857][699]LogModuleManager: Shutting down and abandoning module AutomationController (462)
[2018.08.25-00.08.09:857][699]LogModuleManager: Shutting down and abandoning module AutomationWindow (460)
[2018.08.25-00.08.09:857][699]LogModuleManager: Shutting down and abandoning module Layers (458)
[2018.08.25-00.08.09:857][699]LogModuleManager: Shutting down and abandoning module ComponentVisualizers (456)
[2018.08.25-00.08.09:857][699]LogModuleManager: Shutting down and abandoning module DetailCustomizations (454)
[2018.08.25-00.08.09:857][699]LogModuleManager: Shutting down and abandoning module PackagesDialog (452)
[2018.08.25-00.08.09:857][699]LogModuleManager: Shutting down and abandoning module Persona (450)
[2018.08.25-00.08.09:857][699]LogModuleManager: Shutting down and abandoning module AdvancedPreviewScene (449)
[2018.08.25-00.08.09:857][699]LogModuleManager: Shutting down and abandoning module AnimGraph (447)
[2018.08.25-00.08.09:857][699]LogModuleManager: Shutting down and abandoning module Kismet (444)
[2018.08.25-00.08.09:868][699]LogModuleManager: Shutting down and abandoning module GraphEditor (442)
[2018.08.25-00.08.09:868][699]LogModuleManager: Shutting down and abandoning module ClassViewer (440)
[2018.08.25-00.08.09:871][699]LogModuleManager: Shutting down and abandoning module Toolbox (438)
[2018.08.25-00.08.09:871][699]LogModuleManager: Shutting down and abandoning module ModuleUI (436)
[2018.08.25-00.08.09:871][699]LogModuleManager: Shutting down and abandoning module MovieSceneTools (434)
[2018.08.25-00.08.09:871][699]LogModuleManager: Shutting down and abandoning module OutputLog (432)
[2018.08.25-00.08.09:871][699]LogModuleManager: Shutting down and abandoning module GammaUI (430)
[2018.08.25-00.08.09:871][699]LogModuleManager: Shutting down and abandoning module Documentation (428)
[2018.08.25-00.08.09:871][699]LogModuleManager: Shutting down and abandoning module MovieSceneTracks (426)
[2018.08.25-00.08.09:871][699]LogModuleManager: Shutting down and abandoning module MovieScene (424)
[2018.08.25-00.08.09:871][699]LogModuleManager: Shutting down and abandoning module StreamingPauseRendering (422)
[2018.08.25-00.08.09:871][699]LogModuleManager: Shutting down and abandoning module LauncherPlatform (420)
[2018.08.25-00.08.09:871][699]LogModuleManager: Shutting down and abandoning module AnalyticsET (418)
[2018.08.25-00.08.09:871][699]LogModuleManager: Shutting down and abandoning module PortalServices (416)
[2018.08.25-00.08.09:871][699]LogModuleManager: Shutting down and abandoning module PortalRpc (414)
[2018.08.25-00.08.09:871][699]LogModuleManager: Shutting down and abandoning module MessagingRpc (412)
[2018.08.25-00.08.09:871][699]LogModuleManager: Shutting down and abandoning module AIModule (410)
[2018.08.25-00.08.09:871][699]LogModuleManager: Shutting down and abandoning module GameplayDebugger (409)
[2018.08.25-00.08.09:871][699]LogModuleManager: Shutting down and abandoning module AITestSuite (407)
[2018.08.25-00.08.09:871][699]LogModuleManager: Shutting down and abandoning module NavigationSystem (405)
[2018.08.25-00.08.09:871][699]LogModuleManager: Shutting down and abandoning module DesktopPlatform (402)
[2018.08.25-00.08.09:871][699]LogModuleManager: Shutting down and abandoning module ProfilerService (400)
[2018.08.25-00.08.10:032][699]LogModuleManager: Shutting down and abandoning module TaskGraph (398)
[2018.08.25-00.08.10:033][699]LogModuleManager: Shutting down and abandoning module SteamVRController (396)
[2018.08.25-00.08.10:033][699]LogModuleManager: Shutting down and abandoning module ProceduralMeshComponentEditor (394)
[2018.08.25-00.08.10:033][699]LogModuleManager: Shutting down and abandoning module ProceduralMeshComponent (392)
[2018.08.25-00.08.10:033][699]LogModuleManager: Shutting down and abandoning module OculusInput (390)
[2018.08.25-00.08.10:033][699]LogModuleManager: Shutting down and abandoning module MobilePatchingUtils (388)
[2018.08.25-00.08.10:033][699]LogModuleManager: Shutting down and abandoning module EditableMesh (386)
[2018.08.25-00.08.10:033][699]LogModuleManager: Shutting down and abandoning module CustomMeshComponent (384)
[2018.08.25-00.08.10:033][699]LogModuleManager: Shutting down and abandoning module CableComponent (382)
[2018.08.25-00.08.10:033][699]LogModuleManager: Shutting down and abandoning module AudioCapture (380)
[2018.08.25-00.08.10:033][699]LogModuleManager: Shutting down and abandoning module ArchVisCharacter (378)
[2018.08.25-00.08.10:033][699]LogModuleManager: Shutting down and abandoning module AndroidPermission (376)
[2018.08.25-00.08.10:033][699]LogModuleManager: Shutting down and abandoning module NUTUnrealEngine4 (374)
[2018.08.25-00.08.10:033][699]LogModuleManager: Shutting down and abandoning module NetcodeUnitTest (372)
[2018.08.25-00.08.10:033][699]LogModuleManager: Shutting down and abandoning module MediaCompositingEditor (370)
[2018.08.25-00.08.10:033][699]LogModuleManager: Shutting down and abandoning module MediaCompositing (368)
[2018.08.25-00.08.10:033][699]LogModuleManager: Shutting down and abandoning module LinearTimecode (366)
[2018.08.25-00.08.10:033][699]LogModuleManager: Shutting down and abandoning module ImgMedia (364)
[2018.08.25-00.08.10:038][699]LogModuleManager: Shutting down and abandoning module HTML5Networking (362)
[2018.08.25-00.08.10:038][699]LogModuleManager: Shutting down and abandoning module GeometryCacheTracks (360)
[2018.08.25-00.08.10:038][699]LogModuleManager: Shutting down and abandoning module GeometryCacheSequencer (358)
[2018.08.25-00.08.10:038][699]LogModuleManager: Shutting down and abandoning module BackChannel (356)
[2018.08.25-00.08.10:038][699]LogModuleManager: Shutting down and abandoning module AppleVision (354)
[2018.08.25-00.08.10:038][699]LogModuleManager: Shutting down and abandoning module AppleImageUtils (352)
[2018.08.25-00.08.10:038][699]LogModuleManager: Shutting down and abandoning module AlembicImporter (350)
[2018.08.25-00.08.10:038][699]LogModuleManager: Shutting down and abandoning module AlembicLibrary (349)
[2018.08.25-00.08.10:038][699]LogModuleManager: Shutting down and abandoning module GeometryCache (348)
[2018.08.25-00.08.10:038][699]LogModuleManager: Shutting down and abandoning module GeometryCacheEd (347)
[2018.08.25-00.08.10:038][699]LogModuleManager: Shutting down and abandoning module DatasmithContentEditor (342)
[2018.08.25-00.08.10:038][699]LogModuleManager: Shutting down and abandoning module DatasmithContent (340)
[2018.08.25-00.08.10:039][699]LogModuleManager: Shutting down and abandoning module SpeedTreeImporter (338)
[2018.08.25-00.08.10:039][699]LogModuleManager: Shutting down and abandoning module PluginBrowser (336)
[2018.08.25-00.08.10:039][699]LogModuleManager: Shutting down and abandoning module MobileLauncherProfileWizard (334)
[2018.08.25-00.08.10:039][699]LogModuleManager: Shutting down and abandoning module PolygonModeling (332)
[2018.08.25-00.08.10:039][699]LogModuleManager: Shutting down and abandoning module MeshEditor (330)
[2018.08.25-00.08.10:040][699]LogModuleManager: Shutting down and abandoning module CryptoKeysOpenSSL (328)
[2018.08.25-00.08.10:040][699]LogModuleManager: Shutting down and abandoning module CryptoKeys (326)
[2018.08.25-00.08.10:040][699]LogModuleManager: Shutting down and abandoning module VisualStudioSourceCodeAccess (324)
[2018.08.25-00.08.10:040][699]LogModuleManager: Shutting down and abandoning module VisualStudioCodeSourceCodeAccess (322)
[2018.08.25-00.08.10:040][699]LogModuleManager: Shutting down and abandoning module UObjectPlugin (320)
[2018.08.25-00.08.10:040][699]LogModuleManager: Shutting down and abandoning module SubversionSourceControl (318)
[2018.08.25-00.08.10:040][699]LogModuleManager: Shutting down and abandoning module PerforceSourceControl (316)
[2018.08.25-00.08.10:040][699]LogModuleManager: Shutting down and abandoning module GitSourceControl (314)
[2018.08.25-00.08.10:040][699]LogModuleManager: Shutting down and abandoning module SourceControl (313)
[2018.08.25-00.08.10:040][699]LogModuleManager: Shutting down and abandoning module CLionSourceCodeAccess (310)
[2018.08.25-00.08.10:040][699]LogModuleManager: Shutting down and abandoning module LightPropagationVolumeEditor (308)
[2018.08.25-00.08.10:040][699]LogModuleManager: Shutting down and abandoning module PaperTiledImporter (306)
[2018.08.25-00.08.10:040][699]LogModuleManager: Shutting down and abandoning module PaperSpriteSheetImporter (304)
[2018.08.25-00.08.10:040][699]LogModuleManager: Shutting down and abandoning module Paper2DEditor (302)
[2018.08.25-00.08.10:040][699]LogModuleManager: Shutting down and abandoning module MeshPaint (301)
[2018.08.25-00.08.10:040][699]LogModuleManager: Shutting down and abandoning module RuntimePhysXCooking (298)
[2018.08.25-00.08.10:040][699]LogModuleManager: Shutting down and abandoning module PhysXVehiclesEditor (296)
[2018.08.25-00.08.10:040][699]LogModuleManager: Shutting down and abandoning module PhysXVehicles (294)
[2018.08.25-00.08.10:040][699]LogModuleManager: Shutting down and abandoning module OculusEditor (292)
[2018.08.25-00.08.10:040][699]LogModuleManager: Shutting down and abandoning module LocationServicesBPLibrary (290)
[2018.08.25-00.08.10:040][699]LogModuleManager: Shutting down and abandoning module ImmediatePhysicsEditor (288)
[2018.08.25-00.08.10:040][699]LogModuleManager: Shutting down and abandoning module ImmediatePhysics (286)
[2018.08.25-00.08.10:040][699]LogModuleManager: Shutting down and abandoning module ActorSequence (284)
[2018.08.25-00.08.10:040][699]LogModuleManager: Shutting down and abandoning module UdpMessaging (282)
[2018.08.25-00.08.10:141][699]LogModuleManager: Shutting down and abandoning module TcpMessaging (280)
[2018.08.25-00.08.10:242][699]LogModuleManager: Shutting down and abandoning module MagicLeapAudio (278)
[2018.08.25-00.08.10:242][699]LogModuleManager: Shutting down and abandoning module GameplayTagsEditor (276)
[2018.08.25-00.08.10:242][699]LogModuleManager: Shutting down and abandoning module FacialAnimationEditor (274)
[2018.08.25-00.08.10:242][699]LogModuleManager: Shutting down and abandoning module FacialAnimation (272)
[2018.08.25-00.08.10:242][699]LogModuleManager: Shutting down and abandoning module DataValidation (270)
[2018.08.25-00.08.10:242][699]LogModuleManager: Shutting down and abandoning module AssetManagerEditor (268)
[2018.08.25-00.08.10:242][699]LogModuleManager: Shutting down and abandoning module LevelEditor (267)
[2018.08.25-00.08.10:244][699]LogModuleManager: Shutting down and abandoning module PixelInspectorModule (266)
[2018.08.25-00.08.10:244][699]LogModuleManager: Shutting down and abandoning module CommonMenuExtensions (264)
[2018.08.25-00.08.10:244][699]LogModuleManager: Shutting down and abandoning module MainFrame (262)
[2018.08.25-00.08.10:245][699]LogModuleManager: Shutting down and abandoning module HotReload (261)
[2018.08.25-00.08.10:245][699]LogModuleManager: Shutting down and abandoning module ContentBrowser (257)
[2018.08.25-00.08.10:248][699]LogModuleManager: Shutting down and abandoning module TreeMap (255)
[2018.08.25-00.08.10:248][699]LogModuleManager: Shutting down and abandoning module LightPropagationVolumeRuntime (252)
[2018.08.25-00.08.10:248][699]LogModuleManager: Shutting down and abandoning module AISupportModule (250)
[2018.08.25-00.08.10:248][699]LogModuleManager: Shutting down and abandoning module Paper2D (248)
[2018.08.25-00.08.10:248][699]LogModuleManager: Shutting down and abandoning module WindowsMoviePlayer (246)
[2018.08.25-00.08.10:248][699]LogModuleManager: Shutting down and abandoning module WmfMedia (244)
[2018.08.25-00.08.10:249][699]LogModuleManager: Shutting down and abandoning module Media (243)
[2018.08.25-00.08.10:255][699]LogModuleManager: Shutting down and abandoning module PacketHandler (240)
[2018.08.25-00.08.10:255][699]LogModuleManager: Shutting down and abandoning module ClothingSystemEditor (238)
[2018.08.25-00.08.10:255][699]LogModuleManager: Shutting down and abandoning module ClothingSystemRuntime (236)
[2018.08.25-00.08.10:255][699]LogModuleManager: Shutting down and abandoning module MediaAssets (234)
[2018.08.25-00.08.10:255][699]LogModuleManager: Shutting down and abandoning module Overlay (232)
[2018.08.25-00.08.10:255][699]LogModuleManager: Shutting down and abandoning module OverlayEditor (231)
[2018.08.25-00.08.10:255][699]LogModuleManager: Shutting down and abandoning module VREditor (228)
[2018.08.25-00.08.10:255][699]LogModuleManager: Shutting down and abandoning module StringTableEditor (226)
[2018.08.25-00.08.10:255][699]LogModuleManager: Shutting down and abandoning module GameplayTasksEditor (224)
[2018.08.25-00.08.10:255][699]LogModuleManager: Shutting down and abandoning module BehaviorTreeEditor (222)
[2018.08.25-00.08.10:255][699]LogModuleManager: Shutting down and abandoning module FunctionalTesting (220)
[2018.08.25-00.08.10:255][699]LogModuleManager: Shutting down and abandoning module CollisionAnalyzer (218)
[2018.08.25-00.08.10:256][699]LogModuleManager: Shutting down and abandoning module WorkspaceMenuStructure (217)
[2018.08.25-00.08.10:256][699]LogModuleManager: Shutting down and abandoning module UMG (214)
[2018.08.25-00.08.10:256][699]LogModuleManager: Shutting down and abandoning module UMGEditor (213)
[2018.08.25-00.08.10:256][699]LogModuleManager: Shutting down and abandoning module Sequencer (212)
[2018.08.25-00.08.10:256][699]LogModuleManager: Shutting down and abandoning module MessageLog (209)
[2018.08.25-00.08.10:256][699]LogModuleManager: Shutting down and abandoning module SlateReflector (204)
[2018.08.25-00.08.10:256][699]LogModuleManager: Shutting down and abandoning module Slate (202)
[2018.08.25-00.08.10:256][699]LogModuleManager: Shutting down and abandoning module EditorStyle (200)
[2018.08.25-00.08.10:259][699]LogModuleManager: Shutting down and abandoning module MRMesh (198)
[2018.08.25-00.08.10:259][699]LogModuleManager: Shutting down and abandoning module SourceCodeAccess (196)
[2018.08.25-00.08.10:259][699]LogModuleManager: Shutting down and abandoning module HeadMountedDisplay (194)
[2018.08.25-00.08.10:259][699]LogModuleManager: Shutting down and abandoning module XAudio2 (192)
[2018.08.25-00.08.10:259][699]LogModuleManager: Shutting down and abandoning module Networking (190)
[2018.08.25-00.08.10:259][699]LogModuleManager: Shutting down and abandoning module Core (188)
[2018.08.25-00.08.10:259][699]LogModuleManager: Shutting down and abandoning module LevelSequence (186)
[2018.08.25-00.08.10:259][699]LogModuleManager: Shutting down and abandoning module KismetCompiler (184)
[2018.08.25-00.08.10:259][699]LogModuleManager: Shutting down and abandoning module MeshUtilities (182)
[2018.08.25-00.08.10:259][699]LogModuleManager: Shutting down and abandoning module MeshMergeUtilities (181)
[2018.08.25-00.08.10:259][699]LogModuleManager: Shutting down and abandoning module MeshReductionInterface (180)
[2018.08.25-00.08.10:259][699]LogModuleManager: Shutting down and abandoning module SimplygonSwarm (179)
[2018.08.25-00.08.10:259][699]LogModuleManager: Shutting down and abandoning module ProxyLODMeshReduction (177)
[2018.08.25-00.08.10:259][699]LogModuleManager: Shutting down and abandoning module SimplygonMeshReduction (175)
[2018.08.25-00.08.10:259][699]LogModuleManager: Shutting down and abandoning module QuadricMeshReduction (173)
[2018.08.25-00.08.10:259][699]LogModuleManager: Shutting down and abandoning module MaterialBaking (169)
[2018.08.25-00.08.10:260][699]LogModuleManager: Shutting down and abandoning module DirectoryWatcher (165)
[2018.08.25-00.08.10:260][699]LogModuleManager: Shutting down and abandoning module DerivedDataCache (162)
[2018.08.25-00.08.10:349][699]LogDerivedDataCache: Shutdown
[2018.08.25-00.08.10:349][699]LogModuleManager: Shutting down and abandoning module XGEController (160)
[2018.08.25-00.08.10:350][699]LogXGEController: Cleaning working directory: C:/Users/Grimzblood/AppData/Local/Temp/UnrealXGEWorkingDir/
[2018.08.25-00.08.10:350][699]LogModuleManager: Shutting down and abandoning module TargetPlatform (158)
[2018.08.25-00.08.10:350][699]LogModuleManager: Shutting down and abandoning module VulkanShaderFormat (157)
[2018.08.25-00.08.10:350][699]LogModuleManager: Shutting down and abandoning module ShaderFormatVectorVM (155)
[2018.08.25-00.08.10:350][699]LogModuleManager: Shutting down and abandoning module ShaderFormatOpenGL (153)
[2018.08.25-00.08.10:350][699]LogModuleManager: Shutting down and abandoning module ShaderFormatD3D (151)
[2018.08.25-00.08.10:350][699]LogModuleManager: Shutting down and abandoning module MetalShaderFormat (149)
[2018.08.25-00.08.10:350][699]LogModuleManager: Shutting down and abandoning module TextureFormatUncompressed (147)
[2018.08.25-00.08.10:350][699]LogModuleManager: Shutting down and abandoning module TextureFormatPVR (145)
[2018.08.25-00.08.10:350][699]LogModuleManager: Shutting down and abandoning module TextureFormatDXT (143)
[2018.08.25-00.08.10:350][699]LogModuleManager: Shutting down and abandoning module TextureFormatIntelISPCTexComp (141)
[2018.08.25-00.08.10:350][699]LogModuleManager: Shutting down and abandoning module TextureFormatASTC (139)
[2018.08.25-00.08.10:350][699]LogModuleManager: Shutting down and abandoning module ImageWrapper (138)
[2018.08.25-00.08.10:350][699]LogModuleManager: Shutting down and abandoning module TextureFormatAndroid (135)
[2018.08.25-00.08.10:350][699]LogModuleManager: Shutting down and abandoning module AudioFormatOpus (133)
[2018.08.25-00.08.10:351][699]LogModuleManager: Shutting down and abandoning module AudioFormatOgg (131)
[2018.08.25-00.08.10:351][699]LogModuleManager: Shutting down and abandoning module AudioFormatADPCM (129)
[2018.08.25-00.08.10:351][699]LogModuleManager: Shutting down and abandoning module LuminTargetPlatform (127)
[2018.08.25-00.08.10:351][699]LogModuleManager: Shutting down and abandoning module LinuxTargetPlatform (125)
[2018.08.25-00.08.10:351][699]LogModuleManager: Shutting down and abandoning module LinuxServerTargetPlatform (123)
[2018.08.25-00.08.10:351][699]LogModuleManager: Shutting down and abandoning module LinuxNoEditorTargetPlatform (121)
[2018.08.25-00.08.10:351][699]LogModuleManager: Shutting down and abandoning module LinuxClientTargetPlatform (119)
[2018.08.25-00.08.10:351][699]LogModuleManager: Shutting down and abandoning module TVOSTargetPlatform (117)
[2018.08.25-00.08.10:353][699]LogModuleManager: Shutting down and abandoning module Messaging (115)
[2018.08.25-00.08.10:353][699]LogModuleManager: Shutting down and abandoning module IOSTargetPlatform (113)
[2018.08.25-00.08.10:355][699]LogModuleManager: Shutting down and abandoning module HTML5TargetPlatform (111)
[2018.08.25-00.08.10:355][699]LogModuleManager: Shutting down and abandoning module AndroidTargetPlatform (109)
[2018.08.25-00.08.10:388][699]LogModuleManager: Shutting down and abandoning module WindowsTargetPlatform (107)
[2018.08.25-00.08.10:388][699]LogModuleManager: Shutting down and abandoning module WindowsServerTargetPlatform (105)
[2018.08.25-00.08.10:388][699]LogModuleManager: Shutting down and abandoning module WindowsNoEditorTargetPlatform (103)
[2018.08.25-00.08.10:388][699]LogModuleManager: Shutting down and abandoning module WindowsClientTargetPlatform (101)
[2018.08.25-00.08.10:388][699]LogModuleManager: Shutting down and abandoning module MacTargetPlatform (99)
[2018.08.25-00.08.10:388][699]LogModuleManager: Shutting down and abandoning module MacServerTargetPlatform (97)
[2018.08.25-00.08.10:388][699]LogModuleManager: Shutting down and abandoning module MacNoEditorTargetPlatform (95)
[2018.08.25-00.08.10:388][699]LogModuleManager: Shutting down and abandoning module MacClientTargetPlatform (93)
[2018.08.25-00.08.10:389][699]LogModuleManager: Shutting down and abandoning module AllDesktopTargetPlatform (91)
[2018.08.25-00.08.10:389][699]LogModuleManager: Shutting down and abandoning module InputCore (88)
[2018.08.25-00.08.10:389][699]LogModuleManager: Shutting down and abandoning module Settings (86)
[2018.08.25-00.08.10:389][699]LogModuleManager: Shutting down and abandoning module PhysXCooking (84)
[2018.08.25-00.08.10:389][699]LogModuleManager: Shutting down and abandoning module SteamVR (82)
[2018.08.25-00.08.10:389][699]LogModuleManager: Shutting down and abandoning module OculusHMD (80)
[2018.08.25-00.08.10:389][699]LogModuleManager: Shutting down and abandoning module ExampleDeviceProfileSelector (78)
[2018.08.25-00.08.10:389][699]LogModuleManager: Shutting down and abandoning module LauncherChunkInstaller (76)
[2018.08.25-00.08.10:389][699]LogModuleManager: Shutting down and abandoning module OnlineBlueprintSupport (74)
[2018.08.25-00.08.10:389][699]LogModuleManager: Shutting down and abandoning module OnlineSubsystem (70)
[2018.08.25-00.08.10:390][699]LogModuleManager: Shutting down and abandoning module XMPP (65)
[2018.08.25-00.08.10:390][699]LogModuleManager: Shutting down and abandoning module WebSockets (64)
[2018.08.25-00.08.10:412][699]LogModuleManager: Shutting down and abandoning module HTTP (61)
[2018.08.25-00.08.10:412][699]LogHttp: Display: Http module shutting down, but needs to wait on 1 outstanding Http requests:
[2018.08.25-00.08.10:412][699]LogHttp: Display: 	verb=[POST] url=[https://datarouter.ol.epicgames.com/datarouter/api/v1/public/data?SessionID=%7B73B157D1-498C-5DBF-2755-5683DE2DA411%7D&AppID=UEEditor.Rocket.Release&AppVersion=4.20.1-4233996%2B%2B%2BUE4%2BRelease-4.20&UserID=55ecce36435dfbf13bc287bfad26a35c%7C46237b1e4e8e4dfc9ff594ba0a859220%7C66d3d280-c793-4a3c-a4f3-f19e2169884e&AppEnvironment=datacollector-binary&UploadType=eteventstream] status=Processing
[2018.08.25-00.08.10:422][699]LogModuleManager: Shutting down and abandoning module SSL (60)
[2018.08.25-00.08.10:425][699]LogModuleManager: Shutting down and abandoning module MagicLeapEmulator (56)
[2018.08.25-00.08.10:425][699]LogModuleManager: Shutting down and abandoning module MagicLeapPrivileges (54)
[2018.08.25-00.08.10:425][699]LogModuleManager: Shutting down and abandoning module MagicLeapIdentity (52)
[2018.08.25-00.08.10:425][699]LogModuleManager: Shutting down and abandoning module MagicLeapHelperVulkan (50)
[2018.08.25-00.08.10:425][699]LogModuleManager: Shutting down and abandoning module MagicLeapHelperOpenGL (48)
[2018.08.25-00.08.10:425][699]LogModuleManager: Shutting down and abandoning module MagicLeapSecureStorage (46)
[2018.08.25-00.08.10:425][699]LogModuleManager: Shutting down and abandoning module MagicLeapGestures (44)
[2018.08.25-00.08.10:425][699]LogModuleManager: Shutting down and abandoning module MagicLeapEyeTracker (42)
[2018.08.25-00.08.10:425][699]LogModuleManager: Shutting down and abandoning module MagicLeapController (40)
[2018.08.25-00.08.10:425][699]LogSlate: Slate User Destroyed.  User Index 0, Is Virtual User: 0
[2018.08.25-00.08.10:426][699]LogModuleManager: Shutting down and abandoning module MagicLeap (38)
[2018.08.25-00.08.10:426][699]LogModuleManager: Shutting down and abandoning module AnimationModifiers (36)
[2018.08.25-00.08.10:426][699]LogModuleManager: Shutting down and abandoning module PropertyEditor (35)
[2018.08.25-00.08.10:426][699]LogModuleManager: Shutting down and abandoning module AudioEditor (32)
[2018.08.25-00.08.10:426][699]LogModuleManager: Shutting down and abandoning module TextureCompressor (30)
[2018.08.25-00.08.10:426][699]LogModuleManager: Shutting down and abandoning module ShaderCore (28)
[2018.08.25-00.08.10:426][699]LogModuleManager: Shutting down and abandoning module Landscape (26)
[2018.08.25-00.08.10:426][699]LogModuleManager: Shutting down and abandoning module SlateRHIRenderer (24)
[2018.08.25-00.08.10:428][699]LogModuleManager: Shutting down and abandoning module OpenGLDrv (22)
[2018.08.25-00.08.10:428][699]LogModuleManager: Shutting down and abandoning module D3D11RHI (20)
[2018.08.25-00.08.10:428][699]LogModuleManager: Shutting down and abandoning module AnimGraphRuntime (18)
[2018.08.25-00.08.10:428][699]LogModuleManager: Shutting down and abandoning module Renderer (16)
[2018.08.25-00.08.10:428][699]LogModuleManager: Shutting down and abandoning module Engine (14)
[2018.08.25-00.08.10:428][699]LogModuleManager: Shutting down and abandoning module CoreUObject (12)
[2018.08.25-00.08.10:428][699]LogModuleManager: Shutting down and abandoning module NetworkFile (10)
[2018.08.25-00.08.10:428][699]LogModuleManager: Shutting down and abandoning module CookedIterativeFile (8)
[2018.08.25-00.08.10:428][699]LogModuleManager: Shutting down and abandoning module StreamingFile (6)
[2018.08.25-00.08.10:428][699]LogModuleManager: Shutting down and abandoning module SandboxFile (4)
[2018.08.25-00.08.10:428][699]LogModuleManager: Shutting down and abandoning module PakFile (2)
[2018.08.25-00.08.10:434][699]LogExit: Exiting.
[2018.08.25-00.08.10:467][699]Log file closed, 08/24/18 17:08:10
